TN:
SF:src/polyfills.ts
FNF:0
FNH:0
DA:67,1
DA:68,1
DA:69,1
DA:77,1
LF:4
LH:4
BRF:0
BRH:0
end_of_record
TN:
SF:src/test.ts
FNF:0
FNH:0
DA:15,1
DA:29,1
DA:31,1
LF:3
LH:3
BRF:0
BRH:0
end_of_record
TN:
SF:src/app/app-route-guards.ts
FN:14,(anonymous_0)
FN:19,(anonymous_1)
FN:47,(anonymous_3)
FN:54,(anonymous_4)
FN:62,(anonymous_5)
FN:83,(anonymous_7)
FN:85,(anonymous_8)
FN:107,(anonymous_10)
FN:109,(anonymous_11)
FN:131,(anonymous_13)
FN:133,(anonymous_14)
FN:155,(anonymous_16)
FN:157,(anonymous_17)
FN:179,(anonymous_19)
FN:181,(anonymous_20)
FN:203,(anonymous_22)
FN:207,(anonymous_23)
FNF:17
FNH:0
FNDA:0,(anonymous_0)
FNDA:0,(anonymous_1)
FNDA:0,(anonymous_3)
FNDA:0,(anonymous_4)
FNDA:0,(anonymous_5)
FNDA:0,(anonymous_7)
FNDA:0,(anonymous_8)
FNDA:0,(anonymous_10)
FNDA:0,(anonymous_11)
FNDA:0,(anonymous_13)
FNDA:0,(anonymous_14)
FNDA:0,(anonymous_16)
FNDA:0,(anonymous_17)
FNDA:0,(anonymous_19)
FNDA:0,(anonymous_20)
FNDA:0,(anonymous_22)
FNDA:0,(anonymous_23)
DA:13,1
DA:15,0
DA:20,0
DA:21,0
DA:22,0
DA:23,0
DA:24,0
DA:25,0
DA:26,0
DA:27,0
DA:28,0
DA:29,0
DA:30,0
DA:32,0
DA:35,0
DA:38,0
DA:41,0
DA:46,1
DA:48,0
DA:49,0
DA:50,0
DA:58,0
DA:59,0
DA:60,0
DA:63,0
DA:64,0
DA:65,0
DA:66,0
DA:70,0
DA:71,0
DA:75,0
DA:82,1
DA:83,0
DA:86,0
DA:87,0
DA:88,0
DA:89,0
DA:90,0
DA:92,0
DA:93,0
DA:95,0
DA:96,0
DA:98,0
DA:99,0
DA:106,1
DA:107,0
DA:110,0
DA:111,0
DA:112,0
DA:113,0
DA:114,0
DA:116,0
DA:117,0
DA:119,0
DA:120,0
DA:122,0
DA:123,0
DA:130,1
DA:131,0
DA:134,0
DA:135,0
DA:136,0
DA:137,0
DA:138,0
DA:140,0
DA:141,0
DA:143,0
DA:144,0
DA:146,0
DA:147,0
DA:154,1
DA:155,0
DA:158,0
DA:159,0
DA:160,0
DA:161,0
DA:162,0
DA:164,0
DA:165,0
DA:167,0
DA:168,0
DA:170,0
DA:171,0
DA:178,1
DA:179,0
DA:182,0
DA:183,0
DA:184,0
DA:185,0
DA:186,0
DA:188,0
DA:189,0
DA:191,0
DA:192,0
DA:194,0
DA:195,0
DA:202,1
DA:204,0
DA:208,0
DA:210,0
DA:211,0
DA:213,0
DA:214,0
LF:103
LH:8
BRDA:21,0,0,0
BRDA:21,0,1,0
BRDA:22,1,0,0
BRDA:22,1,1,0
BRDA:23,2,0,0
BRDA:23,2,1,0
BRDA:23,3,0,0
BRDA:23,3,1,0
BRDA:25,4,0,0
BRDA:25,4,1,0
BRDA:27,5,0,0
BRDA:27,5,1,0
BRDA:29,6,0,0
BRDA:29,6,1,0
BRDA:59,7,0,0
BRDA:59,7,1,0
BRDA:59,8,0,0
BRDA:59,8,1,0
BRDA:63,9,0,0
BRDA:63,9,1,0
BRDA:87,10,0,0
BRDA:87,10,1,0
BRDA:88,11,0,0
BRDA:88,11,1,0
BRDA:89,12,0,0
BRDA:89,12,1,0
BRDA:111,13,0,0
BRDA:111,13,1,0
BRDA:112,14,0,0
BRDA:112,14,1,0
BRDA:113,15,0,0
BRDA:113,15,1,0
BRDA:135,16,0,0
BRDA:135,16,1,0
BRDA:136,17,0,0
BRDA:136,17,1,0
BRDA:137,18,0,0
BRDA:137,18,1,0
BRDA:137,19,0,0
BRDA:137,19,1,0
BRDA:159,20,0,0
BRDA:159,20,1,0
BRDA:160,21,0,0
BRDA:160,21,1,0
BRDA:161,22,0,0
BRDA:161,22,1,0
BRDA:183,23,0,0
BRDA:183,23,1,0
BRDA:184,24,0,0
BRDA:184,24,1,0
BRDA:185,25,0,0
BRDA:185,25,1,0
BRDA:210,26,0,0
BRDA:210,26,1,0
BRDA:210,27,0,0
BRDA:210,27,1,0
BRDA:210,27,2,0
BRF:57
BRH:0
end_of_record
TN:
SF:src/app/app-routing.module.ts
FN:80,(anonymous_0)
FN:80,(anonymous_1)
FN:84,(anonymous_2)
FN:84,(anonymous_3)
FN:89,(anonymous_4)
FN:89,(anonymous_5)
FN:94,(anonymous_6)
FN:94,(anonymous_7)
FN:99,(anonymous_8)
FN:99,(anonymous_9)
FNF:10
FNH:0
FNDA:0,(anonymous_0)
FNDA:0,(anonymous_1)
FNDA:0,(anonymous_2)
FNDA:0,(anonymous_3)
FNDA:0,(anonymous_4)
FNDA:0,(anonymous_5)
FNDA:0,(anonymous_6)
FNDA:0,(anonymous_7)
FNDA:0,(anonymous_8)
FNDA:0,(anonymous_9)
DA:19,1
DA:80,0
DA:84,0
DA:89,0
DA:94,0
DA:99,0
DA:118,1
LF:7
LH:2
BRF:0
BRH:0
end_of_record
TN:
SF:src/app/app.component.ts
FN:23,(anonymous_0)
FN:31,(anonymous_1)
FN:36,(anonymous_2)
FN:37,(anonymous_3)
FN:38,(anonymous_4)
FN:45,(anonymous_5)
FN:55,(anonymous_6)
FN:67,(anonymous_7)
FN:87,(anonymous_8)
FN:93,(anonymous_9)
FN:113,(anonymous_10)
FN:117,(anonymous_11)
FN:120,(anonymous_12)
FN:123,(anonymous_13)
FN:128,(anonymous_14)
FNF:15
FNH:0
FNDA:0,(anonymous_0)
FNDA:0,(anonymous_1)
FNDA:0,(anonymous_2)
FNDA:0,(anonymous_3)
FNDA:0,(anonymous_4)
FNDA:0,(anonymous_5)
FNDA:0,(anonymous_6)
FNDA:0,(anonymous_7)
FNDA:0,(anonymous_8)
FNDA:0,(anonymous_9)
FNDA:0,(anonymous_10)
FNDA:0,(anonymous_11)
FNDA:0,(anonymous_12)
FNDA:0,(anonymous_13)
FNDA:0,(anonymous_14)
DA:16,1
DA:17,0
DA:18,0
DA:20,0
DA:24,0
DA:25,0
DA:26,0
DA:27,0
DA:28,0
DA:32,0
DA:33,0
DA:37,0
DA:38,0
DA:39,0
DA:40,0
DA:41,0
DA:44,0
DA:46,0
DA:47,0
DA:48,0
DA:49,0
DA:51,0
DA:55,0
DA:56,0
DA:57,0
DA:58,0
DA:59,0
DA:60,0
DA:65,0
DA:67,0
DA:68,0
DA:69,0
DA:74,0
DA:76,0
DA:77,0
DA:78,0
DA:79,0
DA:81,0
DA:82,0
DA:83,0
DA:87,0
DA:88,0
DA:94,0
DA:95,0
DA:96,0
DA:97,0
DA:98,0
DA:100,0
DA:101,0
DA:102,0
DA:104,0
DA:105,0
DA:106,0
DA:108,0
DA:109,0
DA:110,0
DA:112,0
DA:113,0
DA:114,0
DA:117,0
DA:118,0
DA:120,0
DA:121,0
DA:123,0
DA:124,0
DA:129,0
DA:130,0
DA:132,0
DA:133,0
LF:69
LH:1
BRDA:39,0,0,0
BRDA:39,0,1,0
BRDA:46,1,0,0
BRDA:46,1,1,0
BRDA:48,2,0,0
BRDA:48,2,1,0
BRDA:58,3,0,0
BRDA:58,3,1,0
BRDA:58,4,0,0
BRDA:58,4,1,0
BRDA:59,5,0,0
BRDA:59,5,1,0
BRDA:68,6,0,0
BRDA:68,6,1,0
BRDA:82,7,0,0
BRDA:82,7,1,0
BRDA:96,8,0,0
BRDA:96,8,1,0
BRDA:100,9,0,0
BRDA:100,9,1,0
BRDA:104,10,0,0
BRDA:104,10,1,0
BRDA:108,11,0,0
BRDA:108,11,1,0
BRDA:112,12,0,0
BRDA:112,12,1,0
BRDA:112,13,0,0
BRDA:112,13,1,0
BRDA:129,14,0,0
BRDA:129,14,1,0
BRDA:132,15,0,0
BRDA:132,15,1,0
BRF:32
BRH:0
end_of_record
TN:
SF:src/app/app.interceptor.ts
FN:14,(anonymous_0)
FN:21,(anonymous_1)
FN:46,(anonymous_2)
FNF:3
FNH:0
FNDA:0,(anonymous_0)
FNDA:0,(anonymous_1)
FNDA:0,(anonymous_2)
DA:13,1
DA:15,0
DA:16,0
DA:31,0
DA:32,0
DA:33,0
DA:34,0
DA:35,0
DA:39,0
DA:45,0
DA:47,0
DA:48,0
DA:49,0
DA:50,0
DA:51,0
DA:52,0
DA:53,0
DA:59,0
DA:60,0
DA:62,0
DA:63,0
DA:68,0
DA:70,0
DA:73,0
DA:74,0
DA:75,0
DA:78,0
DA:79,0
DA:82,0
DA:83,0
DA:86,0
DA:87,0
DA:88,0
DA:91,0
DA:93,0
DA:94,0
DA:97,0
DA:98,0
DA:101,0
DA:102,0
DA:103,0
DA:106,0
DA:107,0
DA:109,0
DA:110,0
DA:115,0
DA:116,0
DA:117,0
DA:118,0
DA:119,0
DA:120,0
DA:121,0
DA:125,0
DA:126,0
DA:127,0
DA:133,0
DA:134,0
DA:141,0
LF:58
LH:1
BRDA:33,0,0,0
BRDA:33,0,1,0
BRDA:34,1,0,0
BRDA:34,1,1,0
BRDA:48,2,0,0
BRDA:48,2,1,0
BRDA:52,3,0,0
BRDA:52,3,1,0
BRDA:63,4,0,0
BRDA:63,4,1,0
BRDA:63,4,2,0
BRDA:63,4,3,0
BRDA:63,4,4,0
BRDA:63,4,5,0
BRDA:63,4,6,0
BRDA:63,4,7,0
BRDA:63,4,8,0
BRDA:63,4,9,0
BRDA:63,4,10,0
BRDA:63,4,11,0
BRDA:109,5,0,0
BRDA:109,5,1,0
BRDA:113,6,0,0
BRDA:113,6,1,0
BRDA:115,7,0,0
BRDA:115,7,1,0
BRDA:120,8,0,0
BRDA:120,8,1,0
BRDA:125,9,0,0
BRDA:125,9,1,0
BRF:30
BRH:0
end_of_record
TN:
SF:src/app/app.interfaces.ts
FN:1,(anonymous_0)
FN:7,(anonymous_1)
FN:61,(anonymous_2)
FNF:3
FNH:2
FNDA:1,(anonymous_0)
FNDA:1,(anonymous_1)
FNDA:0,(anonymous_2)
DA:1,1
DA:2,1
DA:3,1
DA:4,1
DA:7,1
DA:8,1
DA:9,1
DA:10,1
DA:11,1
DA:12,1
DA:62,0
DA:63,0
LF:12
LH:10
BRDA:1,0,0,1
BRDA:1,0,1,1
BRDA:7,1,0,1
BRDA:7,1,1,1
BRDA:61,2,0,0
BRF:5
BRH:4
end_of_record
TN:
SF:src/app/app.module.ts
FNF:0
FNH:0
DA:96,1
LF:1
LH:1
BRF:0
BRH:0
end_of_record
TN:
SF:src/app/backend.service.ts
FN:18,(anonymous_0)
FN:23,(anonymous_1)
FN:27,(anonymous_2)
FN:30,(anonymous_3)
FN:33,(anonymous_4)
FN:36,(anonymous_5)
FN:39,(anonymous_6)
FN:43,(anonymous_7)
FN:50,(anonymous_8)
FN:53,(anonymous_9)
FN:63,(anonymous_10)
FN:73,(anonymous_11)
FN:74,(anonymous_12)
FN:83,(anonymous_13)
FN:87,(anonymous_14)
FN:91,(anonymous_15)
FN:95,(anonymous_16)
FN:99,(anonymous_17)
FN:108,(anonymous_18)
FN:112,(anonymous_19)
FN:113,(anonymous_20)
FN:117,(anonymous_21)
FN:121,(anonymous_22)
FN:125,(anonymous_23)
FN:129,(anonymous_24)
FNF:25
FNH:0
FNDA:0,(anonymous_0)
FNDA:0,(anonymous_1)
FNDA:0,(anonymous_2)
FNDA:0,(anonymous_3)
FNDA:0,(anonymous_4)
FNDA:0,(anonymous_5)
FNDA:0,(anonymous_6)
FNDA:0,(anonymous_7)
FNDA:0,(anonymous_8)
FNDA:0,(anonymous_9)
FNDA:0,(anonymous_10)
FNDA:0,(anonymous_11)
FNDA:0,(anonymous_12)
FNDA:0,(anonymous_13)
FNDA:0,(anonymous_14)
FNDA:0,(anonymous_15)
FNDA:0,(anonymous_16)
FNDA:0,(anonymous_17)
FNDA:0,(anonymous_18)
FNDA:0,(anonymous_19)
FNDA:0,(anonymous_20)
FNDA:0,(anonymous_21)
FNDA:0,(anonymous_22)
FNDA:0,(anonymous_23)
FNDA:0,(anonymous_24)
DA:17,1
DA:19,0
DA:20,0
DA:24,0
DA:28,0
DA:30,0
DA:34,0
DA:36,0
DA:40,0
DA:44,0
DA:45,0
DA:51,0
DA:54,0
DA:55,0
DA:71,0
DA:73,0
DA:75,0
DA:76,0
DA:84,0
DA:87,0
DA:92,0
DA:96,0
DA:97,0
DA:99,0
DA:109,0
DA:112,0
DA:113,0
DA:118,0
DA:121,0
DA:126,0
DA:129,0
LF:31
LH:1
BRDA:23,0,0,0
BRDA:24,1,0,0
BRDA:24,1,1,0
BRF:3
BRH:0
end_of_record
TN:
SF:src/app/app-root/app-root.component.ts
FNF:0
FNH:0
DA:9,1
LF:1
LH:1
BRF:0
BRH:0
end_of_record
TN:
SF:src/app/app-root/admin-starter/admin-starter.component.ts
FN:22,(anonymous_0)
FN:28,(anonymous_1)
FN:29,(anonymous_2)
FN:32,(anonymous_3)
FN:48,(anonymous_4)
FN:50,(anonymous_5)
FN:51,(anonymous_6)
FN:52,(anonymous_7)
FN:73,(anonymous_8)
FN:77,(anonymous_9)
FN:82,(anonymous_10)
FNF:11
FNH:0
FNDA:0,(anonymous_0)
FNDA:0,(anonymous_1)
FNDA:0,(anonymous_2)
FNDA:0,(anonymous_3)
FNDA:0,(anonymous_4)
FNDA:0,(anonymous_5)
FNDA:0,(anonymous_6)
FNDA:0,(anonymous_7)
FNDA:0,(anonymous_8)
FNDA:0,(anonymous_9)
FNDA:0,(anonymous_10)
DA:17,1
DA:18,0
DA:19,0
DA:20,0
DA:23,0
DA:24,0
DA:25,0
DA:29,0
DA:30,0
DA:31,0
DA:32,0
DA:33,0
DA:34,0
DA:37,0
DA:38,0
DA:39,0
DA:40,0
DA:41,0
DA:42,0
DA:44,0
DA:45,0
DA:46,0
DA:48,0
DA:50,0
DA:51,0
DA:52,0
DA:55,0
DA:57,0
DA:59,0
DA:60,0
DA:63,0
DA:64,0
DA:67,0
DA:74,0
DA:78,0
DA:79,0
DA:83,0
DA:84,0
LF:38
LH:1
BRDA:33,0,0,0
BRDA:33,0,1,0
BRDA:37,1,0,0
BRDA:37,1,1,0
BRDA:39,2,0,0
BRDA:39,2,1,0
BRDA:40,3,0,0
BRDA:40,3,1,0
BRDA:41,4,0,0
BRDA:41,4,1,0
BRDA:44,5,0,0
BRDA:44,5,1,0
BRDA:83,6,0,0
BRDA:83,6,1,0
BRF:14
BRH:0
end_of_record
TN:
SF:src/app/app-root/code-input/code-input.component.ts
FN:29,(anonymous_0)
FN:38,(anonymous_1)
FN:39,(anonymous_2)
FN:48,(anonymous_3)
FN:62,(anonymous_4)
FN:83,(anonymous_5)
FNF:6
FNH:0
FNDA:0,(anonymous_0)
FNDA:0,(anonymous_1)
FNDA:0,(anonymous_2)
FNDA:0,(anonymous_3)
FNDA:0,(anonymous_4)
FNDA:0,(anonymous_5)
DA:21,1
DA:23,0
DA:25,0
DA:30,0
DA:31,0
DA:32,0
DA:33,0
DA:34,0
DA:39,0
DA:40,0
DA:41,0
DA:42,0
DA:43,0
DA:49,0
DA:50,0
DA:51,0
DA:60,0
DA:61,0
DA:63,0
DA:64,0
DA:65,0
DA:66,0
DA:67,0
DA:68,0
DA:70,0
DA:74,0
DA:75,0
DA:76,0
DA:84,0
DA:85,0
LF:30
LH:1
BRDA:42,0,0,0
BRDA:42,0,1,0
BRDA:50,1,0,0
BRDA:50,1,1,0
BRDA:65,2,0,0
BRDA:65,2,1,0
BRDA:67,3,0,0
BRDA:67,3,1,0
BRF:8
BRH:0
end_of_record
TN:
SF:src/app/app-root/legal-notice/legal-notice.component.ts
FN:11,(anonymous_0)
FN:16,(anonymous_1)
FN:17,(anonymous_2)
FNF:3
FNH:0
FNDA:0,(anonymous_0)
FNDA:0,(anonymous_1)
FNDA:0,(anonymous_2)
DA:10,1
DA:12,0
DA:13,0
DA:17,0
LF:4
LH:1
BRF:0
BRH:0
end_of_record
TN:
SF:src/app/app-root/login/login.component.ts
FN:37,(anonymous_0)
FN:44,(anonymous_1)
FN:48,(anonymous_2)
FN:51,(anonymous_3)
FN:56,(anonymous_4)
FN:78,(anonymous_5)
FN:91,(anonymous_6)
FN:95,(anonymous_7)
FNF:8
FNH:0
FNDA:0,(anonymous_0)
FNDA:0,(anonymous_1)
FNDA:0,(anonymous_2)
FNDA:0,(anonymous_3)
FNDA:0,(anonymous_4)
FNDA:0,(anonymous_5)
FNDA:0,(anonymous_6)
FNDA:0,(anonymous_7)
DA:25,1
DA:26,1
DA:27,0
DA:28,0
DA:29,0
DA:30,0
DA:32,0
DA:38,0
DA:39,0
DA:40,0
DA:41,0
DA:45,0
DA:46,0
DA:47,0
DA:48,0
DA:52,0
DA:53,0
DA:54,0
DA:55,0
DA:57,0
DA:58,0
DA:59,0
DA:60,0
DA:61,0
DA:62,0
DA:63,0
DA:64,0
DA:65,0
DA:66,0
DA:67,0
DA:68,0
DA:70,0
DA:73,0
DA:75,0
DA:76,0
DA:77,0
DA:78,0
DA:79,0
DA:80,0
DA:84,0
DA:92,0
DA:96,0
DA:97,0
LF:43
LH:2
BRDA:51,0,0,0
BRDA:59,1,0,0
BRDA:59,1,1,0
BRDA:61,2,0,0
BRDA:61,2,1,0
BRDA:63,3,0,0
BRDA:63,3,1,0
BRDA:65,4,0,0
BRDA:65,4,1,0
BRDA:67,5,0,0
BRDA:67,5,1,0
BRDA:77,6,0,0
BRDA:77,6,1,0
BRDA:79,7,0,0
BRDA:79,7,1,0
BRDA:96,8,0,0
BRDA:96,8,1,0
BRF:17
BRH:0
end_of_record
TN:
SF:src/app/app-root/monitor-starter/monitor-starter.component.ts
FN:21,(anonymous_0)
FN:28,(anonymous_1)
FN:29,(anonymous_2)
FN:32,(anonymous_3)
FN:47,(anonymous_4)
FN:50,(anonymous_5)
FN:62,(anonymous_6)
FN:63,(anonymous_7)
FN:74,(anonymous_8)
FN:79,(anonymous_9)
FN:80,(anonymous_10)
FN:88,(anonymous_11)
FN:89,(anonymous_12)
FN:103,(anonymous_13)
FN:107,(anonymous_14)
FN:112,(anonymous_15)
FNF:16
FNH:0
FNDA:0,(anonymous_0)
FNDA:0,(anonymous_1)
FNDA:0,(anonymous_2)
FNDA:0,(anonymous_3)
FNDA:0,(anonymous_4)
FNDA:0,(anonymous_5)
FNDA:0,(anonymous_6)
FNDA:0,(anonymous_7)
FNDA:0,(anonymous_8)
FNDA:0,(anonymous_9)
FNDA:0,(anonymous_10)
FNDA:0,(anonymous_11)
FNDA:0,(anonymous_12)
FNDA:0,(anonymous_13)
FNDA:0,(anonymous_14)
FNDA:0,(anonymous_15)
DA:15,1
DA:16,0
DA:17,0
DA:18,0
DA:22,0
DA:23,0
DA:24,0
DA:25,0
DA:29,0
DA:30,0
DA:31,0
DA:32,0
DA:33,0
DA:34,0
DA:35,0
DA:37,0
DA:38,0
DA:39,0
DA:40,0
DA:41,0
DA:43,0
DA:45,0
DA:46,0
DA:48,0
DA:49,0
DA:51,0
DA:55,0
DA:56,0
DA:59,0
DA:62,0
DA:64,0
DA:65,0
DA:67,0
DA:68,0
DA:70,0
DA:75,0
DA:76,0
DA:79,0
DA:80,0
DA:83,0
DA:89,0
DA:90,0
DA:91,0
DA:92,0
DA:93,0
DA:95,0
DA:98,0
DA:104,0
DA:108,0
DA:109,0
DA:113,0
DA:114,0
LF:52
LH:1
BRDA:33,0,0,0
BRDA:33,0,1,0
BRDA:38,1,0,0
BRDA:38,1,1,0
BRDA:38,2,0,0
BRDA:38,2,1,0
BRDA:49,3,0,0
BRDA:49,3,1,0
BRDA:55,4,0,0
BRDA:55,4,1,0
BRDA:64,5,0,0
BRDA:64,5,1,0
BRDA:67,6,0,0
BRDA:67,6,1,0
BRDA:75,7,0,0
BRDA:75,7,1,0
BRDA:90,8,0,0
BRDA:90,8,1,0
BRDA:92,9,0,0
BRDA:92,9,1,0
BRDA:113,10,0,0
BRDA:113,10,1,0
BRF:22
BRH:0
end_of_record
TN:
SF:src/app/app-root/route-dispatcher/route-dispatcher.component.ts
FN:15,(anonymous_0)
FNF:1
FNH:0
FNDA:0,(anonymous_0)
DA:12,1
DA:13,0
DA:16,0
DA:18,0
DA:19,0
DA:20,0
LF:6
LH:1
BRF:0
BRH:0
end_of_record
TN:
SF:src/app/app-root/status-card/status-card.component.ts
FN:13,(anonymous_0)
FN:17,(anonymous_1)
FN:18,(anonymous_2)
FNF:3
FNH:0
FNDA:0,(anonymous_0)
FNDA:0,(anonymous_1)
FNDA:0,(anonymous_2)
DA:9,1
DA:10,0
DA:11,0
DA:14,0
DA:18,0
DA:19,0
DA:20,0
DA:21,0
DA:22,0
DA:24,0
DA:25,0
DA:26,0
DA:28,0
DA:29,0
DA:31,0
DA:32,0
DA:33,0
DA:35,0
DA:38,0
DA:39,0
DA:40,0
DA:42,0
DA:45,0
DA:46,0
DA:48,0
DA:49,0
LF:26
LH:1
BRDA:21,0,0,0
BRDA:21,0,1,0
BRDA:25,1,0,0
BRDA:25,1,1,0
BRDA:28,2,0,0
BRDA:28,2,1,0
BRDA:31,3,0,0
BRDA:31,3,1,0
BRDA:32,4,0,0
BRDA:32,4,1,0
BRDA:38,5,0,0
BRDA:38,5,1,0
BRDA:39,6,0,0
BRDA:39,6,1,0
BRDA:45,7,0,0
BRDA:45,7,1,0
BRDA:48,8,0,0
BRDA:48,8,1,0
BRF:18
BRH:0
end_of_record
TN:
SF:src/app/app-root/sys-check-starter/sys-check-starter.component.ts
FN:15,(anonymous_0)
FN:21,(anonymous_1)
FN:22,(anonymous_2)
FN:26,(anonymous_3)
FN:38,(anonymous_4)
FNF:5
FNH:0
FNDA:0,(anonymous_0)
FNDA:0,(anonymous_1)
FNDA:0,(anonymous_2)
FNDA:0,(anonymous_3)
FNDA:0,(anonymous_4)
DA:11,1
DA:12,0
DA:13,0
DA:16,0
DA:17,0
DA:18,0
DA:22,0
DA:23,0
DA:24,0
DA:25,0
DA:26,0
DA:27,0
DA:28,0
DA:30,0
DA:32,0
DA:33,0
DA:39,0
LF:17
LH:1
BRDA:27,0,0,0
BRDA:27,0,1,0
BRF:2
BRH:0
end_of_record
TN:
SF:src/app/app-root/test-starter/test-starter.component.ts
FN:18,(anonymous_0)
FN:24,(anonymous_1)
FN:25,(anonymous_2)
FN:28,(anonymous_3)
FN:31,(anonymous_4)
FN:48,(anonymous_5)
FN:50,(anonymous_6)
FN:56,(anonymous_7)
FN:65,(anonymous_8)
FN:66,(anonymous_9)
FN:75,(anonymous_10)
FN:80,(anonymous_11)
FNF:12
FNH:0
FNDA:0,(anonymous_0)
FNDA:0,(anonymous_1)
FNDA:0,(anonymous_2)
FNDA:0,(anonymous_3)
FNDA:0,(anonymous_4)
FNDA:0,(anonymous_5)
FNDA:0,(anonymous_6)
FNDA:0,(anonymous_7)
FNDA:0,(anonymous_8)
FNDA:0,(anonymous_9)
FNDA:0,(anonymous_10)
FNDA:0,(anonymous_11)
DA:13,1
DA:14,0
DA:15,0
DA:16,0
DA:19,0
DA:20,0
DA:21,0
DA:25,0
DA:29,0
DA:30,0
DA:31,0
DA:32,0
DA:33,0
DA:34,0
DA:36,0
DA:37,0
DA:38,0
DA:39,0
DA:41,0
DA:42,0
DA:43,0
DA:44,0
DA:46,0
DA:48,0
DA:51,0
DA:52,0
DA:53,0
DA:57,0
DA:61,0
DA:66,0
DA:67,0
DA:68,0
DA:70,0
DA:76,0
DA:77,0
DA:81,0
DA:82,0
LF:37
LH:1
BRDA:32,0,0,0
BRDA:32,0,1,0
BRDA:37,1,0,0
BRDA:37,1,1,0
BRDA:37,2,0,0
BRDA:37,2,1,0
BRDA:41,3,0,0
BRDA:41,3,1,0
BRDA:43,4,0,0
BRDA:43,4,1,0
BRDA:52,5,0,0
BRDA:52,5,1,0
BRDA:67,6,0,0
BRDA:67,6,1,0
BRDA:81,7,0,0
BRDA:81,7,1,0
BRF:16
BRH:0
end_of_record
TN:
SF:src/app/group-monitor/backend.service.ts
FN:18,(anonymous_1)
FN:22,(anonymous_2)
FN:30,(anonymous_3)
FN:43,(anonymous_4)
FN:48,(anonymous_5)
FN:54,(anonymous_6)
FN:66,(anonymous_7)
FN:70,(anonymous_8)
FN:74,(anonymous_9)
FN:78,(anonymous_10)
FN:82,(anonymous_11)
FNF:11
FNH:0
FNDA:0,(anonymous_1)
FNDA:0,(anonymous_2)
FNDA:0,(anonymous_3)
FNDA:0,(anonymous_4)
FNDA:0,(anonymous_5)
FNDA:0,(anonymous_6)
FNDA:0,(anonymous_7)
FNDA:0,(anonymous_8)
FNDA:0,(anonymous_9)
FNDA:0,(anonymous_10)
FNDA:0,(anonymous_11)
DA:12,1
DA:13,0
DA:14,0
DA:15,0
DA:16,0
DA:19,0
DA:23,0
DA:24,0
DA:25,0
DA:27,0
DA:31,0
DA:34,0
DA:38,0
DA:46,0
DA:48,0
DA:55,0
DA:66,0
DA:71,0
DA:74,0
DA:79,0
DA:82,0
LF:21
LH:1
BRDA:31,0,0,0
BRDA:31,0,1,0
BRF:2
BRH:0
end_of_record
TN:
SF:src/app/group-monitor/group-monitor.component.ts
FN:59,(anonymous_0)
FN:136,(anonymous_1)
FN:69,(anonymous_2)
FN:71,(anonymous_3)
FN:76,(anonymous_4)
FN:79,(anonymous_5)
FN:82,(anonymous_6)
FN:86,(anonymous_7)
FN:87,(anonymous_8)
FN:94,(anonymous_9)
FN:113,(anonymous_10)
FN:115,(anonymous_11)
FN:118,(anonymous_12)
FN:122,(anonymous_13)
FN:130,(anonymous_14)
FN:138,(anonymous_15)
FN:145,(anonymous_16)
FN:149,(anonymous_17)
FN:153,(anonymous_18)
FN:159,(anonymous_19)
FN:160,(anonymous_20)
FN:161,(anonymous_21)
FN:187,(anonymous_22)
FN:191,(anonymous_23)
FN:196,(anonymous_24)
FN:207,(anonymous_25)
FN:211,(anonymous_26)
FN:212,(anonymous_27)
FN:218,(anonymous_28)
FN:227,(anonymous_29)
FN:231,(anonymous_30)
FN:247,(anonymous_31)
FN:251,(anonymous_32)
FN:259,(anonymous_33)
FN:265,(anonymous_34)
FN:277,(anonymous_35)
FNF:36
FNH:17
FNDA:1,(anonymous_0)
FNDA:3,(anonymous_1)
FNDA:1,(anonymous_2)
FNDA:1,(anonymous_3)
FNDA:1,(anonymous_4)
FNDA:1,(anonymous_5)
FNDA:1,(anonymous_6)
FNDA:1,(anonymous_7)
FNDA:0,(anonymous_8)
FNDA:1,(anonymous_9)
FNDA:1,(anonymous_10)
FNDA:5,(anonymous_11)
FNDA:1,(anonymous_12)
FNDA:1,(anonymous_13)
FNDA:1,(anonymous_14)
FNDA:0,(anonymous_15)
FNDA:0,(anonymous_16)
FNDA:0,(anonymous_17)
FNDA:0,(anonymous_18)
FNDA:6,(anonymous_19)
FNDA:2,(anonymous_20)
FNDA:8,(anonymous_21)
FNDA:0,(anonymous_22)
FNDA:0,(anonymous_23)
FNDA:0,(anonymous_24)
FNDA:0,(anonymous_25)
FNDA:0,(anonymous_26)
FNDA:0,(anonymous_27)
FNDA:0,(anonymous_28)
FNDA:0,(anonymous_29)
FNDA:0,(anonymous_30)
FNDA:0,(anonymous_31)
FNDA:0,(anonymous_32)
FNDA:0,(anonymous_33)
FNDA:0,(anonymous_34)
FNDA:0,(anonymous_35)
DA:30,1
DA:34,1
DA:39,1
DA:49,1
DA:50,1
DA:52,1
DA:54,1
DA:60,1
DA:61,1
DA:62,1
DA:63,1
DA:64,1
DA:65,1
DA:66,1
DA:70,1
DA:72,1
DA:73,1
DA:74,1
DA:77,1
DA:80,1
DA:83,1
DA:86,1
DA:87,0
DA:90,1
DA:91,1
DA:95,1
DA:96,1
DA:97,1
DA:98,0
DA:105,1
DA:114,1
DA:115,5
DA:119,1
DA:123,1
DA:125,1
DA:126,1
DA:131,1
DA:132,0
DA:136,3
DA:139,0
DA:140,0
DA:142,0
DA:146,0
DA:150,0
DA:154,0
DA:155,0
DA:156,0
DA:160,6
DA:161,8
DA:162,6
DA:163,6
DA:173,6
DA:175,2
DA:177,2
DA:179,0
DA:181,0
DA:183,2
DA:188,0
DA:192,0
DA:193,0
DA:197,0
DA:207,0
DA:208,0
DA:209,0
DA:210,0
DA:212,0
DA:219,0
DA:220,0
DA:226,0
DA:227,0
DA:232,0
DA:233,0
DA:235,0
DA:248,0
DA:252,0
DA:253,0
DA:255,0
DA:260,0
DA:261,0
DA:262,0
DA:266,0
DA:267,0
DA:268,0
DA:269,0
DA:271,0
DA:272,0
DA:273,0
DA:278,0
DA:279,0
DA:281,0
LF:90
LH:44
BRDA:95,0,0,1
BRDA:95,0,1,1
BRDA:96,1,0,1
BRDA:96,1,1,1
BRDA:97,2,0,0
BRDA:97,2,1,1
BRDA:106,3,0,0
BRDA:106,3,1,1
BRDA:125,4,0,1
BRDA:125,4,1,0
BRDA:131,5,0,0
BRDA:131,5,1,1
BRDA:139,6,0,0
BRDA:139,6,1,0
BRDA:139,7,0,0
BRDA:139,7,1,0
BRDA:156,8,0,0
BRDA:156,8,1,0
BRDA:162,9,0,6
BRDA:162,9,1,0
BRDA:163,10,0,0
BRDA:163,10,1,6
BRDA:173,11,0,2
BRDA:173,11,1,2
BRDA:173,11,2,0
BRDA:173,11,3,0
BRDA:173,11,4,2
BRDA:175,12,0,0
BRDA:175,12,1,2
BRDA:177,13,0,0
BRDA:177,13,1,2
BRDA:179,14,0,0
BRDA:179,14,1,0
BRDA:181,15,0,0
BRDA:181,15,1,0
BRDA:183,16,0,0
BRDA:183,16,1,2
BRDA:183,17,0,0
BRDA:183,17,1,2
BRDA:208,18,0,0
BRDA:208,18,1,0
BRDA:219,19,0,0
BRDA:219,19,1,0
BRDA:219,20,0,0
BRDA:219,20,1,0
BRDA:219,21,0,0
BRDA:219,21,1,0
BRDA:219,22,0,0
BRDA:219,22,1,0
BRDA:219,23,0,0
BRDA:219,23,1,0
BRDA:232,24,0,0
BRDA:232,24,1,0
BRDA:236,25,0,0
BRDA:236,25,1,0
BRDA:252,26,0,0
BRDA:252,26,1,0
BRDA:266,27,0,0
BRDA:266,27,1,0
BRDA:266,28,0,0
BRDA:266,28,1,0
BRDA:278,29,0,0
BRDA:278,29,1,0
BRF:63
BRH:17
end_of_record
TN:
SF:src/app/group-monitor/group-monitor.interfaces.ts
FN:34,isBooklet
FN:103,isUnit
FN:107,isTestlet
FNF:3
FNH:2
FNDA:119,isBooklet
FNDA:990,isUnit
FNDA:0,isTestlet
DA:16,1
DA:35,119
DA:104,990
DA:108,0
LF:4
LH:3
BRDA:35,0,0,119
BRDA:35,0,1,119
BRF:2
BRH:2
end_of_record
TN:
SF:src/app/group-monitor/booklet/booklet.service.ts
FN:17,(anonymous_0)
FN:21,(anonymous_1)
FN:31,(anonymous_2)
FN:38,(anonymous_3)
FN:62,(anonymous_4)
FN:65,(anonymous_5)
FN:66,(anonymous_6)
FN:74,(anonymous_7)
FN:75,(anonymous_8)
FN:78,(anonymous_9)
FN:88,(anonymous_10)
FN:97,(anonymous_11)
FN:108,(anonymous_12)
FN:119,(anonymous_13)
FN:141,(anonymous_14)
FN:149,(anonymous_15)
FN:154,(anonymous_16)
FN:156,(anonymous_17)
FN:157,(anonymous_18)
FN:160,(anonymous_19)
FNF:20
FNH:2
FNDA:2,(anonymous_0)
FNDA:0,(anonymous_1)
FNDA:0,(anonymous_2)
FNDA:0,(anonymous_3)
FNDA:0,(anonymous_4)
FNDA:0,(anonymous_5)
FNDA:0,(anonymous_6)
FNDA:0,(anonymous_7)
FNDA:0,(anonymous_8)
FNDA:0,(anonymous_9)
FNDA:0,(anonymous_10)
FNDA:0,(anonymous_11)
FNDA:0,(anonymous_12)
FNDA:0,(anonymous_13)
FNDA:0,(anonymous_14)
FNDA:0,(anonymous_15)
FNDA:0,(anonymous_16)
FNDA:0,(anonymous_17)
FNDA:0,(anonymous_18)
FNDA:5,(anonymous_19)
DA:14,1
DA:15,2
DA:18,2
DA:22,0
DA:23,0
DA:25,0
DA:26,0
DA:28,0
DA:31,0
DA:35,0
DA:39,0
DA:40,0
DA:41,0
DA:43,0
DA:45,0
DA:48,0
DA:54,0
DA:55,0
DA:58,0
DA:63,0
DA:64,0
DA:65,0
DA:67,0
DA:68,0
DA:69,0
DA:75,0
DA:79,0
DA:80,0
DA:81,0
DA:82,0
DA:83,0
DA:85,0
DA:89,0
DA:90,0
DA:98,0
DA:109,0
DA:110,0
DA:116,0
DA:120,0
DA:121,0
DA:122,0
DA:123,0
DA:125,0
DA:126,0
DA:127,0
DA:132,0
DA:133,0
DA:134,0
DA:138,0
DA:142,0
DA:143,0
DA:144,0
DA:146,0
DA:150,0
DA:151,0
DA:155,0
DA:156,0
DA:157,0
DA:161,5
LF:59
LH:4
BRDA:21,0,0,0
BRDA:22,1,0,0
BRDA:22,1,1,0
BRDA:25,2,0,0
BRDA:25,2,1,0
BRDA:31,3,0,0
BRDA:31,3,1,0
BRDA:43,4,0,0
BRDA:43,4,1,0
BRDA:68,5,0,0
BRDA:68,5,1,0
BRDA:82,6,0,0
BRDA:82,6,1,0
BRDA:100,7,0,0
BRDA:100,7,1,0
BRDA:109,8,0,0
BRDA:109,8,1,0
BRDA:111,9,0,0
BRDA:111,9,1,0
BRDA:122,10,0,0
BRDA:122,10,1,0
BRDA:126,11,0,0
BRDA:126,11,1,0
BRDA:133,12,0,0
BRDA:133,12,1,0
BRDA:141,13,0,0
BRDA:143,14,0,0
BRDA:143,14,1,0
BRDA:143,15,0,0
BRDA:143,15,1,0
BRDA:146,16,0,0
BRDA:146,16,1,0
BRDA:149,17,0,0
BRDA:151,18,0,0
BRDA:151,18,1,0
BRF:35
BRH:0
end_of_record
TN:
SF:src/app/group-monitor/booklet/booklet.util.ts
FN:6,(anonymous_0)
FN:17,(anonymous_1)
FN:27,(anonymous_2)
FN:29,(anonymous_3)
FN:30,(anonymous_4)
FNF:5
FNH:5
FNDA:6,(anonymous_0)
FNDA:3,(anonymous_1)
FNDA:2,(anonymous_2)
FNDA:12,(anonymous_3)
FNDA:6,(anonymous_4)
DA:7,6
DA:8,9
DA:9,2
DA:12,7
DA:14,4
DA:18,3
DA:19,9
DA:20,9
DA:21,3
DA:24,0
DA:28,2
DA:29,12
DA:30,6
LF:13
LH:12
BRDA:8,0,0,2
BRDA:8,0,1,7
BRDA:20,1,0,3
BRDA:20,1,1,6
BRDA:20,2,0,9
BRDA:20,2,1,6
BRDA:30,3,0,1
BRDA:30,3,1,5
BRF:8
BRH:8
end_of_record
TN:
SF:src/app/group-monitor/test-session/super-states.js
FNF:0
FNH:0
DA:1,1
LF:1
LH:1
BRF:0
BRH:0
end_of_record
TN:
SF:src/app/group-monitor/test-session/test-session.component.ts
FN:41,(anonymous_1)
FN:43,(anonymous_2)
FN:45,(anonymous_3)
FN:53,(anonymous_4)
FN:59,(anonymous_5)
FN:63,(anonymous_6)
FN:69,(anonymous_7)
FN:77,(anonymous_8)
FN:83,(anonymous_9)
FN:91,(anonymous_10)
FN:96,(anonymous_11)
FN:100,(anonymous_12)
FN:105,(anonymous_13)
FNF:13
FNH:4
FNDA:18,(anonymous_1)
FNDA:9,(anonymous_2)
FNDA:0,(anonymous_3)
FNDA:10,(anonymous_4)
FNDA:0,(anonymous_5)
FNDA:10,(anonymous_6)
FNDA:0,(anonymous_7)
FNDA:0,(anonymous_8)
FNDA:0,(anonymous_9)
FNDA:0,(anonymous_10)
FNDA:0,(anonymous_11)
FNDA:0,(anonymous_12)
FNDA:0,(anonymous_13)
DA:24,1
DA:31,4
DA:32,4
DA:33,4
DA:35,4
DA:37,4
DA:39,4
DA:41,18
DA:43,9
DA:46,0
DA:47,0
DA:49,0
DA:50,0
DA:54,10
DA:60,0
DA:64,10
DA:70,0
DA:71,0
DA:73,0
DA:74,0
DA:78,0
DA:79,0
DA:84,0
DA:85,0
DA:86,0
DA:87,0
DA:88,0
DA:92,0
DA:93,0
DA:97,0
DA:101,0
DA:102,0
DA:106,0
LF:33
LH:11
BRDA:41,0,0,8
BRDA:41,0,1,10
BRDA:43,1,0,9
BRDA:43,1,1,0
BRDA:45,2,0,0
BRDA:46,3,0,0
BRDA:46,3,1,0
BRDA:46,4,0,0
BRDA:46,4,1,0
BRDA:53,5,0,0
BRDA:54,6,0,10
BRDA:54,6,1,10
BRDA:54,6,2,0
BRDA:55,7,0,10
BRDA:55,7,1,0
BRDA:55,8,0,10
BRDA:55,8,1,10
BRDA:55,9,0,10
BRDA:55,9,1,0
BRDA:55,10,0,10
BRDA:55,10,1,10
BRDA:56,11,0,0
BRDA:56,11,1,0
BRDA:56,12,0,0
BRDA:56,12,1,0
BRDA:59,13,0,0
BRDA:60,14,0,0
BRDA:60,14,1,0
BRDA:63,15,0,0
BRDA:64,16,0,10
BRDA:64,16,1,10
BRDA:64,16,2,0
BRDA:65,17,0,10
BRDA:65,17,1,0
BRDA:65,18,0,10
BRDA:65,18,1,10
BRDA:65,19,0,10
BRDA:65,19,1,0
BRDA:65,20,0,10
BRDA:65,20,1,10
BRDA:66,21,0,0
BRDA:66,21,1,0
BRDA:66,22,0,0
BRDA:66,22,1,0
BRDA:70,23,0,0
BRDA:70,23,1,0
BRDA:70,24,0,0
BRDA:70,24,1,0
BRDA:78,25,0,0
BRDA:78,25,1,0
BRDA:78,26,0,0
BRDA:78,26,1,0
BRDA:92,27,0,0
BRDA:92,27,1,0
BRDA:92,28,0,0
BRDA:92,28,1,0
BRDA:100,29,0,0
BRDA:100,30,0,0
BRDA:105,31,0,0
BRDA:105,32,0,0
BRDA:109,33,0,0
BRDA:109,33,1,0
BRDA:109,34,0,0
BRDA:109,34,1,0
BRDA:109,35,0,0
BRDA:109,35,1,0
BRF:66
BRH:19
end_of_record
TN:
SF:src/app/group-monitor/test-session/test-session.util.ts
FN:13,(anonymous_0)
FN:17,(anonymous_1)
FN:21,(anonymous_2)
FN:25,(anonymous_3)
FN:37,(anonymous_4)
FN:39,(anonymous_5)
FN:40,(anonymous_6)
FN:44,(anonymous_7)
FN:80,(anonymous_8)
FN:84,(anonymous_9)
FN:99,(anonymous_10)
FNF:11
FNH:11
FNDA:942,(anonymous_0)
FNDA:132,(anonymous_1)
FNDA:132,(anonymous_2)
FNDA:115,(anonymous_3)
FNDA:3,(anonymous_4)
FNDA:6,(anonymous_5)
FNDA:6,(anonymous_6)
FNDA:115,(anonymous_7)
FNDA:69,(anonymous_8)
FNDA:230,(anonymous_9)
FNDA:539,(anonymous_10)
DA:14,942
DA:18,132
DA:22,132
DA:26,115
DA:27,115
DA:38,3
DA:39,6
DA:40,6
DA:45,115
DA:47,115
DA:48,23
DA:50,92
DA:51,0
DA:53,92
DA:54,0
DA:56,92
DA:57,0
DA:59,92
DA:60,0
DA:62,92
DA:63,23
DA:65,69
DA:66,0
DA:68,69
DA:69,69
DA:71,0
DA:72,0
DA:74,0
DA:75,0
DA:77,0
DA:81,69
DA:85,230
DA:86,230
DA:89,0
DA:91,0
DA:92,0
DA:95,0
DA:101,539
DA:110,539
DA:111,938
DA:112,938
DA:113,502
DA:114,502
DA:115,502
DA:117,502
DA:118,79
DA:119,79
DA:122,436
DA:130,436
DA:131,150
DA:133,286
DA:134,286
DA:138,310
LF:53
LH:39
BRDA:13,0,0,14
BRDA:14,1,0,942
BRDA:14,1,1,756
BRDA:14,2,0,744
BRDA:14,2,1,12
BRDA:26,3,0,92
BRDA:26,3,1,23
BRDA:30,4,0,69
BRDA:30,4,1,46
BRDA:30,5,0,115
BRDA:30,5,1,92
BRDA:37,6,0,0
BRDA:39,7,0,5
BRDA:39,7,1,1
BRDA:47,8,0,23
BRDA:47,8,1,92
BRDA:50,9,0,0
BRDA:50,9,1,92
BRDA:53,10,0,0
BRDA:53,10,1,92
BRDA:56,11,0,0
BRDA:56,11,1,92
BRDA:59,12,0,0
BRDA:59,12,1,92
BRDA:62,13,0,23
BRDA:62,13,1,69
BRDA:65,14,0,0
BRDA:65,14,1,69
BRDA:68,15,0,69
BRDA:68,15,1,0
BRDA:71,16,0,0
BRDA:71,16,1,0
BRDA:74,17,0,0
BRDA:74,17,1,0
BRDA:85,18,0,230
BRDA:85,18,1,0
BRDA:100,19,0,103
BRDA:100,20,0,103
BRDA:101,21,0,539
BRDA:101,21,1,103
BRDA:112,22,0,502
BRDA:112,22,1,436
BRDA:117,23,0,79
BRDA:117,23,1,423
BRDA:125,24,0,206
BRDA:125,24,1,230
BRDA:128,25,0,206
BRDA:128,25,1,230
BRDA:130,26,0,150
BRDA:130,26,1,286
BRDA:134,27,0,130
BRDA:134,27,1,156
BRF:52
BRH:40
end_of_record
TN:
SF:src/app/group-monitor/test-session-manager/test-session-manager.service.ts
FN:83,(anonymous_0)
FN:29,(anonymous_1)
FN:33,(anonymous_2)
FN:37,(anonymous_3)
FN:41,(anonymous_4)
FN:45,(anonymous_5)
FN:49,(anonymous_6)
FN:88,(anonymous_7)
FN:103,(anonymous_8)
FN:104,(anonymous_9)
FN:106,(anonymous_10)
FN:114,(anonymous_11)
FN:115,(anonymous_12)
FN:120,(anonymous_13)
FN:125,(anonymous_14)
FN:130,(anonymous_15)
FN:131,(anonymous_16)
FN:135,(anonymous_17)
FN:137,(anonymous_18)
FN:138,(anonymous_19)
FN:141,(anonymous_20)
FN:142,(anonymous_21)
FN:143,(anonymous_22)
FN:172,(anonymous_23)
FN:185,(anonymous_24)
FN:196,(anonymous_25)
FN:207,(anonymous_26)
FN:209,(anonymous_27)
FN:245,(anonymous_28)
FN:247,(anonymous_29)
FN:248,(anonymous_30)
FN:254,(anonymous_31)
FN:258,(anonymous_32)
FN:260,(anonymous_33)
FN:266,(anonymous_34)
FN:270,(anonymous_35)
FN:272,(anonymous_36)
FN:274,(anonymous_37)
FN:276,(anonymous_38)
FN:282,(anonymous_39)
FN:286,(anonymous_40)
FN:288,(anonymous_41)
FN:305,(anonymous_42)
FN:308,(anonymous_43)
FN:314,(anonymous_44)
FN:319,(anonymous_45)
FN:320,(anonymous_46)
FN:321,(anonymous_47)
FN:325,(anonymous_48)
FN:326,(anonymous_49)
FN:327,(anonymous_50)
FN:328,(anonymous_51)
FN:329,(anonymous_52)
FN:336,(anonymous_53)
FN:340,(anonymous_54)
FN:344,(anonymous_55)
FN:354,(anonymous_56)
FN:355,(anonymous_57)
FN:362,(anonymous_58)
FN:367,(anonymous_59)
FN:368,(anonymous_60)
FN:372,(anonymous_61)
FN:380,(anonymous_62)
FN:390,(anonymous_63)
FN:397,(anonymous_64)
FN:404,(anonymous_65)
FN:407,(anonymous_66)
FN:412,(anonymous_67)
FN:416,(anonymous_68)
FN:423,(anonymous_69)
FNF:70
FNH:31
FNDA:22,(anonymous_0)
FNDA:0,(anonymous_1)
FNDA:12,(anonymous_2)
FNDA:23,(anonymous_3)
FNDA:0,(anonymous_4)
FNDA:0,(anonymous_5)
FNDA:0,(anonymous_6)
FNDA:22,(anonymous_7)
FNDA:22,(anonymous_8)
FNDA:110,(anonymous_9)
FNDA:110,(anonymous_10)
FNDA:22,(anonymous_11)
FNDA:22,(anonymous_12)
FNDA:0,(anonymous_13)
FNDA:0,(anonymous_14)
FNDA:0,(anonymous_15)
FNDA:0,(anonymous_16)
FNDA:30,(anonymous_17)
FNDA:134,(anonymous_18)
FNDA:134,(anonymous_19)
FNDA:134,(anonymous_20)
FNDA:30,(anonymous_21)
FNDA:33,(anonymous_22)
FNDA:44,(anonymous_23)
FNDA:22,(anonymous_24)
FNDA:110,(anonymous_25)
FNDA:36,(anonymous_26)
FNDA:127,(anonymous_27)
FNDA:0,(anonymous_28)
FNDA:0,(anonymous_29)
FNDA:0,(anonymous_30)
FNDA:0,(anonymous_31)
FNDA:0,(anonymous_32)
FNDA:0,(anonymous_33)
FNDA:0,(anonymous_34)
FNDA:0,(anonymous_35)
FNDA:0,(anonymous_36)
FNDA:0,(anonymous_37)
FNDA:0,(anonymous_38)
FNDA:0,(anonymous_39)
FNDA:1,(anonymous_40)
FNDA:5,(anonymous_41)
FNDA:0,(anonymous_42)
FNDA:0,(anonymous_43)
FNDA:0,(anonymous_44)
FNDA:0,(anonymous_45)
FNDA:0,(anonymous_46)
FNDA:0,(anonymous_47)
FNDA:0,(anonymous_48)
FNDA:0,(anonymous_49)
FNDA:0,(anonymous_50)
FNDA:0,(anonymous_51)
FNDA:0,(anonymous_52)
FNDA:0,(anonymous_53)
FNDA:23,(anonymous_54)
FNDA:8,(anonymous_55)
FNDA:25,(anonymous_56)
FNDA:13,(anonymous_57)
FNDA:0,(anonymous_58)
FNDA:0,(anonymous_59)
FNDA:0,(anonymous_60)
FNDA:0,(anonymous_61)
FNDA:0,(anonymous_62)
FNDA:0,(anonymous_63)
FNDA:0,(anonymous_64)
FNDA:12,(anonymous_65)
FNDA:20,(anonymous_66)
FNDA:12,(anonymous_67)
FNDA:57,(anonymous_68)
FNDA:132,(anonymous_69)
DA:22,1
DA:30,0
DA:34,12
DA:38,23
DA:42,0
DA:46,0
DA:50,0
DA:55,22
DA:62,22
DA:84,22
DA:85,22
DA:89,22
DA:90,22
DA:91,22
DA:92,22
DA:97,22
DA:98,22
DA:99,22
DA:101,22
DA:103,22
DA:104,110
DA:106,110
DA:110,22
DA:111,22
DA:114,22
DA:115,22
DA:121,0
DA:122,0
DA:126,0
DA:128,0
DA:130,0
DA:131,0
DA:136,30
DA:137,134
DA:138,134
DA:142,134
DA:143,134
DA:144,33
DA:146,0
DA:149,3
DA:152,9
DA:153,9
DA:154,9
DA:155,9
DA:158,6
DA:161,9
DA:164,6
DA:167,0
DA:173,44
DA:186,22
DA:188,22
DA:190,22
DA:191,22
DA:194,22
DA:195,22
DA:197,110
DA:198,0
DA:201,22
DA:203,22
DA:204,22
DA:208,36
DA:210,127
DA:211,127
DA:212,4
DA:214,123
DA:215,7
DA:216,7
DA:217,7
DA:218,3
DA:220,4
DA:221,2
DA:223,2
DA:225,116
DA:226,4
DA:229,112
DA:230,7
DA:231,7
DA:232,7
DA:234,105
DA:235,7
DA:236,7
DA:237,7
DA:239,98
DA:240,98
DA:241,98
DA:246,0
DA:247,0
DA:248,0
DA:249,0
DA:250,0
DA:251,0
DA:253,0
DA:254,0
DA:259,0
DA:260,0
DA:261,0
DA:262,0
DA:263,0
DA:265,0
DA:266,0
DA:271,0
DA:272,0
DA:273,0
DA:274,0
DA:277,0
DA:282,0
DA:287,1
DA:288,1
DA:289,5
DA:290,3
DA:291,3
DA:292,2
DA:298,5
DA:299,3
DA:302,1
DA:306,0
DA:308,0
DA:309,0
DA:310,0
DA:311,0
DA:313,0
DA:314,0
DA:320,0
DA:321,0
DA:325,0
DA:326,0
DA:327,0
DA:328,0
DA:329,0
DA:331,0
DA:333,0
DA:336,0
DA:341,23
DA:345,8
DA:346,0
DA:348,8
DA:349,8
DA:350,8
DA:351,3
DA:353,5
DA:354,25
DA:355,13
DA:359,8
DA:363,0
DA:364,0
DA:366,0
DA:367,0
DA:368,0
DA:369,0
DA:373,0
DA:374,0
DA:376,0
DA:377,0
DA:381,0
DA:382,0
DA:384,0
DA:385,0
DA:387,0
DA:391,0
DA:392,0
DA:394,0
DA:398,0
DA:399,0
DA:401,0
DA:405,12
DA:406,12
DA:407,20
DA:408,12
DA:409,12
DA:413,12
DA:417,57
DA:418,57
DA:419,57
DA:420,57
DA:422,57
DA:424,132
DA:425,132
DA:426,132
DA:427,132
DA:430,57
LF:180
LH:107
BRDA:137,0,0,134
BRDA:137,0,1,134
BRDA:142,1,0,6
BRDA:142,1,1,24
BRDA:144,2,0,0
BRDA:144,2,1,3
BRDA:144,2,2,9
BRDA:144,2,3,6
BRDA:144,2,4,9
BRDA:144,2,5,6
BRDA:144,2,6,0
BRDA:146,3,0,0
BRDA:146,3,1,0
BRDA:149,4,0,3
BRDA:149,4,1,3
BRDA:153,5,0,9
BRDA:153,5,1,6
BRDA:154,6,0,9
BRDA:154,6,1,0
BRDA:155,7,0,9
BRDA:155,7,1,8
BRDA:158,8,0,6
BRDA:158,8,1,5
BRDA:161,9,0,9
BRDA:161,9,1,9
BRDA:164,10,0,6
BRDA:164,10,1,5
BRDA:190,11,0,22
BRDA:190,11,1,0
BRDA:197,12,0,0
BRDA:197,12,1,110
BRDA:197,13,0,110
BRDA:197,13,1,110
BRDA:210,14,0,105
BRDA:210,14,1,22
BRDA:211,15,0,4
BRDA:211,15,1,123
BRDA:214,16,0,7
BRDA:214,16,1,116
BRDA:217,17,0,3
BRDA:217,17,1,4
BRDA:217,18,0,7
BRDA:217,18,1,5
BRDA:220,19,0,2
BRDA:220,19,1,2
BRDA:220,20,0,4
BRDA:220,20,1,2
BRDA:225,21,0,4
BRDA:225,21,1,112
BRDA:229,22,0,7
BRDA:229,22,1,105
BRDA:230,23,0,7
BRDA:230,23,1,5
BRDA:230,24,0,5
BRDA:230,24,1,2
BRDA:230,25,0,7
BRDA:230,25,1,7
BRDA:230,26,0,5
BRDA:230,26,1,2
BRDA:230,27,0,7
BRDA:230,27,1,2
BRDA:231,28,0,7
BRDA:231,28,1,0
BRDA:231,29,0,0
BRDA:231,29,1,7
BRDA:231,30,0,7
BRDA:231,30,1,7
BRDA:231,31,0,0
BRDA:231,31,1,7
BRDA:231,32,0,7
BRDA:231,32,1,7
BRDA:234,33,0,7
BRDA:234,33,1,98
BRDA:235,34,0,2
BRDA:235,34,1,5
BRDA:236,35,0,7
BRDA:236,35,1,0
BRDA:239,36,0,98
BRDA:239,36,1,0
BRDA:240,37,0,98
BRDA:240,37,1,0
BRDA:249,38,0,0
BRDA:249,38,1,0
BRDA:261,39,0,0
BRDA:261,39,1,0
BRDA:289,40,0,3
BRDA:289,40,1,2
BRDA:289,41,0,5
BRDA:289,41,1,4
BRDA:291,42,0,2
BRDA:291,42,1,1
BRDA:298,43,0,3
BRDA:298,43,1,2
BRDA:309,44,0,0
BRDA:309,44,1,0
BRDA:321,45,0,0
BRDA:321,45,1,0
BRDA:321,45,2,0
BRDA:321,45,3,0
BRDA:345,46,0,0
BRDA:345,46,1,8
BRDA:349,47,0,8
BRDA:349,47,1,0
BRDA:350,48,0,3
BRDA:350,48,1,5
BRDA:355,49,0,9
BRDA:355,49,1,4
BRDA:363,50,0,0
BRDA:363,50,1,0
BRDA:367,51,0,0
BRDA:367,51,1,0
BRDA:373,52,0,0
BRDA:373,52,1,0
BRDA:381,53,0,0
BRDA:381,53,1,0
BRDA:384,54,0,0
BRDA:384,54,1,0
BRDA:391,55,0,0
BRDA:391,55,1,0
BRDA:398,56,0,0
BRDA:398,56,1,0
BRDA:416,57,0,22
BRDA:426,58,0,26
BRDA:426,58,1,106
BRDA:427,59,0,0
BRDA:427,59,1,132
BRF:126
BRH:86
end_of_record
TN:
SF:src/app/shared/shared.module.ts
FNF:0
FNH:0
DA:48,1
LF:1
LH:1
BRF:0
BRH:0
end_of_record
TN:
SF:src/app/shared/classes/app.config.ts
FN:42,(anonymous_0)
FN:34,(anonymous_1)
FN:71,(anonymous_2)
FN:73,(anonymous_3)
FN:77,(anonymous_4)
FN:84,(anonymous_5)
FN:119,(anonymous_6)
FN:124,(anonymous_7)
FN:131,(anonymous_8)
FNF:9
FNH:0
FNDA:0,(anonymous_0)
FNDA:0,(anonymous_1)
FNDA:0,(anonymous_2)
FNDA:0,(anonymous_3)
FNDA:0,(anonymous_4)
FNDA:0,(anonymous_5)
FNDA:0,(anonymous_6)
FNDA:0,(anonymous_7)
FNDA:0,(anonymous_8)
DA:14,0
DA:15,0
DA:18,0
DA:19,0
DA:20,0
DA:21,0
DA:24,0
DA:25,0
DA:26,0
DA:27,0
DA:28,0
DA:29,0
DA:30,0
DA:31,0
DA:32,0
DA:35,0
DA:36,0
DA:39,0
DA:47,0
DA:48,0
DA:50,0
DA:51,0
DA:52,0
DA:53,0
DA:54,0
DA:55,0
DA:56,0
DA:57,0
DA:59,0
DA:60,0
DA:63,0
DA:64,0
DA:66,0
DA:68,0
DA:72,0
DA:73,0
DA:74,0
DA:76,0
DA:77,0
DA:78,0
DA:81,0
DA:85,0
DA:86,0
DA:87,0
DA:88,0
DA:89,0
DA:91,0
DA:92,0
DA:94,0
DA:95,0
DA:96,0
DA:97,0
DA:98,0
DA:99,0
DA:100,0
DA:101,0
DA:102,0
DA:103,0
DA:104,0
DA:105,0
DA:106,0
DA:107,0
DA:108,0
DA:109,0
DA:110,0
DA:111,0
DA:112,0
DA:115,0
DA:116,0
DA:120,0
DA:121,0
DA:125,0
DA:126,0
DA:127,0
DA:128,0
DA:132,0
LF:76
LH:0
BRDA:50,0,0,0
BRDA:50,0,1,0
BRDA:63,1,0,0
BRDA:63,1,1,0
BRDA:35,2,0,0
BRDA:35,2,1,0
BRDA:36,3,0,0
BRDA:36,3,1,0
BRDA:76,4,0,0
BRDA:76,4,1,0
BRDA:86,5,0,0
BRDA:86,5,1,0
BRDA:88,6,0,0
BRDA:88,6,1,0
BRDA:102,7,0,0
BRDA:102,7,1,0
BRDA:103,8,0,0
BRDA:103,8,1,0
BRDA:104,9,0,0
BRDA:104,9,1,0
BRDA:105,10,0,0
BRDA:105,10,1,0
BRDA:106,11,0,0
BRDA:106,11,1,0
BRDA:107,12,0,0
BRDA:107,12,1,0
BRDA:108,13,0,0
BRDA:108,13,1,0
BRDA:109,14,0,0
BRDA:109,14,1,0
BRDA:110,15,0,0
BRDA:110,15,1,0
BRDA:111,16,0,0
BRDA:111,16,1,0
BRF:34
BRH:0
end_of_record
TN:
SF:src/app/shared/classes/booklet-config.class.ts
FN:4,(anonymous_0)
FN:6,(anonymous_1)
FN:13,(anonymous_2)
FN:15,(anonymous_3)
FN:17,(anonymous_4)
FNF:5
FNH:5
FNDA:17,(anonymous_0)
FNDA:36,(anonymous_1)
FNDA:8,(anonymous_2)
FNDA:56,(anonymous_3)
FNDA:24,(anonymous_4)
DA:5,17
DA:7,36
DA:8,35
DA:14,8
DA:15,56
DA:18,24
DA:19,24
DA:23,8
LF:8
LH:8
BRDA:7,0,0,35
BRDA:7,0,1,1
BRF:2
BRH:2
end_of_record
TN:
SF:src/app/shared/classes/test-mode.class.ts
FN:7,(anonymous_0)
FN:20,(anonymous_1)
FNF:2
FNH:2
FNDA:34,(anonymous_0)
FNDA:306,(anonymous_1)
DA:4,34
DA:5,34
DA:8,34
DA:9,34
DA:11,34
DA:12,0
DA:13,0
DA:16,34
DA:17,34
DA:19,34
DA:21,306
LF:11
LH:9
BRDA:7,0,0,24
BRDA:11,1,0,0
BRDA:11,1,1,34
BRDA:11,2,0,34
BRDA:11,2,1,34
BRF:5
BRH:4
end_of_record
TN:
SF:src/app/shared/components/alert/alert.component.ts
FN:40,(anonymous_0)
FN:72,(anonymous_1)
FN:74,(anonymous_2)
FN:30,(anonymous_3)
FN:33,(anonymous_4)
FN:46,(anonymous_5)
FN:55,(anonymous_6)
FN:57,(anonymous_7)
FN:60,(anonymous_8)
FN:67,(anonymous_9)
FNF:10
FNH:10
FNDA:6,(anonymous_0)
FNDA:22,(anonymous_1)
FNDA:7,(anonymous_2)
FNDA:8,(anonymous_3)
FNDA:22,(anonymous_4)
FNDA:17,(anonymous_5)
FNDA:10,(anonymous_6)
FNDA:13,(anonymous_7)
FNDA:17,(anonymous_8)
FNDA:10,(anonymous_9)
DA:17,1
DA:23,6
DA:31,8
DA:33,22
DA:41,6
DA:43,6
DA:47,17
DA:48,17
DA:49,7
DA:51,10
DA:56,10
DA:57,13
DA:61,17
DA:62,7
DA:63,7
DA:68,10
DA:72,22
DA:74,7
LF:18
LH:18
BRDA:33,0,0,22
BRDA:33,0,1,0
BRDA:48,1,0,7
BRDA:48,1,1,10
BRDA:61,2,0,7
BRDA:61,2,1,10
BRDA:69,3,0,10
BRDA:69,3,1,7
BRF:8
BRH:7
end_of_record
TN:
SF:src/app/shared/components/confirm-dialog/confirm-dialog.component.ts
FN:13,(anonymous_0)
FN:15,(anonymous_1)
FNF:2
FNH:2
FNDA:2,(anonymous_0)
FNDA:1,(anonymous_1)
DA:10,1
DA:11,2
DA:13,2
DA:16,1
DA:17,1
DA:19,1
DA:23,1
DA:25,1
DA:26,0
LF:9
LH:8
BRDA:16,0,0,1
BRDA:16,0,1,0
BRDA:16,1,0,1
BRDA:16,1,1,1
BRDA:19,2,0,1
BRDA:19,2,1,0
BRDA:20,3,0,1
BRDA:20,3,1,1
BRDA:25,4,0,0
BRDA:25,4,1,1
BRF:10
BRH:7
end_of_record
TN:
SF:src/app/shared/components/message-dialog/message-dialog.component.ts
FN:10,(anonymous_0)
FN:12,(anonymous_1)
FNF:2
FNH:2
FNDA:2,(anonymous_0)
FNDA:1,(anonymous_1)
DA:9,1
DA:10,2
DA:13,1
DA:14,1
DA:16,1
DA:17,1
DA:20,0
DA:21,0
DA:24,0
DA:25,0
DA:29,1
DA:30,0
LF:12
LH:7
BRDA:13,0,0,1
BRDA:13,0,1,0
BRDA:13,1,0,1
BRDA:13,1,1,1
BRDA:14,2,0,1
BRDA:14,2,1,0
BRDA:14,2,2,0
BRDA:29,3,0,0
BRDA:29,3,1,1
BRDA:29,4,0,1
BRDA:29,4,1,1
BRF:11
BRH:7
end_of_record
TN:
SF:src/app/shared/interfaces/app-config.interfaces.ts
FNF:0
FNH:0
DA:29,1
DA:31,1
DA:32,1
DA:33,1
LF:4
LH:4
BRF:0
BRH:0
end_of_record
TN:
SF:src/app/shared/interfaces/message-dialog.interfaces.ts
FN:1,(anonymous_0)
FNF:1
FNH:1
FNDA:1,(anonymous_0)
DA:1,1
DA:2,1
DA:3,1
DA:4,1
LF:4
LH:4
BRDA:1,0,0,1
BRDA:1,0,1,1
BRF:2
BRH:2
end_of_record
TN:
SF:src/app/shared/pipes/bytes/bytes.pipe.ts
FN:7,(anonymous_1)
FNF:1
FNH:1
FNDA:4,(anonymous_1)
DA:4,1
DA:5,1
DA:8,4
DA:9,0
DA:11,4
DA:12,0
DA:15,4
DA:16,4
LF:8
LH:6
BRDA:8,0,0,0
BRDA:8,0,1,4
BRDA:8,1,0,4
BRDA:8,1,1,4
BRDA:11,2,0,0
BRDA:11,2,1,4
BRF:6
BRH:4
end_of_record
TN:
SF:src/app/shared/pipes/customtext/customtext.pipe.ts
FN:10,(anonymous_0)
FN:12,(anonymous_1)
FN:15,(anonymous_2)
FN:16,(anonymous_3)
FN:17,(anonymous_4)
FN:19,(anonymous_5)
FNF:6
FNH:6
FNDA:40,(anonymous_0)
FNDA:48,(anonymous_1)
FNDA:48,(anonymous_2)
FNDA:51,(anonymous_3)
FNDA:51,(anonymous_4)
FNDA:13,(anonymous_5)
DA:9,1
DA:10,40
DA:13,48
DA:15,48
DA:16,51
DA:18,51
DA:21,13
DA:23,51
LF:8
LH:8
BRDA:16,0,0,33
BRDA:16,0,1,18
BRDA:16,1,0,33
BRDA:16,1,1,1
BRF:4
BRH:4
end_of_record
TN:
SF:src/app/shared/services/customtext/customtext.service.ts
FN:11,(anonymous_1)
FN:12,(anonymous_2)
FN:17,(anonymous_3)
FN:18,(anonymous_4)
FN:23,(anonymous_5)
FN:31,(anonymous_6)
FN:38,(anonymous_7)
FNF:7
FNH:7
FNDA:12,(anonymous_1)
FNDA:18,(anonymous_2)
FNDA:1,(anonymous_3)
FNDA:3,(anonymous_4)
FNDA:21,(anonymous_5)
FNDA:52,(anonymous_6)
FNDA:6,(anonymous_7)
DA:8,1
DA:9,18
DA:12,12
DA:13,18
DA:18,1
DA:19,3
DA:24,21
DA:25,9
DA:27,21
DA:32,52
DA:33,32
DA:35,52
DA:39,6
DA:40,4
DA:42,2
LF:15
LH:15
BRDA:24,0,0,9
BRDA:24,0,1,12
BRDA:32,1,0,32
BRDA:32,1,1,20
BRDA:39,2,0,4
BRDA:39,2,1,2
BRF:6
BRH:6
end_of_record
TN:
SF:src/app/shared/services/maindata/maindata.service.ts
FN:67,(anonymous_0)
FN:21,(anonymous_1)
FN:41,(anonymous_2)
FN:54,(anonymous_3)
FN:72,(anonymous_4)
FN:76,(anonymous_5)
FN:80,(anonymous_6)
FN:92,(anonymous_7)
FN:100,(anonymous_8)
FNF:9
FNH:4
FNDA:8,(anonymous_0)
FNDA:0,(anonymous_1)
FNDA:0,(anonymous_2)
FNDA:8,(anonymous_3)
FNDA:5,(anonymous_4)
FNDA:5,(anonymous_5)
FNDA:0,(anonymous_6)
FNDA:0,(anonymous_7)
FNDA:0,(anonymous_8)
DA:13,1
DA:18,1
DA:19,8
DA:20,8
DA:22,0
DA:25,8
DA:26,8
DA:27,8
DA:28,8
DA:29,8
DA:30,8
DA:31,8
DA:32,8
DA:34,8
DA:35,8
DA:42,0
DA:43,0
DA:44,0
DA:46,0
DA:47,0
DA:49,0
DA:50,0
DA:55,8
DA:56,8
DA:57,8
DA:59,0
DA:60,0
DA:62,0
DA:63,0
DA:68,8
DA:73,5
DA:77,5
DA:81,0
DA:82,0
DA:83,0
DA:84,0
DA:86,0
DA:88,0
DA:93,0
DA:94,0
DA:95,0
DA:97,0
DA:101,0
DA:102,0
DA:104,0
DA:106,0
LF:46
LH:20
BRDA:43,0,0,0
BRDA:43,0,1,0
BRDA:56,1,0,8
BRDA:56,1,1,0
BRDA:80,2,0,0
BRDA:82,3,0,0
BRDA:82,3,1,0
BRDA:83,4,0,0
BRDA:83,4,1,0
BRDA:94,5,0,0
BRDA:94,5,1,0
BRDA:100,6,0,0
BRDA:101,7,0,0
BRDA:101,7,1,0
BRF:14
BRH:1
end_of_record
TN:
SF:src/app/shared/services/websocket/websocket.service.ts
FN:12,(anonymous_0)
FN:18,(anonymous_1)
FN:21,(anonymous_2)
FN:24,(anonymous_3)
FN:28,(anonymous_4)
FN:36,(anonymous_5)
FN:37,(anonymous_6)
FN:40,(anonymous_7)
FN:47,(anonymous_8)
FN:58,(anonymous_9)
FN:66,(anonymous_10)
FN:73,(anonymous_11)
FN:74,(anonymous_12)
FN:75,(anonymous_13)
FN:77,(anonymous_14)
FNF:15
FNH:1
FNDA:1,(anonymous_0)
FNDA:0,(anonymous_1)
FNDA:0,(anonymous_2)
FNDA:0,(anonymous_3)
FNDA:0,(anonymous_4)
FNDA:0,(anonymous_5)
FNDA:0,(anonymous_6)
FNDA:0,(anonymous_7)
FNDA:0,(anonymous_8)
FNDA:0,(anonymous_9)
FNDA:0,(anonymous_10)
FNDA:0,(anonymous_11)
FNDA:0,(anonymous_12)
FNDA:0,(anonymous_13)
FNDA:0,(anonymous_14)
DA:13,1
DA:15,1
DA:19,0
DA:20,0
DA:22,0
DA:25,0
DA:29,0
DA:35,0
DA:38,0
DA:41,0
DA:48,0
DA:49,0
DA:50,0
DA:52,0
DA:53,0
DA:54,0
DA:59,0
DA:60,0
DA:63,0
DA:67,0
DA:68,0
DA:71,0
DA:73,0
DA:74,0
DA:75,0
DA:77,0
LF:26
LH:2
BRDA:19,0,0,0
BRDA:19,0,1,0
BRDA:49,1,0,0
BRDA:49,1,1,0
BRDA:52,2,0,0
BRDA:52,2,1,0
BRDA:59,3,0,0
BRDA:59,3,1,0
BRDA:67,4,0,0
BRDA:67,4,1,0
BRF:10
BRH:0
end_of_record
TN:
SF:src/app/shared/services/websocket-backend/websocket-backend.service.ts
FN:29,(anonymous_0)
FN:36,(anonymous_1)
FN:40,(anonymous_2)
FN:48,(anonymous_3)
FN:60,(anonymous_4)
FN:65,(anonymous_5)
FN:77,(anonymous_6)
FN:89,(anonymous_7)
FN:95,(anonymous_8)
FN:102,(anonymous_9)
FN:112,(anonymous_10)
FN:114,(anonymous_11)
FN:118,(anonymous_12)
FN:119,(anonymous_13)
FN:124,(anonymous_14)
FNF:15
FNH:0
FNDA:0,(anonymous_0)
FNDA:0,(anonymous_1)
FNDA:0,(anonymous_2)
FNDA:0,(anonymous_3)
FNDA:0,(anonymous_4)
FNDA:0,(anonymous_5)
FNDA:0,(anonymous_6)
FNDA:0,(anonymous_7)
FNDA:0,(anonymous_8)
FNDA:0,(anonymous_9)
FNDA:0,(anonymous_10)
FNDA:0,(anonymous_11)
FNDA:0,(anonymous_12)
FNDA:0,(anonymous_13)
FNDA:0,(anonymous_14)
DA:14,1
DA:21,0
DA:23,0
DA:24,0
DA:25,0
DA:27,0
DA:30,0
DA:31,0
DA:33,0
DA:37,0
DA:41,0
DA:42,0
DA:43,0
DA:45,0
DA:49,0
DA:51,0
DA:53,0
DA:55,0
DA:61,0
DA:62,0
DA:66,0
DA:67,0
DA:68,0
DA:69,0
DA:71,0
DA:72,0
DA:78,0
DA:79,0
DA:81,0
DA:82,0
DA:83,0
DA:86,0
DA:90,0
DA:91,0
DA:94,0
DA:96,0
DA:103,0
DA:104,0
DA:107,0
DA:108,0
DA:113,0
DA:114,0
DA:116,0
DA:118,0
DA:120,0
DA:121,0
DA:124,0
LF:47
LH:1
BRDA:41,0,0,0
BRDA:41,0,1,0
BRDA:67,1,0,0
BRDA:67,1,1,0
BRDA:81,2,0,0
BRDA:81,2,1,0
BRDA:90,3,0,0
BRDA:90,3,1,0
BRDA:96,4,0,0
BRDA:96,4,1,0
BRDA:103,5,0,0
BRDA:103,5,1,0
BRDA:107,6,0,0
BRDA:107,6,1,0
BRDA:120,7,0,0
BRDA:120,7,1,0
BRDA:124,8,0,0
BRDA:124,8,1,0
BRF:18
BRH:0
end_of_record
TN:
SF:src/app/superadmin/backend.service.ts
FN:17,(anonymous_0)
FN:23,(anonymous_1)
FN:26,(anonymous_2)
FN:32,(anonymous_3)
FN:37,(anonymous_4)
FN:42,(anonymous_5)
FN:46,(anonymous_6)
FN:47,(anonymous_7)
FN:54,(anonymous_8)
FN:57,(anonymous_9)
FN:63,(anonymous_10)
FN:66,(anonymous_11)
FN:72,(anonymous_12)
FN:75,(anonymous_13)
FN:81,(anonymous_14)
FN:84,(anonymous_15)
FN:90,(anonymous_16)
FN:93,(anonymous_17)
FN:99,(anonymous_18)
FN:102,(anonymous_19)
FN:108,(anonymous_20)
FN:111,(anonymous_21)
FN:117,(anonymous_22)
FN:120,(anonymous_23)
FN:126,(anonymous_24)
FN:129,(anonymous_25)
FN:135,(anonymous_26)
FN:138,(anonymous_27)
FN:144,(anonymous_28)
FN:147,(anonymous_29)
FNF:30
FNH:0
FNDA:0,(anonymous_0)
FNDA:0,(anonymous_1)
FNDA:0,(anonymous_2)
FNDA:0,(anonymous_3)
FNDA:0,(anonymous_4)
FNDA:0,(anonymous_5)
FNDA:0,(anonymous_6)
FNDA:0,(anonymous_7)
FNDA:0,(anonymous_8)
FNDA:0,(anonymous_9)
FNDA:0,(anonymous_10)
FNDA:0,(anonymous_11)
FNDA:0,(anonymous_12)
FNDA:0,(anonymous_13)
FNDA:0,(anonymous_14)
FNDA:0,(anonymous_15)
FNDA:0,(anonymous_16)
FNDA:0,(anonymous_17)
FNDA:0,(anonymous_18)
FNDA:0,(anonymous_19)
FNDA:0,(anonymous_20)
FNDA:0,(anonymous_21)
FNDA:0,(anonymous_22)
FNDA:0,(anonymous_23)
FNDA:0,(anonymous_24)
FNDA:0,(anonymous_25)
FNDA:0,(anonymous_26)
FNDA:0,(anonymous_27)
FNDA:0,(anonymous_28)
FNDA:0,(anonymous_29)
DA:16,1
DA:18,0
DA:19,0
DA:24,0
DA:27,0
DA:28,0
DA:33,0
DA:38,0
DA:43,0
DA:46,0
DA:48,0
DA:49,0
DA:55,0
DA:58,0
DA:59,0
DA:64,0
DA:67,0
DA:68,0
DA:73,0
DA:76,0
DA:77,0
DA:82,0
DA:85,0
DA:86,0
DA:91,0
DA:94,0
DA:95,0
DA:100,0
DA:103,0
DA:104,0
DA:109,0
DA:112,0
DA:113,0
DA:118,0
DA:121,0
DA:122,0
DA:127,0
DA:130,0
DA:131,0
DA:136,0
DA:139,0
DA:140,0
DA:145,0
DA:148,0
DA:149,0
LF:45
LH:1
BRDA:44,0,0,0
BRDA:44,0,1,0
BRF:2
BRH:0
end_of_record
TN:
SF:src/app/superadmin/superadmin-routing.module.ts
FNF:0
FNH:0
DA:8,1
DA:26,1
LF:2
LH:2
BRF:0
BRH:0
end_of_record
TN:
SF:src/app/superadmin/superadmin.component.ts
FN:9,(anonymous_0)
FN:19,(anonymous_1)
FN:20,(anonymous_2)
FNF:3
FNH:0
FNDA:0,(anonymous_0)
FNDA:0,(anonymous_1)
FNDA:0,(anonymous_2)
DA:8,1
DA:10,0
DA:13,0
DA:20,0
LF:4
LH:1
BRF:0
BRH:0
end_of_record
TN:
SF:src/app/superadmin/superadmin.module.ts
FNF:0
FNH:0
DA:99,1
LF:1
LH:1
BRF:0
BRH:0
end_of_record
TN:
SF:src/app/superadmin/settings/app-config.component.ts
FN:50,(anonymous_0)
FN:68,(anonymous_1)
FN:69,(anonymous_2)
FN:86,(anonymous_3)
FN:96,(anonymous_4)
FN:108,(anonymous_5)
FN:122,(anonymous_6)
FN:127,(anonymous_7)
FN:143,(anonymous_8)
FN:150,(anonymous_9)
FN:153,(anonymous_10)
FN:170,(anonymous_11)
FN:175,(anonymous_12)
FNF:13
FNH:0
FNDA:0,(anonymous_0)
FNDA:0,(anonymous_1)
FNDA:0,(anonymous_2)
FNDA:0,(anonymous_3)
FNDA:0,(anonymous_4)
FNDA:0,(anonymous_5)
FNDA:0,(anonymous_6)
FNDA:0,(anonymous_7)
FNDA:0,(anonymous_8)
FNDA:0,(anonymous_9)
FNDA:0,(anonymous_10)
FNDA:0,(anonymous_11)
FNDA:0,(anonymous_12)
DA:16,1
DA:18,0
DA:19,0
DA:20,0
DA:22,0
DA:23,0
DA:51,0
DA:52,0
DA:53,0
DA:54,0
DA:56,0
DA:69,0
DA:70,0
DA:71,0
DA:81,0
DA:85,0
DA:86,0
DA:87,0
DA:91,0
DA:97,0
DA:108,0
DA:109,0
DA:110,0
DA:113,0
DA:114,0
DA:115,0
DA:116,0
DA:117,0
DA:119,0
DA:123,0
DA:128,0
DA:129,0
DA:131,0
DA:132,0
DA:133,0
DA:134,0
DA:136,0
DA:137,0
DA:138,0
DA:141,0
DA:142,0
DA:143,0
DA:144,0
DA:146,0
DA:147,0
DA:149,0
DA:150,0
DA:151,0
DA:152,0
DA:153,0
DA:154,0
DA:155,0
DA:156,0
DA:157,0
DA:158,0
DA:159,0
DA:161,0
DA:162,0
DA:163,0
DA:166,0
DA:171,0
DA:172,0
DA:176,0
LF:63
LH:1
BRDA:109,0,0,0
BRDA:109,0,1,0
BRDA:129,1,0,0
BRDA:129,1,1,0
BRDA:129,2,0,0
BRDA:129,2,1,0
BRDA:136,3,0,0
BRDA:136,3,1,0
BRDA:141,4,0,0
BRDA:141,4,1,0
BRDA:157,5,0,0
BRDA:157,5,1,0
BRDA:157,6,0,0
BRDA:157,6,1,0
BRDA:176,7,0,0
BRDA:176,7,1,0
BRF:16
BRH:0
end_of_record
TN:
SF:src/app/superadmin/settings/edit-custom-text.component.ts
FN:39,(anonymous_1)
FN:42,(anonymous_2)
FN:54,(anonymous_3)
FN:58,(anonymous_4)
FNF:4
FNH:0
FNDA:0,(anonymous_1)
FNDA:0,(anonymous_2)
FNDA:0,(anonymous_3)
FNDA:0,(anonymous_4)
DA:27,1
DA:33,0
DA:34,0
DA:35,0
DA:40,0
DA:41,0
DA:42,0
DA:43,0
DA:44,0
DA:45,0
DA:46,0
DA:48,0
DA:50,0
DA:55,0
DA:59,0
DA:60,0
LF:16
LH:1
BRDA:40,0,0,0
BRDA:40,0,1,0
BRDA:44,1,0,0
BRDA:44,1,1,0
BRDA:48,2,0,0
BRDA:48,2,1,0
BRF:6
BRH:0
end_of_record
TN:
SF:src/app/superadmin/settings/edit-custom-texts.component.ts
FN:74,(anonymous_0)
FN:83,(anonymous_1)
FN:96,(anonymous_2)
FN:111,(anonymous_3)
FN:112,(anonymous_4)
FN:118,(anonymous_5)
FN:126,(anonymous_6)
FNF:7
FNH:0
FNDA:0,(anonymous_0)
FNDA:0,(anonymous_1)
FNDA:0,(anonymous_2)
FNDA:0,(anonymous_3)
FNDA:0,(anonymous_4)
FNDA:0,(anonymous_5)
FNDA:0,(anonymous_6)
DA:50,1
DA:51,0
DA:71,0
DA:72,0
DA:75,0
DA:76,0
DA:77,0
DA:78,0
DA:79,0
DA:81,0
DA:83,0
DA:84,0
DA:85,0
DA:86,0
DA:97,0
DA:98,0
DA:99,0
DA:101,0
DA:103,0
DA:104,0
DA:106,0
DA:108,0
DA:112,0
DA:113,0
DA:114,0
DA:117,0
DA:118,0
DA:119,0
DA:121,0
DA:123,0
DA:127,0
LF:31
LH:1
BRDA:85,0,0,0
BRDA:85,0,1,0
BRDA:85,1,0,0
BRDA:85,1,1,0
BRDA:97,2,0,0
BRDA:97,2,1,0
BRDA:98,3,0,0
BRDA:98,3,1,0
BRDA:99,4,0,0
BRDA:99,4,1,0
BRDA:103,5,0,0
BRDA:103,5,1,0
BRDA:104,6,0,0
BRDA:104,6,1,0
BRDA:113,7,0,0
BRDA:113,7,1,0
BRF:16
BRH:0
end_of_record
TN:
SF:src/app/superadmin/settings/settings.component.ts
FNF:0
FNH:0
DA:26,1
LF:1
LH:1
BRF:0
BRH:0
end_of_record
TN:
SF:src/app/superadmin/superadmin-password-request/superadmin-password-request.component.ts
FN:15,(anonymous_0)
FNF:1
FNH:1
FNDA:1,(anonymous_0)
DA:10,1
DA:11,1
DA:16,1
LF:3
LH:3
BRF:0
BRH:0
end_of_record
TN:
SF:src/app/superadmin/users/users.component.ts
FN:41,(anonymous_0)
FN:52,(anonymous_1)
FN:65,(anonymous_2)
FN:66,(anonymous_3)
FN:72,(anonymous_4)
FN:77,(anonymous_5)
FN:85,(anonymous_6)
FN:93,(anonymous_7)
FN:107,(anonymous_8)
FN:134,(anonymous_9)
FN:141,(anonymous_10)
FN:151,(anonymous_11)
FN:180,(anonymous_12)
FN:200,(anonymous_13)
FN:208,(anonymous_14)
FN:216,(anonymous_15)
FN:229,(anonymous_16)
FN:260,(anonymous_17)
FN:263,(anonymous_18)
FN:266,(anonymous_19)
FN:281,(anonymous_20)
FN:285,(anonymous_21)
FN:294,(anonymous_22)
FN:303,(anonymous_23)
FN:308,(anonymous_24)
FN:322,(anonymous_25)
FN:325,(anonymous_26)
FN:332,(anonymous_27)
FN:338,(anonymous_28)
FN:342,(anonymous_29)
FN:345,(anonymous_30)
FNF:31
FNH:5
FNDA:1,(anonymous_0)
FNDA:0,(anonymous_1)
FNDA:1,(anonymous_2)
FNDA:1,(anonymous_3)
FNDA:0,(anonymous_4)
FNDA:0,(anonymous_5)
FNDA:0,(anonymous_6)
FNDA:0,(anonymous_7)
FNDA:0,(anonymous_8)
FNDA:0,(anonymous_9)
FNDA:0,(anonymous_10)
FNDA:0,(anonymous_11)
FNDA:0,(anonymous_12)
FNDA:0,(anonymous_13)
FNDA:0,(anonymous_14)
FNDA:0,(anonymous_15)
FNDA:0,(anonymous_16)
FNDA:0,(anonymous_17)
FNDA:0,(anonymous_18)
FNDA:0,(anonymous_19)
FNDA:0,(anonymous_20)
FNDA:0,(anonymous_21)
FNDA:0,(anonymous_22)
FNDA:0,(anonymous_23)
FNDA:0,(anonymous_24)
FNDA:1,(anonymous_25)
FNDA:1,(anonymous_26)
FNDA:0,(anonymous_27)
FNDA:0,(anonymous_28)
FNDA:0,(anonymous_29)
FNDA:0,(anonymous_30)
DA:27,1
DA:29,1
DA:30,1
DA:31,1
DA:32,1
DA:33,1
DA:35,1
DA:37,1
DA:42,1
DA:43,1
DA:44,1
DA:45,1
DA:46,1
DA:47,1
DA:48,1
DA:49,1
DA:51,1
DA:53,0
DA:54,0
DA:55,0
DA:57,0
DA:58,0
DA:60,0
DA:66,1
DA:67,1
DA:68,1
DA:73,0
DA:77,0
DA:78,0
DA:79,0
DA:80,0
DA:81,0
DA:86,0
DA:91,0
DA:94,0
DA:95,0
DA:96,0
DA:98,0
DA:108,0
DA:109,0
DA:110,0
DA:112,0
DA:113,0
DA:122,0
DA:123,0
DA:134,0
DA:135,0
DA:136,0
DA:141,0
DA:142,0
DA:143,0
DA:144,0
DA:145,0
DA:152,0
DA:153,0
DA:154,0
DA:155,0
DA:156,0
DA:157,0
DA:163,0
DA:164,0
DA:181,0
DA:182,0
DA:183,0
DA:185,0
DA:186,0
DA:195,0
DA:200,0
DA:201,0
DA:202,0
DA:203,0
DA:204,0
DA:209,0
DA:214,0
DA:217,0
DA:218,0
DA:219,0
DA:230,0
DA:231,0
DA:232,0
DA:234,0
DA:235,0
DA:245,0
DA:246,0
DA:248,0
DA:250,0
DA:260,0
DA:261,0
DA:262,0
DA:263,0
DA:264,0
DA:265,0
DA:267,0
DA:268,0
DA:269,0
DA:271,0
DA:272,0
DA:282,0
DA:283,0
DA:284,0
DA:285,0
DA:286,0
DA:287,0
DA:290,0
DA:295,0
DA:296,0
DA:298,0
DA:300,0
DA:304,0
DA:305,0
DA:306,0
DA:307,0
DA:309,0
DA:310,0
DA:311,0
DA:313,0
DA:318,0
DA:323,1
DA:324,1
DA:325,1
DA:326,1
DA:327,1
DA:328,1
DA:333,0
DA:334,0
DA:335,0
DA:340,0
DA:342,0
DA:346,0
LF:129
LH:26
BRDA:53,0,0,0
BRDA:53,0,1,0
BRDA:78,1,0,0
BRDA:78,1,1,0
BRDA:79,2,0,0
BRDA:79,2,1,0
BRDA:94,3,0,0
BRDA:94,3,1,0
BRDA:109,4,0,0
BRDA:109,4,1,0
BRDA:112,5,0,0
BRDA:112,5,1,0
BRDA:128,6,0,0
BRDA:128,6,1,0
BRDA:135,7,0,0
BRDA:135,7,1,0
BRDA:135,8,0,0
BRDA:135,8,1,0
BRDA:138,9,0,0
BRDA:138,9,1,0
BRDA:142,10,0,0
BRDA:142,10,1,0
BRDA:143,11,0,0
BRDA:143,11,1,0
BRDA:152,12,0,0
BRDA:152,12,1,0
BRDA:155,13,0,0
BRDA:155,13,1,0
BRDA:182,14,0,0
BRDA:182,14,1,0
BRDA:185,15,0,0
BRDA:185,15,1,0
BRDA:201,16,0,0
BRDA:201,16,1,0
BRDA:202,17,0,0
BRDA:202,17,1,0
BRDA:218,18,0,0
BRDA:218,18,1,0
BRDA:231,19,0,0
BRDA:231,19,1,0
BRDA:234,20,0,0
BRDA:234,20,1,0
BRDA:245,21,0,0
BRDA:245,21,1,0
BRDA:261,22,0,0
BRDA:261,22,1,0
BRDA:267,23,0,0
BRDA:267,23,1,0
BRDA:283,24,0,0
BRDA:283,24,1,0
BRDA:295,25,0,0
BRDA:295,25,1,0
BRDA:305,26,0,0
BRDA:305,26,1,0
BRDA:310,27,0,0
BRDA:310,27,1,0
BRDA:340,28,0,0
BRDA:340,28,1,0
BRF:58
BRH:0
end_of_record
TN:
SF:src/app/superadmin/users/newpassword/newpassword.component.ts
FN:15,(anonymous_0)
FNF:1
FNH:1
FNDA:1,(anonymous_0)
DA:10,1
DA:11,1
DA:16,1
LF:3
LH:3
BRF:0
BRH:0
end_of_record
TN:
SF:src/app/superadmin/users/newuser/newuser.component.ts
FNF:0
FNH:0
DA:9,1
DA:10,1
LF:2
LH:2
BRF:0
BRH:0
end_of_record
TN:
SF:src/app/superadmin/workspaces/workspaces.component.ts
FN:34,(anonymous_0)
FN:44,(anonymous_1)
FN:57,(anonymous_2)
FN:58,(anonymous_3)
FN:64,(anonymous_4)
FN:72,(anonymous_5)
FN:77,(anonymous_6)
FN:92,(anonymous_7)
FN:112,(anonymous_8)
FN:121,(anonymous_9)
FN:137,(anonymous_10)
FN:168,(anonymous_11)
FN:171,(anonymous_12)
FN:174,(anonymous_13)
FN:189,(anonymous_14)
FN:193,(anonymous_15)
FN:202,(anonymous_16)
FN:211,(anonymous_17)
FN:216,(anonymous_18)
FN:230,(anonymous_19)
FN:231,(anonymous_20)
FN:240,(anonymous_21)
FN:246,(anonymous_22)
FN:250,(anonymous_23)
FN:254,(anonymous_24)
FNF:25
FNH:5
FNDA:1,(anonymous_0)
FNDA:0,(anonymous_1)
FNDA:1,(anonymous_2)
FNDA:1,(anonymous_3)
FNDA:0,(anonymous_4)
FNDA:0,(anonymous_5)
FNDA:0,(anonymous_6)
FNDA:0,(anonymous_7)
FNDA:0,(anonymous_8)
FNDA:0,(anonymous_9)
FNDA:0,(anonymous_10)
FNDA:0,(anonymous_11)
FNDA:0,(anonymous_12)
FNDA:0,(anonymous_13)
FNDA:0,(anonymous_14)
FNDA:0,(anonymous_15)
FNDA:0,(anonymous_16)
FNDA:0,(anonymous_17)
FNDA:0,(anonymous_18)
FNDA:1,(anonymous_19)
FNDA:1,(anonymous_20)
FNDA:0,(anonymous_21)
FNDA:0,(anonymous_22)
FNDA:0,(anonymous_23)
FNDA:0,(anonymous_24)
DA:21,1
DA:23,1
DA:24,1
DA:25,1
DA:26,1
DA:27,1
DA:28,1
DA:30,1
DA:35,1
DA:36,1
DA:37,1
DA:38,1
DA:39,1
DA:40,1
DA:41,1
DA:43,1
DA:45,0
DA:46,0
DA:47,0
DA:49,0
DA:50,0
DA:52,0
DA:58,1
DA:59,1
DA:60,1
DA:65,0
DA:72,0
DA:73,0
DA:74,0
DA:75,0
DA:76,0
DA:78,0
DA:79,0
DA:80,0
DA:82,0
DA:83,0
DA:93,0
DA:94,0
DA:95,0
DA:97,0
DA:98,0
DA:107,0
DA:112,0
DA:113,0
DA:114,0
DA:115,0
DA:116,0
DA:122,0
DA:123,0
DA:124,0
DA:126,0
DA:127,0
DA:138,0
DA:139,0
DA:140,0
DA:142,0
DA:143,0
DA:153,0
DA:154,0
DA:156,0
DA:158,0
DA:168,0
DA:169,0
DA:170,0
DA:171,0
DA:172,0
DA:173,0
DA:175,0
DA:176,0
DA:177,0
DA:179,0
DA:180,0
DA:190,0
DA:191,0
DA:192,0
DA:193,0
DA:194,0
DA:195,0
DA:198,0
DA:203,0
DA:204,0
DA:206,0
DA:208,0
DA:212,0
DA:213,0
DA:214,0
DA:215,0
DA:217,0
DA:218,0
DA:219,0
DA:221,0
DA:226,0
DA:231,1
DA:232,1
DA:233,1
DA:234,1
DA:235,1
DA:236,1
DA:241,0
DA:242,0
DA:243,0
DA:247,0
DA:248,0
DA:250,0
DA:255,0
LF:105
LH:25
BRDA:45,0,0,0
BRDA:45,0,1,0
BRDA:73,1,0,0
BRDA:73,1,1,0
BRDA:74,2,0,0
BRDA:74,2,1,0
BRDA:78,3,0,0
BRDA:78,3,1,0
BRDA:94,4,0,0
BRDA:94,4,1,0
BRDA:97,5,0,0
BRDA:97,5,1,0
BRDA:113,6,0,0
BRDA:113,6,1,0
BRDA:114,7,0,0
BRDA:114,7,1,0
BRDA:122,8,0,0
BRDA:122,8,1,0
BRDA:139,9,0,0
BRDA:139,9,1,0
BRDA:142,10,0,0
BRDA:142,10,1,0
BRDA:153,11,0,0
BRDA:153,11,1,0
BRDA:169,12,0,0
BRDA:169,12,1,0
BRDA:175,13,0,0
BRDA:175,13,1,0
BRDA:191,14,0,0
BRDA:191,14,1,0
BRDA:203,15,0,0
BRDA:203,15,1,0
BRDA:213,16,0,0
BRDA:213,16,1,0
BRDA:218,17,0,0
BRDA:218,17,1,0
BRDA:247,18,0,0
BRDA:247,18,1,0
BRF:38
BRH:0
end_of_record
TN:
SF:src/app/superadmin/workspaces/editworkspace/editworkspace.component.ts
FN:14,(anonymous_0)
FNF:1
FNH:1
FNDA:1,(anonymous_0)
DA:9,1
DA:10,1
DA:15,1
LF:3
LH:3
BRF:0
BRH:0
end_of_record
TN:
SF:src/app/superadmin/workspaces/newworkspace/newworkspace.component.ts
FNF:0
FNH:0
DA:8,1
DA:9,1
LF:2
LH:2
BRF:0
BRH:0
end_of_record
TN:
SF:src/app/sys-check/backend.service.ts
FN:17,(anonymous_0)
FN:22,(anonymous_1)
FN:26,(anonymous_2)
FN:33,(anonymous_3)
FN:37,(anonymous_4)
FN:38,(anonymous_5)
FN:45,(anonymous_6)
FN:50,(anonymous_7)
FN:54,(anonymous_8)
FN:61,(anonymous_9)
FN:65,(anonymous_10)
FN:72,(anonymous_11)
FN:83,(anonymous_12)
FN:90,(anonymous_13)
FN:105,(anonymous_14)
FN:110,(anonymous_15)
FN:121,(anonymous_16)
FN:132,(anonymous_17)
FN:139,(anonymous_18)
FN:163,(anonymous_19)
FN:168,(anonymous_20)
FN:178,(anonymous_21)
FN:190,(anonymous_22)
FNF:23
FNH:0
FNDA:0,(anonymous_0)
FNDA:0,(anonymous_1)
FNDA:0,(anonymous_2)
FNDA:0,(anonymous_3)
FNDA:0,(anonymous_4)
FNDA:0,(anonymous_5)
FNDA:0,(anonymous_6)
FNDA:0,(anonymous_7)
FNDA:0,(anonymous_8)
FNDA:0,(anonymous_9)
FNDA:0,(anonymous_10)
FNDA:0,(anonymous_11)
FNDA:0,(anonymous_12)
FNDA:0,(anonymous_13)
FNDA:0,(anonymous_14)
FNDA:0,(anonymous_15)
FNDA:0,(anonymous_16)
FNDA:0,(anonymous_17)
FNDA:0,(anonymous_18)
FNDA:0,(anonymous_19)
FNDA:0,(anonymous_20)
FNDA:0,(anonymous_21)
FNDA:0,(anonymous_22)
DA:16,1
DA:18,0
DA:19,0
DA:23,0
DA:27,0
DA:28,0
DA:34,0
DA:37,0
DA:39,0
DA:40,0
DA:46,0
DA:47,0
DA:51,0
DA:52,0
DA:55,0
DA:56,0
DA:62,0
DA:66,0
DA:67,0
DA:73,0
DA:74,0
DA:75,0
DA:83,0
DA:84,0
DA:85,0
DA:86,0
DA:88,0
DA:90,0
DA:91,0
DA:92,0
DA:95,0
DA:96,0
DA:99,0
DA:100,0
DA:101,0
DA:102,0
DA:105,0
DA:106,0
DA:107,0
DA:110,0
DA:111,0
DA:112,0
DA:113,0
DA:116,0
DA:117,0
DA:122,0
DA:123,0
DA:124,0
DA:132,0
DA:133,0
DA:134,0
DA:135,0
DA:136,0
DA:137,0
DA:139,0
DA:140,0
DA:141,0
DA:144,0
DA:145,0
DA:147,0
DA:148,0
DA:150,0
DA:152,0
DA:153,0
DA:156,0
DA:160,0
DA:163,0
DA:164,0
DA:165,0
DA:168,0
DA:169,0
DA:170,0
DA:171,0
DA:174,0
DA:179,0
DA:180,0
DA:183,0
DA:184,0
DA:187,0
DA:191,0
DA:192,0
DA:193,0
DA:194,0
DA:195,0
DA:197,0
LF:85
LH:1
BRDA:91,0,0,0
BRDA:91,0,1,0
BRDA:95,1,0,0
BRDA:95,1,1,0
BRDA:140,2,0,0
BRDA:140,2,1,0
BRDA:152,3,0,0
BRDA:152,3,1,0
BRDA:179,4,0,0
BRDA:179,4,1,0
BRDA:180,5,0,0
BRDA:180,5,1,0
BRDA:183,6,0,0
BRDA:183,6,1,0
BRDA:183,7,0,0
BRDA:183,7,1,0
BRF:16
BRH:0
end_of_record
TN:
SF:src/app/sys-check/sys-check-data.service.ts
FN:57,(anonymous_1)
FN:60,(anonymous_2)
FN:74,(anonymous_3)
FNF:3
FNH:1
FNDA:0,(anonymous_1)
FNDA:0,(anonymous_2)
FNDA:4,(anonymous_3)
DA:13,1
DA:14,5
DA:15,5
DA:16,5
DA:17,5
DA:18,5
DA:19,5
DA:42,5
DA:43,5
DA:44,5
DA:45,5
DA:46,5
DA:47,5
DA:48,5
DA:55,5
DA:58,0
DA:59,0
DA:60,0
DA:61,0
DA:62,0
DA:67,0
DA:68,0
DA:75,4
DA:76,0
DA:77,0
DA:78,0
DA:79,0
DA:80,0
LF:28
LH:16
BRDA:61,0,0,0
BRDA:61,0,1,0
BRDA:62,1,0,0
BRDA:62,1,1,0
BRDA:62,2,0,0
BRDA:62,2,1,0
BRDA:62,2,2,0
BRDA:62,2,3,0
BRDA:62,2,4,0
BRDA:62,2,5,0
BRDA:62,2,6,0
BRDA:62,2,7,0
BRDA:62,2,8,0
BRDA:76,3,0,0
BRDA:76,3,1,0
BRDA:78,4,0,0
BRDA:78,4,1,0
BRDA:79,5,0,0
BRDA:79,5,1,0
BRF:19
BRH:0
end_of_record
TN:
SF:src/app/sys-check/sys-check-routing.module.ts
FN:22,(anonymous_0)
FN:28,(anonymous_1)
FNF:2
FNH:0
FNDA:0,(anonymous_0)
FNDA:0,(anonymous_1)
DA:21,1
DA:23,0
DA:24,0
DA:32,0
DA:33,0
DA:35,0
DA:36,0
DA:40,1
DA:80,1
LF:9
LH:3
BRDA:32,0,0,0
BRDA:32,0,1,0
BRDA:32,1,0,0
BRDA:32,1,1,0
BRF:4
BRH:0
end_of_record
TN:
SF:src/app/sys-check/sys-check.component.ts
FN:15,(anonymous_0)
FN:24,(anonymous_1)
FN:25,(anonymous_2)
FN:26,(anonymous_3)
FN:29,(anonymous_4)
FN:31,(anonymous_5)
FN:38,(anonymous_6)
FN:45,(anonymous_7)
FN:68,(anonymous_8)
FNF:9
FNH:0
FNDA:0,(anonymous_0)
FNDA:0,(anonymous_1)
FNDA:0,(anonymous_2)
FNDA:0,(anonymous_3)
FNDA:0,(anonymous_4)
FNDA:0,(anonymous_5)
FNDA:0,(anonymous_6)
FNDA:0,(anonymous_7)
FNDA:0,(anonymous_8)
DA:13,1
DA:14,0
DA:16,0
DA:17,0
DA:18,0
DA:19,0
DA:20,0
DA:25,0
DA:26,0
DA:27,0
DA:28,0
DA:29,0
DA:30,0
DA:31,0
DA:32,0
DA:33,0
DA:34,0
DA:35,0
DA:36,0
DA:37,0
DA:38,0
DA:39,0
DA:41,0
DA:43,0
DA:44,0
DA:46,0
DA:47,0
DA:49,0
DA:50,0
DA:54,0
DA:57,0
DA:60,0
DA:61,0
DA:69,0
DA:70,0
DA:71,0
DA:72,0
LF:37
LH:1
BRDA:33,0,0,0
BRDA:33,0,1,0
BRDA:36,1,0,0
BRDA:36,1,1,0
BRDA:43,2,0,0
BRDA:43,2,1,0
BRDA:46,3,0,0
BRDA:46,3,1,0
BRDA:46,4,0,0
BRDA:46,4,1,0
BRF:10
BRH:0
end_of_record
TN:
SF:src/app/sys-check/sys-check.module.ts
FNF:0
FNH:0
DA:79,1
LF:1
LH:1
BRF:0
BRH:0
end_of_record
TN:
SF:src/app/sys-check/network-check/network-check.component.ts
FN:17,(anonymous_0)
FN:43,(anonymous_1)
FN:45,(anonymous_2)
FN:46,(anonymous_3)
FN:49,(anonymous_4)
FN:50,(anonymous_5)
FN:69,(anonymous_6)
FN:82,(anonymous_7)
FN:83,(anonymous_8)
FN:84,(anonymous_9)
FN:87,(anonymous_10)
FN:104,(anonymous_11)
FN:105,(anonymous_12)
FN:106,(anonymous_13)
FN:107,(anonymous_14)
FN:118,(anonymous_15)
FN:125,(anonymous_16)
FN:127,(anonymous_17)
FN:130,(anonymous_18)
FN:164,(anonymous_19)
FN:166,(anonymous_20)
FN:167,(anonymous_21)
FN:170,(anonymous_22)
FN:174,(anonymous_23)
FN:175,(anonymous_24)
FN:176,(anonymous_25)
FN:184,(anonymous_26)
FN:197,(anonymous_27)
FN:207,(anonymous_28)
FN:209,(anonymous_29)
FN:210,(anonymous_30)
FN:221,(anonymous_31)
FN:335,(anonymous_32)
FN:377,(anonymous_33)
FN:397,(anonymous_34)
FNF:35
FNH:4
FNDA:1,(anonymous_0)
FNDA:0,(anonymous_1)
FNDA:0,(anonymous_2)
FNDA:0,(anonymous_3)
FNDA:1,(anonymous_4)
FNDA:1,(anonymous_5)
FNDA:0,(anonymous_6)
FNDA:0,(anonymous_7)
FNDA:0,(anonymous_8)
FNDA:0,(anonymous_9)
FNDA:0,(anonymous_10)
FNDA:0,(anonymous_11)
FNDA:0,(anonymous_12)
FNDA:0,(anonymous_13)
FNDA:0,(anonymous_14)
FNDA:0,(anonymous_15)
FNDA:0,(anonymous_16)
FNDA:0,(anonymous_17)
FNDA:0,(anonymous_18)
FNDA:0,(anonymous_19)
FNDA:0,(anonymous_20)
FNDA:0,(anonymous_21)
FNDA:0,(anonymous_22)
FNDA:0,(anonymous_23)
FNDA:0,(anonymous_24)
FNDA:0,(anonymous_25)
FNDA:0,(anonymous_26)
FNDA:0,(anonymous_27)
FNDA:0,(anonymous_28)
FNDA:0,(anonymous_29)
FNDA:0,(anonymous_30)
FNDA:0,(anonymous_31)
FNDA:0,(anonymous_32)
FNDA:0,(anonymous_33)
FNDA:1,(anonymous_34)
DA:16,1
DA:18,1
DA:19,1
DA:26,1
DA:27,1
DA:29,1
DA:35,1
DA:43,1
DA:46,0
DA:50,1
DA:51,1
DA:53,1
DA:54,1
DA:55,1
DA:63,1
DA:64,0
DA:70,0
DA:71,0
DA:78,0
DA:79,0
DA:81,0
DA:82,0
DA:83,0
DA:84,0
DA:88,0
DA:89,0
DA:92,0
DA:104,0
DA:105,0
DA:106,0
DA:107,0
DA:110,0
DA:111,0
DA:113,0
DA:119,0
DA:120,0
DA:122,0
DA:124,0
DA:125,0
DA:126,0
DA:128,0
DA:129,0
DA:130,0
DA:132,0
DA:133,0
DA:134,0
DA:136,0
DA:137,0
DA:139,0
DA:141,0
DA:142,0
DA:143,0
DA:146,0
DA:147,0
DA:149,0
DA:152,0
DA:156,0
DA:159,0
DA:165,0
DA:166,0
DA:167,0
DA:171,0
DA:173,0
DA:174,0
DA:175,0
DA:177,0
DA:178,0
DA:185,0
DA:186,0
DA:187,0
DA:188,0
DA:190,0
DA:192,0
DA:193,0
DA:198,0
DA:199,0
DA:201,0
DA:204,0
DA:208,0
DA:209,0
DA:210,0
DA:212,0
DA:213,0
DA:215,0
DA:218,0
DA:222,0
DA:223,0
DA:225,0
DA:231,0
DA:232,0
DA:234,0
DA:235,0
DA:237,0
DA:244,0
DA:251,0
DA:258,0
DA:265,0
DA:272,0
DA:279,0
DA:287,0
DA:288,0
DA:289,0
DA:297,0
DA:298,0
DA:306,0
DA:307,0
DA:315,0
DA:316,0
DA:325,0
DA:336,0
DA:342,0
DA:349,0
DA:350,0
DA:351,0
DA:353,0
DA:354,0
DA:357,0
DA:358,0
DA:359,0
DA:361,0
DA:362,0
DA:365,0
DA:366,0
DA:367,0
DA:370,0
DA:371,0
DA:374,0
DA:378,0
DA:388,0
DA:390,0
DA:392,0
DA:393,0
DA:394,0
LF:133
LH:14
BRDA:53,0,0,1
BRDA:53,0,1,0
BRDA:53,0,2,0
BRDA:54,1,0,1
BRDA:54,1,1,0
BRDA:57,2,0,1
BRDA:57,2,1,0
BRDA:58,3,0,1
BRDA:58,3,1,0
BRDA:59,4,0,1
BRDA:59,4,1,1
BRDA:60,5,0,1
BRDA:60,5,1,1
BRDA:63,6,0,0
BRDA:63,6,1,1
BRDA:63,7,0,1
BRDA:63,7,1,0
BRDA:88,8,0,0
BRDA:88,8,1,0
BRDA:89,9,0,0
BRDA:89,9,1,0
BRDA:99,10,0,0
BRDA:99,10,1,0
BRDA:100,11,0,0
BRDA:100,11,1,0
BRDA:102,12,0,0
BRDA:102,12,1,0
BRDA:104,13,0,0
BRDA:104,13,1,0
BRDA:105,14,0,0
BRDA:105,14,1,0
BRDA:106,15,0,0
BRDA:106,15,1,0
BRDA:107,16,0,0
BRDA:107,16,1,0
BRDA:110,17,0,0
BRDA:110,17,1,0
BRDA:119,18,0,0
BRDA:119,18,1,0
BRDA:124,19,0,0
BRDA:124,19,1,0
BRDA:130,20,0,0
BRDA:130,20,1,0
BRDA:132,21,0,0
BRDA:132,21,1,0
BRDA:141,22,0,0
BRDA:141,22,1,0
BRDA:146,23,0,0
BRDA:146,23,1,0
BRDA:152,24,0,0
BRDA:152,24,1,0
BRDA:153,25,0,0
BRDA:153,25,1,0
BRDA:165,26,0,0
BRDA:165,26,1,0
BRDA:171,27,0,0
BRDA:171,27,1,0
BRDA:185,28,0,0
BRDA:185,28,1,0
BRDA:187,29,0,0
BRDA:187,29,1,0
BRDA:197,30,0,0
BRDA:198,31,0,0
BRDA:198,31,1,0
BRDA:212,32,0,0
BRDA:212,32,1,0
BRDA:221,33,0,0
BRDA:222,34,0,0
BRDA:222,34,1,0
BRDA:287,35,0,0
BRDA:287,35,1,0
BRDA:288,36,0,0
BRDA:288,36,1,0
BRDA:297,37,0,0
BRDA:297,37,1,0
BRDA:306,38,0,0
BRDA:306,38,1,0
BRDA:315,39,0,0
BRDA:315,39,1,0
BRDA:350,40,0,0
BRDA:350,40,1,0
BRDA:353,41,0,0
BRDA:353,41,1,0
BRDA:358,42,0,0
BRDA:358,42,1,0
BRDA:361,43,0,0
BRDA:361,43,1,0
BRDA:366,44,0,0
BRDA:366,44,1,0
BRDA:366,45,0,0
BRDA:366,45,1,0
BRDA:370,46,0,0
BRDA:370,46,1,0
BRDA:370,47,0,0
BRDA:370,47,1,0
BRDA:377,48,0,0
BRDA:377,49,0,0
BRDA:388,50,0,0
BRDA:388,50,1,0
BRDA:392,51,0,0
BRDA:392,51,1,0
BRDA:394,52,0,0
BRDA:394,52,1,0
BRDA:394,52,2,0
BRDA:394,53,0,0
BRDA:394,53,1,0
BRF:106
BRH:10
end_of_record
TN:
SF:src/app/sys-check/network-check/tc-speed-chart.component.ts
FN:56,(anonymous_0)
FN:50,(anonymous_1)
FN:51,(anonymous_2)
FN:52,(anonymous_3)
FN:53,(anonymous_4)
FN:190,(anonymous_5)
FN:190,(anonymous_6)
FN:60,(anonymous_7)
FN:87,(anonymous_8)
FN:107,(anonymous_9)
FN:109,(anonymous_10)
FN:113,(anonymous_11)
FN:117,(anonymous_12)
FN:123,(anonymous_13)
FN:126,(anonymous_14)
FN:132,(anonymous_15)
FN:133,(anonymous_16)
FN:140,(anonymous_17)
FN:164,(anonymous_18)
FNF:19
FNH:1
FNDA:2,(anonymous_0)
FNDA:0,(anonymous_1)
FNDA:0,(anonymous_2)
FNDA:0,(anonymous_3)
FNDA:0,(anonymous_4)
FNDA:0,(anonymous_5)
FNDA:0,(anonymous_6)
FNDA:0,(anonymous_7)
FNDA:0,(anonymous_8)
FNDA:0,(anonymous_9)
FNDA:0,(anonymous_10)
FNDA:0,(anonymous_11)
FNDA:0,(anonymous_12)
FNDA:0,(anonymous_13)
FNDA:0,(anonymous_14)
FNDA:0,(anonymous_15)
FNDA:0,(anonymous_16)
FNDA:0,(anonymous_17)
FNDA:0,(anonymous_18)
DA:28,1
DA:35,2
DA:50,0
DA:51,0
DA:52,0
DA:53,0
DA:57,2
DA:61,0
DA:62,0
DA:64,0
DA:65,0
DA:66,0
DA:69,0
DA:70,0
DA:71,0
DA:73,0
DA:74,0
DA:75,0
DA:76,0
DA:78,0
DA:79,0
DA:81,0
DA:82,0
DA:84,0
DA:88,0
DA:89,0
DA:91,0
DA:92,0
DA:93,0
DA:94,0
DA:95,0
DA:96,0
DA:97,0
DA:98,0
DA:100,0
DA:101,0
DA:103,0
DA:104,0
DA:108,0
DA:109,0
DA:113,0
DA:117,0
DA:124,0
DA:125,0
DA:126,0
DA:127,0
DA:129,0
DA:133,0
DA:134,0
DA:135,0
DA:136,0
DA:141,0
DA:142,0
DA:143,0
DA:148,0
DA:149,0
DA:150,0
DA:151,0
DA:153,0
DA:155,0
DA:156,0
DA:157,0
DA:158,0
DA:159,0
DA:160,0
DA:165,0
DA:166,0
DA:167,0
DA:172,0
DA:174,0
DA:175,0
DA:176,0
DA:178,0
DA:180,0
DA:181,0
DA:182,0
DA:183,0
DA:184,0
DA:185,0
DA:190,2
LF:80
LH:4
BRDA:87,0,0,0
BRDA:87,1,0,0
BRDA:88,2,0,0
BRDA:88,2,1,0
BRDA:92,3,0,0
BRDA:92,3,1,0
BRDA:97,4,0,0
BRDA:97,4,1,0
BRDA:100,5,0,0
BRDA:100,5,1,0
BRDA:151,6,0,0
BRDA:151,6,1,0
BRDA:156,7,0,0
BRDA:156,7,1,0
BRDA:176,8,0,0
BRDA:176,8,1,0
BRDA:181,9,0,0
BRDA:181,9,1,0
BRF:18
BRH:0
end_of_record
TN:
SF:src/app/sys-check/questionnaire/questionnaire.component.ts
FN:14,(anonymous_0)
FN:19,(anonymous_1)
FN:20,(anonymous_2)
FN:24,(anonymous_3)
FN:28,(anonymous_4)
FN:34,(anonymous_5)
FN:39,(anonymous_6)
FN:45,(anonymous_7)
FN:48,(anonymous_8)
FNF:9
FNH:4
FNDA:1,(anonymous_0)
FNDA:1,(anonymous_1)
FNDA:1,(anonymous_2)
FNDA:0,(anonymous_3)
FNDA:0,(anonymous_4)
FNDA:0,(anonymous_5)
FNDA:1,(anonymous_6)
FNDA:0,(anonymous_7)
FNDA:0,(anonymous_8)
DA:10,1
DA:12,1
DA:15,1
DA:20,1
DA:21,1
DA:22,1
DA:23,1
DA:24,0
DA:25,0
DA:27,0
DA:28,0
DA:29,0
DA:30,0
DA:31,0
DA:34,0
DA:40,1
DA:41,0
DA:46,0
DA:47,0
DA:48,0
DA:49,0
DA:50,0
DA:51,0
DA:52,0
LF:24
LH:8
BRDA:23,0,0,0
BRDA:23,0,1,1
BRDA:30,1,0,0
BRDA:30,1,1,0
BRDA:40,2,0,0
BRDA:40,2,1,1
BRDA:47,3,0,0
BRDA:47,3,1,0
BRDA:49,4,0,0
BRDA:49,4,1,0
BRDA:51,5,0,0
BRDA:51,5,1,0
BRDA:58,6,0,0
BRDA:58,6,1,0
BRDA:58,6,2,0
BRF:15
BRH:2
end_of_record
TN:
SF:src/app/sys-check/report/report.component.ts
FN:18,(anonymous_0)
FN:26,(anonymous_1)
FN:31,(anonymous_2)
FN:47,(anonymous_3)
FN:60,(anonymous_4)
FN:61,(anonymous_5)
FN:66,(anonymous_6)
FNF:7
FNH:3
FNDA:1,(anonymous_0)
FNDA:0,(anonymous_1)
FNDA:0,(anonymous_2)
FNDA:0,(anonymous_3)
FNDA:1,(anonymous_4)
FNDA:1,(anonymous_5)
FNDA:0,(anonymous_6)
DA:13,1
DA:14,1
DA:15,1
DA:16,1
DA:19,1
DA:20,1
DA:21,1
DA:22,1
DA:27,0
DA:31,0
DA:32,0
DA:33,0
DA:34,0
DA:35,0
DA:36,0
DA:48,0
DA:49,0
DA:50,0
DA:52,0
DA:61,1
DA:62,1
DA:63,1
DA:64,1
DA:65,0
DA:66,0
DA:67,0
DA:68,0
DA:72,0
LF:28
LH:12
BRDA:32,0,0,0
BRDA:32,0,1,0
BRDA:33,1,0,0
BRDA:33,1,1,0
BRDA:48,2,0,0
BRDA:48,2,1,0
BRDA:64,3,0,0
BRDA:64,3,1,1
BRDA:64,4,0,1
BRDA:64,4,1,0
BRDA:65,5,0,0
BRDA:65,5,1,0
BRDA:67,6,0,0
BRDA:67,6,1,0
BRF:14
BRH:2
end_of_record
TN:
SF:src/app/sys-check/report/save-report/save-report.component.ts
FNF:0
FNH:0
DA:10,1
DA:11,1
LF:2
LH:2
BRF:0
BRH:0
end_of_record
TN:
SF:src/app/sys-check/unit-check/unit-check.component.ts
FN:27,(anonymous_0)
FN:35,(anonymous_1)
FN:43,(anonymous_2)
FN:44,(anonymous_3)
FN:48,(anonymous_4)
FN:98,(anonymous_5)
FN:152,(anonymous_6)
FN:197,(anonymous_7)
FNF:8
FNH:0
FNDA:0,(anonymous_0)
FNDA:0,(anonymous_1)
FNDA:0,(anonymous_2)
FNDA:0,(anonymous_3)
FNDA:0,(anonymous_4)
FNDA:0,(anonymous_5)
FNDA:0,(anonymous_6)
FNDA:0,(anonymous_7)
DA:16,1
DA:17,0
DA:20,0
DA:21,0
DA:22,0
DA:23,0
DA:24,0
DA:25,0
DA:28,0
DA:29,0
DA:30,0
DA:36,0
DA:37,0
DA:38,0
DA:44,0
DA:45,0
DA:46,0
DA:47,0
DA:48,0
DA:49,0
DA:50,0
DA:52,0
DA:53,0
DA:55,0
DA:56,0
DA:57,0
DA:58,0
DA:70,0
DA:71,0
DA:72,0
DA:73,0
DA:75,0
DA:78,0
DA:79,0
DA:84,0
DA:85,0
DA:87,0
DA:88,0
DA:89,0
DA:90,0
DA:91,0
DA:92,0
DA:93,0
DA:99,0
DA:100,0
DA:101,0
DA:102,0
DA:103,0
DA:104,0
DA:112,0
DA:119,0
DA:120,0
DA:129,0
DA:130,0
DA:131,0
DA:132,0
DA:133,0
DA:134,0
DA:135,0
DA:136,0
DA:138,0
DA:142,0
DA:143,0
DA:144,0
DA:146,0
DA:147,0
DA:153,0
DA:155,0
DA:156,0
DA:157,0
DA:158,0
DA:159,0
DA:160,0
DA:163,0
DA:164,0
DA:166,0
DA:167,0
DA:168,0
DA:169,0
DA:170,0
DA:171,0
DA:174,0
DA:175,0
DA:177,0
DA:178,0
DA:179,0
DA:181,0
DA:183,0
DA:186,0
DA:187,0
DA:188,0
DA:198,0
DA:199,0
DA:201,0
DA:202,0
LF:95
LH:1
BRDA:36,0,0,0
BRDA:36,0,1,0
BRDA:36,1,0,0
BRDA:36,1,1,0
BRDA:46,2,0,0
BRDA:46,2,1,0
BRDA:52,3,0,0
BRDA:52,3,1,0
BRDA:52,4,0,0
BRDA:52,4,1,0
BRDA:53,5,0,0
BRDA:53,5,1,0
BRDA:53,5,2,0
BRDA:70,6,0,0
BRDA:70,6,1,0
BRDA:99,7,0,0
BRDA:99,7,1,0
BRDA:101,8,0,0
BRDA:101,8,1,0
BRDA:103,9,0,0
BRDA:103,9,1,0
BRDA:119,10,0,0
BRDA:119,10,1,0
BRDA:130,11,0,0
BRDA:130,11,1,0
BRDA:130,12,0,0
BRDA:130,12,1,0
BRDA:133,13,0,0
BRDA:133,13,1,0
BRDA:134,14,0,0
BRDA:134,14,1,0
BRDA:142,15,0,0
BRDA:142,15,1,0
BRDA:152,16,0,0
BRDA:155,17,0,0
BRDA:155,17,1,0
BRDA:158,18,0,0
BRDA:158,18,1,0
BRDA:158,19,0,0
BRDA:158,19,1,0
BRDA:163,20,0,0
BRDA:163,20,1,0
BRDA:163,21,0,0
BRDA:163,21,1,0
BRDA:166,22,0,0
BRDA:166,22,1,0
BRDA:169,23,0,0
BRDA:169,23,1,0
BRDA:169,24,0,0
BRDA:169,24,1,0
BRDA:174,25,0,0
BRDA:174,25,1,0
BRDA:177,26,0,0
BRDA:177,26,1,0
BRDA:178,27,0,0
BRDA:178,27,1,0
BRDA:178,28,0,0
BRDA:178,28,1,0
BRDA:181,29,0,0
BRDA:181,29,1,0
BRDA:186,30,0,0
BRDA:186,30,1,0
BRDA:187,31,0,0
BRDA:187,31,1,0
BRDA:198,32,0,0
BRDA:198,32,1,0
BRDA:201,33,0,0
BRDA:201,33,1,0
BRF:68
BRH:0
end_of_record
TN:
SF:src/app/sys-check/welcome/welcome.component.ts
FN:30,(anonymous_0)
FN:35,(anonymous_1)
FN:36,(anonymous_2)
FN:46,(anonymous_3)
FN:48,(anonymous_4)
FN:55,(anonymous_5)
FN:80,(anonymous_6)
FN:96,(anonymous_7)
FN:109,(anonymous_8)
FN:120,(anonymous_9)
FN:125,(anonymous_10)
FN:138,(anonymous_11)
FN:155,(anonymous_12)
FN:190,(anonymous_13)
FN:211,(anonymous_14)
FN:216,(anonymous_15)
FNF:16
FNH:16
FNDA:1,(anonymous_0)
FNDA:1,(anonymous_1)
FNDA:1,(anonymous_2)
FNDA:1,(anonymous_3)
FNDA:26,(anonymous_4)
FNDA:1,(anonymous_5)
FNDA:1,(anonymous_6)
FNDA:8,(anonymous_7)
FNDA:1,(anonymous_8)
FNDA:1,(anonymous_9)
FNDA:3,(anonymous_10)
FNDA:1,(anonymous_11)
FNDA:1,(anonymous_12)
FNDA:1,(anonymous_13)
FNDA:1,(anonymous_14)
FNDA:1,(anonymous_15)
DA:12,1
DA:13,1
DA:15,1
DA:31,1
DA:32,1
DA:36,1
DA:37,1
DA:38,1
DA:39,1
DA:40,1
DA:41,1
DA:42,1
DA:43,1
DA:44,1
DA:45,1
DA:47,1
DA:48,26
DA:49,1
DA:50,1
DA:56,1
DA:58,1
DA:60,1
DA:61,1
DA:62,1
DA:63,1
DA:64,1
DA:71,1
DA:82,1
DA:83,0
DA:86,1
DA:87,1
DA:97,8
DA:98,3
DA:110,1
DA:111,1
DA:112,1
DA:113,0
DA:115,1
DA:116,0
DA:121,1
DA:126,3
DA:127,3
DA:139,1
DA:140,1
DA:142,0
DA:143,0
DA:144,0
DA:146,0
DA:156,1
DA:158,1
DA:159,0
DA:160,0
DA:161,0
DA:162,0
DA:163,0
DA:164,0
DA:165,0
DA:166,0
DA:167,0
DA:168,0
DA:169,0
DA:170,0
DA:172,0
DA:174,1
DA:175,0
DA:176,1
DA:177,1
DA:179,0
DA:181,1
DA:191,1
DA:193,1
DA:200,1
DA:201,1
DA:202,1
DA:212,1
DA:213,1
DA:214,1
DA:217,1
DA:218,1
DA:225,1
DA:232,1
LF:81
LH:59
BRDA:48,0,0,15
BRDA:48,0,1,11
BRDA:82,1,0,0
BRDA:82,1,1,1
BRDA:97,2,0,3
BRDA:97,2,1,5
BRDA:97,3,0,8
BRDA:97,3,1,7
BRDA:112,4,0,0
BRDA:112,4,1,1
BRDA:112,5,0,1
BRDA:112,5,1,0
BRDA:115,6,0,0
BRDA:115,6,1,1
BRDA:126,7,0,3
BRDA:126,7,1,0
BRDA:139,8,0,1
BRDA:139,8,1,0
BRDA:139,9,0,1
BRDA:139,9,1,1
BRDA:158,10,0,0
BRDA:158,10,1,1
BRDA:159,11,0,0
BRDA:159,11,1,0
BRDA:161,12,0,0
BRDA:161,12,1,0
BRDA:163,13,0,0
BRDA:163,13,1,0
BRDA:165,14,0,0
BRDA:165,14,1,0
BRDA:167,15,0,0
BRDA:167,15,1,0
BRDA:169,16,0,0
BRDA:169,16,1,0
BRDA:174,17,0,0
BRDA:174,17,1,1
BRDA:176,18,0,1
BRDA:176,18,1,0
BRDA:191,19,0,1
BRDA:191,19,1,1
BRDA:200,20,0,1
BRDA:200,20,1,0
BRDA:200,20,2,0
BRDA:201,21,0,1
BRDA:201,21,1,0
BRDA:201,21,2,0
BRF:46
BRH:21
end_of_record
TN:
SF:src/app/test-controller/classes/test-controller.classes.ts
FN:11,(anonymous_0)
FN:18,(anonymous_1)
FN:23,(anonymous_2)
FN:37,(anonymous_3)
FN:57,(anonymous_4)
FN:66,(anonymous_5)
FN:73,(anonymous_6)
FN:78,(anonymous_7)
FN:84,(anonymous_8)
FN:98,(anonymous_9)
FN:132,(anonymous_10)
FN:150,(anonymous_11)
FN:169,(anonymous_12)
FN:183,(anonymous_13)
FN:193,(anonymous_14)
FN:214,(anonymous_15)
FN:234,(anonymous_16)
FN:249,(anonymous_17)
FN:277,(anonymous_18)
FN:285,(anonymous_19)
FN:263,(anonymous_20)
FN:273,(anonymous_21)
FN:310,(anonymous_22)
FN:298,(anonymous_23)
FN:306,(anonymous_24)
FNF:25
FNH:12
FNDA:81,(anonymous_0)
FNDA:0,(anonymous_1)
FNDA:0,(anonymous_2)
FNDA:50,(anonymous_3)
FNDA:33,(anonymous_4)
FNDA:42,(anonymous_5)
FNDA:31,(anonymous_6)
FNDA:16,(anonymous_7)
FNDA:40,(anonymous_8)
FNDA:76,(anonymous_9)
FNDA:51,(anonymous_10)
FNDA:0,(anonymous_11)
FNDA:0,(anonymous_12)
FNDA:0,(anonymous_13)
FNDA:0,(anonymous_14)
FNDA:0,(anonymous_15)
FNDA:18,(anonymous_16)
FNDA:0,(anonymous_17)
FNDA:10,(anonymous_18)
FNDA:10,(anonymous_19)
FNDA:0,(anonymous_20)
FNDA:0,(anonymous_21)
FNDA:0,(anonymous_22)
FNDA:0,(anonymous_23)
FNDA:0,(anonymous_24)
DA:12,81
DA:13,81
DA:14,81
DA:15,81
DA:19,0
DA:20,0
DA:21,0
DA:23,0
DA:24,0
DA:26,0
DA:34,50
DA:45,50
DA:46,50
DA:47,50
DA:48,50
DA:53,33
DA:54,33
DA:55,33
DA:56,33
DA:58,33
DA:63,42
DA:64,42
DA:68,42
DA:69,42
DA:74,31
DA:75,31
DA:76,31
DA:79,16
DA:80,16
DA:81,16
DA:92,40
DA:93,40
DA:94,40
DA:99,76
DA:100,76
DA:101,137
DA:102,137
DA:103,43
DA:104,43
DA:105,43
DA:106,25
DA:108,94
DA:109,94
DA:110,33
DA:111,33
DA:115,76
DA:116,58
DA:117,25
DA:119,58
DA:120,58
DA:122,58
DA:123,25
DA:124,25
DA:125,0
DA:129,76
DA:133,51
DA:134,87
DA:135,87
DA:136,53
DA:137,16
DA:140,71
DA:141,34
DA:142,34
DA:143,26
DA:147,9
DA:151,0
DA:152,0
DA:153,0
DA:155,0
DA:156,0
DA:157,0
DA:158,0
DA:159,0
DA:160,0
DA:161,0
DA:166,0
DA:170,0
DA:172,0
DA:174,0
DA:175,0
DA:176,0
DA:179,0
DA:180,0
DA:181,0
DA:182,0
DA:183,0
DA:185,0
DA:186,0
DA:190,0
DA:194,0
DA:196,0
DA:197,0
DA:198,0
DA:199,0
DA:200,0
DA:204,0
DA:205,0
DA:206,0
DA:207,0
DA:208,0
DA:215,0
DA:216,0
DA:217,0
DA:218,0
DA:221,0
DA:222,0
DA:223,0
DA:224,0
DA:225,0
DA:227,0
DA:228,0
DA:236,18
DA:237,18
DA:238,42
DA:239,42
DA:240,12
DA:241,12
DA:242,30
DA:243,0
DA:244,0
DA:250,0
DA:251,0
DA:252,0
DA:253,0
DA:254,0
DA:256,0
DA:261,10
DA:262,10
DA:264,0
DA:267,10
DA:268,10
DA:270,10
DA:271,10
DA:272,10
DA:274,0
DA:279,10
DA:281,10
DA:282,10
DA:283,10
DA:284,10
DA:285,10
DA:288,10
DA:289,10
DA:299,0
DA:300,0
DA:301,0
DA:302,0
DA:303,0
DA:307,0
DA:311,0
DA:312,0
DA:313,0
LF:152
LH:80
BRDA:18,0,0,0
BRDA:20,1,0,0
BRDA:20,1,1,0
BRDA:98,2,0,33
BRDA:102,3,0,43
BRDA:102,3,1,94
BRDA:105,4,0,25
BRDA:105,4,1,18
BRDA:108,5,0,94
BRDA:108,5,1,0
BRDA:109,6,0,33
BRDA:109,6,1,61
BRDA:115,7,0,58
BRDA:115,7,1,18
BRDA:116,8,0,25
BRDA:116,8,1,33
BRDA:119,9,0,58
BRDA:119,9,1,0
BRDA:122,10,0,25
BRDA:122,10,1,33
BRDA:124,11,0,0
BRDA:124,11,1,25
BRDA:135,12,0,53
BRDA:135,12,1,34
BRDA:136,13,0,16
BRDA:136,13,1,37
BRDA:140,14,0,34
BRDA:140,14,1,37
BRDA:142,15,0,26
BRDA:142,15,1,8
BRDA:152,16,0,0
BRDA:152,16,1,0
BRDA:157,17,0,0
BRDA:157,17,1,0
BRDA:160,18,0,0
BRDA:160,18,1,0
BRDA:169,19,0,0
BRDA:172,20,0,0
BRDA:172,20,1,0
BRDA:175,21,0,0
BRDA:175,21,1,0
BRDA:181,22,0,0
BRDA:181,22,1,0
BRDA:194,23,0,0
BRDA:194,23,1,0
BRDA:197,24,0,0
BRDA:197,24,1,0
BRDA:199,25,0,0
BRDA:199,25,1,0
BRDA:207,26,0,0
BRDA:207,26,1,0
BRDA:214,27,0,0
BRDA:215,28,0,0
BRDA:215,28,1,0
BRDA:217,29,0,0
BRDA:217,29,1,0
BRDA:223,30,0,0
BRDA:223,30,1,0
BRDA:234,31,0,6
BRDA:236,32,0,18
BRDA:236,32,1,18
BRDA:239,33,0,12
BRDA:239,33,1,30
BRDA:242,34,0,0
BRDA:242,34,1,30
BRDA:252,35,0,0
BRDA:252,35,1,0
BRDA:256,36,0,0
BRDA:256,36,1,0
BRDA:301,37,0,0
BRDA:301,37,1,0
BRF:71
BRH:30
end_of_record
TN:
SF:src/app/test-controller/components/review-dialog/review-dialog.component.ts
FN:22,(anonymous_0)
FN:27,(anonymous_1)
FN:34,(anonymous_2)
FNF:3
FNH:2
FNDA:1,(anonymous_0)
FNDA:1,(anonymous_1)
FNDA:0,(anonymous_2)
DA:9,1
DA:10,1
DA:20,1
DA:23,1
DA:24,1
DA:28,1
DA:29,1
DA:30,1
DA:35,0
DA:36,0
DA:37,0
DA:39,0
DA:40,0
DA:41,0
DA:43,0
DA:45,0
DA:46,0
DA:47,0
DA:49,0
DA:51,0
LF:20
LH:8
BRDA:29,0,0,1
BRDA:29,0,1,0
BRDA:36,1,0,0
BRDA:36,1,1,0
BRDA:39,2,0,0
BRDA:39,2,1,0
BRDA:40,3,0,0
BRDA:40,3,1,0
BRDA:45,4,0,0
BRDA:45,4,1,0
BRDA:46,5,0,0
BRDA:46,5,1,0
BRF:12
BRH:1
end_of_record
TN:
SF:src/app/test-controller/components/test-controller/test-controller.component.ts
FN:58,(anonymous_0)
FN:140,(anonymous_1)
FN:72,(anonymous_2)
FN:73,(anonymous_3)
FN:77,(anonymous_4)
FN:78,(anonymous_5)
FN:82,(anonymous_6)
FN:85,(anonymous_7)
FN:91,(anonymous_8)
FN:93,(anonymous_9)
FN:98,(anonymous_10)
FN:101,(anonymous_11)
FN:106,(anonymous_12)
FN:130,(anonymous_13)
FN:133,(anonymous_14)
FN:148,(anonymous_15)
FN:157,(anonymous_16)
FN:173,(anonymous_17)
FN:176,(anonymous_18)
FN:179,(anonymous_19)
FN:190,(anonymous_20)
FN:204,(anonymous_21)
FN:216,(anonymous_22)
FN:229,(anonymous_23)
FN:243,(anonymous_24)
FN:283,(anonymous_25)
FN:295,(anonymous_26)
FN:367,(anonymous_27)
FN:386,(anonymous_28)
FN:393,(anonymous_29)
FN:397,(anonymous_30)
FN:417,(anonymous_31)
FN:419,(anonymous_32)
FN:420,(anonymous_33)
FN:430,(anonymous_34)
FNF:35
FNH:8
FNDA:1,(anonymous_0)
FNDA:1,(anonymous_1)
FNDA:1,(anonymous_2)
FNDA:1,(anonymous_3)
FNDA:0,(anonymous_4)
FNDA:0,(anonymous_5)
FNDA:1,(anonymous_6)
FNDA:0,(anonymous_7)
FNDA:0,(anonymous_8)
FNDA:0,(anonymous_9)
FNDA:0,(anonymous_10)
FNDA:0,(anonymous_11)
FNDA:0,(anonymous_12)
FNDA:0,(anonymous_13)
FNDA:0,(anonymous_14)
FNDA:0,(anonymous_15)
FNDA:0,(anonymous_16)
FNDA:0,(anonymous_17)
FNDA:0,(anonymous_18)
FNDA:0,(anonymous_19)
FNDA:0,(anonymous_20)
FNDA:0,(anonymous_21)
FNDA:0,(anonymous_22)
FNDA:0,(anonymous_23)
FNDA:0,(anonymous_24)
FNDA:0,(anonymous_25)
FNDA:0,(anonymous_26)
FNDA:0,(anonymous_27)
FNDA:0,(anonymous_28)
FNDA:0,(anonymous_29)
FNDA:0,(anonymous_30)
FNDA:1,(anonymous_31)
FNDA:9,(anonymous_32)
FNDA:7,(anonymous_33)
FNDA:0,(anonymous_34)
DA:37,1
DA:38,1
DA:49,1
DA:50,1
DA:51,1
DA:52,1
DA:53,1
DA:54,1
DA:59,1
DA:60,1
DA:61,1
DA:62,1
DA:63,1
DA:64,1
DA:65,1
DA:66,1
DA:67,1
DA:68,1
DA:73,1
DA:74,1
DA:76,1
DA:77,0
DA:78,0
DA:80,1
DA:82,1
DA:84,1
DA:86,0
DA:89,1
DA:91,0
DA:94,0
DA:97,1
DA:99,0
DA:100,0
DA:102,0
DA:103,0
DA:104,0
DA:107,0
DA:108,0
DA:110,0
DA:112,0
DA:113,0
DA:119,0
DA:120,0
DA:129,1
DA:130,0
DA:132,1
DA:134,0
DA:135,0
DA:140,1
DA:141,1
DA:142,0
DA:149,0
DA:150,0
DA:152,0
DA:153,0
DA:155,0
DA:158,0
DA:159,0
DA:161,0
DA:162,0
DA:166,0
DA:174,0
DA:176,0
DA:180,0
DA:181,0
DA:191,0
DA:192,0
DA:194,0
DA:195,0
DA:204,0
DA:205,0
DA:206,0
DA:207,0
DA:208,0
DA:209,0
DA:210,0
DA:217,0
DA:218,0
DA:220,0
DA:224,0
DA:230,0
DA:231,0
DA:233,0
DA:244,0
DA:246,0
DA:247,0
DA:248,0
DA:250,0
DA:252,0
DA:253,0
DA:254,0
DA:258,0
DA:261,0
DA:262,0
DA:263,0
DA:265,0
DA:266,0
DA:268,0
DA:271,0
DA:272,0
DA:273,0
DA:274,0
DA:276,0
DA:277,0
DA:278,0
DA:280,0
DA:281,0
DA:282,0
DA:284,0
DA:288,0
DA:290,0
DA:296,0
DA:298,0
DA:300,0
DA:301,0
DA:303,0
DA:304,0
DA:305,0
DA:306,0
DA:315,0
DA:316,0
DA:317,0
DA:318,0
DA:319,0
DA:321,0
DA:323,0
DA:324,0
DA:325,0
DA:326,0
DA:327,0
DA:336,0
DA:337,0
DA:339,0
DA:340,0
DA:341,0
DA:343,0
DA:344,0
DA:345,0
DA:346,0
DA:347,0
DA:357,0
DA:358,0
DA:359,0
DA:360,0
DA:362,0
DA:368,0
DA:369,0
DA:370,0
DA:371,0
DA:373,0
DA:374,0
DA:375,0
DA:376,0
DA:385,0
DA:386,0
DA:387,0
DA:394,0
DA:398,0
DA:399,0
DA:400,0
DA:402,0
DA:404,0
DA:405,0
DA:407,0
DA:408,0
DA:410,0
DA:411,0
DA:413,0
DA:418,1
DA:419,9
DA:421,7
DA:422,7
DA:424,1
DA:426,1
DA:431,0
DA:432,0
LF:176
LH:36
BRDA:141,0,0,0
BRDA:141,0,1,1
BRDA:86,1,0,0
BRDA:86,1,1,0
BRDA:108,2,0,0
BRDA:108,2,1,0
BRDA:112,3,0,0
BRDA:112,3,1,0
BRDA:119,4,0,0
BRDA:119,4,1,0
BRDA:121,5,0,0
BRDA:121,5,1,0
BRDA:149,6,0,0
BRDA:149,6,1,0
BRDA:152,7,0,0
BRDA:152,7,1,0
BRDA:158,8,0,0
BRDA:158,8,1,0
BRDA:161,9,0,0
BRDA:161,9,1,0
BRDA:180,10,0,0
BRDA:180,10,1,0
BRDA:183,11,0,0
BRDA:183,11,1,0
BRDA:191,12,0,0
BRDA:191,12,1,0
BRDA:205,13,0,0
BRDA:205,13,1,0
BRDA:206,14,0,0
BRDA:206,14,1,0
BRDA:209,15,0,0
BRDA:209,15,1,0
BRDA:215,16,0,0
BRDA:215,16,1,0
BRDA:217,17,0,0
BRDA:217,17,1,0
BRDA:228,18,0,0
BRDA:228,18,1,0
BRDA:230,19,0,0
BRDA:230,19,1,0
BRDA:244,20,0,0
BRDA:244,20,1,0
BRDA:244,20,2,0
BRDA:244,20,3,0
BRDA:244,20,4,0
BRDA:244,20,5,0
BRDA:246,21,0,0
BRDA:246,21,1,0
BRDA:247,22,0,0
BRDA:247,22,1,0
BRDA:258,23,0,0
BRDA:258,23,1,0
BRDA:271,24,0,0
BRDA:271,24,1,0
BRDA:271,25,0,0
BRDA:271,25,1,0
BRDA:273,26,0,0
BRDA:273,26,1,0
BRDA:276,27,0,0
BRDA:276,27,1,0
BRDA:276,28,0,0
BRDA:276,28,1,0
BRDA:281,29,0,0
BRDA:281,29,1,0
BRDA:296,30,0,0
BRDA:296,30,1,0
BRDA:296,30,2,0
[...]
BRDA:391,35,1,0
BRDA:403,36,0,0
BRDA:403,36,1,0
BRDA:403,37,0,0
BRDA:403,37,1,0
BRDA:411,38,0,0
BRDA:412,39,0,0
BRDA:412,39,1,0
BRDA:415,40,0,0
BRDA:415,40,1,0
BRDA:422,41,0,5
BRDA:424,42,0,0
BRDA:424,42,1,5
BRDA:427,43,0,0
BRDA:427,43,1,0
BRDA:427,43,2,0
BRDA:427,43,3,0
BRDA:427,43,4,0
BRDA:427,43,5,0
BRDA:427,43,6,0
BRDA:427,43,7,5
BRDA:448,44,0,0
BRDA:448,44,1,0
BRDA:460,45,0,0
BRDA:460,45,1,5
BRDA:464,46,0,0
BRDA:464,46,1,5
BRDA:464,47,0,5
BRDA:464,47,1,0
BRF:98
BRH:27
end_of_record
TN:
SF:src/app/test-controller/services/test-loader.service.ts
FN:34,(anonymous_0)
FN:41,(anonymous_1)
FN:61,(anonymous_3)
FN:67,(anonymous_4)
FN:83,(anonymous_5)
FN:95,(anonymous_6)
FN:96,(anonymous_7)
FN:109,(anonymous_8)
FN:119,(anonymous_9)
FN:124,(anonymous_10)
FN:127,(anonymous_11)
FN:162,(anonymous_12)
FN:169,(anonymous_13)
FN:178,(anonymous_14)
FN:191,(anonymous_15)
FN:195,(anonymous_16)
FN:204,(anonymous_17)
FN:211,(anonymous_18)
FN:219,(anonymous_19)
FN:226,(anonymous_20)
FN:227,(anonymous_21)
FN:236,(anonymous_22)
FN:252,(anonymous_23)
FN:259,(anonymous_24)
FN:261,(anonymous_25)
FN:264,(anonymous_26)
FN:269,(anonymous_27)
FN:274,(anonymous_28)
FN:330,(anonymous_29)
FNF:29
FNH:29
FNDA:11,(anonymous_0)
FNDA:9,(anonymous_1)
FNDA:5,(anonymous_3)
FNDA:10,(anonymous_4)
FNDA:5,(anonymous_5)
FNDA:9,(anonymous_6)
FNDA:9,(anonymous_7)
FNDA:8,(anonymous_8)
FNDA:33,(anonymous_9)
FNDA:33,(anonymous_10)
FNDA:33,(anonymous_11)
FNDA:95,(anonymous_12)
FNDA:19,(anonymous_13)
FNDA:6,(anonymous_14)
FNDA:6,(anonymous_15)
FNDA:12,(anonymous_16)
FNDA:6,(anonymous_17)
FNDA:11,(anonymous_18)
FNDA:50,(anonymous_19)
FNDA:40,(anonymous_20)
FNDA:40,(anonymous_21)
FNDA:5,(anonymous_22)
FNDA:10,(anonymous_23)
FNDA:48,(anonymous_24)
FNDA:320,(anonymous_25)
FNDA:199,(anonymous_26)
FNDA:2985,(anonymous_27)
FNDA:9,(anonymous_28)
FNDA:24,(anonymous_29)
DA:26,1
DA:27,11
DA:28,11
DA:30,11
DA:31,11
DA:32,11
DA:35,11
DA:36,11
DA:37,11
DA:43,9
DA:44,9
DA:46,9
DA:47,9
DA:49,9
DA:50,9
DA:51,9
DA:52,9
DA:54,8
DA:55,6
DA:56,6
DA:58,3
DA:60,6
DA:62,5
DA:68,10
DA:72,10
DA:73,10
DA:75,10
DA:76,10
DA:78,10
DA:79,10
DA:80,10
DA:84,5
DA:86,5
DA:87,0
DA:88,0
DA:89,0
DA:91,5
DA:92,5
DA:96,9
DA:97,9
DA:99,0
DA:100,0
DA:102,0
DA:103,0
DA:110,8
DA:111,8
DA:112,40
DA:113,40
DA:114,40
DA:115,40
DA:117,8
DA:119,33
DA:125,33
DA:128,33
DA:129,1
DA:132,32
DA:134,32
DA:135,32
DA:136,32
DA:137,32
DA:138,32
DA:140,32
DA:141,32
DA:142,12
DA:147,20
DA:148,20
DA:149,20
DA:150,20
DA:153,32
DA:154,12
DA:155,12
DA:159,20
DA:160,20
DA:163,95
DA:170,19
DA:171,19
DA:179,6
DA:180,6
DA:182,6
DA:183,12
DA:184,6
DA:187,6
DA:188,6
DA:193,6
DA:194,6
DA:196,12
DA:198,12
DA:204,6
DA:205,6
DA:206,1
DA:209,6
DA:212,11
DA:214,11
DA:217,10
DA:220,50
DA:221,40
DA:223,10
DA:224,10
DA:226,40
DA:227,40
DA:231,10
DA:237,5
DA:238,5
DA:239,5
DA:243,5
DA:244,5
DA:245,4
DA:253,10
DA:254,0
DA:255,0
DA:260,48
DA:261,320
DA:265,199
DA:266,0
DA:268,199
DA:269,2985
DA:270,199
DA:271,199
DA:275,9
DA:276,9
DA:277,9
DA:279,9
DA:280,1
DA:282,8
DA:283,8
DA:284,0
DA:286,8
DA:287,8
DA:288,8
DA:289,8
DA:290,8
DA:291,8
DA:292,8
DA:293,8
DA:294,0
DA:295,0
DA:296,0
DA:297,0
DA:298,0
DA:299,0
DA:300,0
DA:304,0
DA:307,8
DA:309,8
DA:310,8
DA:311,8
DA:312,8
DA:316,8
DA:317,8
DA:318,8
DA:327,8
DA:332,24
DA:333,24
DA:334,24
DA:335,24
DA:336,24
DA:337,24
DA:338,24
DA:340,24
DA:341,24
DA:342,24
DA:343,24
DA:344,24
DA:347,24
DA:348,24
DA:349,24
DA:350,56
DA:351,16
DA:352,16
DA:353,16
DA:354,16
DA:357,56
DA:358,24
DA:359,24
DA:360,24
DA:361,24
DA:362,0
DA:366,56
DA:367,16
DA:368,16
DA:369,16
DA:371,16
DA:372,16
DA:373,16
DA:379,24
DA:380,16
DA:381,16
DA:383,24
DA:384,24
DA:385,24
DA:386,0
DA:390,24
DA:392,24
DA:393,80
DA:394,40
DA:395,40
DA:396,40
DA:397,40
DA:399,40
DA:400,40
DA:401,40
DA:402,0
DA:403,0
DA:405,40
DA:407,40
DA:415,40
DA:416,40
DA:417,16
DA:418,16
DA:419,16
DA:421,16
LF:211
LH:188
BRDA:55,0,0,6
BRDA:55,0,1,0
BRDA:85,1,0,5
BRDA:85,1,1,0
BRDA:86,2,0,0
BRDA:86,2,1,5
BRDA:86,3,0,5
BRDA:86,3,1,0
BRDA:97,4,0,0
BRDA:97,4,1,0
BRDA:97,4,2,9
BRDA:128,5,0,1
BRDA:128,5,1,32
BRDA:141,6,0,12
BRDA:141,6,1,20
BRDA:153,7,0,12
BRDA:153,7,1,20
BRDA:164,8,0,19
BRDA:164,8,1,76
BRDA:178,9,0,0
BRDA:183,10,0,6
BRDA:183,10,1,6
BRDA:205,11,0,1
BRDA:205,11,1,5
BRDA:220,12,0,40
BRDA:220,12,1,10
BRDA:237,13,0,5
BRDA:237,13,1,0
BRDA:244,14,0,4
BRDA:244,14,1,1
BRDA:253,15,0,0
BRDA:253,15,1,10
BRDA:265,16,0,0
BRDA:265,16,1,199
BRDA:279,17,0,1
BRDA:279,17,1,8
BRDA:283,18,0,0
BRDA:283,18,1,8
BRDA:291,19,0,8
BRDA:291,19,1,0
BRDA:293,20,0,0
BRDA:293,20,1,8
BRDA:297,21,0,0
BRDA:297,21,1,0
BRDA:299,22,0,0
BRDA:299,22,1,0
BRDA:299,23,0,0
BRDA:299,23,1,0
BRDA:311,24,0,8
BRDA:311,24,1,0
BRDA:333,25,0,24
BRDA:333,25,1,0
BRDA:342,26,0,24
BRDA:342,26,1,0
BRDA:347,27,0,24
BRDA:347,27,1,0
BRDA:350,28,0,16
BRDA:350,28,1,40
BRDA:352,29,0,16
BRDA:352,29,1,0
BRDA:352,30,0,16
BRDA:352,30,1,16
BRDA:357,31,0,24
BRDA:357,31,1,32
BRDA:359,32,0,24
BRDA:359,32,1,0
BRDA:359,33,0,24
BRDA:359,33,1,24
BRDA:361,34,0,0
BRDA:361,34,1,24
BRDA:366,35,0,16
BRDA:366,35,1,40
BRDA:368,36,0,16
BRDA:368,36,1,0
BRDA:372,37,0,16
BRDA:372,37,1,0
BRDA:379,38,0,16
BRDA:379,38,1,8
BRDA:384,39,0,24
BRDA:384,39,1,0
BRDA:385,40,0,0
BRDA:385,40,1,24
BRDA:393,41,0,40
BRDA:393,41,1,40
BRDA:396,42,0,40
BRDA:396,42,1,0
BRDA:416,43,0,16
BRDA:416,43,1,24
BRDA:419,44,0,0
BRDA:419,44,1,16
BRF:90
BRH:58
end_of_record
TN:
SF:src/app/test-controller/unit-test-data/mock-backend.service.ts
FN:10,(anonymous_0)
FN:19,(anonymous_1)
FN:24,(anonymous_2)
FN:45,(anonymous_3)
FNF:4
FNH:4
FNDA:9,(anonymous_0)
FNDA:33,(anonymous_1)
FNDA:31,(anonymous_2)
FNDA:5,(anonymous_3)
DA:11,9
DA:20,33
DA:25,31
DA:26,1
DA:28,30
DA:29,1
DA:32,29
DA:46,5
LF:8
LH:8
BRDA:20,0,0,33
BRDA:20,0,1,1
BRDA:25,1,0,1
BRDA:25,1,1,30
BRDA:25,2,0,31
BRDA:25,2,1,1
BRDA:28,3,0,1
BRDA:28,3,1,29
BRDA:28,4,0,30
BRDA:28,4,1,4
BRF:10
BRH:10
end_of_record
TN:
SF:src/app/test-controller/unit-test-data/test-data-constructors.ts
FN:11,(anonymous_0)
FN:20,(anonymous_1)
FNF:2
FNH:2
FNDA:7,(anonymous_0)
FNDA:10,(anonymous_1)
DA:11,1
DA:12,7
DA:13,7
DA:14,7
DA:15,7
DA:16,7
DA:17,7
DA:20,1
DA:21,10
DA:29,10
DA:30,10
DA:31,10
LF:12
LH:12
BRF:0
BRH:0
end_of_record
TN:
SF:src/app/test-controller/unit-test-data/test-data.ts
FN:119,(anonymous_0)
FN:123,(anonymous_1)
FN:127,(anonymous_2)
FN:131,(anonymous_3)
FN:135,(anonymous_4)
FN:479,(anonymous_5)
FNF:6
FNH:6
FNDA:5,(anonymous_0)
FNDA:5,(anonymous_1)
FNDA:5,(anonymous_2)
FNDA:5,(anonymous_3)
FNDA:5,(anonymous_4)
FNDA:1,(anonymous_5)
DA:9,1
DA:47,1
DA:56,1
DA:102,1
DA:108,1
DA:113,1
DA:118,1
DA:119,5
DA:122,1
DA:123,5
DA:126,1
DA:127,5
DA:130,1
DA:131,5
DA:134,1
DA:135,5
DA:138,1
DA:142,1
DA:228,1
DA:229,1
DA:230,1
DA:231,1
DA:233,1
DA:479,1
LF:24
LH:24
BRDA:119,0,0,2
BRDA:119,0,1,3
BRF:2
BRH:2
end_of_record
TN:
SF:src/app/test-controller/unit-test-data/unit-test.util.ts
FN:1,json
FN:5,(anonymous_1)
FNF:2
FNH:2
FNDA:2,json
FNDA:25,(anonymous_1)
DA:2,2
DA:5,1
DA:6,25
DA:7,25
LF:4
LH:4
BRF:0
BRH:0
end_of_record
TN:
SF:src/app/test-controller/unit-test-data/watcher.ts
FN:20,(anonymous_0)
FN:25,(anonymous_1)
FN:32,(anonymous_2)
FN:37,(anonymous_3)
FN:42,(anonymous_4)
FN:49,(anonymous_5)
FN:58,(anonymous_6)
FN:63,(anonymous_7)
FN:70,(anonymous_8)
FN:82,(anonymous_9)
FN:83,(anonymous_10)
FN:85,(anonymous_11)
FN:86,(anonymous_12)
FN:99,(anonymous_13)
FN:102,(anonymous_14)
FN:107,(anonymous_15)
FN:115,(anonymous_16)
FN:116,(anonymous_17)
FNF:18
FNH:15
FNDA:6,(anonymous_0)
FNDA:53,(anonymous_1)
FNDA:190,(anonymous_2)
FNDA:23,(anonymous_3)
FNDA:47,(anonymous_4)
FNDA:6,(anonymous_5)
FNDA:108,(anonymous_6)
FNDA:0,(anonymous_7)
FNDA:18,(anonymous_8)
FNDA:29,(anonymous_9)
FNDA:29,(anonymous_10)
FNDA:58,(anonymous_11)
FNDA:58,(anonymous_12)
FNDA:6,(anonymous_13)
FNDA:2,(anonymous_14)
FNDA:4,(anonymous_15)
FNDA:0,(anonymous_16)
FNDA:0,(anonymous_17)
DA:21,6
DA:22,6
DA:23,6
DA:26,53
DA:27,0
DA:29,53
DA:33,190
DA:34,190
DA:38,23
DA:39,23
DA:42,47
DA:50,6
DA:51,6
DA:52,6
DA:54,6
DA:55,6
DA:56,6
DA:57,6
DA:59,108
DA:60,108
DA:61,108
DA:64,0
DA:67,6
DA:74,18
DA:75,18
DA:76,18
DA:78,18
DA:79,18
DA:80,18
DA:81,18
DA:83,29
DA:84,29
DA:85,58
DA:86,58
DA:87,29
DA:91,29
DA:92,29
DA:96,18
DA:100,6
DA:101,6
DA:103,2
DA:104,2
DA:108,4
DA:109,4
DA:110,4
DA:116,0
DA:118,0
DA:119,0
DA:121,0
LF:49
LH:43
BRDA:26,0,0,0
BRDA:26,0,1,53
BRDA:72,1,0,0
BRDA:85,2,0,2
BRDA:85,2,1,56
BRDA:108,3,0,3
BRDA:108,3,1,1
BRDA:110,4,0,3
BRDA:110,4,1,1
BRDA:119,5,0,0
BRDA:119,5,1,0
BRF:11
BRH:7
end_of_record
TN:
SF:src/app/test-controller/utils/local-storage.util.ts
FN:4,(anonymous_0)
FN:8,(anonymous_1)
FN:12,(anonymous_2)
FNF:3
FNH:1
FNDA:9,(anonymous_0)
FNDA:0,(anonymous_1)
FNDA:0,(anonymous_2)
DA:2,1
DA:5,9
DA:9,0
DA:13,0
LF:4
LH:2
BRF:0
BRH:0
end_of_record
TN:
SF:src/app/workspace-admin/backend.service.ts
FN:28,(anonymous_0)
FN:34,(anonymous_1)
FN:38,(anonymous_2)
FN:45,(anonymous_3)
FN:49,(anonymous_4)
FN:56,(anonymous_5)
FN:61,(anonymous_6)
FN:72,(anonymous_7)
FN:76,(anonymous_8)
FN:83,(anonymous_9)
FN:90,(anonymous_10)
FN:97,(anonymous_11)
FN:101,(anonymous_12)
FN:108,(anonymous_13)
FN:112,(anonymous_14)
FN:119,(anonymous_15)
FN:123,(anonymous_16)
FN:124,(anonymous_17)
FN:131,(anonymous_18)
FN:135,(anonymous_19)
FN:142,(anonymous_20)
FN:159,(anonymous_21)
FN:166,(anonymous_22)
FN:174,(anonymous_23)
FN:185,(anonymous_24)
FN:198,(anonymous_25)
FN:205,(anonymous_26)
FN:209,(anonymous_27)
FN:216,(anonymous_28)
FN:229,(anonymous_29)
FN:244,(anonymous_30)
FN:261,(anonymous_31)
FNF:32
FNH:0
FNDA:0,(anonymous_0)
FNDA:0,(anonymous_1)
FNDA:0,(anonymous_2)
FNDA:0,(anonymous_3)
FNDA:0,(anonymous_4)
FNDA:0,(anonymous_5)
FNDA:0,(anonymous_6)
FNDA:0,(anonymous_7)
FNDA:0,(anonymous_8)
FNDA:0,(anonymous_9)
FNDA:0,(anonymous_10)
FNDA:0,(anonymous_11)
FNDA:0,(anonymous_12)
FNDA:0,(anonymous_13)
FNDA:0,(anonymous_14)
FNDA:0,(anonymous_15)
FNDA:0,(anonymous_16)
FNDA:0,(anonymous_17)
FNDA:0,(anonymous_18)
FNDA:0,(anonymous_19)
FNDA:0,(anonymous_20)
FNDA:0,(anonymous_21)
FNDA:0,(anonymous_22)
FNDA:0,(anonymous_23)
FNDA:0,(anonymous_24)
FNDA:0,(anonymous_25)
FNDA:0,(anonymous_26)
FNDA:0,(anonymous_27)
FNDA:0,(anonymous_28)
FNDA:0,(anonymous_29)
FNDA:0,(anonymous_30)
FNDA:0,(anonymous_31)
DA:27,1
DA:29,0
DA:30,0
DA:35,0
DA:39,0
DA:40,0
DA:46,0
DA:50,0
DA:51,0
DA:57,0
DA:58,0
DA:62,0
DA:63,0
DA:73,0
DA:77,0
DA:78,0
DA:84,0
DA:91,0
DA:92,0
DA:98,0
DA:102,0
DA:103,0
DA:109,0
DA:113,0
DA:114,0
DA:120,0
DA:123,0
DA:125,0
DA:126,0
DA:132,0
DA:136,0
DA:137,0
DA:144,0
DA:160,0
DA:161,0
DA:167,0
DA:175,0
DA:176,0
DA:186,0
DA:199,0
DA:200,0
DA:206,0
DA:210,0
DA:211,0
DA:217,0
DA:230,0
DA:231,0
DA:232,0
DA:233,0
DA:234,0
DA:235,0
DA:236,0
DA:238,0
DA:245,0
DA:246,0
DA:252,0
DA:253,0
DA:259,0
DA:261,0
LF:59
LH:1
BRDA:232,0,0,0
BRDA:232,0,1,0
BRDA:234,1,0,0
BRDA:234,1,1,0
BRDA:236,2,0,0
BRDA:236,2,1,0
BRDA:245,3,0,0
BRDA:245,3,1,0
BRDA:252,4,0,0
BRDA:252,4,1,0
BRF:10
BRH:0
end_of_record
TN:
SF:src/app/workspace-admin/workspace.interfaces.ts
FN:30,(anonymous_0)
FNF:1
FNH:1
FNDA:1,(anonymous_0)
DA:1,1
DA:30,1
DA:31,1
DA:32,1
DA:33,1
DA:34,1
LF:6
LH:6
BRDA:30,0,0,1
BRDA:30,0,1,1
BRF:2
BRH:2
end_of_record
TN:
SF:src/app/workspace-admin/workspacedata.service.ts
FN:19,(anonymous_0)
FN:26,(anonymous_1)
FN:29,(anonymous_2)
FNF:3
FNH:1
FNDA:4,(anonymous_0)
FNDA:0,(anonymous_1)
FNDA:0,(anonymous_2)
DA:14,1
DA:16,4
DA:17,4
DA:20,4
DA:21,4
DA:22,4
DA:23,4
DA:27,0
DA:29,0
DA:30,0
DA:31,0
DA:32,0
DA:34,0
DA:36,0
DA:37,0
DA:39,0
DA:41,0
DA:42,0
DA:44,0
LF:19
LH:7
BRDA:36,0,0,0
BRDA:36,0,1,0
BRDA:41,1,0,0
BRDA:41,1,1,0
BRF:4
BRH:0
end_of_record
TN:
SF:src/app/workspace-admin/files/files.component.ts
FN:68,(anonymous_0)
FN:78,(anonymous_1)
FN:80,(anonymous_2)
FN:86,(anonymous_3)
FN:87,(anonymous_4)
FN:93,(anonymous_5)
FN:99,(anonymous_6)
FN:100,(anonymous_7)
FN:120,(anonymous_8)
FN:123,(anonymous_9)
FN:152,(anonymous_10)
FN:158,(anonymous_11)
FN:159,(anonymous_12)
FN:162,(anonymous_13)
FN:172,(anonymous_14)
FN:182,(anonymous_15)
FN:183,(anonymous_16)
FN:198,(anonymous_17)
FN:199,(anonymous_18)
FN:201,(anonymous_19)
FN:206,(anonymous_20)
FN:227,(anonymous_21)
FN:231,(anonymous_22)
FN:240,(anonymous_23)
FN:242,compare
FN:248,(anonymous_25)
FN:250,(anonymous_26)
FNF:27
FNH:13
FNDA:1,(anonymous_0)
FNDA:1,(anonymous_1)
FNDA:1,(anonymous_2)
FNDA:0,(anonymous_3)
FNDA:0,(anonymous_4)
FNDA:0,(anonymous_5)
FNDA:0,(anonymous_6)
FNDA:0,(anonymous_7)
FNDA:0,(anonymous_8)
FNDA:0,(anonymous_9)
FNDA:1,(anonymous_10)
FNDA:1,(anonymous_11)
FNDA:1,(anonymous_12)
FNDA:5,(anonymous_13)
FNDA:1,(anonymous_14)
FNDA:5,(anonymous_15)
FNDA:0,(anonymous_16)
FNDA:1,(anonymous_17)
FNDA:5,(anonymous_18)
FNDA:0,(anonymous_19)
FNDA:0,(anonymous_20)
FNDA:0,(anonymous_21)
FNDA:0,(anonymous_22)
FNDA:1,(anonymous_23)
FNDA:0,compare
FNDA:5,(anonymous_25)
FNDA:0,(anonymous_26)
DA:38,1
DA:39,1
DA:40,1
DA:41,1
DA:42,1
DA:44,1
DA:49,1
DA:57,1
DA:69,1
DA:70,1
DA:71,1
DA:72,1
DA:73,1
DA:74,1
DA:75,1
DA:80,1
DA:81,1
DA:82,1
DA:87,0
DA:88,0
DA:89,0
DA:94,0
DA:95,0
DA:98,0
DA:99,0
DA:100,0
DA:101,0
DA:102,0
DA:107,0
DA:108,0
DA:109,0
DA:120,0
DA:121,0
DA:122,0
DA:123,0
DA:124,0
DA:125,0
DA:126,0
DA:128,0
DA:129,0
DA:131,0
DA:132,0
DA:135,0
DA:136,0
DA:141,0
DA:153,1
DA:154,0
DA:155,0
DA:157,1
DA:158,1
DA:160,1
DA:161,1
DA:163,5
DA:165,1
DA:166,1
DA:167,1
DA:173,1
DA:181,1
DA:183,5
DA:184,0
DA:185,0
DA:187,0
DA:188,0
DA:189,0
DA:190,0
DA:192,0
DA:195,1
DA:199,1
DA:201,5
DA:203,1
DA:207,0
DA:208,0
DA:209,0
DA:211,0
DA:213,0
DA:217,0
DA:224,0
DA:228,0
DA:229,0
DA:232,0
DA:233,0
DA:234,0
DA:241,1
DA:243,0
DA:244,0
DA:246,0
DA:248,1
DA:249,5
DA:250,0
LF:89
LH:37
BRDA:94,0,0,0
BRDA:94,0,1,0
BRDA:101,1,0,0
BRDA:101,1,1,0
BRDA:107,2,0,0
BRDA:107,2,1,0
BRDA:113,3,0,0
BRDA:113,3,1,0
BRDA:113,4,0,0
BRDA:113,4,1,0
BRDA:114,5,0,0
BRDA:114,5,1,0
BRDA:121,6,0,0
BRDA:121,6,1,0
BRDA:125,7,0,0
BRDA:125,7,1,0
BRDA:128,8,0,0
BRDA:128,8,1,0
BRDA:131,9,0,0
BRDA:131,9,1,0
BRDA:135,10,0,0
BRDA:135,10,1,0
BRDA:152,11,0,1
BRDA:153,12,0,0
BRDA:153,12,1,1
BRDA:184,13,0,0
BRDA:184,13,1,0
BRDA:188,14,0,0
BRDA:188,14,1,0
BRDA:188,15,0,0
BRDA:188,15,1,0
BRDA:192,16,0,0
BRDA:192,16,1,0
BRDA:207,17,0,0
BRDA:207,17,1,0
BRDA:209,18,0,0
BRDA:209,18,1,0
BRDA:213,19,0,0
BRDA:213,19,1,0
BRDA:214,20,0,0
BRDA:214,20,1,0
BRDA:214,21,0,0
BRDA:214,21,1,0
BRDA:214,22,0,0
BRDA:214,22,1,0
BRDA:215,23,0,0
BRDA:215,23,1,0
BRDA:215,24,0,0
BRDA:215,24,1,0
BRDA:219,25,0,0
BRDA:219,25,1,0
BRDA:219,26,0,0
BRDA:219,26,1,0
BRDA:220,27,0,0
BRDA:220,27,1,0
BRDA:220,28,0,0
BRDA:220,28,1,0
BRDA:233,29,0,0
BRDA:233,29,1,0
BRDA:243,30,0,0
BRDA:243,30,1,0
BRDA:243,31,0,0
BRDA:243,31,1,0
BRDA:244,32,0,0
BRDA:244,32,1,0
BRDA:246,33,0,0
BRDA:246,33,1,0
BRDA:246,34,0,0
BRDA:246,34,1,0
BRF:69
BRH:2
end_of_record
TN:
SF:src/app/workspace-admin/files/files.interfaces.ts
FN:16,(anonymous_0)
FNF:1
FNH:1
FNDA:1,(anonymous_0)
DA:16,1
DA:17,1
DA:18,1
DA:19,1
DA:20,1
LF:5
LH:5
BRDA:16,0,0,1
BRDA:16,0,1,1
BRF:2
BRH:2
end_of_record
TN:
SF:src/app/workspace-admin/files/iqb-files-upload/iqb-files-upload.component.ts
FN:17,(anonymous_0)
FN:23,(anonymous_1)
FN:27,(anonymous_2)
FN:33,(anonymous_3)
FN:55,(anonymous_4)
FN:60,(anonymous_5)
FN:65,(anonymous_6)
FN:70,(anonymous_7)
FN:83,(anonymous_8)
FN:89,(anonymous_9)
FN:104,(anonymous_10)
FN:111,(anonymous_11)
FN:118,(anonymous_12)
FNF:13
FNH:0
FNDA:0,(anonymous_0)
FNDA:0,(anonymous_1)
FNDA:0,(anonymous_2)
FNDA:0,(anonymous_3)
FNDA:0,(anonymous_4)
FNDA:0,(anonymous_5)
FNDA:0,(anonymous_6)
FNDA:0,(anonymous_7)
FNDA:0,(anonymous_8)
FNDA:0,(anonymous_9)
FNDA:0,(anonymous_10)
FNDA:0,(anonymous_11)
FNDA:0,(anonymous_12)
DA:14,1
DA:15,0
DA:18,0
DA:19,0
DA:24,0
DA:28,0
DA:29,0
DA:34,0
DA:36,0
DA:38,0
DA:40,0
DA:47,0
DA:50,0
DA:53,0
DA:57,0
DA:61,0
DA:62,0
DA:67,0
DA:71,0
DA:74,0
DA:75,0
DA:77,0
DA:79,0
DA:84,0
DA:85,0
DA:86,0
DA:90,0
DA:91,0
DA:94,0
DA:95,0
DA:96,0
DA:97,0
DA:98,0
DA:99,0
DA:103,0
DA:105,0
DA:106,0
DA:107,0
DA:112,0
DA:113,0
DA:115,0
DA:119,0
DA:120,0
LF:43
LH:1
BRDA:34,0,0,0
BRDA:34,0,1,0
BRDA:34,0,2,0
BRDA:90,1,0,0
BRDA:90,1,1,0
BRDA:97,2,0,0
BRDA:97,2,1,0
BRDA:97,3,0,0
BRDA:97,3,1,0
BRDA:98,4,0,0
BRDA:98,4,1,0
BRDA:112,5,0,0
BRDA:112,5,1,0
BRDA:119,6,0,0
BRDA:119,6,1,0
BRF:15
BRH:0
end_of_record
TN:
SF:src/app/workspace-admin/files/iqb-files-upload-input-for/iqb-files-upload-input-for.directive.ts
FN:13,(anonymous_0)
FN:17,(anonymous_1)
FN:25,(anonymous_2)
FNF:3
FNH:2
FNDA:1,(anonymous_0)
FNDA:1,(anonymous_1)
FNDA:0,(anonymous_2)
DA:9,1
DA:10,1
DA:13,1
DA:14,1
DA:19,1
DA:20,1
DA:26,0
DA:29,0
DA:30,0
DA:32,0
LF:10
LH:6
BRDA:19,0,0,1
BRDA:19,0,1,0
BRF:2
BRH:1
end_of_record
TN:
SF:src/app/workspace-admin/files/iqb-files-upload-queue/iqb-files-upload-queue.component.ts
FN:30,(anonymous_1)
FN:34,(anonymous_2)
FN:38,(anonymous_3)
FN:44,(anonymous_4)
FN:48,(anonymous_5)
FN:52,(anonymous_6)
FNF:6
FNH:2
FNDA:0,(anonymous_1)
FNDA:1,(anonymous_2)
FNDA:1,(anonymous_3)
FNDA:0,(anonymous_4)
FNDA:0,(anonymous_5)
FNDA:0,(anonymous_6)
DA:12,1
DA:15,1
DA:16,1
DA:28,1
DA:31,0
DA:35,1
DA:39,1
DA:40,1
DA:45,0
DA:49,0
DA:50,0
DA:51,0
DA:52,0
DA:53,0
DA:54,0
DA:55,0
DA:56,0
DA:57,0
DA:58,0
DA:62,0
DA:63,0
DA:64,0
LF:22
LH:7
BRDA:39,0,0,1
BRDA:39,0,1,0
BRDA:53,1,0,0
BRDA:53,1,1,0
BRDA:53,2,0,0
BRDA:53,2,1,0
BRDA:55,3,0,0
BRDA:55,3,1,0
BRDA:57,4,0,0
BRDA:57,4,1,0
BRDA:62,5,0,0
BRDA:62,5,1,0
BRDA:62,6,0,0
BRDA:62,6,1,0
BRF:14
BRH:1
end_of_record
TN:
SF:src/app/workspace-admin/results/results.component.ts
FN:27,(anonymous_0)
FN:35,(anonymous_1)
FN:36,(anonymous_2)
FN:42,(anonymous_3)
FN:45,(anonymous_4)
FN:53,(anonymous_5)
FN:59,(anonymous_6)
FN:62,(anonymous_7)
FN:65,(anonymous_8)
FN:69,(anonymous_9)
FN:73,(anonymous_10)
FN:77,(anonymous_11)
FN:81,(anonymous_12)
FN:91,(anonymous_13)
FN:94,(anonymous_14)
FN:115,(anonymous_15)
FN:118,(anonymous_16)
FNF:17
FNH:5
FNDA:1,(anonymous_0)
FNDA:1,(anonymous_1)
FNDA:1,(anonymous_2)
FNDA:1,(anonymous_3)
FNDA:1,(anonymous_4)
FNDA:0,(anonymous_5)
FNDA:0,(anonymous_6)
FNDA:0,(anonymous_7)
FNDA:0,(anonymous_8)
FNDA:0,(anonymous_9)
FNDA:0,(anonymous_10)
FNDA:0,(anonymous_11)
FNDA:0,(anonymous_12)
FNDA:0,(anonymous_13)
FNDA:0,(anonymous_14)
FNDA:0,(anonymous_15)
FNDA:0,(anonymous_16)
DA:16,1
DA:17,1
DA:21,1
DA:23,1
DA:28,1
DA:29,1
DA:30,1
DA:31,1
DA:32,1
DA:36,1
DA:37,1
DA:38,1
DA:43,1
DA:44,1
DA:46,1
DA:47,1
DA:48,1
DA:54,0
DA:55,0
DA:56,0
DA:60,0
DA:62,0
DA:66,0
DA:70,0
DA:74,0
DA:78,0
DA:79,0
DA:81,0
DA:82,0
DA:85,0
DA:87,0
DA:92,0
DA:93,0
DA:94,0
DA:95,0
DA:98,0
DA:99,0
DA:100,0
DA:102,0
DA:105,0
DA:115,0
DA:116,0
DA:117,0
DA:118,0
DA:119,0
DA:120,0
DA:122,0
DA:124,0
DA:125,0
LF:49
LH:17
BRDA:60,0,0,0
BRDA:60,0,1,0
BRDA:78,1,0,0
BRDA:78,1,1,0
BRDA:92,2,0,0
BRDA:92,2,1,0
BRDA:99,3,0,0
BRDA:99,3,1,0
BRDA:116,4,0,0
BRDA:116,4,1,0
BRDA:119,5,0,0
BRDA:119,5,1,0
BRF:12
BRH:0
end_of_record
TN:
SF:src/app/workspace-admin/syscheck/syscheck.component.ts
FN:24,(anonymous_0)
FN:33,(anonymous_1)
FN:34,(anonymous_2)
FN:40,(anonymous_3)
FN:43,(anonymous_4)
FN:51,(anonymous_5)
FN:57,(anonymous_6)
FN:60,(anonymous_7)
FN:63,(anonymous_8)
FN:66,(anonymous_9)
FN:76,(anonymous_10)
FN:79,(anonymous_11)
FN:100,(anonymous_12)
FN:103,(anonymous_13)
FNF:14
FNH:5
FNDA:1,(anonymous_0)
FNDA:1,(anonymous_1)
FNDA:1,(anonymous_2)
FNDA:1,(anonymous_3)
FNDA:1,(anonymous_4)
FNDA:0,(anonymous_5)
FNDA:0,(anonymous_6)
FNDA:0,(anonymous_7)
FNDA:0,(anonymous_8)
FNDA:0,(anonymous_9)
FNDA:0,(anonymous_10)
FNDA:0,(anonymous_11)
FNDA:0,(anonymous_12)
FNDA:0,(anonymous_13)
DA:16,1
DA:17,1
DA:18,1
DA:20,1
DA:25,1
DA:26,1
DA:27,1
DA:28,1
DA:29,1
DA:34,1
DA:35,1
DA:36,1
DA:41,1
DA:42,1
DA:44,1
DA:45,1
DA:46,1
DA:52,0
DA:53,0
DA:54,0
DA:58,0
DA:60,0
DA:64,0
DA:65,0
DA:66,0
DA:67,0
DA:70,0
DA:72,0
DA:77,0
DA:78,0
DA:79,0
DA:80,0
DA:83,0
DA:84,0
DA:85,0
DA:87,0
DA:90,0
DA:100,0
DA:101,0
DA:102,0
DA:103,0
DA:104,0
DA:105,0
DA:106,0
DA:108,0
DA:109,0
DA:111,0
DA:112,0
LF:48
LH:17
BRDA:58,0,0,0
BRDA:58,0,1,0
BRDA:64,1,0,0
BRDA:64,1,1,0
BRDA:77,2,0,0
BRDA:77,2,1,0
BRDA:84,3,0,0
BRDA:84,3,1,0
BRDA:101,4,0,0
BRDA:101,4,1,0
BRDA:105,5,0,0
BRDA:105,5,1,0
BRDA:108,6,0,0
BRDA:108,6,1,0
BRDA:111,7,0,0
BRDA:111,7,1,0
BRF:16
BRH:0
end_of_record
TN:
SF:src/environments/environment.ts
FNF:0
FNH:0
DA:1,1
LF:1
LH:1
BRF:0
BRH:0
end_of_record
