TN:
SF:src/index.html
FNF:0
FNH:0
LF:0
LH:0
BRF:0
BRH:0
end_of_record
TN:
SF:src/iqb-theme1.scss
FNF:0
FNH:0
LF:0
LH:0
BRF:0
BRH:0
end_of_record
TN:
SF:src/karma.conf.js
FNF:0
FNH:0
LF:0
LH:0
BRF:0
BRH:0
end_of_record
TN:
SF:src/main.ts
FN:21,(anonymous_0)
FNF:1
FNH:0
FNDA:0,(anonymous_0)
DA:7,49
DA:8,0
DA:11,49
DA:21,0
LF:4
LH:2
BRDA:7,0,0,0
BRDA:7,0,1,49
BRF:2
BRH:1
end_of_record
TN:
SF:src/polyfills.ts
FNF:0
FNH:0
DA:67,49
DA:68,49
DA:69,49
DA:77,49
LF:4
LH:4
BRF:0
BRH:0
end_of_record
TN:
SF:src/styles.css
FNF:0
FNH:0
LF:0
LH:0
BRF:0
BRH:0
end_of_record
TN:
SF:src/test.ts
FNF:0
FNH:0
LF:0
LH:0
BRF:0
BRH:0
end_of_record
TN:
SF:src/tsconfig.app.json
FNF:0
FNH:0
LF:0
LH:0
BRF:0
BRH:0
end_of_record
TN:
SF:src/tsconfig.spec.json
FNF:0
FNH:0
LF:0
LH:0
BRF:0
BRH:0
end_of_record
TN:
SF:src/web-animations.min.js
FNF:0
FNH:0
LF:0
LH:0
BRF:0
BRH:0
end_of_record
TN:
SF:src/app/app-route-guards.ts
FN:14,(anonymous_0)
FN:19,(anonymous_1)
FN:13,RouteDispatcherActivateGuard_Factory
FN:47,(anonymous_3)
FN:54,(anonymous_4)
FN:62,(anonymous_5)
FN:46,DirectLoginActivateGuard_Factory
FN:83,(anonymous_7)
FN:85,(anonymous_8)
FN:82,CodeInputComponentActivateGuard_Factory
FN:107,(anonymous_10)
FN:109,(anonymous_11)
FN:106,AdminComponentActivateGuard_Factory
FN:131,(anonymous_13)
FN:133,(anonymous_14)
FN:130,AdminOrSuperAdminComponentActivateGuard_Factory
FN:155,(anonymous_16)
FN:157,(anonymous_17)
FN:154,SuperAdminComponentActivateGuard_Factory
FN:179,(anonymous_19)
FN:181,(anonymous_20)
FN:178,TestComponentActivateGuard_Factory
FN:203,(anonymous_22)
FN:207,(anonymous_23)
FN:202,GroupMonitorActivateGuard_Factory
FNF:25
FNH:18
FNDA:46,(anonymous_0)
FNDA:91,(anonymous_1)
FNDA:46,RouteDispatcherActivateGuard_Factory
FNDA:0,(anonymous_3)
FNDA:0,(anonymous_4)
FNDA:0,(anonymous_5)
FNDA:0,DirectLoginActivateGuard_Factory
FNDA:7,(anonymous_7)
FNDA:7,(anonymous_8)
FNDA:7,CodeInputComponentActivateGuard_Factory
FNDA:19,(anonymous_10)
FNDA:19,(anonymous_11)
FNDA:19,AdminComponentActivateGuard_Factory
FNDA:22,(anonymous_13)
FNDA:23,(anonymous_14)
FNDA:22,AdminOrSuperAdminComponentActivateGuard_Factory
FNDA:1,(anonymous_16)
FNDA:1,(anonymous_17)
FNDA:1,SuperAdminComponentActivateGuard_Factory
FNDA:9,(anonymous_19)
FNDA:15,(anonymous_20)
FNDA:9,TestComponentActivateGuard_Factory
FNDA:0,(anonymous_22)
FNDA:0,(anonymous_23)
FNDA:0,GroupMonitorActivateGuard_Factory
DA:13,144
DA:15,46
DA:20,91
DA:21,91
DA:22,41
DA:23,41
DA:24,22
DA:25,19
DA:26,7
DA:27,12
DA:28,0
DA:29,12
DA:30,12
DA:32,0
DA:35,0
DA:38,50
DA:41,91
DA:46,98
DA:48,0
DA:49,0
DA:50,0
DA:58,0
DA:59,0
DA:60,0
DA:63,0
DA:64,0
DA:65,0
DA:66,0
DA:70,0
DA:71,0
DA:75,0
DA:82,56
DA:83,7
DA:86,7
DA:87,7
DA:88,7
DA:89,7
DA:90,7
DA:92,0
DA:93,0
DA:95,0
DA:96,0
DA:98,0
DA:99,0
DA:106,68
DA:107,19
DA:110,19
DA:111,19
DA:112,19
DA:113,19
DA:114,19
DA:116,0
DA:117,0
DA:119,0
DA:120,0
DA:122,0
DA:123,0
DA:130,71
DA:131,22
DA:134,23
DA:135,23
DA:136,23
DA:137,23
DA:138,23
DA:140,0
DA:141,0
DA:143,0
DA:144,0
DA:146,0
DA:147,0
DA:154,50
DA:155,1
DA:158,1
DA:159,1
DA:160,1
DA:161,1
DA:162,1
DA:164,0
DA:165,0
DA:167,0
DA:168,0
DA:170,0
DA:171,0
DA:178,58
DA:179,9
DA:182,15
DA:183,15
DA:184,15
DA:185,15
DA:186,15
DA:188,0
DA:189,0
DA:191,0
DA:192,0
DA:194,0
DA:195,0
DA:202,49
DA:204,0
DA:208,0
DA:210,0
DA:211,0
DA:213,0
DA:214,0
LF:103
LH:51
BRDA:21,0,0,41
BRDA:21,0,1,50
BRDA:22,1,0,41
BRDA:22,1,1,0
BRDA:23,2,0,22
BRDA:23,2,1,19
BRDA:23,3,0,41
BRDA:23,3,1,19
BRDA:25,4,0,7
BRDA:25,4,1,12
BRDA:27,5,0,0
BRDA:27,5,1,12
BRDA:29,6,0,12
BRDA:29,6,1,0
BRDA:13,7,0,46
BRDA:13,7,1,46
BRDA:59,8,0,0
BRDA:59,8,1,0
BRDA:59,9,0,0
BRDA:59,9,1,0
BRDA:63,10,0,0
BRDA:63,10,1,0
BRDA:46,11,0,0
BRDA:46,11,1,0
BRDA:87,12,0,7
BRDA:87,12,1,0
BRDA:88,13,0,7
BRDA:88,13,1,0
BRDA:89,14,0,7
BRDA:89,14,1,0
BRDA:82,15,0,7
BRDA:82,15,1,7
BRDA:111,16,0,19
BRDA:111,16,1,0
BRDA:112,17,0,19
BRDA:112,17,1,0
BRDA:113,18,0,19
BRDA:113,18,1,0
BRDA:106,19,0,19
BRDA:106,19,1,19
BRDA:135,20,0,23
BRDA:135,20,1,0
BRDA:136,21,0,23
BRDA:136,21,1,0
BRDA:137,22,0,23
BRDA:137,22,1,0
BRDA:137,23,0,23
BRDA:137,23,1,0
BRDA:130,24,0,22
BRDA:130,24,1,22
BRDA:159,25,0,1
BRDA:159,25,1,0
BRDA:160,26,0,1
BRDA:160,26,1,0
BRDA:161,27,0,1
BRDA:161,27,1,0
BRDA:154,28,0,1
BRDA:154,28,1,1
BRDA:183,29,0,15
BRDA:183,29,1,0
BRDA:184,30,0,15
BRDA:184,30,1,0
BRDA:185,31,0,15
BRDA:185,31,1,0
BRDA:178,32,0,9
BRDA:178,32,1,9
BRDA:210,33,0,0
BRDA:210,33,1,0
BRDA:210,34,0,0
BRDA:210,34,1,0
BRDA:210,34,2,0
BRDA:202,35,0,0
BRDA:202,35,1,0
BRF:73
BRH:39
end_of_record
TN:
SF:src/app/app-routing.module.ts
FN:80,(anonymous_0)
FN:80,(anonymous_1)
FN:84,(anonymous_2)
FN:84,(anonymous_3)
FN:89,(anonymous_4)
FN:89,(anonymous_5)
FN:94,(anonymous_6)
FN:94,(anonymous_7)
FN:99,(anonymous_8)
FN:99,(anonymous_9)
FN:118,AppRoutingModule_Factory
FNF:11
FNH:9
FNDA:1,(anonymous_0)
FNDA:1,(anonymous_1)
FNDA:19,(anonymous_2)
FNDA:19,(anonymous_3)
FNDA:1,(anonymous_4)
FNDA:1,(anonymous_5)
FNDA:0,(anonymous_6)
FNDA:0,(anonymous_7)
FNDA:3,(anonymous_8)
FNDA:3,(anonymous_9)
FNDA:98,AppRoutingModule_Factory
DA:19,49
DA:80,1
DA:84,19
DA:89,1
DA:94,0
DA:99,3
DA:112,49
DA:118,147
LF:8
LH:7
BRDA:118,0,0,49
BRDA:118,0,1,49
BRDA:118,1,0,49
BRDA:118,1,1,0
BRDA:118,1,2,49
BRF:5
BRH:4
end_of_record
TN:
SF:src/app/app.component.html
FNF:0
FNH:0
LF:0
LH:0
BRF:0
BRH:0
end_of_record
TN:
SF:src/app/app.component.ts
FN:23,(anonymous_7)
FN:31,(anonymous_8)
FN:36,(anonymous_9)
FN:37,(anonymous_10)
FN:38,(anonymous_11)
FN:45,(anonymous_12)
FN:55,(anonymous_13)
FN:67,(anonymous_14)
FN:87,(anonymous_15)
FN:93,(anonymous_16)
FN:113,(anonymous_17)
FN:117,(anonymous_18)
FN:120,(anonymous_19)
FN:123,(anonymous_20)
FN:128,(anonymous_21)
FN:16,AppComponent_Factory
FNF:16
FNH:14
FNDA:49,(anonymous_7)
FNDA:0,(anonymous_8)
FNDA:49,(anonymous_9)
FNDA:49,(anonymous_10)
FNDA:4,(anonymous_11)
FNDA:470,(anonymous_12)
FNDA:62,(anonymous_13)
FNDA:48,(anonymous_14)
FNDA:48,(anonymous_15)
FNDA:49,(anonymous_16)
FNDA:23,(anonymous_17)
FNDA:4,(anonymous_18)
FNDA:11,(anonymous_19)
FNDA:23,(anonymous_20)
FNDA:0,(anonymous_21)
FNDA:49,AppComponent_Factory
DA:16,98
DA:17,49
DA:18,49
DA:20,49
DA:24,49
DA:25,49
DA:26,49
DA:27,49
DA:28,49
DA:32,0
DA:33,0
DA:37,49
DA:38,49
DA:39,4
DA:40,4
DA:41,4
DA:44,49
DA:46,470
DA:47,157
DA:48,313
DA:49,289
DA:51,24
DA:55,49
DA:56,62
DA:57,62
DA:58,62
DA:59,62
DA:60,15
DA:65,49
DA:67,49
DA:68,48
DA:69,0
DA:74,0
DA:76,48
DA:77,48
DA:78,48
DA:79,48
DA:81,48
DA:82,48
DA:83,0
DA:87,49
DA:88,48
DA:94,49
DA:95,49
DA:96,49
DA:97,49
DA:98,49
DA:100,0
DA:101,0
DA:102,0
DA:104,0
DA:105,0
DA:106,0
DA:108,0
DA:109,0
DA:110,0
DA:112,49
DA:113,49
DA:114,23
DA:117,49
DA:118,4
DA:120,49
DA:121,11
DA:123,49
DA:124,23
DA:129,0
DA:130,0
DA:132,0
DA:133,0
LF:69
LH:51
BRDA:39,0,0,4
BRDA:39,0,1,0
BRDA:46,1,0,157
BRDA:46,1,1,313
BRDA:48,2,0,289
BRDA:48,2,1,24
BRDA:58,3,0,62
BRDA:58,3,1,0
BRDA:58,4,0,62
BRDA:58,4,1,62
BRDA:59,5,0,15
BRDA:59,5,1,47
BRDA:68,6,0,0
BRDA:68,6,1,48
BRDA:82,7,0,0
BRDA:82,7,1,48
BRDA:96,8,0,49
BRDA:96,8,1,0
BRDA:100,9,0,0
BRDA:100,9,1,0
BRDA:104,10,0,0
BRDA:104,10,1,0
BRDA:108,11,0,0
BRDA:108,11,1,0
BRDA:112,12,0,49
BRDA:112,12,1,0
BRDA:112,13,0,49
BRDA:112,13,1,49
BRDA:129,14,0,0
BRDA:129,14,1,0
BRDA:132,15,0,0
BRDA:132,15,1,0
BRDA:16,16,0,49
BRDA:16,16,1,49
BRF:34
BRH:18
end_of_record
TN:
SF:src/app/app.interceptor.ts
FN:14,(anonymous_0)
FN:21,(anonymous_1)
FN:46,(anonymous_2)
FN:13,AuthInterceptor_Factory
FNF:4
FNH:4
FNDA:49,(anonymous_0)
FNDA:378,(anonymous_1)
FNDA:8,(anonymous_2)
FNDA:49,AuthInterceptor_Factory
DA:13,147
DA:15,49
DA:16,49
DA:31,378
DA:32,378
DA:33,378
DA:34,233
DA:35,233
DA:39,378
DA:45,378
DA:47,8
DA:48,8
DA:49,8
DA:50,8
DA:51,8
DA:52,8
DA:53,0
DA:59,8
DA:60,8
DA:62,8
DA:63,8
DA:68,4
DA:70,4
DA:73,2
DA:74,2
DA:75,2
DA:78,0
DA:79,0
DA:82,0
DA:83,0
DA:86,2
DA:87,2
DA:88,2
DA:91,0
DA:93,0
DA:94,0
DA:97,0
DA:98,0
DA:101,0
DA:102,0
DA:103,0
DA:106,0
DA:107,0
DA:109,8
DA:110,4
DA:115,4
DA:116,4
DA:117,4
DA:118,4
DA:119,4
DA:120,4
DA:121,4
DA:125,0
DA:126,0
DA:127,0
DA:133,0
DA:134,0
DA:141,8
LF:58
LH:38
BRDA:33,0,0,233
BRDA:33,0,1,145
BRDA:34,1,0,233
BRDA:34,1,1,0
BRDA:48,2,0,8
BRDA:48,2,1,0
BRDA:52,3,0,0
BRDA:52,3,1,8
BRDA:63,4,0,0
BRDA:63,4,1,0
BRDA:63,4,2,0
BRDA:63,4,3,4
BRDA:63,4,4,2
BRDA:63,4,5,0
BRDA:63,4,6,0
BRDA:63,4,7,2
BRDA:63,4,8,0
BRDA:63,4,9,0
BRDA:63,4,10,0
BRDA:63,4,11,0
BRDA:109,5,0,4
BRDA:109,5,1,4
BRDA:113,6,0,0
BRDA:113,6,1,4
BRDA:115,7,0,4
BRDA:115,7,1,0
BRDA:120,8,0,4
BRDA:120,8,1,0
BRDA:125,9,0,0
BRDA:125,9,1,0
BRDA:13,10,0,49
BRDA:13,10,1,49
BRF:32
BRH:15
end_of_record
TN:
SF:src/app/app.interfaces.ts
FN:1,(anonymous_0)
FN:7,(anonymous_1)
FN:61,(anonymous_2)
FNF:3
FNH:3
FNDA:49,(anonymous_0)
FNDA:49,(anonymous_1)
FNDA:8,(anonymous_2)
DA:1,49
DA:2,49
DA:3,49
DA:4,49
DA:7,49
DA:8,49
DA:9,49
DA:10,49
DA:11,49
DA:12,49
DA:62,8
DA:63,8
LF:12
LH:12
BRDA:1,0,0,49
BRDA:1,0,1,49
BRDA:7,1,0,49
BRDA:7,1,1,49
BRDA:61,2,0,8
BRF:5
BRH:5
end_of_record
TN:
SF:src/app/app.module.ts
FN:96,AppModule_Factory
FNF:1
FNH:1
FNDA:98,AppModule_Factory
DA:81,49
DA:96,98
LF:2
LH:2
BRDA:96,0,0,49
BRDA:96,0,1,49
BRDA:96,1,0,49
BRDA:96,1,1,0
BRDA:96,1,2,49
BRF:5
BRH:4
end_of_record
TN:
SF:src/app/backend.service.ts
FN:18,(anonymous_0)
FN:23,(anonymous_1)
FN:27,(anonymous_2)
FN:30,(anonymous_3)
FN:33,(anonymous_4)
FN:36,(anonymous_5)
FN:39,(anonymous_6)
FN:43,(anonymous_7)
FN:50,(anonymous_8)
FN:53,(anonymous_9)
FN:63,(anonymous_10)
FN:73,(anonymous_11)
FN:74,(anonymous_12)
FN:83,(anonymous_13)
FN:89,(anonymous_14)
FN:93,(anonymous_15)
FN:97,(anonymous_16)
FN:101,(anonymous_17)
FN:110,(anonymous_18)
FN:114,(anonymous_19)
FN:115,(anonymous_20)
FN:119,(anonymous_21)
FN:123,(anonymous_22)
FN:127,(anonymous_23)
FN:131,(anonymous_24)
FN:17,BackendService_Factory
FNF:26
FNH:16
FNDA:49,(anonymous_0)
FNDA:39,(anonymous_1)
FNDA:22,(anonymous_2)
FNDA:0,(anonymous_3)
FNDA:17,(anonymous_4)
FNDA:6,(anonymous_5)
FNDA:7,(anonymous_6)
FNDA:2,(anonymous_7)
FNDA:22,(anonymous_8)
FNDA:0,(anonymous_9)
FNDA:0,(anonymous_10)
FNDA:0,(anonymous_11)
FNDA:0,(anonymous_12)
FNDA:35,(anonymous_13)
FNDA:0,(anonymous_14)
FNDA:24,(anonymous_15)
FNDA:23,(anonymous_16)
FNDA:0,(anonymous_17)
FNDA:3,(anonymous_18)
FNDA:3,(anonymous_19)
FNDA:0,(anonymous_20)
FNDA:49,(anonymous_21)
FNDA:0,(anonymous_22)
FNDA:54,(anonymous_23)
FNDA:0,(anonymous_24)
FNDA:49,BackendService_Factory
DA:17,98
DA:19,49
DA:20,49
DA:24,39
DA:28,22
DA:30,0
DA:34,17
DA:36,6
DA:40,7
DA:44,2
DA:45,2
DA:51,22
DA:54,0
DA:55,0
DA:71,0
DA:73,0
DA:75,0
DA:76,0
DA:84,35
DA:85,35
DA:86,35
DA:89,0
DA:94,24
DA:98,23
DA:99,23
DA:101,0
DA:111,3
DA:114,3
DA:115,0
DA:120,49
DA:123,0
DA:128,54
DA:131,0
LF:33
LH:21
BRDA:23,0,0,0
BRDA:24,1,0,22
BRDA:24,1,1,17
BRDA:17,2,0,49
BRDA:17,2,1,49
BRF:5
BRH:4
end_of_record
TN:
SF:src/app/app-root/app-root.component.ts
FN:9,AppRootComponent_Factory
FNF:1
FNH:1
FNDA:56,AppRootComponent_Factory
DA:4,56
DA:5,56
DA:6,56
DA:9,105
LF:4
LH:4
BRDA:9,0,0,56
BRDA:9,0,1,56
BRF:2
BRH:2
end_of_record
TN:
SF:src/app/app-root/admin-starter/admin-starter.component.html
FNF:0
FNH:0
LF:0
LH:0
BRF:0
BRH:0
end_of_record
TN:
SF:src/app/app-root/admin-starter/admin-starter.component.ts
FN:22,(anonymous_5)
FN:28,(anonymous_6)
FN:29,(anonymous_7)
FN:32,(anonymous_8)
FN:48,(anonymous_9)
FN:50,(anonymous_10)
FN:51,(anonymous_11)
FN:52,(anonymous_12)
FN:73,(anonymous_13)
FN:77,(anonymous_14)
FN:82,(anonymous_15)
FN:17,AdminStarterComponent_Factory
FNF:12
FNH:11
FNDA:23,(anonymous_5)
FNDA:23,(anonymous_6)
FNDA:23,(anonymous_7)
FNDA:23,(anonymous_8)
FNDA:22,(anonymous_9)
FNDA:22,(anonymous_10)
FNDA:0,(anonymous_11)
FNDA:23,(anonymous_12)
FNDA:19,(anonymous_13)
FNDA:1,(anonymous_14)
FNDA:21,(anonymous_15)
FNDA:23,AdminStarterComponent_Factory
DA:17,72
DA:18,23
DA:19,23
DA:20,23
DA:23,23
DA:24,23
DA:25,23
DA:29,23
DA:30,23
DA:31,23
DA:32,23
DA:33,23
DA:34,0
DA:37,23
DA:38,23
DA:39,23
DA:40,23
DA:41,23
DA:42,23
DA:44,23
DA:45,23
DA:46,23
DA:48,22
DA:50,22
DA:51,0
DA:52,23
DA:55,0
DA:57,23
DA:59,0
DA:60,0
DA:63,0
DA:64,0
DA:67,0
DA:74,19
DA:78,1
DA:79,1
DA:83,21
DA:84,20
LF:38
LH:30
BRDA:33,0,0,0
BRDA:33,0,1,23
BRDA:37,1,0,23
BRDA:37,1,1,0
BRDA:39,2,0,23
BRDA:39,2,1,0
BRDA:40,3,0,23
BRDA:40,3,1,0
BRDA:41,4,0,23
BRDA:41,4,1,0
BRDA:44,5,0,23
BRDA:44,5,1,0
BRDA:83,6,0,20
BRDA:83,6,1,1
BRDA:17,7,0,23
BRDA:17,7,1,23
BRF:16
BRH:10
end_of_record
TN:
SF:src/app/app-root/code-input/code-input.component.html
FNF:0
FNH:0
LF:0
LH:0
BRF:0
BRH:0
end_of_record
TN:
SF:src/app/app-root/code-input/code-input.component.ts
FN:29,(anonymous_1)
FN:38,(anonymous_2)
FN:39,(anonymous_3)
FN:48,(anonymous_4)
FN:62,(anonymous_5)
FN:83,(anonymous_6)
FN:21,CodeInputComponent_Factory
FNF:7
FNH:6
FNDA:7,(anonymous_1)
FNDA:7,(anonymous_2)
FNDA:7,(anonymous_3)
FNDA:7,(anonymous_4)
FNDA:7,(anonymous_5)
FNDA:0,(anonymous_6)
FNDA:7,CodeInputComponent_Factory
DA:21,56
DA:23,7
DA:25,7
DA:30,7
DA:31,7
DA:32,7
DA:33,7
DA:34,7
DA:39,7
DA:40,7
DA:41,7
DA:42,7
DA:43,7
DA:49,7
DA:50,7
DA:51,0
DA:60,7
DA:61,7
DA:63,7
DA:64,7
DA:65,7
DA:66,2
DA:67,2
DA:68,2
DA:70,0
DA:74,5
DA:75,5
DA:76,5
DA:84,0
DA:85,0
LF:30
LH:26
BRDA:42,0,0,7
BRDA:42,0,1,0
BRDA:50,1,0,0
BRDA:50,1,1,7
BRDA:65,2,0,2
BRDA:65,2,1,5
BRDA:67,3,0,2
BRDA:67,3,1,0
BRDA:21,4,0,7
BRDA:21,4,1,7
BRF:10
BRH:7
end_of_record
TN:
SF:src/app/app-root/legal-notice/legal-notice.component.html
FNF:0
FNH:0
LF:0
LH:0
BRF:0
BRH:0
end_of_record
TN:
SF:src/app/app-root/legal-notice/legal-notice.component.ts
FN:11,(anonymous_2)
FN:16,(anonymous_3)
FN:17,(anonymous_4)
FN:10,LegalNoticeComponent_Factory
FNF:4
FNH:4
FNDA:2,(anonymous_2)
FNDA:2,(anonymous_3)
FNDA:2,(anonymous_4)
FNDA:2,LegalNoticeComponent_Factory
DA:10,51
DA:12,2
DA:13,2
DA:17,2
LF:4
LH:4
BRDA:10,0,0,2
BRDA:10,0,1,2
BRF:2
BRH:2
end_of_record
TN:
SF:src/app/app-root/login/login.component.html
FNF:0
FNH:0
LF:0
LH:0
BRF:0
BRH:0
end_of_record
TN:
SF:src/app/app-root/login/login.component.ts
FN:37,(anonymous_11)
FN:44,(anonymous_12)
FN:48,(anonymous_13)
FN:51,(anonymous_14)
FN:56,(anonymous_15)
FN:78,(anonymous_16)
FN:91,(anonymous_17)
FN:95,(anonymous_18)
FN:25,LoginComponent_Factory
FNF:9
FNH:8
FNDA:50,(anonymous_11)
FNDA:50,(anonymous_12)
FNDA:50,(anonymous_13)
FNDA:39,(anonymous_14)
FNDA:39,(anonymous_15)
FNDA:0,(anonymous_16)
FNDA:559,(anonymous_17)
FNDA:36,(anonymous_18)
FNDA:50,LoginComponent_Factory
DA:25,99
DA:26,49
DA:27,50
DA:28,50
DA:29,50
DA:30,50
DA:32,50
DA:38,50
DA:39,50
DA:40,50
DA:41,50
DA:45,50
DA:46,50
DA:47,50
DA:48,50
DA:52,39
DA:53,39
DA:54,39
DA:55,39
DA:57,39
DA:58,39
DA:59,39
DA:60,6
DA:61,6
DA:62,2
DA:63,4
DA:64,2
DA:65,2
DA:66,0
DA:67,2
DA:68,2
DA:70,0
DA:73,6
DA:75,33
DA:76,33
DA:77,33
DA:78,0
DA:79,0
DA:80,0
DA:84,33
DA:92,559
DA:96,36
DA:97,36
LF:43
LH:38
BRDA:51,0,0,17
BRDA:59,1,0,6
BRDA:59,1,1,33
BRDA:61,2,0,2
BRDA:61,2,1,4
BRDA:63,3,0,2
BRDA:63,3,1,2
BRDA:65,4,0,0
BRDA:65,4,1,2
BRDA:67,5,0,2
BRDA:67,5,1,0
BRDA:77,6,0,0
BRDA:77,6,1,33
BRDA:79,7,0,0
BRDA:79,7,1,0
BRDA:96,8,0,36
BRDA:96,8,1,0
BRDA:25,9,0,50
BRDA:25,9,1,50
BRF:19
BRH:13
end_of_record
TN:
SF:src/app/app-root/monitor-starter/monitor-starter.component.css
FNF:0
FNH:0
LF:0
LH:0
BRF:0
BRH:0
end_of_record
TN:
SF:src/app/app-root/monitor-starter/monitor-starter.component.html
FNF:0
FNH:0
LF:0
LH:0
BRF:0
BRH:0
end_of_record
TN:
SF:src/app/app-root/monitor-starter/monitor-starter.component.ts
FN:21,(anonymous_6)
FN:28,(anonymous_7)
FN:29,(anonymous_8)
FN:32,(anonymous_9)
FN:47,(anonymous_10)
FN:50,(anonymous_11)
FN:62,(anonymous_12)
FN:63,(anonymous_13)
FN:74,(anonymous_14)
FN:79,(anonymous_15)
FN:80,(anonymous_16)
FN:88,(anonymous_17)
FN:89,(anonymous_18)
FN:103,(anonymous_19)
FN:107,(anonymous_20)
FN:112,(anonymous_21)
FN:15,MonitorStarterComponent_Factory
FNF:17
FNH:0
FNDA:0,(anonymous_6)
FNDA:0,(anonymous_7)
FNDA:0,(anonymous_8)
FNDA:0,(anonymous_9)
FNDA:0,(anonymous_10)
FNDA:0,(anonymous_11)
FNDA:0,(anonymous_12)
FNDA:0,(anonymous_13)
FNDA:0,(anonymous_14)
FNDA:0,(anonymous_15)
FNDA:0,(anonymous_16)
FNDA:0,(anonymous_17)
FNDA:0,(anonymous_18)
FNDA:0,(anonymous_19)
FNDA:0,(anonymous_20)
FNDA:0,(anonymous_21)
FNDA:0,MonitorStarterComponent_Factory
DA:15,49
DA:16,0
DA:17,0
DA:18,0
DA:22,0
DA:23,0
DA:24,0
DA:25,0
DA:29,0
DA:30,0
DA:31,0
DA:32,0
DA:33,0
DA:34,0
DA:35,0
DA:37,0
DA:38,0
DA:39,0
DA:40,0
DA:41,0
DA:43,0
DA:45,0
DA:46,0
DA:48,0
DA:49,0
DA:51,0
DA:55,0
DA:56,0
DA:59,0
DA:62,0
DA:64,0
DA:65,0
DA:67,0
DA:68,0
DA:70,0
DA:75,0
DA:76,0
DA:79,0
DA:80,0
DA:83,0
DA:89,0
DA:90,0
DA:91,0
DA:92,0
DA:93,0
DA:95,0
DA:98,0
DA:104,0
DA:108,0
DA:109,0
DA:113,0
DA:114,0
LF:52
LH:1
BRDA:33,0,0,0
BRDA:33,0,1,0
BRDA:38,1,0,0
BRDA:38,1,1,0
BRDA:38,2,0,0
BRDA:38,2,1,0
BRDA:49,3,0,0
BRDA:49,3,1,0
BRDA:55,4,0,0
BRDA:55,4,1,0
BRDA:64,5,0,0
BRDA:64,5,1,0
BRDA:67,6,0,0
BRDA:67,6,1,0
BRDA:75,7,0,0
BRDA:75,7,1,0
BRDA:90,8,0,0
BRDA:90,8,1,0
BRDA:92,9,0,0
BRDA:92,9,1,0
BRDA:113,10,0,0
BRDA:113,10,1,0
BRDA:15,11,0,0
BRDA:15,11,1,0
BRF:24
BRH:0
end_of_record
TN:
SF:src/app/app-root/route-dispatcher/route-dispatcher.component.html
FNF:0
FNH:0
LF:0
LH:0
BRF:0
BRH:0
end_of_record
TN:
SF:src/app/app-root/route-dispatcher/route-dispatcher.component.ts
FN:15,(anonymous_1)
FN:12,RouteDispatcherComponent_Factory
FNF:2
FNH:0
FNDA:0,(anonymous_1)
FNDA:0,RouteDispatcherComponent_Factory
DA:12,49
DA:13,0
DA:16,0
DA:18,0
DA:19,0
DA:20,0
LF:6
LH:1
BRDA:12,0,0,0
BRDA:12,0,1,0
BRF:2
BRH:0
end_of_record
TN:
SF:src/app/app-root/status-card/status-card.component.html
FNF:0
FNH:0
LF:0
LH:0
BRF:0
BRH:0
end_of_record
TN:
SF:src/app/app-root/status-card/status-card.component.ts
FN:13,(anonymous_5)
FN:17,(anonymous_6)
FN:18,(anonymous_7)
FN:9,StatusCardComponent_Factory
FNF:4
FNH:4
FNDA:94,(anonymous_5)
FNDA:94,(anonymous_6)
FNDA:129,(anonymous_7)
FNDA:94,StatusCardComponent_Factory
DA:9,143
DA:10,94
DA:11,94
DA:14,94
DA:18,94
DA:19,129
DA:20,129
DA:21,129
DA:22,7
DA:24,122
DA:25,122
DA:26,70
DA:28,122
DA:29,70
DA:31,122
DA:32,45
DA:33,33
DA:35,12
DA:38,122
DA:39,0
DA:40,0
DA:42,0
DA:45,122
DA:46,0
DA:48,122
DA:49,7
LF:26
LH:22
BRDA:21,0,0,7
BRDA:21,0,1,122
BRDA:25,1,0,70
BRDA:25,1,1,52
BRDA:28,2,0,70
BRDA:28,2,1,52
BRDA:31,3,0,45
BRDA:31,3,1,77
BRDA:32,4,0,33
BRDA:32,4,1,12
BRDA:38,5,0,0
BRDA:38,5,1,122
BRDA:39,6,0,0
BRDA:39,6,1,0
BRDA:45,7,0,0
BRDA:45,7,1,122
BRDA:48,8,0,7
BRDA:48,8,1,115
BRDA:9,9,0,94
BRDA:9,9,1,94
BRF:20
BRH:16
end_of_record
TN:
SF:src/app/app-root/sys-check-starter/sys-check-starter.component.css
FNF:0
FNH:0
LF:0
LH:0
BRF:0
BRH:0
end_of_record
TN:
SF:src/app/app-root/sys-check-starter/sys-check-starter.component.html
FNF:0
FNH:0
LF:0
LH:0
BRF:0
BRH:0
end_of_record
TN:
SF:src/app/app-root/sys-check-starter/sys-check-starter.component.ts
FN:15,(anonymous_9)
FN:21,(anonymous_10)
FN:22,(anonymous_11)
FN:26,(anonymous_12)
FN:38,(anonymous_13)
FN:11,SysCheckStarterComponent_Factory
FNF:6
FNH:6
FNDA:5,(anonymous_9)
FNDA:5,(anonymous_10)
FNDA:5,(anonymous_11)
FNDA:4,(anonymous_12)
FNDA:1,(anonymous_13)
FNDA:5,SysCheckStarterComponent_Factory
DA:11,54
DA:12,5
DA:13,5
DA:16,5
DA:17,5
DA:18,5
DA:22,5
DA:23,5
DA:24,5
DA:25,5
DA:26,5
DA:27,4
DA:28,4
DA:30,0
DA:32,4
DA:33,4
DA:39,1
LF:17
LH:16
BRDA:27,0,0,4
BRDA:27,0,1,0
BRDA:11,1,0,5
BRDA:11,1,1,5
BRF:4
BRH:3
end_of_record
TN:
SF:src/app/app-root/test-starter/test-starter.component.css
FNF:0
FNH:0
LF:0
LH:0
BRF:0
BRH:0
end_of_record
TN:
SF:src/app/app-root/test-starter/test-starter.component.html
FNF:0
FNH:0
LF:0
LH:0
BRF:0
BRH:0
end_of_record
TN:
SF:src/app/app-root/test-starter/test-starter.component.ts
FN:18,(anonymous_6)
FN:24,(anonymous_7)
FN:25,(anonymous_8)
FN:28,(anonymous_9)
FN:31,(anonymous_10)
FN:48,(anonymous_11)
FN:50,(anonymous_12)
FN:56,(anonymous_13)
FN:65,(anonymous_14)
FN:66,(anonymous_15)
FN:75,(anonymous_16)
FN:80,(anonymous_17)
FN:13,TestStarterComponent_Factory
FNF:13
FNH:12
FNDA:12,(anonymous_6)
FNDA:12,(anonymous_7)
FNDA:12,(anonymous_8)
FNDA:12,(anonymous_9)
FNDA:11,(anonymous_10)
FNDA:24,(anonymous_11)
FNDA:23,(anonymous_12)
FNDA:10,(anonymous_13)
FNDA:3,(anonymous_14)
FNDA:3,(anonymous_15)
FNDA:0,(anonymous_16)
FNDA:3,(anonymous_17)
FNDA:12,TestStarterComponent_Factory
DA:13,61
DA:14,12
DA:15,12
DA:16,12
DA:19,12
DA:20,12
DA:21,12
DA:25,12
DA:29,12
DA:30,12
DA:31,12
DA:32,11
DA:33,0
DA:34,0
DA:36,11
DA:37,11
DA:38,0
DA:39,0
DA:41,11
DA:42,11
DA:43,11
DA:44,0
DA:46,11
DA:48,24
DA:51,23
DA:52,23
DA:53,18
DA:57,10
DA:61,11
DA:66,3
DA:67,3
DA:68,0
DA:70,3
DA:76,0
DA:77,0
DA:81,3
DA:82,3
LF:37
LH:29
BRDA:32,0,0,0
BRDA:32,0,1,11
BRDA:37,1,0,0
BRDA:37,1,1,11
BRDA:37,2,0,11
BRDA:37,2,1,11
BRDA:41,3,0,11
BRDA:41,3,1,0
BRDA:43,4,0,0
BRDA:43,4,1,11
BRDA:52,5,0,18
BRDA:52,5,1,5
BRDA:67,6,0,0
BRDA:67,6,1,3
BRDA:81,7,0,3
BRDA:81,7,1,0
BRDA:13,8,0,12
BRDA:13,8,1,12
BRF:18
BRH:12
end_of_record
TN:
SF:src/app/group-monitor/backend.service.ts
FNF:0
FNH:0
LF:0
LH:0
BRF:0
BRH:0
end_of_record
TN:
SF:src/app/group-monitor/group-monitor-routing.module.ts
FNF:0
FNH:0
LF:0
LH:0
BRF:0
BRH:0
end_of_record
TN:
SF:src/app/group-monitor/group-monitor.component.css
FNF:0
FNH:0
LF:0
LH:0
BRF:0
BRH:0
end_of_record
TN:
SF:src/app/group-monitor/group-monitor.component.html
FNF:0
FNH:0
LF:0
LH:0
BRF:0
BRH:0
end_of_record
TN:
SF:src/app/group-monitor/group-monitor.component.ts
FNF:0
FNH:0
LF:0
LH:0
BRF:0
BRH:0
end_of_record
TN:
SF:src/app/group-monitor/group-monitor.interfaces.ts
FNF:0
FNH:0
LF:0
LH:0
BRF:0
BRH:0
end_of_record
TN:
SF:src/app/group-monitor/group-monitor.module.ts
FNF:0
FNH:0
LF:0
LH:0
BRF:0
BRH:0
end_of_record
TN:
SF:src/app/group-monitor/booklet/booklet.service.ts
FNF:0
FNH:0
LF:0
LH:0
BRF:0
BRH:0
end_of_record
TN:
SF:src/app/group-monitor/booklet/booklet.util.ts
FNF:0
FNH:0
LF:0
LH:0
BRF:0
BRH:0
end_of_record
TN:
SF:src/app/group-monitor/test-session/super-states.js
FNF:0
FNH:0
LF:0
LH:0
BRF:0
BRH:0
end_of_record
TN:
SF:src/app/group-monitor/test-session/test-session.component.css
FNF:0
FNH:0
LF:0
LH:0
BRF:0
BRH:0
end_of_record
TN:
SF:src/app/group-monitor/test-session/test-session.component.html
FNF:0
FNH:0
LF:0
LH:0
BRF:0
BRH:0
end_of_record
TN:
SF:src/app/group-monitor/test-session/test-session.component.ts
FNF:0
FNH:0
LF:0
LH:0
BRF:0
BRH:0
end_of_record
TN:
SF:src/app/group-monitor/test-session/test-session.util.ts
FNF:0
FNH:0
LF:0
LH:0
BRF:0
BRH:0
end_of_record
TN:
SF:src/app/group-monitor/test-session-manager/test-session-manager.service.ts
FNF:0
FNH:0
LF:0
LH:0
BRF:0
BRH:0
end_of_record
TN:
SF:src/app/shared/shared.module.ts
FN:48,SharedModule_Factory
FNF:1
FNH:1
FNDA:121,SharedModule_Factory
DA:18,49
DA:48,170
LF:2
LH:2
BRDA:48,0,0,72
BRDA:48,0,1,72
BRDA:48,1,0,49
BRDA:48,1,1,0
BRDA:48,1,2,49
BRF:5
BRH:4
end_of_record
TN:
SF:src/app/shared/classes/app.config.ts
FN:42,(anonymous_0)
FN:34,(anonymous_1)
FN:71,(anonymous_2)
FN:73,(anonymous_3)
FN:77,(anonymous_4)
FN:84,(anonymous_5)
FN:119,(anonymous_6)
FN:124,(anonymous_7)
FN:131,(anonymous_8)
FNF:9
FNH:6
FNDA:48,(anonymous_0)
FNDA:48,(anonymous_1)
FNDA:48,(anonymous_2)
FNDA:3408,(anonymous_3)
FNDA:0,(anonymous_4)
FNDA:48,(anonymous_5)
FNDA:96,(anonymous_6)
FNDA:0,(anonymous_7)
FNDA:0,(anonymous_8)
DA:14,48
DA:15,48
DA:18,48
DA:19,48
DA:20,48
DA:21,48
DA:24,48
DA:25,48
DA:26,48
DA:27,48
DA:28,48
DA:29,48
DA:30,48
DA:31,48
DA:32,48
DA:35,48
DA:36,0
DA:39,48
DA:47,48
DA:48,48
DA:50,48
DA:51,48
DA:52,48
DA:53,48
DA:54,48
DA:55,48
DA:56,48
DA:57,48
DA:59,0
DA:60,0
DA:63,48
DA:64,48
DA:66,0
DA:68,48
DA:72,48
DA:73,48
DA:74,3408
DA:76,48
DA:77,48
DA:78,0
DA:81,48
DA:85,48
DA:86,48
DA:87,48
DA:88,48
DA:89,48
DA:91,0
DA:92,0
DA:94,48
DA:95,48
DA:96,48
DA:97,48
DA:98,48
DA:99,48
DA:100,48
DA:101,48
DA:102,48
DA:103,48
DA:104,48
DA:105,48
DA:106,48
DA:107,48
DA:108,48
DA:109,48
DA:110,48
DA:111,48
DA:112,0
DA:115,48
DA:116,48
DA:120,96
DA:121,96
DA:125,0
DA:126,0
DA:127,0
DA:128,0
DA:132,0
LF:76
LH:63
BRDA:50,0,0,48
BRDA:50,0,1,0
BRDA:63,1,0,48
BRDA:63,1,1,0
BRDA:35,2,0,0
BRDA:35,2,1,48
BRDA:36,3,0,0
BRDA:36,3,1,0
BRDA:76,4,0,48
BRDA:76,4,1,0
BRDA:86,5,0,0
BRDA:86,5,1,48
BRDA:88,6,0,48
BRDA:88,6,1,0
BRDA:102,7,0,48
BRDA:102,7,1,0
BRDA:103,8,0,0
BRDA:103,8,1,48
BRDA:104,9,0,0
BRDA:104,9,1,48
BRDA:105,10,0,0
BRDA:105,10,1,48
BRDA:106,11,0,0
BRDA:106,11,1,48
BRDA:107,12,0,0
BRDA:107,12,1,48
BRDA:108,13,0,0
BRDA:108,13,1,48
BRDA:109,14,0,0
BRDA:109,14,1,48
BRDA:110,15,0,0
BRDA:110,15,1,48
BRDA:111,16,0,0
BRDA:111,16,1,48
BRF:34
BRH:16
end_of_record
TN:
SF:src/app/shared/classes/booklet-config.class.ts
FN:4,(anonymous_0)
FN:6,(anonymous_1)
FN:13,(anonymous_2)
FN:15,(anonymous_3)
FN:17,(anonymous_4)
FNF:5
FNH:5
FNDA:6,(anonymous_0)
FNDA:15,(anonymous_1)
FNDA:3,(anonymous_2)
FNDA:33,(anonymous_3)
FNDA:15,(anonymous_4)
DA:5,6
DA:7,15
DA:8,15
DA:14,3
DA:15,33
DA:18,15
DA:19,15
DA:23,3
LF:8
LH:8
BRDA:7,0,0,15
BRDA:7,0,1,0
BRF:2
BRH:1
end_of_record
TN:
SF:src/app/shared/classes/test-mode.class.ts
FN:7,(anonymous_0)
FN:20,(anonymous_1)
FNF:2
FNH:2
FNDA:12,(anonymous_0)
FNDA:108,(anonymous_1)
DA:4,12
DA:5,12
DA:8,12
DA:9,12
DA:11,12
DA:12,0
DA:13,0
DA:16,12
DA:17,12
DA:19,12
DA:21,108
LF:11
LH:9
BRDA:7,0,0,9
BRDA:11,1,0,0
BRDA:11,1,1,12
BRDA:11,2,0,12
BRDA:11,2,1,12
BRF:5
BRH:4
end_of_record
TN:
SF:src/app/shared/components/alert/alert.component.css
FNF:0
FNH:0
LF:0
LH:0
BRF:0
BRH:0
end_of_record
TN:
SF:src/app/shared/components/alert/alert.component.html
FNF:0
FNH:0
LF:0
LH:0
BRF:0
BRH:0
end_of_record
TN:
SF:src/app/shared/components/alert/alert.component.ts
FN:40,(anonymous_0)
FN:72,(anonymous_1)
FN:74,(anonymous_2)
FN:30,(anonymous_3)
FN:33,(anonymous_4)
FN:46,(anonymous_5)
FN:55,(anonymous_6)
FN:57,(anonymous_7)
FN:60,(anonymous_8)
FN:67,(anonymous_9)
FN:17,AlertComponent_Factory
FNF:11
FNH:10
FNDA:119,(anonymous_0)
FNDA:3021,(anonymous_1)
FNDA:0,(anonymous_2)
FNDA:3004,(anonymous_3)
FNDA:3021,(anonymous_4)
FNDA:120,(anonymous_5)
FNDA:12,(anonymous_6)
FNDA:12,(anonymous_7)
FNDA:120,(anonymous_8)
FNDA:12,(anonymous_9)
FNDA:119,AlertComponent_Factory
DA:17,168
DA:23,119
DA:31,3004
DA:33,3021
DA:41,119
DA:43,119
DA:47,120
DA:48,120
DA:49,108
DA:51,12
DA:56,12
DA:57,12
DA:61,120
DA:62,0
DA:63,0
DA:68,12
DA:72,3021
DA:74,0
LF:18
LH:15
BRDA:33,0,0,3021
BRDA:33,0,1,0
BRDA:48,1,0,108
BRDA:48,1,1,12
BRDA:61,2,0,0
BRDA:61,2,1,120
BRDA:69,3,0,12
BRDA:69,3,1,12
BRDA:17,4,0,119
BRDA:17,4,1,119
BRF:10
BRH:8
end_of_record
TN:
SF:src/app/shared/components/confirm-dialog/confirm-dialog.component.css
FNF:0
FNH:0
LF:0
LH:0
BRF:0
BRH:0
end_of_record
TN:
SF:src/app/shared/components/confirm-dialog/confirm-dialog.component.html
FNF:0
FNH:0
LF:0
LH:0
BRF:0
BRH:0
end_of_record
TN:
SF:src/app/shared/components/confirm-dialog/confirm-dialog.component.ts
FN:13,(anonymous_1)
FN:15,(anonymous_2)
FN:10,ConfirmDialogComponent_Factory
FNF:3
FNH:3
FNDA:5,(anonymous_1)
FNDA:5,(anonymous_2)
FNDA:5,ConfirmDialogComponent_Factory
DA:10,54
DA:11,5
DA:13,5
DA:16,5
DA:17,0
DA:19,5
DA:23,0
DA:25,5
DA:26,0
LF:9
LH:6
BRDA:16,0,0,0
BRDA:16,0,1,5
BRDA:16,1,0,5
BRDA:16,1,1,5
BRDA:19,2,0,0
BRDA:19,2,1,5
BRDA:20,3,0,5
BRDA:20,3,1,5
BRDA:25,4,0,0
BRDA:25,4,1,5
BRDA:10,5,0,5
BRDA:10,5,1,5
BRF:12
BRH:9
end_of_record
TN:
SF:src/app/shared/components/message-dialog/message-dialog.component.css
FNF:0
FNH:0
LF:0
LH:0
BRF:0
BRH:0
end_of_record
TN:
SF:src/app/shared/components/message-dialog/message-dialog.component.html
FNF:0
FNH:0
LF:0
LH:0
BRF:0
BRH:0
end_of_record
TN:
SF:src/app/shared/components/message-dialog/message-dialog.component.ts
FN:10,(anonymous_3)
FN:12,(anonymous_4)
FN:9,MessageDialogComponent_Factory
FNF:3
FNH:0
FNDA:0,(anonymous_3)
FNDA:0,(anonymous_4)
FNDA:0,MessageDialogComponent_Factory
DA:9,49
DA:10,0
DA:13,0
DA:14,0
DA:16,0
DA:17,0
DA:20,0
DA:21,0
DA:24,0
DA:25,0
DA:29,0
DA:30,0
LF:12
LH:1
BRDA:13,0,0,0
BRDA:13,0,1,0
BRDA:13,1,0,0
BRDA:13,1,1,0
BRDA:14,2,0,0
BRDA:14,2,1,0
BRDA:14,2,2,0
BRDA:29,3,0,0
BRDA:29,3,1,0
BRDA:29,4,0,0
BRDA:29,4,1,0
BRDA:9,5,0,0
BRDA:9,5,1,0
BRF:13
BRH:0
end_of_record
TN:
SF:src/app/shared/interfaces/app-config.interfaces.ts
FNF:0
FNH:0
DA:29,49
DA:31,49
DA:32,49
DA:33,49
LF:4
LH:4
BRF:0
BRH:0
end_of_record
TN:
SF:src/app/shared/interfaces/confirm-dialog.interfaces.ts
FNF:0
FNH:0
LF:0
LH:0
BRF:0
BRH:0
end_of_record
TN:
SF:src/app/shared/interfaces/customtext.interfaces.ts
FNF:0
FNH:0
LF:0
LH:0
BRF:0
BRH:0
end_of_record
TN:
SF:src/app/shared/interfaces/message-dialog.interfaces.ts
FN:1,(anonymous_0)
FNF:1
FNH:1
FNDA:49,(anonymous_0)
DA:1,49
DA:2,49
DA:3,49
DA:4,49
LF:4
LH:4
BRDA:1,0,0,49
BRDA:1,0,1,49
BRF:2
BRH:2
end_of_record
TN:
SF:src/app/shared/interfaces/websocket-backend.interfaces.ts
FNF:0
FNH:0
LF:0
LH:0
BRF:0
BRH:0
end_of_record
TN:
SF:src/app/shared/pipes/bytes/bytes.pipe.ts
FN:3,(anonymous_0)
FN:7,(anonymous_1)
FN:4,BytesPipe_Factory
FNF:3
FNH:3
FNDA:129,(anonymous_0)
FNDA:129,(anonymous_1)
FNDA:129,BytesPipe_Factory
DA:4,227
DA:5,129
DA:8,129
DA:9,0
DA:11,129
DA:12,0
DA:15,129
DA:16,129
LF:8
LH:6
BRDA:8,0,0,0
BRDA:8,0,1,129
BRDA:8,1,0,129
BRDA:8,1,1,129
BRDA:11,2,0,0
BRDA:11,2,1,129
BRDA:4,3,0,129
BRDA:4,3,1,129
BRF:8
BRH:6
end_of_record
TN:
SF:src/app/shared/pipes/customtext/customtext.pipe.ts
FN:10,(anonymous_0)
FN:12,(anonymous_1)
FN:15,(anonymous_2)
FN:16,(anonymous_3)
FN:17,(anonymous_4)
FN:19,(anonymous_5)
FN:9,CustomtextPipe_Factory
FNF:7
FNH:6
FNDA:85,(anonymous_0)
FNDA:85,(anonymous_1)
FNDA:85,(anonymous_2)
FNDA:85,(anonymous_3)
FNDA:85,(anonymous_4)
FNDA:0,(anonymous_5)
FNDA:73,CustomtextPipe_Factory
DA:9,171
DA:10,85
DA:13,85
DA:15,85
DA:16,85
DA:18,85
DA:21,0
DA:23,85
LF:8
LH:7
BRDA:16,0,0,12
BRDA:16,0,1,73
BRDA:16,1,0,12
BRDA:16,1,1,0
BRDA:9,2,0,73
BRDA:9,2,1,73
BRF:6
BRH:5
end_of_record
TN:
SF:src/app/shared/services/customtext/customtext.service.ts
FN:5,(anonymous_0)
FN:11,(anonymous_1)
FN:12,(anonymous_2)
FN:17,(anonymous_3)
FN:18,(anonymous_4)
FN:23,(anonymous_5)
FN:31,(anonymous_6)
FN:38,(anonymous_7)
FN:8,CustomtextService_Factory
FNF:9
FNH:7
FNDA:49,(anonymous_0)
FNDA:120,(anonymous_1)
FNDA:3435,(anonymous_2)
FNDA:0,(anonymous_3)
FNDA:0,(anonymous_4)
FNDA:3435,(anonymous_5)
FNDA:85,(anonymous_6)
FNDA:100,(anonymous_7)
FNDA:49,CustomtextService_Factory
DA:8,98
DA:9,49
DA:12,120
DA:13,3435
DA:18,0
DA:19,0
DA:24,3435
DA:25,3419
DA:27,3435
DA:32,85
DA:33,9
DA:35,85
DA:39,100
DA:40,0
DA:42,100
LF:15
LH:12
BRDA:24,0,0,3419
BRDA:24,0,1,16
BRDA:32,1,0,9
BRDA:32,1,1,76
BRDA:39,2,0,0
BRDA:39,2,1,100
BRDA:8,3,0,49
BRDA:8,3,1,49
BRF:8
BRH:7
end_of_record
TN:
SF:src/app/shared/services/maindata/maindata.service.ts
FN:67,(anonymous_0)
FN:21,(anonymous_1)
FN:41,(anonymous_2)
FN:54,(anonymous_3)
FN:72,(anonymous_4)
FN:76,(anonymous_5)
FN:80,(anonymous_6)
FN:92,(anonymous_7)
FN:100,(anonymous_8)
FN:18,MainDataService_Factory
FNF:10
FNH:9
FNDA:49,(anonymous_0)
FNDA:94,(anonymous_1)
FNDA:593,(anonymous_2)
FNDA:3,(anonymous_3)
FNDA:136,(anonymous_4)
FNDA:182,(anonymous_5)
FNDA:73,(anonymous_6)
FNDA:4,(anonymous_7)
FNDA:0,(anonymous_8)
FNDA:49,MainDataService_Factory
DA:13,49
DA:18,98
DA:19,49
DA:20,49
DA:22,94
DA:25,49
DA:26,49
DA:27,49
DA:28,49
DA:29,49
DA:30,49
DA:31,49
DA:32,49
DA:34,49
DA:35,49
DA:42,593
DA:43,593
DA:44,247
DA:46,346
DA:47,346
DA:49,0
DA:50,0
DA:55,3
DA:56,3
DA:57,0
DA:59,3
DA:60,3
DA:62,0
DA:63,0
DA:68,49
DA:73,136
DA:77,182
DA:81,73
DA:82,73
DA:83,72
DA:84,72
DA:86,72
DA:88,1
DA:93,4
DA:94,4
DA:95,0
DA:97,4
DA:101,0
DA:102,0
DA:104,0
DA:106,0
LF:46
LH:36
BRDA:43,0,0,247
BRDA:43,0,1,346
BRDA:56,1,0,0
BRDA:56,1,1,3
BRDA:80,2,0,1
BRDA:82,3,0,72
BRDA:82,3,1,1
BRDA:83,4,0,72
BRDA:83,4,1,0
BRDA:94,5,0,0
BRDA:94,5,1,4
BRDA:100,6,0,0
BRDA:101,7,0,0
BRDA:101,7,1,0
BRDA:18,8,0,49
BRDA:18,8,1,49
BRF:16
BRH:10
end_of_record
TN:
SF:src/app/shared/services/websocket/websocket.service.ts
FN:12,(anonymous_0)
FN:18,(anonymous_1)
FN:28,(anonymous_2)
FN:36,(anonymous_3)
FN:37,(anonymous_4)
FN:40,(anonymous_5)
FN:47,(anonymous_6)
FN:58,(anonymous_7)
FN:66,(anonymous_8)
FN:73,(anonymous_9)
FN:74,(anonymous_10)
FN:75,(anonymous_11)
FN:77,(anonymous_12)
FNF:13
FNH:2
FNDA:3,(anonymous_0)
FNDA:0,(anonymous_1)
FNDA:0,(anonymous_2)
FNDA:0,(anonymous_3)
FNDA:0,(anonymous_4)
FNDA:0,(anonymous_5)
FNDA:3,(anonymous_6)
FNDA:0,(anonymous_7)
FNDA:0,(anonymous_8)
FNDA:0,(anonymous_9)
FNDA:0,(anonymous_10)
FNDA:0,(anonymous_11)
FNDA:0,(anonymous_12)
DA:13,3
DA:15,3
DA:19,0
DA:20,0
DA:22,0
DA:25,0
DA:29,0
DA:35,0
DA:38,0
DA:41,0
DA:48,3
DA:49,3
DA:50,0
DA:52,3
DA:53,0
DA:54,0
DA:59,0
DA:60,0
DA:63,0
DA:67,0
DA:68,0
DA:71,0
DA:73,0
DA:74,0
DA:75,0
DA:77,0
LF:26
LH:5
BRDA:19,0,0,0
BRDA:19,0,1,0
BRDA:49,1,0,0
BRDA:49,1,1,3
BRDA:52,2,0,0
BRDA:52,2,1,3
BRDA:59,3,0,0
BRDA:59,3,1,0
BRDA:67,4,0,0
BRDA:67,4,1,0
BRF:10
BRH:2
end_of_record
TN:
SF:src/app/shared/services/websocket-backend/websocket-backend.service.ts
FN:29,(anonymous_0)
FN:36,(anonymous_1)
FN:40,(anonymous_2)
FN:48,(anonymous_3)
FN:60,(anonymous_4)
FN:65,(anonymous_5)
FN:77,(anonymous_6)
FN:89,(anonymous_7)
FN:95,(anonymous_8)
FN:102,(anonymous_9)
FN:112,(anonymous_10)
FN:114,(anonymous_11)
FN:118,(anonymous_12)
FN:119,(anonymous_13)
FN:124,(anonymous_14)
FN:14,WebsocketBackendService_Factory
FNF:16
FNH:7
FNDA:3,(anonymous_0)
FNDA:0,(anonymous_1)
FNDA:3,(anonymous_2)
FNDA:3,(anonymous_3)
FNDA:0,(anonymous_4)
FNDA:3,(anonymous_5)
FNDA:3,(anonymous_6)
FNDA:3,(anonymous_7)
FNDA:0,(anonymous_8)
FNDA:6,(anonymous_9)
FNDA:0,(anonymous_10)
FNDA:0,(anonymous_11)
FNDA:0,(anonymous_12)
FNDA:0,(anonymous_13)
FNDA:0,(anonymous_14)
FNDA:0,WebsocketBackendService_Factory
DA:14,49
DA:21,3
DA:23,3
DA:24,3
DA:25,3
DA:27,3
DA:30,3
DA:31,3
DA:33,3
DA:37,0
DA:41,3
DA:42,3
DA:43,3
DA:45,3
DA:49,3
DA:51,3
DA:53,3
DA:55,3
DA:61,0
DA:62,0
DA:66,3
DA:67,3
DA:68,0
DA:69,0
DA:71,3
DA:72,3
DA:78,3
DA:79,3
DA:81,3
DA:82,3
DA:83,3
DA:86,3
DA:90,3
DA:91,0
DA:94,3
DA:96,0
DA:103,6
DA:104,0
DA:107,6
DA:108,0
DA:113,0
DA:114,0
DA:116,0
DA:118,0
DA:120,0
DA:121,0
DA:124,0
LF:47
LH:31
BRDA:41,0,0,3
BRDA:41,0,1,0
BRDA:67,1,0,0
BRDA:67,1,1,3
BRDA:81,2,0,3
BRDA:81,2,1,0
BRDA:90,3,0,0
BRDA:90,3,1,3
BRDA:96,4,0,0
BRDA:96,4,1,0
BRDA:103,5,0,0
BRDA:103,5,1,6
BRDA:107,6,0,0
BRDA:107,6,1,6
BRDA:120,7,0,0
BRDA:120,7,1,0
BRDA:124,8,0,0
BRDA:124,8,1,0
BRDA:14,9,0,0
BRDA:14,9,1,0
BRF:20
BRH:6
end_of_record
TN:
SF:src/app/superadmin/backend.service.ts
FN:17,(anonymous_0)
FN:23,(anonymous_1)
FN:26,(anonymous_2)
FN:32,(anonymous_3)
FN:37,(anonymous_4)
FN:42,(anonymous_5)
FN:46,(anonymous_6)
FN:47,(anonymous_7)
FN:54,(anonymous_8)
FN:57,(anonymous_9)
FN:63,(anonymous_10)
FN:66,(anonymous_11)
FN:72,(anonymous_12)
FN:75,(anonymous_13)
FN:81,(anonymous_14)
FN:84,(anonymous_15)
FN:90,(anonymous_16)
FN:93,(anonymous_17)
FN:99,(anonymous_18)
FN:102,(anonymous_19)
FN:108,(anonymous_20)
FN:111,(anonymous_21)
FN:117,(anonymous_22)
FN:120,(anonymous_23)
FN:126,(anonymous_24)
FN:129,(anonymous_25)
FN:135,(anonymous_26)
FN:138,(anonymous_27)
FN:144,(anonymous_28)
FN:147,(anonymous_29)
FN:16,BackendService_Factory
FNF:31
FNH:6
FNDA:1,(anonymous_0)
FNDA:1,(anonymous_1)
FNDA:0,(anonymous_2)
FNDA:0,(anonymous_3)
FNDA:0,(anonymous_4)
FNDA:0,(anonymous_5)
FNDA:0,(anonymous_6)
FNDA:0,(anonymous_7)
FNDA:0,(anonymous_8)
FNDA:0,(anonymous_9)
FNDA:0,(anonymous_10)
FNDA:0,(anonymous_11)
FNDA:0,(anonymous_12)
FNDA:0,(anonymous_13)
FNDA:0,(anonymous_14)
FNDA:0,(anonymous_15)
FNDA:0,(anonymous_16)
FNDA:0,(anonymous_17)
FNDA:1,(anonymous_18)
FNDA:0,(anonymous_19)
FNDA:1,(anonymous_20)
FNDA:0,(anonymous_21)
FNDA:0,(anonymous_22)
FNDA:0,(anonymous_23)
FNDA:2,(anonymous_24)
FNDA:0,(anonymous_25)
FNDA:0,(anonymous_26)
FNDA:0,(anonymous_27)
FNDA:0,(anonymous_28)
FNDA:0,(anonymous_29)
FNDA:1,BackendService_Factory
DA:16,2
DA:18,1
DA:19,1
DA:24,1
DA:27,0
DA:28,0
DA:33,0
DA:38,0
DA:43,0
DA:46,0
DA:48,0
DA:49,0
DA:55,0
DA:58,0
DA:59,0
DA:64,0
DA:67,0
DA:68,0
DA:73,0
DA:76,0
DA:77,0
DA:82,0
DA:85,0
DA:86,0
DA:91,0
DA:94,0
DA:95,0
DA:100,1
DA:103,0
DA:104,0
DA:109,1
DA:112,0
DA:113,0
DA:118,0
DA:121,0
DA:122,0
DA:127,2
DA:130,0
DA:131,0
DA:136,0
DA:139,0
DA:140,0
DA:145,0
DA:148,0
DA:149,0
LF:45
LH:7
BRDA:44,0,0,0
BRDA:44,0,1,0
BRDA:16,1,0,1
BRDA:16,1,1,1
BRF:4
BRH:2
end_of_record
TN:
SF:src/app/superadmin/index.ts
FNF:0
FNH:0
LF:0
LH:0
BRF:0
BRH:0
end_of_record
TN:
SF:src/app/superadmin/superadmin-routing.module.ts
FN:26,SuperadminRoutingModule_Factory
FNF:1
FNH:1
FNDA:2,SuperadminRoutingModule_Factory
DA:8,1
DA:23,1
DA:26,3
LF:3
LH:3
BRDA:26,0,0,1
BRDA:26,0,1,1
BRDA:26,1,0,1
BRDA:26,1,1,0
BRDA:26,1,2,1
BRF:5
BRH:4
end_of_record
TN:
SF:src/app/superadmin/superadmin.component.css
FNF:0
FNH:0
LF:0
LH:0
BRF:0
BRH:0
end_of_record
TN:
SF:src/app/superadmin/superadmin.component.html
FNF:0
FNH:0
LF:0
LH:0
BRF:0
BRH:0
end_of_record
TN:
SF:src/app/superadmin/superadmin.component.ts
FN:9,(anonymous_1)
FN:19,(anonymous_2)
FN:20,(anonymous_3)
FN:8,SuperadminComponent_Factory
FNF:4
FNH:4
FNDA:1,(anonymous_1)
FNDA:1,(anonymous_2)
FNDA:1,(anonymous_3)
FNDA:1,SuperadminComponent_Factory
DA:8,2
DA:10,1
DA:13,1
DA:20,1
LF:4
LH:4
BRDA:8,0,0,1
BRDA:8,0,1,1
BRF:2
BRH:2
end_of_record
TN:
SF:src/app/superadmin/superadmin.interfaces.ts
FNF:0
FNH:0
LF:0
LH:0
BRF:0
BRH:0
end_of_record
TN:
SF:src/app/superadmin/superadmin.module.ts
FN:99,SuperadminModule_Factory
FNF:1
FNH:1
FNDA:2,SuperadminModule_Factory
DA:92,1
DA:99,3
LF:2
LH:2
BRDA:99,0,0,1
BRDA:99,0,1,1
BRDA:99,1,0,1
BRDA:99,1,1,0
BRDA:99,1,2,1
BRF:5
BRH:4
end_of_record
TN:
SF:src/app/superadmin/settings/app-config.component.css
FNF:0
FNH:0
LF:0
LH:0
BRF:0
BRH:0
end_of_record
TN:
SF:src/app/superadmin/settings/app-config.component.html
FNF:0
FNH:0
LF:0
LH:0
BRF:0
BRH:0
end_of_record
TN:
SF:src/app/superadmin/settings/app-config.component.ts
FN:50,(anonymous_3)
FN:68,(anonymous_4)
FN:69,(anonymous_5)
FN:86,(anonymous_6)
FN:96,(anonymous_7)
FN:108,(anonymous_8)
FN:122,(anonymous_9)
FN:127,(anonymous_10)
FN:143,(anonymous_11)
FN:150,(anonymous_12)
FN:153,(anonymous_13)
FN:170,(anonymous_14)
FN:175,(anonymous_15)
FN:16,AppConfigComponent_Factory
FNF:14
FNH:0
FNDA:0,(anonymous_3)
FNDA:0,(anonymous_4)
FNDA:0,(anonymous_5)
FNDA:0,(anonymous_6)
FNDA:0,(anonymous_7)
FNDA:0,(anonymous_8)
FNDA:0,(anonymous_9)
FNDA:0,(anonymous_10)
FNDA:0,(anonymous_11)
FNDA:0,(anonymous_12)
FNDA:0,(anonymous_13)
FNDA:0,(anonymous_14)
FNDA:0,(anonymous_15)
FNDA:0,AppConfigComponent_Factory
DA:16,1
DA:18,0
DA:19,0
DA:20,0
DA:22,0
DA:23,0
DA:51,0
DA:52,0
DA:53,0
DA:54,0
DA:56,0
DA:69,0
DA:70,0
DA:71,0
DA:81,0
DA:85,0
DA:86,0
DA:87,0
DA:91,0
DA:97,0
DA:108,0
DA:109,0
DA:110,0
DA:113,0
DA:114,0
DA:115,0
DA:116,0
DA:117,0
DA:119,0
DA:123,0
DA:128,0
DA:129,0
DA:131,0
DA:132,0
DA:133,0
DA:134,0
DA:136,0
DA:137,0
DA:138,0
DA:141,0
DA:142,0
DA:143,0
DA:144,0
DA:146,0
DA:147,0
DA:149,0
DA:150,0
DA:151,0
DA:152,0
DA:153,0
DA:154,0
DA:155,0
DA:156,0
DA:157,0
DA:158,0
DA:159,0
DA:161,0
DA:162,0
DA:163,0
DA:166,0
DA:171,0
DA:172,0
DA:176,0
LF:63
LH:1
BRDA:109,0,0,0
BRDA:109,0,1,0
BRDA:129,1,0,0
BRDA:129,1,1,0
BRDA:129,2,0,0
BRDA:129,2,1,0
BRDA:136,3,0,0
BRDA:136,3,1,0
BRDA:141,4,0,0
BRDA:141,4,1,0
BRDA:157,5,0,0
BRDA:157,5,1,0
BRDA:157,6,0,0
BRDA:157,6,1,0
BRDA:176,7,0,0
BRDA:176,7,1,0
BRDA:16,8,0,0
BRDA:16,8,1,0
BRF:18
BRH:0
end_of_record
TN:
SF:src/app/superadmin/settings/edit-custom-text.component.ts
FN:7,(anonymous_0)
FN:39,(anonymous_1)
FN:42,(anonymous_2)
FN:54,(anonymous_3)
FN:58,(anonymous_4)
FN:27,EditCustomTextComponent_Factory
FN:19,EditCustomTextComponent_Template_button_click_9_listener
FNF:7
FNH:0
FNDA:0,(anonymous_0)
FNDA:0,(anonymous_1)
FNDA:0,(anonymous_2)
FNDA:0,(anonymous_3)
FNDA:0,(anonymous_4)
FNDA:0,EditCustomTextComponent_Factory
FNDA:0,EditCustomTextComponent_Template_button_click_9_listener
DA:10,0
DA:11,0
DA:12,0
DA:13,0
DA:14,0
DA:15,0
DA:16,0
DA:17,0
DA:18,0
DA:19,0
DA:20,0
DA:21,0
DA:22,0
DA:23,0
DA:27,1
DA:33,0
DA:34,0
DA:35,0
DA:40,0
DA:41,0
DA:42,0
DA:43,0
DA:44,0
DA:45,0
DA:46,0
DA:48,0
DA:50,0
DA:55,0
DA:59,0
DA:60,0
LF:30
LH:1
BRDA:40,0,0,0
BRDA:40,0,1,0
BRDA:44,1,0,0
BRDA:44,1,1,0
BRDA:48,2,0,0
BRDA:48,2,1,0
BRDA:27,3,0,0
BRDA:27,3,1,0
BRF:8
BRH:0
end_of_record
TN:
SF:src/app/superadmin/settings/edit-custom-texts.component.ts
FN:39,EditCustomTextsComponent_mat_expansion_panel_2_app_custom_text_4_Template_app_custom_text_valueChange_0_listener
FN:41,EditCustomTextsComponent_mat_expansion_panel_2_Template_button_click_5_listener
FN:74,(anonymous_4)
FN:83,(anonymous_5)
FN:96,(anonymous_6)
FN:111,(anonymous_7)
FN:112,(anonymous_8)
FN:118,(anonymous_9)
FN:126,(anonymous_10)
FN:50,EditCustomTextsComponent_Factory
FNF:10
FNH:0
FNDA:0,EditCustomTextsComponent_mat_expansion_panel_2_app_custom_text_4_Template_app_custom_text_valueChange_0_listener
FNDA:0,EditCustomTextsComponent_mat_expansion_panel_2_Template_button_click_5_listener
FNDA:0,(anonymous_4)
FNDA:0,(anonymous_5)
FNDA:0,(anonymous_6)
FNDA:0,(anonymous_7)
FNDA:0,(anonymous_8)
FNDA:0,(anonymous_9)
FNDA:0,(anonymous_10)
FNDA:0,EditCustomTextsComponent_Factory
DA:25,0
DA:26,0
DA:27,0
DA:28,0
DA:29,0
DA:30,0
DA:31,0
DA:32,0
DA:33,0
DA:34,0
DA:39,0
DA:40,0
DA:41,0
DA:42,0
DA:43,0
DA:44,0
DA:45,0
DA:46,0
DA:50,1
DA:51,0
DA:71,0
DA:72,0
DA:75,0
DA:76,0
DA:77,0
DA:78,0
DA:79,0
DA:81,0
DA:83,0
DA:84,0
DA:85,0
DA:86,0
DA:97,0
DA:98,0
DA:99,0
DA:101,0
DA:103,0
DA:104,0
DA:106,0
DA:108,0
DA:112,0
DA:113,0
DA:114,0
DA:117,0
DA:118,0
DA:119,0
DA:121,0
DA:123,0
DA:127,0
LF:49
LH:1
BRDA:85,0,0,0
BRDA:85,0,1,0
BRDA:85,1,0,0
BRDA:85,1,1,0
BRDA:97,2,0,0
BRDA:97,2,1,0
BRDA:98,3,0,0
BRDA:98,3,1,0
BRDA:99,4,0,0
BRDA:99,4,1,0
BRDA:103,5,0,0
BRDA:103,5,1,0
BRDA:104,6,0,0
BRDA:104,6,1,0
BRDA:113,7,0,0
BRDA:113,7,1,0
BRDA:50,8,0,0
BRDA:50,8,1,0
BRF:18
BRH:0
end_of_record
TN:
SF:src/app/superadmin/settings/settings.component.ts
FN:26,SettingsComponent_Factory
FNF:1
FNH:0
FNDA:0,SettingsComponent_Factory
DA:5,0
DA:6,0
DA:7,0
DA:8,0
DA:9,0
DA:10,0
DA:11,0
DA:12,0
DA:13,0
DA:14,0
DA:15,0
DA:16,0
DA:17,0
DA:18,0
DA:19,0
DA:20,0
DA:21,0
DA:22,0
DA:26,1
LF:19
LH:1
BRDA:26,0,0,0
BRDA:26,0,1,0
BRF:2
BRH:0
end_of_record
TN:
SF:src/app/superadmin/superadmin-password-request/superadmin-password-request.component.css
FNF:0
FNH:0
LF:0
LH:0
BRF:0
BRH:0
end_of_record
TN:
SF:src/app/superadmin/superadmin-password-request/superadmin-password-request.component.html
FNF:0
FNH:0
LF:0
LH:0
BRF:0
BRH:0
end_of_record
TN:
SF:src/app/superadmin/superadmin-password-request/superadmin-password-request.component.ts
FN:15,(anonymous_0)
FN:10,SuperadminPasswordRequestComponent_Factory
FNF:2
FNH:0
FNDA:0,(anonymous_0)
FNDA:0,SuperadminPasswordRequestComponent_Factory
DA:10,1
DA:11,0
DA:16,0
LF:3
LH:1
BRDA:10,0,0,0
BRDA:10,0,1,0
BRF:2
BRH:0
end_of_record
TN:
SF:src/app/superadmin/users/users.component.css
FNF:0
FNH:0
LF:0
LH:0
BRF:0
BRH:0
end_of_record
TN:
SF:src/app/superadmin/users/users.component.html
FNF:0
FNH:0
LF:0
LH:0
BRF:0
BRH:0
end_of_record
TN:
SF:src/app/superadmin/users/users.component.ts
FN:41,(anonymous_21)
FN:52,(anonymous_22)
FN:65,(anonymous_23)
FN:66,(anonymous_24)
FN:72,(anonymous_25)
FN:77,(anonymous_26)
FN:85,(anonymous_27)
FN:93,(anonymous_28)
FN:107,(anonymous_29)
FN:134,(anonymous_30)
FN:141,(anonymous_31)
FN:151,(anonymous_32)
FN:180,(anonymous_33)
FN:200,(anonymous_34)
FN:208,(anonymous_35)
FN:216,(anonymous_36)
FN:229,(anonymous_37)
FN:261,(anonymous_38)
FN:264,(anonymous_39)
FN:267,(anonymous_40)
FN:282,(anonymous_41)
FN:286,(anonymous_42)
FN:295,(anonymous_43)
FN:304,(anonymous_44)
FN:309,(anonymous_45)
FN:323,(anonymous_46)
FN:326,(anonymous_47)
FN:333,(anonymous_48)
FN:339,(anonymous_49)
FN:343,(anonymous_50)
FN:346,(anonymous_51)
FN:27,UsersComponent_Factory
FNF:32
FNH:6
FNDA:1,(anonymous_21)
FNDA:0,(anonymous_22)
FNDA:1,(anonymous_23)
FNDA:1,(anonymous_24)
FNDA:0,(anonymous_25)
FNDA:0,(anonymous_26)
FNDA:0,(anonymous_27)
FNDA:0,(anonymous_28)
FNDA:0,(anonymous_29)
FNDA:0,(anonymous_30)
FNDA:0,(anonymous_31)
FNDA:0,(anonymous_32)
FNDA:0,(anonymous_33)
FNDA:0,(anonymous_34)
FNDA:0,(anonymous_35)
FNDA:0,(anonymous_36)
FNDA:0,(anonymous_37)
FNDA:0,(anonymous_38)
FNDA:0,(anonymous_39)
FNDA:0,(anonymous_40)
FNDA:0,(anonymous_41)
FNDA:0,(anonymous_42)
FNDA:0,(anonymous_43)
FNDA:0,(anonymous_44)
FNDA:0,(anonymous_45)
FNDA:1,(anonymous_46)
FNDA:1,(anonymous_47)
FNDA:0,(anonymous_48)
FNDA:0,(anonymous_49)
FNDA:0,(anonymous_50)
FNDA:0,(anonymous_51)
FNDA:1,UsersComponent_Factory
DA:27,2
DA:29,1
DA:30,1
DA:31,1
DA:32,1
DA:33,1
DA:35,1
DA:37,1
DA:39,1
DA:42,1
DA:43,1
DA:44,1
DA:45,1
DA:46,1
DA:47,1
DA:48,1
DA:49,1
DA:51,1
DA:53,0
DA:54,0
DA:55,0
DA:57,0
DA:58,0
DA:60,0
DA:66,1
DA:67,1
DA:68,1
DA:73,0
DA:77,0
DA:78,0
DA:79,0
DA:80,0
DA:81,0
DA:86,0
DA:91,0
DA:94,0
DA:95,0
DA:96,0
DA:98,0
DA:108,0
DA:109,0
DA:110,0
DA:112,0
DA:113,0
DA:122,0
DA:123,0
DA:134,0
DA:135,0
DA:136,0
DA:141,0
DA:142,0
DA:143,0
DA:144,0
DA:145,0
DA:152,0
DA:153,0
DA:154,0
DA:155,0
DA:156,0
DA:157,0
DA:163,0
DA:164,0
DA:181,0
DA:182,0
DA:183,0
DA:185,0
DA:186,0
DA:195,0
DA:200,0
DA:201,0
DA:202,0
DA:203,0
DA:204,0
DA:209,0
DA:214,0
DA:217,0
DA:218,0
DA:219,0
DA:230,0
DA:231,0
DA:232,0
DA:234,0
DA:235,0
DA:246,0
DA:247,0
DA:249,0
DA:251,0
DA:261,0
DA:262,0
DA:263,0
DA:264,0
DA:265,0
DA:266,0
DA:268,0
DA:269,0
DA:270,0
DA:272,0
DA:273,0
DA:283,0
DA:284,0
DA:285,0
DA:286,0
DA:287,0
DA:288,0
DA:291,0
DA:296,0
DA:297,0
DA:299,0
DA:301,0
DA:305,0
DA:306,0
DA:307,0
DA:308,0
DA:310,0
DA:311,0
DA:312,0
DA:314,0
DA:319,0
DA:324,1
DA:325,1
DA:326,1
DA:327,1
DA:328,1
DA:329,1
DA:334,0
DA:335,0
DA:336,0
DA:341,0
DA:343,0
DA:347,0
LF:130
LH:27
BRDA:53,0,0,0
BRDA:53,0,1,0
BRDA:78,1,0,0
BRDA:78,1,1,0
BRDA:79,2,0,0
BRDA:79,2,1,0
BRDA:94,3,0,0
BRDA:94,3,1,0
BRDA:109,4,0,0
BRDA:109,4,1,0
BRDA:112,5,0,0
BRDA:112,5,1,0
BRDA:128,6,0,0
BRDA:128,6,1,0
BRDA:135,7,0,0
BRDA:135,7,1,0
BRDA:135,8,0,0
BRDA:135,8,1,0
BRDA:138,9,0,0
BRDA:138,9,1,0
BRDA:142,10,0,0
BRDA:142,10,1,0
BRDA:143,11,0,0
BRDA:143,11,1,0
BRDA:152,12,0,0
BRDA:152,12,1,0
BRDA:155,13,0,0
BRDA:155,13,1,0
BRDA:182,14,0,0
BRDA:182,14,1,0
BRDA:185,15,0,0
BRDA:185,15,1,0
BRDA:201,16,0,0
BRDA:201,16,1,0
BRDA:202,17,0,0
BRDA:202,17,1,0
BRDA:218,18,0,0
BRDA:218,18,1,0
BRDA:231,19,0,0
BRDA:231,19,1,0
BRDA:234,20,0,0
BRDA:234,20,1,0
BRDA:246,21,0,0
BRDA:246,21,1,0
BRDA:262,22,0,0
BRDA:262,22,1,0
BRDA:268,23,0,0
BRDA:268,23,1,0
BRDA:284,24,0,0
BRDA:284,24,1,0
BRDA:296,25,0,0
BRDA:296,25,1,0
BRDA:306,26,0,0
BRDA:306,26,1,0
BRDA:311,27,0,0
BRDA:311,27,1,0
BRDA:341,28,0,0
BRDA:341,28,1,0
BRDA:27,29,0,1
BRDA:27,29,1,1
BRF:60
BRH:2
end_of_record
TN:
SF:src/app/superadmin/users/newpassword/newpassword.component.css
FNF:0
FNH:0
LF:0
LH:0
BRF:0
BRH:0
end_of_record
TN:
SF:src/app/superadmin/users/newpassword/newpassword.component.html
FNF:0
FNH:0
LF:0
LH:0
BRF:0
BRH:0
end_of_record
TN:
SF:src/app/superadmin/users/newpassword/newpassword.component.ts
FN:15,(anonymous_0)
FN:10,NewpasswordComponent_Factory
FNF:2
FNH:0
FNDA:0,(anonymous_0)
FNDA:0,NewpasswordComponent_Factory
DA:10,1
DA:11,0
DA:16,0
LF:3
LH:1
BRDA:10,0,0,0
BRDA:10,0,1,0
BRF:2
BRH:0
end_of_record
TN:
SF:src/app/superadmin/users/newuser/newuser.component.css
FNF:0
FNH:0
LF:0
LH:0
BRF:0
BRH:0
end_of_record
TN:
SF:src/app/superadmin/users/newuser/newuser.component.html
FNF:0
FNH:0
LF:0
LH:0
BRF:0
BRH:0
end_of_record
TN:
SF:src/app/superadmin/users/newuser/newuser.component.ts
FN:4,(anonymous_0)
FN:9,NewuserComponent_Factory
FNF:2
FNH:0
FNDA:0,(anonymous_0)
FNDA:0,NewuserComponent_Factory
DA:9,1
DA:10,0
LF:2
LH:1
BRDA:9,0,0,0
BRDA:9,0,1,0
BRF:2
BRH:0
end_of_record
TN:
SF:src/app/superadmin/workspaces/workspaces.component.css
FNF:0
FNH:0
LF:0
LH:0
BRF:0
BRH:0
end_of_record
TN:
SF:src/app/superadmin/workspaces/workspaces.component.html
FNF:0
FNH:0
LF:0
LH:0
BRF:0
BRH:0
end_of_record
TN:
SF:src/app/superadmin/workspaces/workspaces.component.ts
FN:34,(anonymous_21)
FN:44,(anonymous_22)
FN:57,(anonymous_23)
FN:58,(anonymous_24)
FN:64,(anonymous_25)
FN:72,(anonymous_26)
FN:77,(anonymous_27)
FN:92,(anonymous_28)
FN:112,(anonymous_29)
FN:121,(anonymous_30)
FN:137,(anonymous_31)
FN:168,(anonymous_32)
FN:171,(anonymous_33)
FN:174,(anonymous_34)
FN:189,(anonymous_35)
FN:193,(anonymous_36)
FN:202,(anonymous_37)
FN:211,(anonymous_38)
FN:216,(anonymous_39)
FN:230,(anonymous_40)
FN:231,(anonymous_41)
FN:240,(anonymous_42)
FN:246,(anonymous_43)
FN:250,(anonymous_44)
FN:254,(anonymous_45)
FN:21,WorkspacesComponent_Factory
FNF:26
FNH:14
FNDA:1,(anonymous_21)
FNDA:2,(anonymous_22)
FNDA:1,(anonymous_23)
FNDA:1,(anonymous_24)
FNDA:0,(anonymous_25)
FNDA:0,(anonymous_26)
FNDA:0,(anonymous_27)
FNDA:0,(anonymous_28)
FNDA:0,(anonymous_29)
FNDA:0,(anonymous_30)
FNDA:1,(anonymous_31)
FNDA:1,(anonymous_32)
FNDA:1,(anonymous_33)
FNDA:1,(anonymous_34)
FNDA:2,(anonymous_35)
FNDA:1,(anonymous_36)
FNDA:0,(anonymous_37)
FNDA:0,(anonymous_38)
FNDA:0,(anonymous_39)
FNDA:2,(anonymous_40)
FNDA:2,(anonymous_41)
FNDA:0,(anonymous_42)
FNDA:0,(anonymous_43)
FNDA:0,(anonymous_44)
FNDA:1,(anonymous_45)
FNDA:1,WorkspacesComponent_Factory
DA:21,2
DA:23,1
DA:24,1
DA:25,1
DA:26,1
DA:27,1
DA:28,1
DA:30,1
DA:32,1
DA:35,1
DA:36,1
DA:37,1
DA:38,1
DA:39,1
DA:40,1
DA:41,1
DA:43,1
DA:45,2
DA:46,1
DA:47,1
DA:49,1
DA:50,1
DA:52,2
DA:58,1
DA:59,1
DA:60,1
DA:65,0
DA:72,0
DA:73,0
DA:74,0
DA:75,0
DA:76,0
DA:78,0
DA:79,0
DA:80,0
DA:82,0
DA:83,0
DA:93,0
DA:94,0
DA:95,0
DA:97,0
DA:98,0
DA:107,0
DA:112,0
DA:113,0
DA:114,0
DA:115,0
DA:116,0
DA:122,0
DA:123,0
DA:124,0
DA:126,0
DA:127,0
DA:138,1
DA:139,1
DA:140,1
DA:142,1
DA:143,0
DA:153,1
DA:154,0
DA:156,1
DA:158,1
DA:168,1
DA:169,1
DA:170,1
DA:171,1
DA:172,1
DA:173,1
DA:175,1
DA:176,1
DA:177,1
DA:179,0
DA:180,0
DA:190,2
DA:191,2
DA:192,1
DA:193,1
DA:194,1
DA:195,1
DA:198,1
DA:203,0
DA:204,0
DA:206,0
DA:208,0
DA:212,0
DA:213,0
DA:214,0
DA:215,0
DA:217,0
DA:218,0
DA:219,0
DA:221,0
DA:226,0
DA:231,2
DA:232,2
DA:233,2
DA:234,2
DA:235,2
DA:236,2
DA:241,0
DA:242,0
DA:243,0
DA:247,0
DA:248,0
DA:250,0
DA:255,1
LF:106
LH:56
BRDA:45,0,0,1
BRDA:45,0,1,1
BRDA:73,1,0,0
BRDA:73,1,1,0
BRDA:74,2,0,0
BRDA:74,2,1,0
BRDA:78,3,0,0
BRDA:78,3,1,0
BRDA:94,4,0,0
BRDA:94,4,1,0
BRDA:97,5,0,0
BRDA:97,5,1,0
BRDA:113,6,0,0
BRDA:113,6,1,0
BRDA:114,7,0,0
BRDA:114,7,1,0
BRDA:122,8,0,0
BRDA:122,8,1,0
BRDA:139,9,0,1
BRDA:139,9,1,0
BRDA:142,10,0,0
BRDA:142,10,1,1
BRDA:153,11,0,0
BRDA:153,11,1,1
BRDA:169,12,0,1
BRDA:169,12,1,0
BRDA:175,13,0,1
BRDA:175,13,1,0
BRDA:191,14,0,1
BRDA:191,14,1,1
BRDA:203,15,0,0
BRDA:203,15,1,0
BRDA:213,16,0,0
BRDA:213,16,1,0
BRDA:218,17,0,0
BRDA:218,17,1,0
BRDA:247,18,0,0
BRDA:247,18,1,0
BRDA:21,19,0,1
BRDA:21,19,1,1
BRF:40
BRH:11
end_of_record
TN:
SF:src/app/superadmin/workspaces/editworkspace/editworkspace.component.css
FNF:0
FNH:0
LF:0
LH:0
BRF:0
BRH:0
end_of_record
TN:
SF:src/app/superadmin/workspaces/editworkspace/editworkspace.component.html
FNF:0
FNH:0
LF:0
LH:0
BRF:0
BRH:0
end_of_record
TN:
SF:src/app/superadmin/workspaces/editworkspace/editworkspace.component.ts
FN:14,(anonymous_0)
FN:9,EditworkspaceComponent_Factory
FNF:2
FNH:0
FNDA:0,(anonymous_0)
FNDA:0,EditworkspaceComponent_Factory
DA:9,1
DA:10,0
DA:15,0
LF:3
LH:1
BRDA:9,0,0,0
BRDA:9,0,1,0
BRF:2
BRH:0
end_of_record
TN:
SF:src/app/superadmin/workspaces/newworkspace/newworkspace.component.css
FNF:0
FNH:0
LF:0
LH:0
BRF:0
BRH:0
end_of_record
TN:
SF:src/app/superadmin/workspaces/newworkspace/newworkspace.component.html
FNF:0
FNH:0
LF:0
LH:0
BRF:0
BRH:0
end_of_record
TN:
SF:src/app/superadmin/workspaces/newworkspace/newworkspace.component.ts
FN:4,(anonymous_0)
FN:8,NewworkspaceComponent_Factory
FNF:2
FNH:0
FNDA:0,(anonymous_0)
FNDA:0,NewworkspaceComponent_Factory
DA:8,1
DA:9,0
LF:2
LH:1
BRDA:8,0,0,0
BRDA:8,0,1,0
BRF:2
BRH:0
end_of_record
TN:
SF:src/app/sys-check/backend.service.ts
FN:17,(anonymous_0)
FN:22,(anonymous_1)
FN:26,(anonymous_2)
FN:33,(anonymous_3)
FN:37,(anonymous_4)
FN:38,(anonymous_5)
FN:45,(anonymous_6)
FN:50,(anonymous_7)
FN:54,(anonymous_8)
FN:61,(anonymous_9)
FN:65,(anonymous_10)
FN:72,(anonymous_11)
FN:83,(anonymous_12)
FN:90,(anonymous_13)
FN:105,(anonymous_14)
FN:110,(anonymous_15)
FN:121,(anonymous_16)
FN:132,(anonymous_17)
FN:139,(anonymous_18)
FN:163,(anonymous_19)
FN:168,(anonymous_20)
FN:178,(anonymous_21)
FN:190,(anonymous_22)
FN:16,BackendService_Factory
FNF:24
FNH:14
FNDA:1,(anonymous_0)
FNDA:1,(anonymous_1)
FNDA:0,(anonymous_2)
FNDA:0,(anonymous_3)
FNDA:0,(anonymous_4)
FNDA:0,(anonymous_5)
FNDA:1,(anonymous_6)
FNDA:1,(anonymous_7)
FNDA:0,(anonymous_8)
FNDA:1,(anonymous_9)
FNDA:0,(anonymous_10)
FNDA:12,(anonymous_11)
FNDA:12,(anonymous_12)
FNDA:12,(anonymous_13)
FNDA:0,(anonymous_14)
FNDA:0,(anonymous_15)
FNDA:64,(anonymous_16)
FNDA:64,(anonymous_17)
FNDA:64,(anonymous_18)
FNDA:0,(anonymous_19)
FNDA:0,(anonymous_20)
FNDA:154,(anonymous_21)
FNDA:64,(anonymous_22)
FNDA:1,BackendService_Factory
DA:16,2
DA:18,1
DA:19,1
DA:23,1
DA:27,0
DA:28,0
DA:34,0
DA:37,0
DA:39,0
DA:40,0
DA:46,1
DA:47,1
DA:51,1
DA:52,1
DA:55,0
DA:56,0
DA:62,1
DA:66,0
DA:67,0
DA:73,12
DA:74,12
DA:75,12
DA:83,12
DA:84,12
DA:85,12
DA:86,12
DA:88,12
DA:90,12
DA:91,12
DA:92,0
DA:95,12
DA:96,0
DA:99,12
DA:100,12
DA:101,12
DA:102,12
DA:105,12
DA:106,0
DA:107,0
DA:110,12
DA:111,0
DA:112,0
DA:113,0
DA:116,12
DA:117,12
DA:122,64
DA:123,64
DA:124,64
DA:132,64
DA:133,64
DA:134,64
DA:135,64
DA:136,64
DA:137,64
DA:139,64
DA:140,64
DA:141,0
DA:144,64
DA:145,64
DA:147,64
DA:148,64
DA:150,64
DA:152,64
DA:153,0
DA:156,0
DA:160,64
DA:163,64
DA:164,0
DA:165,0
DA:168,64
DA:169,0
DA:170,0
DA:171,0
DA:174,64
DA:179,154
DA:180,154
DA:183,154
DA:184,154
DA:187,0
DA:191,64
DA:192,64
DA:193,64
DA:194,24000000
DA:195,24000000
DA:197,64
LF:85
LH:59
BRDA:91,0,0,0
BRDA:91,0,1,12
BRDA:95,1,0,0
BRDA:95,1,1,12
BRDA:140,2,0,0
BRDA:140,2,1,64
BRDA:152,3,0,0
BRDA:152,3,1,64
BRDA:179,4,0,154
BRDA:179,4,1,0
BRDA:180,5,0,154
BRDA:180,5,1,0
BRDA:183,6,0,154
BRDA:183,6,1,0
BRDA:183,7,0,154
BRDA:183,7,1,154
BRDA:16,8,0,1
BRDA:16,8,1,1
BRF:18
BRH:11
end_of_record
TN:
SF:src/app/sys-check/sys-check-data.service.ts
FN:10,(anonymous_0)
FN:57,(anonymous_1)
FN:60,(anonymous_2)
FN:74,(anonymous_3)
FN:13,SysCheckDataService_Factory
FNF:5
FNH:5
FNDA:1,(anonymous_0)
FNDA:1,(anonymous_1)
FNDA:5,(anonymous_2)
FNDA:6,(anonymous_3)
FNDA:1,SysCheckDataService_Factory
DA:13,2
DA:14,1
DA:15,1
DA:16,1
DA:17,1
DA:18,1
DA:19,1
DA:42,1
DA:43,1
DA:44,1
DA:45,1
DA:46,1
DA:47,1
DA:48,1
DA:55,1
DA:58,1
DA:59,1
DA:60,1
DA:61,5
DA:62,5
DA:67,5
DA:68,5
DA:75,6
DA:76,15
DA:77,5
DA:78,5
DA:79,5
DA:80,5
LF:28
LH:28
BRDA:61,0,0,5
BRDA:61,0,1,0
BRDA:62,1,0,5
BRDA:62,1,1,0
BRDA:62,2,0,5
BRDA:62,2,1,4
BRDA:62,2,2,1
BRDA:62,2,3,3
BRDA:62,2,4,1
BRDA:62,2,5,2
BRDA:62,2,6,1
BRDA:62,2,7,1
BRDA:62,2,8,1
BRDA:76,3,0,5
BRDA:76,3,1,10
BRDA:78,4,0,4
BRDA:78,4,1,1
BRDA:79,5,0,4
BRDA:79,5,1,1
BRDA:13,6,0,1
BRDA:13,6,1,1
BRF:21
BRH:19
end_of_record
TN:
SF:src/app/sys-check/sys-check-routing.module.ts
FN:22,(anonymous_0)
FN:28,(anonymous_1)
FN:21,SysCheckChildCanActivateGuard_Factory
FN:80,SysCheckRoutingModule_Factory
FNF:4
FNH:4
FNDA:1,(anonymous_0)
FNDA:4,(anonymous_1)
FNDA:1,SysCheckChildCanActivateGuard_Factory
FNDA:2,SysCheckRoutingModule_Factory
DA:21,3
DA:23,1
DA:24,1
DA:32,4
DA:33,4
DA:35,0
DA:36,0
DA:40,1
DA:77,1
DA:80,3
LF:10
LH:8
BRDA:32,0,0,4
BRDA:32,0,1,0
BRDA:32,1,0,4
BRDA:32,1,1,4
BRDA:21,2,0,1
BRDA:21,2,1,1
BRDA:80,3,0,1
BRDA:80,3,1,1
BRDA:80,4,0,1
BRDA:80,4,1,0
BRDA:80,4,2,1
BRF:11
BRH:9
end_of_record
TN:
SF:src/app/sys-check/sys-check.component.css
FNF:0
FNH:0
LF:0
LH:0
BRF:0
BRH:0
end_of_record
TN:
SF:src/app/sys-check/sys-check.component.html
FNF:0
FNH:0
LF:0
LH:0
BRF:0
BRH:0
end_of_record
TN:
SF:src/app/sys-check/sys-check.component.ts
FN:15,(anonymous_1)
FN:24,(anonymous_2)
FN:25,(anonymous_3)
FN:26,(anonymous_4)
FN:29,(anonymous_5)
FN:31,(anonymous_6)
FN:38,(anonymous_7)
FN:45,(anonymous_8)
FN:68,(anonymous_9)
FN:13,SysCheckComponent_Factory
FNF:10
FNH:9
FNDA:1,(anonymous_1)
FNDA:1,(anonymous_2)
FNDA:1,(anonymous_3)
FNDA:1,(anonymous_4)
FNDA:1,(anonymous_5)
FNDA:1,(anonymous_6)
FNDA:0,(anonymous_7)
FNDA:1,(anonymous_8)
FNDA:1,(anonymous_9)
FNDA:1,SysCheckComponent_Factory
DA:13,2
DA:14,1
DA:16,1
DA:17,1
DA:18,1
DA:19,1
DA:20,1
DA:25,1
DA:26,1
DA:27,1
DA:28,1
DA:29,1
DA:30,1
DA:31,1
DA:32,1
DA:33,1
DA:34,1
DA:35,1
DA:36,1
DA:37,0
DA:38,0
DA:39,0
DA:41,0
DA:43,1
DA:44,1
DA:46,1
DA:47,1
DA:49,0
DA:50,0
DA:54,1
DA:57,0
DA:60,0
DA:61,0
DA:69,1
DA:70,1
DA:71,1
DA:72,1
LF:37
LH:28
BRDA:33,0,0,1
BRDA:33,0,1,0
BRDA:36,1,0,0
BRDA:36,1,1,1
BRDA:43,2,0,1
BRDA:43,2,1,0
BRDA:46,3,0,1
BRDA:46,3,1,0
BRDA:46,4,0,1
BRDA:46,4,1,1
BRDA:13,5,0,1
BRDA:13,5,1,1
BRF:12
BRH:8
end_of_record
TN:
SF:src/app/sys-check/sys-check.interfaces.ts
FNF:0
FNH:0
LF:0
LH:0
BRF:0
BRH:0
end_of_record
TN:
SF:src/app/sys-check/sys-check.module.ts
FN:79,SysCheckModule_Factory
FNF:1
FNH:1
FNDA:2,SysCheckModule_Factory
DA:73,1
DA:79,3
LF:2
LH:2
BRDA:79,0,0,1
BRDA:79,0,1,1
BRDA:79,1,0,1
BRDA:79,1,1,0
BRDA:79,1,2,1
BRF:5
BRH:4
end_of_record
TN:
SF:src/app/sys-check/network-check/network-check.component.html
FNF:0
FNH:0
LF:0
LH:0
BRF:0
BRH:0
end_of_record
TN:
SF:src/app/sys-check/network-check/network-check.component.ts
FN:17,(anonymous_10)
FN:43,(anonymous_11)
FN:45,(anonymous_12)
FN:46,(anonymous_13)
FN:49,(anonymous_14)
FN:50,(anonymous_15)
FN:69,(anonymous_16)
FN:82,(anonymous_17)
FN:83,(anonymous_18)
FN:84,(anonymous_19)
FN:87,(anonymous_20)
FN:104,(anonymous_21)
FN:105,(anonymous_22)
FN:106,(anonymous_23)
FN:107,(anonymous_24)
FN:118,(anonymous_25)
FN:125,(anonymous_26)
FN:127,(anonymous_27)
FN:130,(anonymous_28)
FN:164,(anonymous_29)
FN:166,(anonymous_30)
FN:167,(anonymous_31)
FN:170,(anonymous_32)
FN:174,(anonymous_33)
FN:175,(anonymous_34)
FN:176,(anonymous_35)
FN:184,(anonymous_36)
FN:197,(anonymous_37)
FN:207,(anonymous_38)
FN:209,(anonymous_39)
FN:210,(anonymous_40)
FN:221,(anonymous_41)
FN:335,(anonymous_42)
FN:377,(anonymous_43)
FN:397,(anonymous_44)
FN:16,NetworkCheckComponent_Factory
FNF:36
FNH:35
FNDA:1,(anonymous_10)
FNDA:18,(anonymous_11)
FNDA:19,(anonymous_12)
FNDA:76,(anonymous_13)
FNDA:1,(anonymous_14)
FNDA:1,(anonymous_15)
FNDA:1,(anonymous_16)
FNDA:1,(anonymous_17)
FNDA:1,(anonymous_18)
FNDA:0,(anonymous_19)
FNDA:2,(anonymous_20)
FNDA:1750172,(anonymous_21)
FNDA:304,(anonymous_22)
FNDA:875008,(anonymous_23)
FNDA:74,(anonymous_24)
FNDA:19,(anonymous_25)
FNDA:19,(anonymous_26)
FNDA:19,(anonymous_27)
FNDA:76,(anonymous_28)
FNDA:42,(anonymous_29)
FNDA:15,(anonymous_30)
FNDA:288,(anonymous_31)
FNDA:19,(anonymous_32)
FNDA:76,(anonymous_33)
FNDA:76,(anonymous_34)
FNDA:76,(anonymous_35)
FNDA:76,(anonymous_36)
FNDA:19,(anonymous_37)
FNDA:19,(anonymous_38)
FNDA:76,(anonymous_39)
FNDA:76,(anonymous_40)
FNDA:1,(anonymous_41)
FNDA:1,(anonymous_42)
FNDA:1442,(anonymous_43)
FNDA:1,(anonymous_44)
FNDA:1,NetworkCheckComponent_Factory
DA:16,2
DA:18,1
DA:19,1
DA:26,1
DA:27,1
DA:29,1
DA:35,1
DA:43,18
DA:46,76
DA:50,1
DA:51,1
DA:53,1
DA:54,1
DA:55,1
DA:63,1
DA:64,1
DA:70,1
DA:71,1
DA:78,1
DA:79,1
DA:81,1
DA:82,1
DA:83,1
DA:84,0
DA:88,2
DA:89,2
DA:92,2
DA:104,1750172
DA:105,304
DA:106,875008
DA:107,74
DA:110,2
DA:111,1
DA:113,1
DA:119,19
DA:120,3
DA:122,16
DA:124,19
DA:125,19
DA:126,19
DA:128,19
DA:129,19
DA:130,76
DA:132,19
DA:133,3
DA:134,3
DA:136,16
DA:137,16
DA:139,19
DA:141,19
DA:142,0
DA:143,0
DA:146,19
DA:147,1
DA:149,1
DA:152,18
DA:156,17
DA:159,1
DA:165,42
DA:166,15
DA:167,288
DA:171,19
DA:173,19
DA:174,76
DA:175,76
DA:177,76
DA:178,76
DA:185,76
DA:186,76
DA:187,76
DA:188,12
DA:190,12
DA:192,64
DA:193,64
DA:198,19
DA:199,3
DA:201,16
DA:204,19
DA:208,19
DA:209,76
DA:210,76
DA:212,19
DA:213,3
DA:215,16
DA:218,19
DA:222,1
DA:223,1
DA:225,0
DA:231,1
DA:232,1
DA:234,1
DA:235,1
DA:237,1
DA:244,1
DA:251,1
DA:258,1
DA:265,1
DA:272,1
DA:279,1
DA:287,1
DA:288,1
DA:289,0
DA:297,1
DA:298,1
DA:306,1
DA:307,0
DA:315,1
DA:316,1
DA:325,0
DA:336,1
DA:342,1
DA:349,1
DA:350,1
DA:351,0
DA:353,1
DA:354,0
DA:357,1
DA:358,1
DA:359,0
DA:361,1
DA:362,0
DA:365,1
DA:366,1
DA:367,0
DA:370,1
DA:371,0
DA:374,1
DA:378,1442
DA:388,1442
DA:390,1366
DA:392,1442
DA:393,1442
DA:394,1442
LF:133
LH:120
BRDA:53,0,0,1
BRDA:53,0,1,0
BRDA:53,0,2,0
BRDA:54,1,0,1
BRDA:54,1,1,0
BRDA:57,2,0,1
BRDA:57,2,1,0
BRDA:58,3,0,1
BRDA:58,3,1,0
BRDA:59,4,0,1
BRDA:59,4,1,1
BRDA:60,5,0,1
BRDA:60,5,1,1
BRDA:63,6,0,1
BRDA:63,6,1,0
BRDA:63,7,0,1
BRDA:63,7,1,1
BRDA:88,8,0,2
BRDA:88,8,1,0
BRDA:89,9,0,1
BRDA:89,9,1,1
BRDA:99,10,0,1
BRDA:99,10,1,1
BRDA:100,11,0,1
BRDA:100,11,1,1
BRDA:102,12,0,1
BRDA:102,12,1,1
BRDA:104,13,0,0
BRDA:104,13,1,1750172
BRDA:105,14,0,117
BRDA:105,14,1,187
BRDA:106,15,0,0
BRDA:106,15,1,875008
BRDA:107,16,0,18
BRDA:107,16,1,56
BRDA:110,17,0,1
BRDA:110,17,1,1
BRDA:119,18,0,3
BRDA:119,18,1,16
BRDA:124,19,0,3
BRDA:124,19,1,16
BRDA:130,20,0,0
BRDA:130,20,1,76
BRDA:132,21,0,3
BRDA:132,21,1,16
BRDA:141,22,0,0
BRDA:141,22,1,19
BRDA:146,23,0,1
BRDA:146,23,1,18
BRDA:152,24,0,17
BRDA:152,24,1,1
BRDA:153,25,0,18
BRDA:153,25,1,14
BRDA:165,26,0,8
BRDA:165,26,1,34
BRDA:171,27,0,3
BRDA:171,27,1,16
BRDA:185,28,0,12
BRDA:185,28,1,64
BRDA:187,29,0,12
BRDA:187,29,1,64
BRDA:197,30,0,0
BRDA:198,31,0,3
BRDA:198,31,1,16
BRDA:212,32,0,3
BRDA:212,32,1,16
BRDA:221,33,0,1
BRDA:222,34,0,1
BRDA:222,34,1,0
BRDA:287,35,0,1
BRDA:287,35,1,0
BRDA:288,36,0,0
BRDA:288,36,1,1
BRDA:297,37,0,1
BRDA:297,37,1,0
BRDA:306,38,0,0
BRDA:306,38,1,1
BRDA:315,39,0,1
BRDA:315,39,1,0
BRDA:350,40,0,0
BRDA:350,40,1,1
BRDA:353,41,0,0
BRDA:353,41,1,1
BRDA:358,42,0,0
BRDA:358,42,1,1
BRDA:361,43,0,0
BRDA:361,43,1,1
BRDA:366,44,0,0
BRDA:366,44,1,1
BRDA:366,45,0,1
BRDA:366,45,1,1
BRDA:370,46,0,0
BRDA:370,46,1,1
BRDA:370,47,0,1
BRDA:370,47,1,1
BRDA:377,48,0,76
BRDA:377,49,0,686
BRDA:388,50,0,1366
BRDA:388,50,1,76
BRDA:392,51,0,0
BRDA:392,51,1,1442
BRDA:394,52,0,1442
BRDA:394,52,1,0
BRDA:394,52,2,1442
BRDA:394,53,0,76
BRDA:394,53,1,1366
BRDA:16,54,0,1
BRDA:16,54,1,1
BRF:108
BRH:82
end_of_record
TN:
SF:src/app/sys-check/network-check/tc-speed-chart.component.ts
FN:56,(anonymous_0)
FN:50,(anonymous_1)
FN:51,(anonymous_2)
FN:52,(anonymous_3)
FN:53,(anonymous_4)
FN:190,(anonymous_5)
FN:190,(anonymous_6)
FN:60,(anonymous_7)
FN:87,(anonymous_8)
FN:107,(anonymous_9)
FN:109,(anonymous_10)
FN:113,(anonymous_11)
FN:117,(anonymous_12)
FN:123,(anonymous_13)
FN:126,(anonymous_14)
FN:132,(anonymous_15)
FN:133,(anonymous_16)
FN:140,(anonymous_17)
FN:164,(anonymous_18)
FN:28,TcSpeedChartComponent_Factory
FNF:20
FNH:14
FNDA:2,(anonymous_0)
FNDA:0,(anonymous_1)
FNDA:0,(anonymous_2)
FNDA:0,(anonymous_3)
FNDA:0,(anonymous_4)
FNDA:19,(anonymous_5)
FNDA:57,(anonymous_6)
FNDA:2,(anonymous_7)
FNDA:19,(anonymous_8)
FNDA:19,(anonymous_9)
FNDA:76,(anonymous_10)
FNDA:76,(anonymous_11)
FNDA:76,(anonymous_12)
FNDA:0,(anonymous_13)
FNDA:0,(anonymous_14)
FNDA:19,(anonymous_15)
FNDA:76,(anonymous_16)
FNDA:2,(anonymous_17)
FNDA:2,(anonymous_18)
FNDA:2,TcSpeedChartComponent_Factory
DA:26,2
DA:28,3
DA:35,2
DA:50,0
DA:51,0
DA:52,0
DA:53,0
DA:57,2
DA:61,2
DA:62,2
DA:64,2
DA:65,2
DA:66,2
DA:69,2
DA:70,2
DA:71,2
DA:73,2
DA:74,2
DA:75,2
DA:76,2
DA:78,2
DA:79,2
DA:81,2
DA:82,2
DA:84,2
DA:88,19
DA:89,0
DA:91,19
DA:92,19
DA:93,19
DA:94,19
DA:95,19
DA:96,19
DA:97,19
DA:98,0
DA:100,19
DA:101,19
DA:103,19
DA:104,19
DA:108,19
DA:109,76
DA:113,76
DA:117,76
DA:124,0
DA:125,0
DA:126,0
DA:127,0
DA:129,0
DA:133,19
DA:134,76
DA:135,76
DA:136,76
DA:141,2
DA:142,2
DA:148,875008
DA:149,875008
DA:150,875008
DA:151,875008
DA:153,875008
DA:155,0
DA:156,0
DA:157,0
DA:158,0
DA:159,0
DA:160,0
DA:165,2
DA:166,2
DA:172,74
DA:174,74
DA:175,74
DA:176,74
DA:178,0
DA:180,74
DA:181,74
DA:182,74
DA:183,74
DA:184,74
DA:185,74
DA:190,57
LF:79
LH:61
BRDA:87,0,0,0
BRDA:87,1,0,0
BRDA:88,2,0,0
BRDA:88,2,1,19
BRDA:92,3,0,19
BRDA:92,3,1,19
BRDA:97,4,0,0
BRDA:97,4,1,19
BRDA:100,5,0,19
BRDA:100,5,1,0
BRDA:151,6,0,875008
BRDA:151,6,1,0
BRDA:156,7,0,0
BRDA:156,7,1,0
BRDA:176,8,0,0
BRDA:176,8,1,74
BRDA:181,9,0,2
BRDA:181,9,1,72
BRDA:28,10,0,2
BRDA:28,10,1,2
BRF:20
BRH:11
end_of_record
TN:
SF:src/app/sys-check/questionnaire/questionnaire.component.css
FNF:0
FNH:0
LF:0
LH:0
BRF:0
BRH:0
end_of_record
TN:
SF:src/app/sys-check/questionnaire/questionnaire.component.html
FNF:0
FNH:0
LF:0
LH:0
BRF:0
BRH:0
end_of_record
TN:
SF:src/app/sys-check/questionnaire/questionnaire.component.ts
FN:14,(anonymous_13)
FN:19,(anonymous_14)
FN:20,(anonymous_15)
FN:24,(anonymous_16)
FN:28,(anonymous_17)
FN:34,(anonymous_18)
FN:39,(anonymous_19)
FN:45,(anonymous_20)
FN:48,(anonymous_21)
FN:10,QuestionnaireComponent_Factory
FNF:10
FNH:9
FNDA:1,(anonymous_13)
FNDA:1,(anonymous_14)
FNDA:1,(anonymous_15)
FNDA:6,(anonymous_16)
FNDA:0,(anonymous_17)
FNDA:25,(anonymous_18)
FNDA:1,(anonymous_19)
FNDA:25,(anonymous_20)
FNDA:150,(anonymous_21)
FNDA:1,QuestionnaireComponent_Factory
DA:10,2
DA:12,1
DA:15,1
DA:20,1
DA:21,1
DA:22,1
DA:23,1
DA:24,1
DA:25,6
DA:27,1
DA:28,1
DA:29,0
DA:30,0
DA:31,0
DA:34,25
DA:40,1
DA:41,1
DA:46,25
DA:47,25
DA:48,25
DA:49,150
DA:50,125
DA:51,125
DA:52,125
LF:24
LH:21
BRDA:23,0,0,1
BRDA:23,0,1,0
BRDA:30,1,0,0
BRDA:30,1,1,0
BRDA:40,2,0,1
BRDA:40,2,1,0
BRDA:47,3,0,25
BRDA:47,3,1,0
BRDA:49,4,0,125
BRDA:49,4,1,25
BRDA:51,5,0,125
BRDA:51,5,1,0
BRDA:58,6,0,125
BRDA:58,6,1,100
BRDA:58,6,2,47
BRDA:10,7,0,1
BRDA:10,7,1,1
BRF:17
BRH:11
end_of_record
TN:
SF:src/app/sys-check/report/report.component.css
FNF:0
FNH:0
LF:0
LH:0
BRF:0
BRH:0
end_of_record
TN:
SF:src/app/sys-check/report/report.component.html
FNF:0
FNH:0
LF:0
LH:0
BRF:0
BRH:0
end_of_record
TN:
SF:src/app/sys-check/report/report.component.ts
FN:18,(anonymous_9)
FN:26,(anonymous_10)
FN:31,(anonymous_11)
FN:47,(anonymous_12)
FN:60,(anonymous_13)
FN:61,(anonymous_14)
FN:66,(anonymous_15)
FN:13,ReportComponent_Factory
FNF:8
FNH:5
FNDA:1,(anonymous_9)
FNDA:0,(anonymous_10)
FNDA:0,(anonymous_11)
FNDA:0,(anonymous_12)
FNDA:1,(anonymous_13)
FNDA:1,(anonymous_14)
FNDA:5,(anonymous_15)
FNDA:1,ReportComponent_Factory
DA:13,2
DA:14,1
DA:15,1
DA:16,1
DA:19,1
DA:20,1
DA:21,1
DA:22,1
DA:27,0
DA:31,0
DA:32,0
DA:33,0
DA:34,0
DA:35,0
DA:36,0
DA:48,0
DA:49,0
DA:50,0
DA:52,0
DA:61,1
DA:62,1
DA:63,1
DA:64,1
DA:65,1
DA:66,1
DA:67,5
DA:68,0
DA:72,0
LF:28
LH:15
BRDA:32,0,0,0
BRDA:32,0,1,0
BRDA:33,1,0,0
BRDA:33,1,1,0
BRDA:48,2,0,0
BRDA:48,2,1,0
BRDA:64,3,0,1
BRDA:64,3,1,0
BRDA:64,4,0,1
BRDA:64,4,1,1
BRDA:65,5,0,1
BRDA:65,5,1,0
BRDA:67,6,0,0
BRDA:67,6,1,5
BRDA:13,7,0,1
BRDA:13,7,1,1
BRF:16
BRH:7
end_of_record
TN:
SF:src/app/sys-check/report/save-report/save-report.component.css
FNF:0
FNH:0
LF:0
LH:0
BRF:0
BRH:0
end_of_record
TN:
SF:src/app/sys-check/report/save-report/save-report.component.html
FNF:0
FNH:0
LF:0
LH:0
BRF:0
BRH:0
end_of_record
TN:
SF:src/app/sys-check/report/save-report/save-report.component.ts
FN:4,(anonymous_0)
FN:10,SaveReportComponent_Factory
FNF:2
FNH:0
FNDA:0,(anonymous_0)
FNDA:0,SaveReportComponent_Factory
DA:10,1
DA:11,0
LF:2
LH:1
BRDA:10,0,0,0
BRDA:10,0,1,0
BRF:2
BRH:0
end_of_record
TN:
SF:src/app/sys-check/unit-check/unit-check.component.css
FNF:0
FNH:0
LF:0
LH:0
BRF:0
BRH:0
end_of_record
TN:
SF:src/app/sys-check/unit-check/unit-check.component.html
FNF:0
FNH:0
LF:0
LH:0
BRF:0
BRH:0
end_of_record
TN:
SF:src/app/sys-check/unit-check/unit-check.component.ts
FN:27,(anonymous_8)
FN:35,(anonymous_9)
FN:43,(anonymous_10)
FN:44,(anonymous_11)
FN:48,(anonymous_12)
FN:98,(anonymous_13)
FN:152,(anonymous_14)
FN:197,(anonymous_15)
FN:16,UnitCheckComponent_Factory
FNF:9
FNH:6
FNDA:1,(anonymous_8)
FNDA:0,(anonymous_9)
FNDA:1,(anonymous_10)
FNDA:1,(anonymous_11)
FNDA:1,(anonymous_12)
FNDA:0,(anonymous_13)
FNDA:0,(anonymous_14)
FNDA:1,(anonymous_15)
FNDA:1,UnitCheckComponent_Factory
DA:16,2
DA:17,1
DA:20,1
DA:21,1
DA:22,1
DA:23,1
DA:24,1
DA:25,1
DA:28,1
DA:29,1
DA:30,1
DA:36,0
DA:37,0
DA:38,0
DA:44,1
DA:45,1
DA:46,1
DA:47,1
DA:48,1
DA:49,1
DA:50,1
DA:52,1
DA:53,1
DA:55,1
DA:56,1
DA:57,1
DA:58,1
DA:70,1
DA:71,0
DA:72,0
DA:73,0
DA:75,1
DA:78,0
DA:79,0
DA:84,1
DA:85,0
DA:87,1
DA:88,1
DA:89,1
DA:90,1
DA:91,1
DA:92,1
DA:93,1
DA:99,0
DA:100,0
DA:101,0
DA:102,0
DA:103,0
DA:104,0
DA:112,0
DA:119,0
DA:120,0
DA:129,0
DA:130,0
DA:131,0
DA:132,0
DA:133,0
DA:134,0
DA:135,0
DA:136,0
DA:138,0
DA:142,0
DA:143,0
DA:144,0
DA:146,0
DA:147,0
DA:153,0
DA:155,0
DA:156,0
DA:157,0
DA:158,0
DA:159,0
DA:160,0
DA:163,0
DA:164,0
DA:166,0
DA:167,0
DA:168,0
DA:169,0
DA:170,0
DA:171,0
DA:174,0
DA:175,0
DA:177,0
DA:178,0
DA:179,0
DA:181,0
DA:183,0
DA:186,0
DA:187,0
DA:188,0
DA:198,1
DA:199,0
DA:201,1
DA:202,1
LF:95
LH:37
BRDA:36,0,0,0
BRDA:36,0,1,0
BRDA:36,1,0,0
BRDA:36,1,1,0
BRDA:46,2,0,1
BRDA:46,2,1,0
BRDA:52,3,0,1
BRDA:52,3,1,0
BRDA:52,4,0,1
BRDA:52,4,1,1
BRDA:53,5,0,1
BRDA:53,5,1,1
BRDA:53,5,2,0
BRDA:70,6,0,0
BRDA:70,6,1,1
BRDA:99,7,0,0
BRDA:99,7,1,0
BRDA:101,8,0,0
BRDA:101,8,1,0
BRDA:103,9,0,0
BRDA:103,9,1,0
BRDA:119,10,0,0
BRDA:119,10,1,0
BRDA:130,11,0,0
BRDA:130,11,1,0
BRDA:130,12,0,0
BRDA:130,12,1,0
BRDA:133,13,0,0
BRDA:133,13,1,0
BRDA:134,14,0,0
BRDA:134,14,1,0
BRDA:142,15,0,0
BRDA:142,15,1,0
BRDA:152,16,0,0
BRDA:155,17,0,0
BRDA:155,17,1,0
BRDA:158,18,0,0
BRDA:158,18,1,0
BRDA:158,19,0,0
BRDA:158,19,1,0
BRDA:163,20,0,0
BRDA:163,20,1,0
BRDA:163,21,0,0
BRDA:163,21,1,0
BRDA:166,22,0,0
BRDA:166,22,1,0
BRDA:169,23,0,0
BRDA:169,23,1,0
BRDA:169,24,0,0
BRDA:169,24,1,0
BRDA:174,25,0,0
BRDA:174,25,1,0
BRDA:177,26,0,0
BRDA:177,26,1,0
BRDA:178,27,0,0
BRDA:178,27,1,0
BRDA:178,28,0,0
BRDA:178,28,1,0
BRDA:181,29,0,0
BRDA:181,29,1,0
BRDA:186,30,0,0
BRDA:186,30,1,0
BRDA:187,31,0,0
BRDA:187,31,1,0
BRDA:198,32,0,0
BRDA:198,32,1,1
BRDA:201,33,0,1
BRDA:201,33,1,0
BRDA:16,34,0,1
BRDA:16,34,1,1
BRF:70
BRH:11
end_of_record
TN:
SF:src/app/sys-check/welcome/welcome.component.html
FNF:0
FNH:0
LF:0
LH:0
BRF:0
BRH:0
end_of_record
TN:
SF:src/app/sys-check/welcome/welcome.component.ts
FN:30,(anonymous_5)
FN:35,(anonymous_6)
FN:36,(anonymous_7)
FN:46,(anonymous_8)
FN:48,(anonymous_9)
FN:55,(anonymous_10)
FN:80,(anonymous_11)
FN:96,(anonymous_12)
FN:109,(anonymous_13)
FN:120,(anonymous_14)
FN:125,(anonymous_15)
FN:138,(anonymous_16)
FN:155,(anonymous_17)
FN:190,(anonymous_18)
FN:211,(anonymous_19)
FN:216,(anonymous_20)
FN:12,WelcomeComponent_Factory
FNF:17
FNH:17
FNDA:1,(anonymous_5)
FNDA:1,(anonymous_6)
FNDA:1,(anonymous_7)
FNDA:1,(anonymous_8)
FNDA:30,(anonymous_9)
FNDA:1,(anonymous_10)
FNDA:1,(anonymous_11)
FNDA:8,(anonymous_12)
FNDA:1,(anonymous_13)
FNDA:1,(anonymous_14)
FNDA:3,(anonymous_15)
FNDA:1,(anonymous_16)
FNDA:1,(anonymous_17)
FNDA:1,(anonymous_18)
FNDA:1,(anonymous_19)
FNDA:1,(anonymous_20)
FNDA:1,WelcomeComponent_Factory
DA:12,2
DA:13,1
DA:15,1
DA:31,1
DA:32,1
DA:36,1
DA:37,1
DA:38,1
DA:39,1
DA:40,1
DA:41,1
DA:42,1
DA:43,1
DA:44,1
DA:45,1
DA:47,1
DA:48,30
DA:49,1
DA:50,1
DA:56,1
DA:58,1
DA:60,1
DA:61,1
DA:62,1
DA:63,1
DA:64,1
DA:71,1
DA:82,1
DA:83,0
DA:86,1
DA:87,1
DA:97,8
DA:98,5
DA:110,1
DA:111,1
DA:112,1
DA:113,0
DA:115,1
DA:116,0
DA:121,1
DA:126,3
DA:127,3
DA:139,1
DA:140,1
DA:142,0
DA:143,0
DA:144,0
DA:146,0
DA:156,1
DA:158,1
DA:159,0
DA:160,0
DA:161,0
DA:162,0
DA:163,0
DA:164,0
DA:165,0
DA:166,0
DA:167,0
DA:168,0
DA:169,0
DA:170,0
DA:172,0
DA:174,1
DA:175,0
DA:176,1
DA:177,1
DA:179,0
DA:181,1
DA:191,1
DA:193,1
DA:200,1
DA:201,1
DA:202,1
DA:212,1
DA:213,1
DA:214,1
DA:217,1
DA:218,1
DA:225,1
DA:232,1
LF:81
LH:59
BRDA:48,0,0,18
BRDA:48,0,1,12
BRDA:82,1,0,0
BRDA:82,1,1,1
BRDA:97,2,0,5
BRDA:97,2,1,3
BRDA:97,3,0,8
BRDA:97,3,1,8
BRDA:112,4,0,0
BRDA:112,4,1,1
BRDA:112,5,0,1
BRDA:112,5,1,0
BRDA:115,6,0,0
BRDA:115,6,1,1
BRDA:126,7,0,3
BRDA:126,7,1,0
BRDA:139,8,0,1
BRDA:139,8,1,0
BRDA:139,9,0,1
BRDA:139,9,1,1
BRDA:158,10,0,0
BRDA:158,10,1,1
BRDA:159,11,0,0
BRDA:159,11,1,0
BRDA:161,12,0,0
BRDA:161,12,1,0
BRDA:163,13,0,0
BRDA:163,13,1,0
BRDA:165,14,0,0
BRDA:165,14,1,0
BRDA:167,15,0,0
BRDA:167,15,1,0
BRDA:169,16,0,0
BRDA:169,16,1,0
BRDA:174,17,0,0
BRDA:174,17,1,1
BRDA:176,18,0,1
BRDA:176,18,1,0
BRDA:191,19,0,1
BRDA:191,19,1,1
BRDA:200,20,0,1
BRDA:200,20,1,0
BRDA:200,20,2,0
BRDA:201,21,0,1
BRDA:201,21,1,0
BRDA:201,21,2,0
BRDA:12,22,0,1
BRDA:12,22,1,1
BRF:48
BRH:23
end_of_record
TN:
SF:src/app/test-controller/index.ts
FNF:0
FNH:0
LF:0
LH:0
BRF:0
BRH:0
end_of_record
TN:
SF:src/app/test-controller/test-controller.module.ts
FN:82,TestControllerModule_Factory
FNF:1
FNH:1
FNDA:6,TestControllerModule_Factory
DA:74,3
DA:82,9
LF:2
LH:2
BRDA:82,0,0,3
BRDA:82,0,1,3
BRDA:82,1,0,3
BRDA:82,1,1,0
BRDA:82,1,2,3
BRF:5
BRH:4
end_of_record
TN:
SF:src/app/test-controller/classes/test-controller.classes.ts
FN:11,(anonymous_0)
FN:18,(anonymous_1)
FN:23,(anonymous_2)
FN:37,(anonymous_3)
FN:57,(anonymous_4)
FN:66,(anonymous_5)
FN:73,(anonymous_6)
FN:78,(anonymous_7)
FN:84,(anonymous_8)
FN:98,(anonymous_9)
FN:132,(anonymous_10)
FN:150,(anonymous_11)
FN:169,(anonymous_12)
FN:183,(anonymous_13)
FN:193,(anonymous_14)
FN:214,(anonymous_15)
FN:234,(anonymous_16)
FN:249,(anonymous_17)
FN:277,(anonymous_18)
FN:285,(anonymous_19)
FN:263,(anonymous_20)
FN:273,(anonymous_21)
FN:310,(anonymous_22)
FN:298,(anonymous_23)
FN:306,(anonymous_24)
FNF:25
FNH:20
FNDA:18,(anonymous_0)
FNDA:84,(anonymous_1)
FNDA:70,(anonymous_2)
FNDA:9,(anonymous_3)
FNDA:88,(anonymous_4)
FNDA:12,(anonymous_5)
FNDA:9,(anonymous_6)
FNDA:6,(anonymous_7)
FNDA:9,(anonymous_8)
FNDA:163,(anonymous_9)
FNDA:6,(anonymous_10)
FNDA:4,(anonymous_11)
FNDA:2,(anonymous_12)
FNDA:0,(anonymous_13)
FNDA:2,(anonymous_14)
FNDA:1,(anonymous_15)
FNDA:9,(anonymous_16)
FNDA:0,(anonymous_17)
FNDA:6,(anonymous_18)
FNDA:18,(anonymous_19)
FNDA:0,(anonymous_20)
FNDA:0,(anonymous_21)
FNDA:2,(anonymous_22)
FNDA:0,(anonymous_23)
FNDA:1,(anonymous_24)
DA:12,18
DA:13,18
DA:14,18
DA:15,18
DA:19,84
DA:20,84
DA:21,56
DA:23,84
DA:24,70
DA:26,84
DA:34,9
DA:45,9
DA:46,9
DA:47,9
DA:48,9
DA:53,88
DA:54,88
DA:55,88
DA:56,88
DA:58,88
DA:63,12
DA:64,12
DA:68,12
DA:69,12
DA:74,9
DA:75,9
DA:76,9
DA:79,6
DA:80,6
DA:81,6
DA:92,9
DA:93,9
DA:94,9
DA:99,163
DA:100,163
DA:101,238
DA:102,238
DA:103,75
DA:104,75
DA:105,75
DA:106,52
DA:108,163
DA:109,163
DA:110,88
DA:111,88
DA:115,163
DA:116,140
DA:117,29
DA:119,140
DA:120,17
DA:122,140
DA:123,52
DA:124,52
DA:125,52
DA:129,163
DA:133,6
DA:134,6
DA:135,6
DA:136,6
DA:137,6
DA:140,0
DA:141,0
DA:142,0
DA:143,0
DA:147,0
DA:151,4
DA:152,4
DA:153,2
DA:155,2
DA:156,4
DA:157,4
DA:158,2
DA:159,2
DA:160,2
DA:161,2
DA:166,4
DA:170,2
DA:172,2
DA:174,1
DA:175,1
DA:176,1
DA:179,1
DA:180,1
DA:181,1
DA:182,0
DA:183,0
DA:185,1
DA:186,1
DA:190,2
DA:194,2
DA:196,1
DA:197,1
DA:198,1
DA:199,1
DA:200,1
DA:204,1
DA:205,1
DA:206,1
DA:207,1
DA:208,0
DA:215,1
DA:216,0
DA:217,0
DA:218,0
DA:221,1
DA:222,1
DA:223,1
DA:224,0
DA:225,0
DA:227,1
DA:228,1
DA:236,9
DA:237,9
DA:238,15
DA:239,15
DA:240,6
DA:241,6
DA:242,9
DA:243,0
DA:244,0
DA:250,0
DA:251,0
DA:252,0
DA:253,0
DA:254,0
DA:256,0
DA:261,6
DA:262,6
DA:264,0
DA:267,6
DA:268,6
DA:270,6
DA:271,6
DA:272,6
DA:274,0
DA:279,6
DA:281,6
DA:282,6
DA:283,6
DA:284,6
DA:285,18
DA:288,6
DA:289,6
DA:299,0
DA:300,0
DA:301,0
DA:302,0
DA:303,0
DA:307,1
DA:311,2
DA:312,2
DA:313,2
LF:152
LH:124
BRDA:18,0,0,14
BRDA:20,1,0,56
BRDA:20,1,1,28
BRDA:98,2,0,88
BRDA:102,3,0,75
BRDA:102,3,1,163
BRDA:105,4,0,52
BRDA:105,4,1,23
BRDA:108,5,0,163
BRDA:108,5,1,0
BRDA:109,6,0,88
BRDA:109,6,1,75
BRDA:115,7,0,140
BRDA:115,7,1,23
BRDA:116,8,0,29
BRDA:116,8,1,111
BRDA:119,9,0,17
BRDA:119,9,1,123
BRDA:122,10,0,52
BRDA:122,10,1,88
BRDA:124,11,0,52
BRDA:124,11,1,0
BRDA:135,12,0,6
BRDA:135,12,1,0
BRDA:136,13,0,6
BRDA:136,13,1,0
BRDA:140,14,0,0
BRDA:140,14,1,0
BRDA:142,15,0,0
BRDA:142,15,1,0
BRDA:152,16,0,2
BRDA:152,16,1,2
BRDA:157,17,0,2
BRDA:157,17,1,2
BRDA:160,18,0,2
BRDA:160,18,1,0
BRDA:169,19,0,1
BRDA:172,20,0,1
BRDA:172,20,1,1
BRDA:175,21,0,1
BRDA:175,21,1,0
BRDA:181,22,0,0
BRDA:181,22,1,1
BRDA:194,23,0,1
BRDA:194,23,1,1
BRDA:197,24,0,1
BRDA:197,24,1,0
BRDA:199,25,0,1
BRDA:199,25,1,0
BRDA:207,26,0,0
BRDA:207,26,1,1
BRDA:214,27,0,1
BRDA:215,28,0,0
BRDA:215,28,1,1
BRDA:217,29,0,0
BRDA:217,29,1,0
BRDA:223,30,0,0
BRDA:223,30,1,1
BRDA:234,31,0,3
BRDA:236,32,0,9
BRDA:236,32,1,9
BRDA:239,33,0,6
BRDA:239,33,1,9
BRDA:242,34,0,0
BRDA:242,34,1,9
BRDA:252,35,0,0
BRDA:252,35,1,0
BRDA:256,36,0,0
BRDA:256,36,1,0
BRDA:301,37,0,0
BRDA:301,37,1,0
BRF:71
BRH:46
end_of_record
TN:
SF:src/app/test-controller/components/review-dialog/review-dialog.component.html
FNF:0
FNH:0
LF:0
LH:0
BRF:0
BRH:0
end_of_record
TN:
SF:src/app/test-controller/components/review-dialog/review-dialog.component.ts
FN:22,(anonymous_0)
FN:27,(anonymous_1)
FN:34,(anonymous_2)
FN:9,ReviewDialogComponent_Factory
FNF:4
FNH:0
FNDA:0,(anonymous_0)
FNDA:0,(anonymous_1)
FNDA:0,(anonymous_2)
FNDA:0,ReviewDialogComponent_Factory
DA:9,3
DA:10,0
DA:20,3
DA:23,0
DA:24,0
DA:28,0
DA:29,0
DA:30,0
DA:35,0
DA:36,0
DA:37,0
DA:39,0
DA:40,0
DA:41,0
DA:43,0
DA:45,0
DA:46,0
DA:47,0
DA:49,0
DA:51,0
LF:20
LH:2
BRDA:29,0,0,0
BRDA:29,0,1,0
BRDA:36,1,0,0
BRDA:36,1,1,0
BRDA:39,2,0,0
BRDA:39,2,1,0
BRDA:40,3,0,0
BRDA:40,3,1,0
BRDA:45,4,0,0
BRDA:45,4,1,0
BRDA:46,5,0,0
BRDA:46,5,1,0
BRDA:9,6,0,0
BRDA:9,6,1,0
BRF:14
BRH:0
end_of_record
TN:
SF:src/app/test-controller/components/test-controller/test-controller.component.css
FNF:0
FNH:0
LF:0
LH:0
BRF:0
BRH:0
end_of_record
TN:
SF:src/app/test-controller/components/test-controller/test-controller.component.html
FNF:0
FNH:0
LF:0
LH:0
BRF:0
BRH:0
end_of_record
TN:
SF:src/app/test-controller/components/test-controller/test-controller.component.ts
FN:58,(anonymous_22)
FN:140,(anonymous_23)
FN:72,(anonymous_24)
FN:73,(anonymous_25)
FN:77,(anonymous_26)
FN:78,(anonymous_27)
FN:82,(anonymous_28)
FN:85,(anonymous_29)
FN:91,(anonymous_30)
FN:93,(anonymous_31)
FN:98,(anonymous_32)
FN:101,(anonymous_33)
FN:106,(anonymous_34)
FN:130,(anonymous_35)
FN:133,(anonymous_36)
FN:148,(anonymous_37)
FN:157,(anonymous_38)
FN:173,(anonymous_39)
FN:176,(anonymous_40)
FN:179,(anonymous_41)
FN:190,(anonymous_42)
FN:204,(anonymous_43)
FN:216,(anonymous_44)
FN:229,(anonymous_45)
FN:243,(anonymous_46)
FN:283,(anonymous_47)
FN:295,(anonymous_48)
FN:367,(anonymous_49)
FN:386,(anonymous_50)
FN:393,(anonymous_51)
FN:397,(anonymous_52)
FN:417,(anonymous_53)
FN:419,(anonymous_54)
FN:420,(anonymous_55)
FN:430,(anonymous_56)
FN:37,TestControllerComponent_Factory
FNF:36
FNH:25
FNDA:3,(anonymous_22)
FNDA:12,(anonymous_23)
FNDA:3,(anonymous_24)
FNDA:3,(anonymous_25)
FNDA:0,(anonymous_26)
FNDA:0,(anonymous_27)
FNDA:12,(anonymous_28)
FNDA:6,(anonymous_29)
FNDA:5,(anonymous_30)
FNDA:8,(anonymous_31)
FNDA:3,(anonymous_32)
FNDA:3,(anonymous_33)
FNDA:0,(anonymous_34)
FNDA:2,(anonymous_35)
FNDA:10,(anonymous_36)
FNDA:3,(anonymous_37)
FNDA:1,(anonymous_38)
FNDA:3,(anonymous_39)
FNDA:6,(anonymous_40)
FNDA:3,(anonymous_41)
FNDA:0,(anonymous_42)
FNDA:0,(anonymous_43)
FNDA:0,(anonymous_44)
FNDA:0,(anonymous_45)
FNDA:8,(anonymous_46)
FNDA:0,(anonymous_47)
FNDA:2,(anonymous_48)
FNDA:10,(anonymous_49)
FNDA:0,(anonymous_50)
FNDA:0,(anonymous_51)
FNDA:13,(anonymous_52)
FNDA:3,(anonymous_53)
FNDA:27,(anonymous_54)
FNDA:27,(anonymous_55)
FNDA:0,(anonymous_56)
FNDA:3,TestControllerComponent_Factory
DA:37,6
DA:38,3
DA:49,3
DA:50,3
DA:51,3
DA:52,3
DA:53,3
DA:54,3
DA:59,3
DA:60,3
DA:61,3
DA:62,3
DA:63,3
DA:64,3
DA:65,3
DA:66,3
DA:67,3
DA:68,3
DA:73,3
DA:74,3
DA:76,3
DA:77,0
DA:78,0
DA:80,3
DA:82,12
DA:84,3
DA:86,6
DA:89,3
DA:91,5
DA:94,8
DA:97,3
DA:99,3
DA:100,3
DA:102,3
DA:103,3
DA:104,3
DA:107,0
DA:108,0
DA:110,0
DA:112,0
DA:113,0
DA:119,0
DA:120,0
DA:129,3
DA:130,2
DA:132,3
DA:134,10
DA:135,10
DA:140,3
DA:141,12
DA:142,6
DA:149,3
DA:150,0
DA:152,3
DA:153,0
DA:155,3
DA:158,1
DA:159,0
DA:161,1
DA:162,0
DA:166,1
DA:174,3
DA:176,6
DA:180,3
DA:181,3
DA:191,0
DA:192,0
DA:194,0
DA:195,0
DA:204,0
DA:205,0
DA:206,0
DA:207,0
DA:208,0
DA:209,0
DA:210,0
DA:217,0
DA:218,0
DA:220,0
DA:224,0
DA:230,0
DA:231,0
DA:233,0
DA:244,8
DA:246,0
DA:247,0
DA:248,0
DA:250,0
DA:252,0
DA:253,0
DA:254,0
DA:258,0
DA:261,0
DA:262,0
DA:263,0
DA:265,0
DA:266,0
DA:268,0
DA:271,0
DA:272,0
DA:273,0
DA:274,0
DA:276,0
DA:277,0
DA:278,0
DA:280,0
DA:281,0
DA:282,0
DA:284,0
DA:288,0
DA:290,0
DA:296,2
DA:298,1
DA:300,1
DA:301,1
DA:303,0
DA:304,0
DA:305,0
DA:306,0
DA:315,0
DA:316,0
DA:317,0
DA:318,0
DA:319,0
DA:321,0
DA:323,1
DA:324,1
DA:325,1
DA:326,1
DA:327,1
DA:336,1
DA:337,1
DA:339,0
DA:340,0
DA:341,0
DA:343,0
DA:344,0
DA:345,0
DA:346,0
DA:347,0
DA:357,0
DA:358,0
DA:359,0
DA:360,0
DA:362,0
DA:368,10
DA:369,10
DA:370,10
DA:371,3
DA:373,7
DA:374,7
DA:375,21
DA:376,21
DA:385,7
DA:386,0
DA:387,0
DA:394,0
DA:398,13
DA:399,6
DA:400,6
DA:402,7
DA:404,0
DA:405,0
DA:407,7
DA:408,7
DA:410,0
DA:411,0
DA:413,0
DA:418,3
DA:419,27
DA:421,27
DA:422,27
DA:424,3
DA:426,3
DA:431,0
DA:432,0
LF:176
LH:85
BRDA:141,0,0,6
BRDA:141,0,1,6
BRDA:86,1,0,6
BRDA:86,1,1,0
BRDA:108,2,0,0
BRDA:108,2,1,0
BRDA:112,3,0,0
BRDA:112,3,1,0
BRDA:119,4,0,0
BRDA:119,4,1,0
BRDA:121,5,0,0
BRDA:121,5,1,0
BRDA:149,6,0,0
BRDA:149,6,1,3
BRDA:152,7,0,0
BRDA:152,7,1,3
BRDA:158,8,0,0
BRDA:158,8,1,1
BRDA:161,9,0,0
BRDA:161,9,1,1
BRDA:180,10,0,3
BRDA:180,10,1,0
BRDA:183,11,0,0
BRDA:183,11,1,3
BRDA:191,12,0,0
BRDA:191,12,1,0
BRDA:205,13,0,0
BRDA:205,13,1,0
BRDA:206,14,0,0
BRDA:206,14,1,0
BRDA:209,15,0,0
BRDA:209,15,1,0
BRDA:215,16,0,0
BRDA:215,16,1,0
BRDA:217,17,0,0
BRDA:217,17,1,0
BRDA:228,18,0,0
BRDA:228,18,1,0
BRDA:230,19,0,0
BRDA:230,19,1,0
BRDA:244,20,0,0
BRDA:244,20,1,0
BRDA:244,20,2,0
BRDA:244,20,3,0
BRDA:244,20,4,0
[...]
FN:56,(anonymous_5)
FN:61,(anonymous_6)
FN:72,(anonymous_7)
FN:76,(anonymous_8)
FN:83,(anonymous_9)
FN:90,(anonymous_10)
FN:97,(anonymous_11)
FN:101,(anonymous_12)
FN:108,(anonymous_13)
FN:112,(anonymous_14)
FN:119,(anonymous_15)
FN:123,(anonymous_16)
FN:124,(anonymous_17)
FN:131,(anonymous_18)
FN:135,(anonymous_19)
FN:142,(anonymous_20)
FN:159,(anonymous_21)
FN:166,(anonymous_22)
FN:174,(anonymous_23)
FN:185,(anonymous_24)
FN:198,(anonymous_25)
FN:205,(anonymous_26)
FN:209,(anonymous_27)
FN:216,(anonymous_28)
FN:229,(anonymous_29)
FN:244,(anonymous_30)
FN:261,(anonymous_31)
FN:27,BackendService_Factory
FNF:33
FNH:11
FNDA:19,(anonymous_0)
FNDA:19,(anonymous_1)
FNDA:0,(anonymous_2)
FNDA:20,(anonymous_3)
FNDA:0,(anonymous_4)
FNDA:2,(anonymous_5)
FNDA:0,(anonymous_6)
FNDA:6,(anonymous_7)
FNDA:0,(anonymous_8)
FNDA:0,(anonymous_9)
FNDA:0,(anonymous_10)
FNDA:0,(anonymous_11)
FNDA:0,(anonymous_12)
FNDA:0,(anonymous_13)
FNDA:0,(anonymous_14)
FNDA:1,(anonymous_15)
FNDA:1,(anonymous_16)
FNDA:0,(anonymous_17)
FNDA:2,(anonymous_18)
FNDA:0,(anonymous_19)
FNDA:0,(anonymous_20)
FNDA:0,(anonymous_21)
FNDA:0,(anonymous_22)
FNDA:0,(anonymous_23)
FNDA:6,(anonymous_24)
FNDA:0,(anonymous_25)
FNDA:10,(anonymous_26)
FNDA:0,(anonymous_27)
FNDA:0,(anonymous_28)
FNDA:0,(anonymous_29)
FNDA:0,(anonymous_30)
FNDA:0,(anonymous_31)
FNDA:19,BackendService_Factory
DA:27,38
DA:29,19
DA:30,19
DA:35,19
DA:39,0
DA:40,0
DA:46,20
DA:50,0
DA:51,0
DA:57,2
DA:58,2
DA:62,0
DA:63,0
DA:73,6
DA:77,0
DA:78,0
DA:84,0
DA:91,0
DA:92,0
DA:98,0
DA:102,0
DA:103,0
DA:109,0
DA:113,0
DA:114,0
DA:120,1
DA:123,1
DA:125,0
DA:126,0
DA:132,2
DA:136,0
DA:137,0
DA:144,0
DA:160,0
DA:161,0
DA:167,0
DA:175,0
DA:176,0
DA:186,6
DA:199,0
DA:200,0
DA:206,10
DA:210,0
DA:211,0
DA:217,0
DA:230,0
DA:231,0
DA:232,0
DA:233,0
DA:234,0
DA:235,0
DA:236,0
DA:238,0
DA:245,0
DA:246,0
DA:252,0
DA:253,0
DA:259,0
DA:261,0
LF:59
LH:13
BRDA:232,0,0,0
BRDA:232,0,1,0
BRDA:234,1,0,0
BRDA:234,1,1,0
BRDA:236,2,0,0
BRDA:236,2,1,0
BRDA:245,3,0,0
BRDA:245,3,1,0
BRDA:252,4,0,0
BRDA:252,4,1,0
BRDA:27,5,0,19
BRDA:27,5,1,19
BRF:12
BRH:2
end_of_record
TN:
SF:src/app/workspace-admin/index.ts
FNF:0
FNH:0
LF:0
LH:0
BRF:0
BRH:0
end_of_record
TN:
SF:src/app/workspace-admin/workspace-routing.module.ts
FN:26,WorkspaceRoutingModule_Factory
FNF:1
FNH:1
FNDA:38,WorkspaceRoutingModule_Factory
DA:9,19
DA:23,19
DA:26,57
LF:3
LH:3
BRDA:26,0,0,19
BRDA:26,0,1,19
BRDA:26,1,0,19
BRDA:26,1,1,0
BRDA:26,1,2,19
BRF:5
BRH:4
end_of_record
TN:
SF:src/app/workspace-admin/workspace.component.css
FNF:0
FNH:0
LF:0
LH:0
BRF:0
BRH:0
end_of_record
TN:
SF:src/app/workspace-admin/workspace.component.html
FNF:0
FNH:0
LF:0
LH:0
BRF:0
BRH:0
end_of_record
TN:
SF:src/app/workspace-admin/workspace.component.ts
FN:15,(anonymous_1)
FN:28,(anonymous_2)
FN:29,(anonymous_3)
FN:31,(anonymous_4)
FN:33,(anonymous_5)
FN:44,(anonymous_6)
FN:12,WorkspaceComponent_Factory
FNF:7
FNH:6
FNDA:19,(anonymous_1)
FNDA:19,(anonymous_2)
FNDA:19,(anonymous_3)
FNDA:19,(anonymous_4)
FNDA:19,(anonymous_5)
FNDA:0,(anonymous_6)
FNDA:19,WorkspaceComponent_Factory
DA:12,38
DA:13,19
DA:16,19
DA:17,19
DA:18,19
DA:19,19
DA:22,19
DA:29,19
DA:30,19
DA:31,19
DA:32,19
DA:33,19
DA:34,19
DA:35,19
DA:36,19
DA:37,19
DA:45,0
DA:46,0
LF:18
LH:16
BRDA:34,0,0,19
BRDA:34,0,1,0
BRDA:45,1,0,0
BRDA:45,1,1,0
BRDA:12,2,0,19
BRDA:12,2,1,19
BRF:6
BRH:3
end_of_record
TN:
SF:src/app/workspace-admin/workspace.interfaces.ts
FN:30,(anonymous_0)
FNF:1
FNH:1
FNDA:19,(anonymous_0)
DA:1,19
DA:30,19
DA:31,19
DA:32,19
DA:33,19
DA:34,19
LF:6
LH:6
BRDA:30,0,0,19
BRDA:30,0,1,19
BRF:2
BRH:2
end_of_record
TN:
SF:src/app/workspace-admin/workspace.module.ts
FN:82,WorkspaceModule_Factory
FNF:1
FNH:1
FNDA:38,WorkspaceModule_Factory
DA:76,19
DA:82,57
LF:2
LH:2
BRDA:82,0,0,19
BRDA:82,0,1,19
BRDA:82,1,0,19
BRDA:82,1,1,0
BRDA:82,1,2,19
BRF:5
BRH:4
end_of_record
TN:
SF:src/app/workspace-admin/workspacedata.service.ts
FN:19,(anonymous_0)
FN:26,(anonymous_1)
FN:29,(anonymous_2)
FN:14,WorkspaceDataService_Factory
FNF:4
FNH:4
FNDA:19,(anonymous_0)
FNDA:6,(anonymous_1)
FNDA:6,(anonymous_2)
FNDA:19,WorkspaceDataService_Factory
DA:14,38
DA:16,19
DA:17,19
DA:20,19
DA:21,19
DA:22,19
DA:23,19
DA:27,6
DA:29,6
DA:30,6
DA:31,6
DA:32,6
DA:34,6
DA:36,6
DA:37,0
DA:39,6
DA:41,6
DA:42,6
DA:44,0
LF:19
LH:17
BRDA:36,0,0,0
BRDA:36,0,1,6
BRDA:41,1,0,6
BRDA:41,1,1,0
BRDA:14,2,0,19
BRDA:14,2,1,19
BRF:6
BRH:4
end_of_record
TN:
SF:src/app/workspace-admin/files/files.component.css
FNF:0
FNH:0
LF:0
LH:0
BRF:0
BRH:0
end_of_record
TN:
SF:src/app/workspace-admin/files/files.component.html
FNF:0
FNH:0
LF:0
LH:0
BRF:0
BRH:0
end_of_record
TN:
SF:src/app/workspace-admin/files/files.component.ts
FN:68,(anonymous_31)
FN:78,(anonymous_32)
FN:80,(anonymous_33)
FN:86,(anonymous_34)
FN:87,(anonymous_35)
FN:93,(anonymous_36)
FN:99,(anonymous_37)
FN:100,(anonymous_38)
FN:120,(anonymous_39)
FN:123,(anonymous_40)
FN:152,(anonymous_41)
FN:158,(anonymous_42)
FN:159,(anonymous_43)
FN:162,(anonymous_44)
FN:172,(anonymous_45)
FN:182,(anonymous_46)
FN:183,(anonymous_47)
FN:198,(anonymous_48)
FN:199,(anonymous_49)
FN:201,(anonymous_50)
FN:206,(anonymous_51)
FN:227,(anonymous_52)
FN:231,(anonymous_53)
FN:240,(anonymous_54)
FN:242,compare
FN:248,(anonymous_56)
FN:250,(anonymous_57)
FN:38,FilesComponent_Factory
FNF:28
FNH:28
FNDA:19,(anonymous_31)
FNDA:19,(anonymous_32)
FNDA:19,(anonymous_33)
FNDA:2,(anonymous_34)
FNDA:2,(anonymous_35)
FNDA:2,(anonymous_36)
FNDA:10,(anonymous_37)
FNDA:20,(anonymous_38)
FNDA:2,(anonymous_39)
FNDA:1,(anonymous_40)
FNDA:20,(anonymous_41)
FNDA:20,(anonymous_42)
FNDA:20,(anonymous_43)
FNDA:99,(anonymous_44)
FNDA:20,(anonymous_45)
FNDA:99,(anonymous_46)
FNDA:199,(anonymous_47)
FNDA:20,(anonymous_48)
FNDA:99,(anonymous_49)
FNDA:199,(anonymous_50)
FNDA:199,(anonymous_51)
FNDA:10,(anonymous_52)
FNDA:10,(anonymous_53)
FNDA:20,(anonymous_54)
FNDA:100,compare
FNDA:99,(anonymous_56)
FNDA:100,(anonymous_57)
FNDA:19,FilesComponent_Factory
DA:38,38
DA:39,19
DA:40,19
DA:41,19
DA:42,19
DA:44,19
DA:49,19
DA:57,19
DA:69,19
DA:70,19
DA:71,19
DA:72,19
DA:73,19
DA:74,19
DA:75,19
DA:80,19
DA:81,19
DA:82,19
DA:87,2
DA:88,2
DA:89,2
DA:94,2
DA:95,0
DA:98,2
DA:99,2
DA:100,10
DA:101,20
DA:102,2
DA:107,2
DA:108,2
DA:109,2
DA:120,2
DA:121,2
DA:122,2
DA:123,2
DA:124,1
DA:125,1
DA:126,1
DA:128,1
DA:129,0
DA:131,1
DA:132,0
DA:135,1
DA:136,1
DA:141,0
DA:153,20
DA:154,0
DA:155,0
DA:157,20
DA:158,20
DA:160,20
DA:161,20
DA:163,99
DA:165,20
DA:166,20
DA:167,20
DA:173,20
DA:181,20
DA:183,99
DA:184,199
DA:185,99
DA:187,199
DA:188,199
DA:189,0
DA:190,0
DA:192,199
DA:195,20
DA:199,20
DA:201,199
DA:203,20
DA:207,199
DA:208,20
DA:209,20
DA:211,20
DA:213,20
DA:217,0
DA:224,199
DA:228,10
DA:229,10
DA:232,10
DA:233,10
DA:234,10
DA:241,20
DA:243,100
DA:244,100
DA:246,0
DA:248,20
DA:249,99
DA:250,100
LF:89
LH:79
BRDA:94,0,0,0
BRDA:94,0,1,2
BRDA:101,1,0,2
BRDA:101,1,1,18
BRDA:107,2,0,2
BRDA:107,2,1,0
BRDA:113,3,0,0
BRDA:113,3,1,2
BRDA:113,4,0,0
BRDA:113,4,1,2
BRDA:114,5,0,0
BRDA:114,5,1,2
BRDA:121,6,0,2
BRDA:121,6,1,0
BRDA:125,7,0,1
BRDA:125,7,1,0
BRDA:128,8,0,0
BRDA:128,8,1,1
BRDA:131,9,0,0
BRDA:131,9,1,1
BRDA:135,10,0,0
BRDA:135,10,1,1
BRDA:152,11,0,20
BRDA:153,12,0,0
BRDA:153,12,1,20
BRDA:184,13,0,99
BRDA:184,13,1,100
BRDA:188,14,0,0
BRDA:188,14,1,199
BRDA:188,15,0,199
BRDA:188,15,1,20
BRDA:192,16,0,20
BRDA:192,16,1,179
BRDA:207,17,0,20
BRDA:207,17,1,179
BRDA:209,18,0,20
BRDA:209,18,1,0
BRDA:213,19,0,0
BRDA:213,19,1,20
BRDA:214,20,0,20
BRDA:214,20,1,20
BRDA:214,21,0,0
BRDA:214,21,1,20
BRDA:214,22,0,20
BRDA:214,22,1,20
BRDA:215,23,0,0
BRDA:215,23,1,20
BRDA:215,24,0,20
BRDA:215,24,1,20
BRDA:219,25,0,0
BRDA:219,25,1,0
BRDA:219,26,0,0
BRDA:219,26,1,0
BRDA:220,27,0,0
BRDA:220,27,1,0
BRDA:220,28,0,0
BRDA:220,28,1,0
BRDA:233,29,0,10
BRDA:233,29,1,0
BRDA:243,30,0,100
BRDA:243,30,1,0
BRDA:243,31,0,100
BRDA:243,31,1,100
BRDA:244,32,0,100
BRDA:244,32,1,0
BRDA:246,33,0,0
BRDA:246,33,1,0
BRDA:246,34,0,0
BRDA:246,34,1,0
BRDA:38,35,0,19
BRDA:38,35,1,19
BRF:71
BRH:40
end_of_record
TN:
SF:src/app/workspace-admin/files/files.interfaces.ts
FN:16,(anonymous_0)
FNF:1
FNH:1
FNDA:19,(anonymous_0)
DA:16,19
DA:17,19
DA:18,19
DA:19,19
DA:20,19
LF:5
LH:5
BRDA:16,0,0,19
BRDA:16,0,1,19
BRF:2
BRH:2
end_of_record
TN:
SF:src/app/workspace-admin/files/iqb-files.scss
FNF:0
FNH:0
LF:0
LH:0
BRF:0
BRH:0
end_of_record
TN:
SF:src/app/workspace-admin/files/iqb-files-upload/iqb-files-upload.component.html
FNF:0
FNH:0
LF:0
LH:0
BRF:0
BRH:0
end_of_record
TN:
SF:src/app/workspace-admin/files/iqb-files-upload/iqb-files-upload.component.ts
FN:17,(anonymous_6)
FN:23,(anonymous_7)
FN:27,(anonymous_8)
FN:33,(anonymous_9)
FN:55,(anonymous_10)
FN:60,(anonymous_11)
FN:65,(anonymous_12)
FN:70,(anonymous_13)
FN:83,(anonymous_14)
FN:89,(anonymous_15)
FN:104,(anonymous_16)
FN:111,(anonymous_17)
FN:118,(anonymous_18)
FN:14,IqbFilesUploadComponent_Factory
FNF:14
FNH:0
FNDA:0,(anonymous_6)
FNDA:0,(anonymous_7)
FNDA:0,(anonymous_8)
FNDA:0,(anonymous_9)
FNDA:0,(anonymous_10)
FNDA:0,(anonymous_11)
FNDA:0,(anonymous_12)
FNDA:0,(anonymous_13)
FNDA:0,(anonymous_14)
FNDA:0,(anonymous_15)
FNDA:0,(anonymous_16)
FNDA:0,(anonymous_17)
FNDA:0,(anonymous_18)
FNDA:0,IqbFilesUploadComponent_Factory
DA:14,19
DA:15,0
DA:18,0
DA:19,0
DA:24,0
DA:28,0
DA:29,0
DA:34,0
DA:36,0
DA:38,0
DA:40,0
DA:47,0
DA:50,0
DA:53,0
DA:57,0
DA:61,0
DA:62,0
DA:67,0
DA:71,0
DA:74,0
DA:75,0
DA:77,0
DA:79,0
DA:84,0
DA:85,0
DA:86,0
DA:90,0
DA:91,0
DA:94,0
DA:95,0
DA:96,0
DA:97,0
DA:98,0
DA:99,0
DA:103,0
DA:105,0
DA:106,0
DA:107,0
DA:112,0
DA:113,0
DA:115,0
DA:119,0
DA:120,0
LF:43
LH:1
BRDA:34,0,0,0
BRDA:34,0,1,0
BRDA:34,0,2,0
BRDA:90,1,0,0
BRDA:90,1,1,0
BRDA:97,2,0,0
BRDA:97,2,1,0
BRDA:97,3,0,0
BRDA:97,3,1,0
BRDA:98,4,0,0
BRDA:98,4,1,0
BRDA:112,5,0,0
BRDA:112,5,1,0
BRDA:119,6,0,0
BRDA:119,6,1,0
BRDA:14,7,0,0
BRDA:14,7,1,0
BRF:17
BRH:0
end_of_record
TN:
SF:src/app/workspace-admin/files/iqb-files-upload-input-for/iqb-files-upload-input-for.directive.ts
FN:13,(anonymous_0)
FN:17,(anonymous_1)
FN:25,(anonymous_2)
FN:9,IqbFilesUploadInputForDirective_Factory
FNF:4
FNH:3
FNDA:19,(anonymous_0)
FNDA:19,(anonymous_1)
FNDA:0,(anonymous_2)
FNDA:19,IqbFilesUploadInputForDirective_Factory
DA:9,38
DA:10,19
DA:13,19
DA:14,19
DA:19,19
DA:20,19
DA:26,0
DA:29,0
DA:30,0
DA:32,0
LF:10
LH:6
BRDA:19,0,0,19
BRDA:19,0,1,0
BRDA:9,1,0,19
BRDA:9,1,1,19
BRF:4
BRH:3
end_of_record
TN:
SF:src/app/workspace-admin/files/iqb-files-upload-queue/iqb-files-upload-queue.component.html
FNF:0
FNH:0
LF:0
LH:0
BRF:0
BRH:0
end_of_record
TN:
SF:src/app/workspace-admin/files/iqb-files-upload-queue/iqb-files-upload-queue.component.ts
FN:7,(anonymous_6)
FN:30,(anonymous_7)
FN:34,(anonymous_8)
FN:38,(anonymous_9)
FN:44,(anonymous_10)
FN:48,(anonymous_11)
FN:52,(anonymous_12)
FN:12,IqbFilesUploadQueueComponent_Factory
FNF:8
FNH:4
FNDA:19,(anonymous_6)
FNDA:0,(anonymous_7)
FNDA:7,(anonymous_8)
FNDA:7,(anonymous_9)
FNDA:0,(anonymous_10)
FNDA:0,(anonymous_11)
FNDA:0,(anonymous_12)
FNDA:19,IqbFilesUploadQueueComponent_Factory
DA:12,38
DA:13,19
DA:15,19
DA:16,19
DA:28,19
DA:31,0
DA:35,7
DA:39,7
DA:40,7
DA:45,0
DA:49,0
DA:50,0
DA:51,0
DA:52,0
DA:53,0
DA:54,0
DA:55,0
DA:56,0
DA:57,0
DA:58,0
DA:62,0
DA:63,0
DA:64,0
LF:23
LH:8
BRDA:39,0,0,7
BRDA:39,0,1,0
BRDA:53,1,0,0
BRDA:53,1,1,0
BRDA:53,2,0,0
BRDA:53,2,1,0
BRDA:55,3,0,0
BRDA:55,3,1,0
BRDA:57,4,0,0
BRDA:57,4,1,0
BRDA:62,5,0,0
BRDA:62,5,1,0
BRDA:62,6,0,0
BRDA:62,6,1,0
BRDA:12,7,0,19
BRDA:12,7,1,19
BRF:16
BRH:3
end_of_record
TN:
SF:src/app/workspace-admin/results/results.component.css
FNF:0
FNH:0
LF:0
LH:0
BRF:0
BRH:0
end_of_record
TN:
SF:src/app/workspace-admin/results/results.component.html
FNF:0
FNH:0
LF:0
LH:0
BRF:0
BRH:0
end_of_record
TN:
SF:src/app/workspace-admin/results/results.component.ts
FN:27,(anonymous_20)
FN:35,(anonymous_21)
FN:36,(anonymous_22)
FN:42,(anonymous_23)
FN:45,(anonymous_24)
FN:53,(anonymous_25)
FN:59,(anonymous_26)
FN:62,(anonymous_27)
FN:65,(anonymous_28)
FN:69,(anonymous_29)
FN:73,(anonymous_30)
FN:77,(anonymous_31)
FN:81,(anonymous_32)
FN:91,(anonymous_33)
FN:94,(anonymous_34)
FN:115,(anonymous_35)
FN:118,(anonymous_36)
FN:16,ResultsComponent_Factory
FNF:18
FNH:15
FNDA:5,(anonymous_20)
FNDA:5,(anonymous_21)
FNDA:5,(anonymous_22)
FNDA:6,(anonymous_23)
FNDA:6,(anonymous_24)
FNDA:232,(anonymous_25)
FNDA:0,(anonymous_26)
FNDA:0,(anonymous_27)
FNDA:2,(anonymous_28)
FNDA:0,(anonymous_29)
FNDA:2,(anonymous_30)
FNDA:4,(anonymous_31)
FNDA:4,(anonymous_32)
FNDA:1,(anonymous_33)
FNDA:1,(anonymous_34)
FNDA:1,(anonymous_35)
FNDA:1,(anonymous_36)
FNDA:5,ResultsComponent_Factory
DA:16,24
DA:17,5
DA:21,5
DA:23,5
DA:25,5
DA:28,5
DA:29,5
DA:30,5
DA:31,5
DA:32,5
DA:36,5
DA:37,5
DA:38,5
DA:43,6
DA:44,6
DA:46,6
DA:47,6
DA:48,6
DA:54,232
DA:55,232
DA:56,232
DA:60,0
DA:62,0
DA:66,2
DA:70,0
DA:74,2
DA:78,4
DA:79,4
DA:81,4
DA:82,4
DA:85,4
DA:87,4
DA:92,1
DA:93,1
DA:94,1
DA:95,1
DA:98,1
DA:99,1
DA:100,0
DA:102,1
DA:105,1
DA:115,1
DA:116,1
DA:117,1
DA:118,1
DA:119,1
DA:120,1
DA:122,0
DA:124,1
DA:125,1
LF:50
LH:45
BRDA:60,0,0,0
BRDA:60,0,1,0
BRDA:78,1,0,4
BRDA:78,1,1,0
BRDA:92,2,0,1
BRDA:92,2,1,0
BRDA:99,3,0,0
BRDA:99,3,1,1
BRDA:116,4,0,1
BRDA:116,4,1,0
BRDA:119,5,0,1
BRDA:119,5,1,0
BRDA:16,6,0,5
BRDA:16,6,1,5
BRF:14
BRH:7
end_of_record
TN:
SF:src/app/workspace-admin/syscheck/syscheck.component.css
FNF:0
FNH:0
LF:0
LH:0
BRF:0
BRH:0
end_of_record
TN:
SF:src/app/workspace-admin/syscheck/syscheck.component.html
FNF:0
FNH:0
LF:0
LH:0
BRF:0
BRH:0
end_of_record
TN:
SF:src/app/workspace-admin/syscheck/syscheck.component.ts
FN:24,(anonymous_19)
FN:33,(anonymous_20)
FN:34,(anonymous_21)
FN:40,(anonymous_22)
FN:43,(anonymous_23)
FN:51,(anonymous_24)
FN:57,(anonymous_25)
FN:60,(anonymous_26)
FN:63,(anonymous_27)
FN:66,(anonymous_28)
FN:76,(anonymous_29)
FN:79,(anonymous_30)
FN:100,(anonymous_31)
FN:103,(anonymous_32)
FN:16,SyscheckComponent_Factory
FNF:15
FNH:9
FNDA:2,(anonymous_19)
FNDA:2,(anonymous_20)
FNDA:2,(anonymous_21)
FNDA:2,(anonymous_22)
FNDA:2,(anonymous_23)
FNDA:64,(anonymous_24)
FNDA:0,(anonymous_25)
FNDA:0,(anonymous_26)
FNDA:2,(anonymous_27)
FNDA:2,(anonymous_28)
FNDA:0,(anonymous_29)
FNDA:0,(anonymous_30)
FNDA:0,(anonymous_31)
FNDA:0,(anonymous_32)
FNDA:2,SyscheckComponent_Factory
DA:16,21
DA:17,2
DA:18,2
DA:20,2
DA:22,2
DA:25,2
DA:26,2
DA:27,2
DA:28,2
DA:29,2
DA:34,2
DA:35,2
DA:36,2
DA:41,2
DA:42,2
DA:44,2
DA:45,2
DA:46,2
DA:52,64
DA:53,64
DA:54,64
DA:58,0
DA:60,0
DA:64,2
DA:65,2
DA:66,2
DA:67,2
DA:70,2
DA:72,2
DA:77,0
DA:78,0
DA:79,0
DA:80,0
DA:83,0
DA:84,0
DA:85,0
DA:87,0
DA:90,0
DA:100,0
DA:101,0
DA:102,0
DA:103,0
DA:104,0
DA:105,0
DA:106,0
DA:108,0
DA:109,0
DA:111,0
DA:112,0
LF:49
LH:27
BRDA:58,0,0,0
BRDA:58,0,1,0
BRDA:64,1,0,2
BRDA:64,1,1,0
BRDA:77,2,0,0
BRDA:77,2,1,0
BRDA:84,3,0,0
BRDA:84,3,1,0
BRDA:101,4,0,0
BRDA:101,4,1,0
BRDA:105,5,0,0
BRDA:105,5,1,0
BRDA:108,6,0,0
BRDA:108,6,1,0
BRDA:111,7,0,0
BRDA:111,7,1,0
BRDA:16,8,0,2
BRDA:16,8,1,2
BRF:18
BRH:3
end_of_record
TN:
SF:src/assets/IQB-LogoA.png
FNF:0
FNH:0
LF:0
LH:0
BRF:0
BRH:0
end_of_record
TN:
SF:src/assets/android-chrome-192x192.png
FNF:0
FNH:0
LF:0
LH:0
BRF:0
BRH:0
end_of_record
TN:
SF:src/assets/android-chrome-512x512.png
FNF:0
FNH:0
LF:0
LH:0
BRF:0
BRH:0
end_of_record
TN:
SF:src/assets/apple-touch-icon.png
FNF:0
FNH:0
LF:0
LH:0
BRF:0
BRH:0
end_of_record
TN:
SF:src/assets/browserconfig.xml
FNF:0
FNH:0
LF:0
LH:0
BRF:0
BRH:0
end_of_record
TN:
SF:src/assets/favicon-16x16.png
FNF:0
FNH:0
LF:0
LH:0
BRF:0
BRH:0
end_of_record
TN:
SF:src/assets/favicon-32x32.png
FNF:0
FNH:0
LF:0
LH:0
BRF:0
BRH:0
end_of_record
TN:
SF:src/assets/favicon.ico
FNF:0
FNH:0
LF:0
LH:0
BRF:0
BRH:0
end_of_record
TN:
SF:src/assets/favicon_IQB.ico
FNF:0
FNH:0
LF:0
LH:0
BRF:0
BRH:0
end_of_record
TN:
SF:src/assets/mstile-150x150.png
FNF:0
FNH:0
LF:0
LH:0
BRF:0
BRH:0
end_of_record
TN:
SF:src/assets/orienta-v5-latin-regular.woff
FNF:0
FNH:0
LF:0
LH:0
BRF:0
BRH:0
end_of_record
TN:
SF:src/assets/orienta-v5-latin-regular.woff2
FNF:0
FNH:0
LF:0
LH:0
BRF:0
BRH:0
end_of_record
TN:
SF:src/assets/safari-pinned-tab.svg
FNF:0
FNH:0
LF:0
LH:0
BRF:0
BRH:0
end_of_record
TN:
SF:src/assets/site.webmanifest
FNF:0
FNH:0
LF:0
LH:0
BRF:0
BRH:0
end_of_record
TN:
SF:src/assets/fonts/material-design-icons-3.0.2/LICENSE
FNF:0
FNH:0
LF:0
LH:0
BRF:0
BRH:0
end_of_record
TN:
SF:src/assets/fonts/material-design-icons-3.0.2/MaterialIcons-Regular.eot
FNF:0
FNH:0
LF:0
LH:0
BRF:0
BRH:0
end_of_record
TN:
SF:src/assets/fonts/material-design-icons-3.0.2/MaterialIcons-Regular.ijmap
FNF:0
FNH:0
LF:0
LH:0
BRF:0
BRH:0
end_of_record
TN:
SF:src/assets/fonts/material-design-icons-3.0.2/MaterialIcons-Regular.svg
FNF:0
FNH:0
LF:0
LH:0
BRF:0
BRH:0
end_of_record
TN:
SF:src/assets/fonts/material-design-icons-3.0.2/MaterialIcons-Regular.ttf
FNF:0
FNH:0
LF:0
LH:0
BRF:0
BRH:0
end_of_record
TN:
SF:src/assets/fonts/material-design-icons-3.0.2/MaterialIcons-Regular.woff
FNF:0
FNH:0
LF:0
LH:0
BRF:0
BRH:0
end_of_record
TN:
SF:src/assets/fonts/material-design-icons-3.0.2/MaterialIcons-Regular.woff2
FNF:0
FNH:0
LF:0
LH:0
BRF:0
BRH:0
end_of_record
TN:
SF:src/assets/fonts/material-design-icons-3.0.2/README.md
FNF:0
FNH:0
LF:0
LH:0
BRF:0
BRH:0
end_of_record
TN:
SF:src/assets/fonts/material-design-icons-3.0.2/codepoints
FNF:0
FNH:0
LF:0
LH:0
BRF:0
BRH:0
end_of_record
TN:
SF:src/assets/fonts/material-design-icons-3.0.2/material-icons.css
FNF:0
FNH:0
LF:0
LH:0
BRF:0
BRH:0
end_of_record
TN:
SF:src/assets/fonts/roboto-v29/roboto-v29-latin-700.eot
FNF:0
FNH:0
LF:0
LH:0
BRF:0
BRH:0
end_of_record
TN:
SF:src/assets/fonts/roboto-v29/roboto-v29-latin-700.svg
FNF:0
FNH:0
LF:0
LH:0
BRF:0
BRH:0
end_of_record
TN:
SF:src/assets/fonts/roboto-v29/roboto-v29-latin-700.ttf
FNF:0
FNH:0
LF:0
LH:0
BRF:0
BRH:0
end_of_record
TN:
SF:src/assets/fonts/roboto-v29/roboto-v29-latin-700.woff
FNF:0
FNH:0
LF:0
LH:0
BRF:0
BRH:0
end_of_record
TN:
SF:src/assets/fonts/roboto-v29/roboto-v29-latin-700.woff2
FNF:0
FNH:0
LF:0
LH:0
BRF:0
BRH:0
end_of_record
TN:
SF:src/assets/fonts/roboto-v29/roboto-v29-latin-700italic.eot
FNF:0
FNH:0
LF:0
LH:0
BRF:0
BRH:0
end_of_record
TN:
SF:src/assets/fonts/roboto-v29/roboto-v29-latin-700italic.svg
FNF:0
FNH:0
LF:0
LH:0
BRF:0
BRH:0
end_of_record
TN:
SF:src/assets/fonts/roboto-v29/roboto-v29-latin-700italic.ttf
FNF:0
FNH:0
LF:0
LH:0
BRF:0
BRH:0
end_of_record
TN:
SF:src/assets/fonts/roboto-v29/roboto-v29-latin-700italic.woff
FNF:0
FNH:0
LF:0
LH:0
BRF:0
BRH:0
end_of_record
TN:
SF:src/assets/fonts/roboto-v29/roboto-v29-latin-700italic.woff2
FNF:0
FNH:0
LF:0
LH:0
BRF:0
BRH:0
end_of_record
TN:
SF:src/assets/fonts/roboto-v29/roboto-v29-latin-italic.eot
FNF:0
FNH:0
LF:0
LH:0
BRF:0
BRH:0
end_of_record
TN:
SF:src/assets/fonts/roboto-v29/roboto-v29-latin-italic.svg
FNF:0
FNH:0
LF:0
LH:0
BRF:0
BRH:0
end_of_record
TN:
SF:src/assets/fonts/roboto-v29/roboto-v29-latin-italic.ttf
FNF:0
FNH:0
LF:0
LH:0
BRF:0
BRH:0
end_of_record
TN:
SF:src/assets/fonts/roboto-v29/roboto-v29-latin-italic.woff
FNF:0
FNH:0
LF:0
LH:0
BRF:0
BRH:0
end_of_record
TN:
SF:src/assets/fonts/roboto-v29/roboto-v29-latin-italic.woff2
FNF:0
FNH:0
LF:0
LH:0
BRF:0
BRH:0
end_of_record
TN:
SF:src/assets/fonts/roboto-v29/roboto-v29-latin-regular.eot
FNF:0
FNH:0
LF:0
LH:0
BRF:0
BRH:0
end_of_record
TN:
SF:src/assets/fonts/roboto-v29/roboto-v29-latin-regular.svg
FNF:0
FNH:0
LF:0
LH:0
BRF:0
BRH:0
end_of_record
TN:
SF:src/assets/fonts/roboto-v29/roboto-v29-latin-regular.ttf
FNF:0
FNH:0
LF:0
LH:0
BRF:0
BRH:0
end_of_record
TN:
SF:src/assets/fonts/roboto-v29/roboto-v29-latin-regular.woff
FNF:0
FNH:0
LF:0
LH:0
BRF:0
BRH:0
end_of_record
TN:
SF:src/assets/fonts/roboto-v29/roboto-v29-latin-regular.woff2
FNF:0
FNH:0
LF:0
LH:0
BRF:0
BRH:0
end_of_record
TN:
SF:src/assets/fonts/roboto-v29/roboto.css
FNF:0
FNH:0
LF:0
LH:0
BRF:0
BRH:0
end_of_record
TN:
SF:src/environments/environment.dev.ts
FNF:0
FNH:0
LF:0
LH:0
BRF:0
BRH:0
end_of_record
TN:
SF:src/environments/environment.prod.ts
FNF:0
FNH:0
LF:0
LH:0
BRF:0
BRH:0
end_of_record
TN:
SF:src/environments/environment.system-test.ts
FNF:0
FNH:0
DA:1,49
LF:1
LH:1
BRF:0
BRH:0
end_of_record
TN:
SF:src/environments/environment.ts
FNF:0
FNH:0
LF:0
LH:0
BRF:0
BRH:0
end_of_record
TN:
SF:src/includes/FileSaver.js
FNF:0
FNH:0
LF:0
LH:0
BRF:0
BRH:0
end_of_record
