TN:
SF:src/index.html
FNF:0
FNH:0
LF:0
LH:0
BRF:0
BRH:0
end_of_record
TN:
SF:src/iqb-theme1.scss
FNF:0
FNH:0
LF:0
LH:0
BRF:0
BRH:0
end_of_record
TN:
SF:src/karma.conf.js
FNF:0
FNH:0
LF:0
LH:0
BRF:0
BRH:0
end_of_record
TN:
SF:src/main.ts
FN:21,(anonymous_0)
FNF:1
FNH:0
FNDA:0,(anonymous_0)
DA:7,1
DA:8,0
DA:11,1
DA:21,0
LF:4
LH:2
BRDA:7,0,0,0
BRDA:7,0,1,1
BRF:2
BRH:1
end_of_record
TN:
SF:src/polyfills.ts
FNF:0
FNH:0
DA:67,1
DA:68,1
DA:69,1
DA:77,1
LF:4
LH:4
BRF:0
BRH:0
end_of_record
TN:
SF:src/styles.css
FNF:0
FNH:0
LF:0
LH:0
BRF:0
BRH:0
end_of_record
TN:
SF:src/test.ts
FNF:0
FNH:0
LF:0
LH:0
BRF:0
BRH:0
end_of_record
TN:
SF:src/tsconfig.app.json
FNF:0
FNH:0
LF:0
LH:0
BRF:0
BRH:0
end_of_record
TN:
SF:src/tsconfig.spec.json
FNF:0
FNH:0
LF:0
LH:0
BRF:0
BRH:0
end_of_record
TN:
SF:src/web-animations.min.js
FNF:0
FNH:0
LF:0
LH:0
BRF:0
BRH:0
end_of_record
TN:
SF:src/app/app-route-guards.ts
FN:14,(anonymous_0)
FN:19,(anonymous_1)
FN:13,RouteDispatcherActivateGuard_Factory
FN:47,(anonymous_3)
FN:54,(anonymous_4)
FN:62,(anonymous_5)
FN:46,DirectLoginActivateGuard_Factory
FN:83,(anonymous_7)
FN:85,(anonymous_8)
FN:82,CodeInputComponentActivateGuard_Factory
FN:107,(anonymous_10)
FN:109,(anonymous_11)
FN:106,AdminComponentActivateGuard_Factory
FN:131,(anonymous_13)
FN:133,(anonymous_14)
FN:130,AdminOrSuperAdminComponentActivateGuard_Factory
FN:155,(anonymous_16)
FN:157,(anonymous_17)
FN:154,SuperAdminComponentActivateGuard_Factory
FN:179,(anonymous_19)
FN:181,(anonymous_20)
FN:178,TestComponentActivateGuard_Factory
FN:203,(anonymous_22)
FN:207,(anonymous_23)
FN:202,GroupMonitorActivateGuard_Factory
FNF:25
FNH:3
FNDA:1,(anonymous_0)
FNDA:1,(anonymous_1)
FNDA:1,RouteDispatcherActivateGuard_Factory
FNDA:0,(anonymous_3)
FNDA:0,(anonymous_4)
FNDA:0,(anonymous_5)
FNDA:0,DirectLoginActivateGuard_Factory
FNDA:0,(anonymous_7)
FNDA:0,(anonymous_8)
FNDA:0,CodeInputComponentActivateGuard_Factory
FNDA:0,(anonymous_10)
FNDA:0,(anonymous_11)
FNDA:0,AdminComponentActivateGuard_Factory
FNDA:0,(anonymous_13)
FNDA:0,(anonymous_14)
FNDA:0,AdminOrSuperAdminComponentActivateGuard_Factory
FNDA:0,(anonymous_16)
FNDA:0,(anonymous_17)
FNDA:0,SuperAdminComponentActivateGuard_Factory
FNDA:0,(anonymous_19)
FNDA:0,(anonymous_20)
FNDA:0,TestComponentActivateGuard_Factory
FNDA:0,(anonymous_22)
FNDA:0,(anonymous_23)
FNDA:0,GroupMonitorActivateGuard_Factory
DA:13,3
DA:15,1
DA:20,1
DA:21,1
DA:22,0
DA:23,0
DA:24,0
DA:25,0
DA:26,0
DA:27,0
DA:28,0
DA:29,0
DA:30,0
DA:32,0
DA:35,0
DA:38,1
DA:41,1
DA:46,2
DA:48,0
DA:49,0
DA:50,0
DA:58,0
DA:59,0
DA:60,0
DA:63,0
DA:64,0
DA:65,0
DA:66,0
DA:70,0
DA:71,0
DA:75,0
DA:82,1
DA:83,0
DA:86,0
DA:87,0
DA:88,0
DA:89,0
DA:90,0
DA:92,0
DA:93,0
DA:95,0
DA:96,0
DA:98,0
DA:99,0
DA:106,1
DA:107,0
DA:110,0
DA:111,0
DA:112,0
DA:113,0
DA:114,0
DA:116,0
DA:117,0
DA:119,0
DA:120,0
DA:122,0
DA:123,0
DA:130,1
DA:131,0
DA:134,0
DA:135,0
DA:136,0
DA:137,0
DA:138,0
DA:140,0
DA:141,0
DA:143,0
DA:144,0
DA:146,0
DA:147,0
DA:154,1
DA:155,0
DA:158,0
DA:159,0
DA:160,0
DA:161,0
DA:162,0
DA:164,0
DA:165,0
DA:167,0
DA:168,0
DA:170,0
DA:171,0
DA:178,1
DA:179,0
DA:182,0
DA:183,0
DA:184,0
DA:185,0
DA:186,0
DA:188,0
DA:189,0
DA:191,0
DA:192,0
DA:194,0
DA:195,0
DA:202,1
DA:204,0
DA:208,0
DA:210,0
DA:211,0
DA:213,0
DA:214,0
LF:103
LH:13
BRDA:21,0,0,0
BRDA:21,0,1,1
BRDA:22,1,0,0
BRDA:22,1,1,0
BRDA:23,2,0,0
BRDA:23,2,1,0
BRDA:23,3,0,0
BRDA:23,3,1,0
BRDA:25,4,0,0
BRDA:25,4,1,0
BRDA:27,5,0,0
BRDA:27,5,1,0
BRDA:29,6,0,0
BRDA:29,6,1,0
BRDA:13,7,0,1
BRDA:13,7,1,1
BRDA:59,8,0,0
BRDA:59,8,1,0
BRDA:59,9,0,0
BRDA:59,9,1,0
BRDA:63,10,0,0
BRDA:63,10,1,0
BRDA:46,11,0,0
BRDA:46,11,1,0
BRDA:87,12,0,0
BRDA:87,12,1,0
BRDA:88,13,0,0
BRDA:88,13,1,0
BRDA:89,14,0,0
BRDA:89,14,1,0
BRDA:82,15,0,0
BRDA:82,15,1,0
BRDA:111,16,0,0
BRDA:111,16,1,0
BRDA:112,17,0,0
BRDA:112,17,1,0
BRDA:113,18,0,0
BRDA:113,18,1,0
BRDA:106,19,0,0
BRDA:106,19,1,0
BRDA:135,20,0,0
BRDA:135,20,1,0
BRDA:136,21,0,0
BRDA:136,21,1,0
BRDA:137,22,0,0
BRDA:137,22,1,0
BRDA:137,23,0,0
BRDA:137,23,1,0
BRDA:130,24,0,0
BRDA:130,24,1,0
BRDA:159,25,0,0
BRDA:159,25,1,0
BRDA:160,26,0,0
BRDA:160,26,1,0
BRDA:161,27,0,0
BRDA:161,27,1,0
BRDA:154,28,0,0
BRDA:154,28,1,0
BRDA:183,29,0,0
BRDA:183,29,1,0
BRDA:184,30,0,0
BRDA:184,30,1,0
BRDA:185,31,0,0
BRDA:185,31,1,0
BRDA:178,32,0,0
BRDA:178,32,1,0
BRDA:210,33,0,0
BRDA:210,33,1,0
BRDA:210,34,0,0
BRDA:210,34,1,0
BRDA:210,34,2,0
BRDA:202,35,0,0
BRDA:202,35,1,0
BRF:73
BRH:3
end_of_record
TN:
SF:src/app/app-routing.module.ts
FN:80,(anonymous_0)
FN:80,(anonymous_1)
FN:84,(anonymous_2)
FN:84,(anonymous_3)
FN:89,(anonymous_4)
FN:89,(anonymous_5)
FN:94,(anonymous_6)
FN:94,(anonymous_7)
FN:99,(anonymous_8)
FN:99,(anonymous_9)
FN:118,AppRoutingModule_Factory
FNF:11
FNH:1
FNDA:0,(anonymous_0)
FNDA:0,(anonymous_1)
FNDA:0,(anonymous_2)
FNDA:0,(anonymous_3)
FNDA:0,(anonymous_4)
FNDA:0,(anonymous_5)
FNDA:0,(anonymous_6)
FNDA:0,(anonymous_7)
FNDA:0,(anonymous_8)
FNDA:0,(anonymous_9)
FNDA:2,AppRoutingModule_Factory
DA:19,1
DA:80,0
DA:84,0
DA:89,0
DA:94,0
DA:99,0
DA:112,1
DA:118,3
LF:8
LH:3
BRDA:118,0,0,1
BRDA:118,0,1,1
BRDA:118,1,0,1
BRDA:118,1,1,0
BRDA:118,1,2,1
BRF:5
BRH:4
end_of_record
TN:
SF:src/app/app.component.html
FNF:0
FNH:0
LF:0
LH:0
BRF:0
BRH:0
end_of_record
TN:
SF:src/app/app.component.ts
FN:23,(anonymous_7)
FN:31,(anonymous_8)
FN:36,(anonymous_9)
FN:37,(anonymous_10)
FN:38,(anonymous_11)
FN:45,(anonymous_12)
FN:55,(anonymous_13)
FN:67,(anonymous_14)
FN:87,(anonymous_15)
FN:93,(anonymous_16)
FN:113,(anonymous_17)
FN:117,(anonymous_18)
FN:120,(anonymous_19)
FN:123,(anonymous_20)
FN:128,(anonymous_21)
FN:16,AppComponent_Factory
FNF:16
FNH:9
FNDA:1,(anonymous_7)
FNDA:0,(anonymous_8)
FNDA:1,(anonymous_9)
FNDA:1,(anonymous_10)
FNDA:0,(anonymous_11)
FNDA:2,(anonymous_12)
FNDA:1,(anonymous_13)
FNDA:1,(anonymous_14)
FNDA:1,(anonymous_15)
FNDA:1,(anonymous_16)
FNDA:0,(anonymous_17)
FNDA:0,(anonymous_18)
FNDA:0,(anonymous_19)
FNDA:0,(anonymous_20)
FNDA:0,(anonymous_21)
FNDA:1,AppComponent_Factory
DA:16,2
DA:17,1
DA:18,1
DA:20,1
DA:24,1
DA:25,1
DA:26,1
DA:27,1
DA:28,1
DA:32,0
DA:33,0
DA:37,1
DA:38,1
DA:39,0
DA:40,0
DA:41,0
DA:44,1
DA:46,2
DA:47,0
DA:48,2
DA:49,2
DA:51,0
DA:55,1
DA:56,1
DA:57,1
DA:58,1
DA:59,1
DA:60,0
DA:65,1
DA:67,1
DA:68,1
DA:69,0
DA:74,0
DA:76,1
DA:77,1
DA:78,1
DA:79,1
DA:81,1
DA:82,1
DA:83,0
DA:87,1
DA:88,1
DA:94,1
DA:95,1
DA:96,1
DA:97,1
DA:98,1
DA:100,0
DA:101,0
DA:102,0
DA:104,0
DA:105,0
DA:106,0
DA:108,0
DA:109,0
DA:110,0
DA:112,1
DA:113,1
DA:114,0
DA:117,1
DA:118,0
DA:120,1
DA:121,0
DA:123,1
DA:124,0
DA:129,0
DA:130,0
DA:132,0
DA:133,0
LF:69
LH:41
BRDA:39,0,0,0
BRDA:39,0,1,0
BRDA:46,1,0,0
BRDA:46,1,1,2
BRDA:48,2,0,2
BRDA:48,2,1,0
BRDA:58,3,0,1
BRDA:58,3,1,0
BRDA:58,4,0,1
BRDA:58,4,1,1
BRDA:59,5,0,0
BRDA:59,5,1,1
BRDA:68,6,0,0
BRDA:68,6,1,1
BRDA:82,7,0,0
BRDA:82,7,1,1
BRDA:96,8,0,1
BRDA:96,8,1,0
BRDA:100,9,0,0
BRDA:100,9,1,0
BRDA:104,10,0,0
BRDA:104,10,1,0
BRDA:108,11,0,0
BRDA:108,11,1,0
BRDA:112,12,0,1
BRDA:112,12,1,0
BRDA:112,13,0,1
BRDA:112,13,1,1
BRDA:129,14,0,0
BRDA:129,14,1,0
BRDA:132,15,0,0
BRDA:132,15,1,0
BRDA:16,16,0,1
BRDA:16,16,1,1
BRF:34
BRH:14
end_of_record
TN:
SF:src/app/app.interceptor.ts
FN:14,(anonymous_0)
FN:21,(anonymous_1)
FN:46,(anonymous_2)
FN:13,AuthInterceptor_Factory
FNF:4
FNH:3
FNDA:1,(anonymous_0)
FNDA:2,(anonymous_1)
FNDA:0,(anonymous_2)
FNDA:1,AuthInterceptor_Factory
DA:13,3
DA:15,1
DA:16,1
DA:31,2
DA:32,2
DA:33,2
DA:34,0
DA:35,0
DA:39,2
DA:45,2
DA:47,0
DA:48,0
DA:49,0
DA:50,0
DA:51,0
DA:52,0
DA:53,0
DA:59,0
DA:60,0
DA:62,0
DA:63,0
DA:68,0
DA:70,0
DA:73,0
DA:74,0
DA:75,0
DA:78,0
DA:79,0
DA:82,0
DA:83,0
DA:86,0
DA:87,0
DA:88,0
DA:91,0
DA:93,0
DA:94,0
DA:97,0
DA:98,0
DA:101,0
DA:102,0
DA:103,0
DA:106,0
DA:107,0
DA:109,0
DA:110,0
DA:115,0
DA:116,0
DA:117,0
DA:118,0
DA:119,0
DA:120,0
DA:121,0
DA:125,0
DA:126,0
DA:127,0
DA:133,0
DA:134,0
DA:141,0
LF:58
LH:8
BRDA:33,0,0,0
BRDA:33,0,1,2
BRDA:34,1,0,0
BRDA:34,1,1,0
BRDA:48,2,0,0
BRDA:48,2,1,0
BRDA:52,3,0,0
BRDA:52,3,1,0
BRDA:63,4,0,0
BRDA:63,4,1,0
BRDA:63,4,2,0
BRDA:63,4,3,0
BRDA:63,4,4,0
BRDA:63,4,5,0
BRDA:63,4,6,0
BRDA:63,4,7,0
BRDA:63,4,8,0
BRDA:63,4,9,0
BRDA:63,4,10,0
BRDA:63,4,11,0
BRDA:109,5,0,0
BRDA:109,5,1,0
BRDA:113,6,0,0
BRDA:113,6,1,0
BRDA:115,7,0,0
BRDA:115,7,1,0
BRDA:120,8,0,0
BRDA:120,8,1,0
BRDA:125,9,0,0
BRDA:125,9,1,0
BRDA:13,10,0,1
BRDA:13,10,1,1
BRF:32
BRH:3
end_of_record
TN:
SF:src/app/app.interfaces.ts
FN:1,(anonymous_0)
FN:7,(anonymous_1)
FN:61,(anonymous_2)
FNF:3
FNH:2
FNDA:1,(anonymous_0)
FNDA:1,(anonymous_1)
FNDA:0,(anonymous_2)
DA:1,1
DA:2,1
DA:3,1
DA:4,1
DA:7,1
DA:8,1
DA:9,1
DA:10,1
DA:11,1
DA:12,1
DA:62,0
DA:63,0
LF:12
LH:10
BRDA:1,0,0,1
BRDA:1,0,1,1
BRDA:7,1,0,1
BRDA:7,1,1,1
BRDA:61,2,0,0
BRF:5
BRH:4
end_of_record
TN:
SF:src/app/app.module.ts
FN:96,AppModule_Factory
FNF:1
FNH:1
FNDA:2,AppModule_Factory
DA:81,1
DA:96,2
LF:2
LH:2
BRDA:96,0,0,1
BRDA:96,0,1,1
BRDA:96,1,0,1
BRDA:96,1,1,0
BRDA:96,1,2,1
BRF:5
BRH:4
end_of_record
TN:
SF:src/app/backend.service.ts
FN:18,(anonymous_0)
FN:23,(anonymous_1)
FN:27,(anonymous_2)
FN:30,(anonymous_3)
FN:33,(anonymous_4)
FN:36,(anonymous_5)
FN:39,(anonymous_6)
FN:43,(anonymous_7)
FN:50,(anonymous_8)
FN:53,(anonymous_9)
FN:63,(anonymous_10)
FN:73,(anonymous_11)
FN:74,(anonymous_12)
FN:83,(anonymous_13)
FN:89,(anonymous_14)
FN:93,(anonymous_15)
FN:97,(anonymous_16)
FN:101,(anonymous_17)
FN:110,(anonymous_18)
FN:114,(anonymous_19)
FN:115,(anonymous_20)
FN:119,(anonymous_21)
FN:123,(anonymous_22)
FN:127,(anonymous_23)
FN:131,(anonymous_24)
FN:17,BackendService_Factory
FNF:26
FNH:4
FNDA:1,(anonymous_0)
FNDA:0,(anonymous_1)
FNDA:0,(anonymous_2)
FNDA:0,(anonymous_3)
FNDA:0,(anonymous_4)
FNDA:0,(anonymous_5)
FNDA:0,(anonymous_6)
FNDA:0,(anonymous_7)
FNDA:0,(anonymous_8)
FNDA:0,(anonymous_9)
FNDA:0,(anonymous_10)
FNDA:0,(anonymous_11)
FNDA:0,(anonymous_12)
FNDA:0,(anonymous_13)
FNDA:0,(anonymous_14)
FNDA:0,(anonymous_15)
FNDA:0,(anonymous_16)
FNDA:0,(anonymous_17)
FNDA:0,(anonymous_18)
FNDA:0,(anonymous_19)
FNDA:0,(anonymous_20)
FNDA:1,(anonymous_21)
FNDA:0,(anonymous_22)
FNDA:1,(anonymous_23)
FNDA:0,(anonymous_24)
FNDA:1,BackendService_Factory
DA:17,2
DA:19,1
DA:20,1
DA:24,0
DA:28,0
DA:30,0
DA:34,0
DA:36,0
DA:40,0
DA:44,0
DA:45,0
DA:51,0
DA:54,0
DA:55,0
DA:71,0
DA:73,0
DA:75,0
DA:76,0
DA:84,0
DA:85,0
DA:86,0
DA:89,0
DA:94,0
DA:98,0
DA:99,0
DA:101,0
DA:111,0
DA:114,0
DA:115,0
DA:120,1
DA:123,0
DA:128,1
DA:131,0
LF:33
LH:5
BRDA:23,0,0,0
BRDA:24,1,0,0
BRDA:24,1,1,0
BRDA:17,2,0,1
BRDA:17,2,1,1
BRF:5
BRH:2
end_of_record
TN:
SF:src/app/app-root/app-root.component.ts
FN:9,AppRootComponent_Factory
FNF:1
FNH:1
FNDA:1,AppRootComponent_Factory
DA:4,1
DA:5,1
DA:6,1
DA:9,2
LF:4
LH:4
BRDA:9,0,0,1
BRDA:9,0,1,1
BRF:2
BRH:2
end_of_record
TN:
SF:src/app/app-root/admin-starter/admin-starter.component.html
FNF:0
FNH:0
LF:0
LH:0
BRF:0
BRH:0
end_of_record
TN:
SF:src/app/app-root/admin-starter/admin-starter.component.ts
FN:22,(anonymous_5)
FN:28,(anonymous_6)
FN:29,(anonymous_7)
FN:32,(anonymous_8)
FN:48,(anonymous_9)
FN:50,(anonymous_10)
FN:51,(anonymous_11)
FN:52,(anonymous_12)
FN:73,(anonymous_13)
FN:77,(anonymous_14)
FN:82,(anonymous_15)
FN:17,AdminStarterComponent_Factory
FNF:12
FNH:0
FNDA:0,(anonymous_5)
FNDA:0,(anonymous_6)
FNDA:0,(anonymous_7)
FNDA:0,(anonymous_8)
FNDA:0,(anonymous_9)
FNDA:0,(anonymous_10)
FNDA:0,(anonymous_11)
FNDA:0,(anonymous_12)
FNDA:0,(anonymous_13)
FNDA:0,(anonymous_14)
FNDA:0,(anonymous_15)
FNDA:0,AdminStarterComponent_Factory
DA:17,1
DA:18,0
DA:19,0
DA:20,0
DA:23,0
DA:24,0
DA:25,0
DA:29,0
DA:30,0
DA:31,0
DA:32,0
DA:33,0
DA:34,0
DA:37,0
DA:38,0
DA:39,0
DA:40,0
DA:41,0
DA:42,0
DA:44,0
DA:45,0
DA:46,0
DA:48,0
DA:50,0
DA:51,0
DA:52,0
DA:55,0
DA:57,0
DA:59,0
DA:60,0
DA:63,0
DA:64,0
DA:67,0
DA:74,0
DA:78,0
DA:79,0
DA:83,0
DA:84,0
LF:38
LH:1
BRDA:33,0,0,0
BRDA:33,0,1,0
BRDA:37,1,0,0
BRDA:37,1,1,0
BRDA:39,2,0,0
BRDA:39,2,1,0
BRDA:40,3,0,0
BRDA:40,3,1,0
BRDA:41,4,0,0
BRDA:41,4,1,0
BRDA:44,5,0,0
BRDA:44,5,1,0
BRDA:83,6,0,0
BRDA:83,6,1,0
BRDA:17,7,0,0
BRDA:17,7,1,0
BRF:16
BRH:0
end_of_record
TN:
SF:src/app/app-root/code-input/code-input.component.html
FNF:0
FNH:0
LF:0
LH:0
BRF:0
BRH:0
end_of_record
TN:
SF:src/app/app-root/code-input/code-input.component.ts
FN:29,(anonymous_1)
FN:38,(anonymous_2)
FN:39,(anonymous_3)
FN:48,(anonymous_4)
FN:62,(anonymous_5)
FN:83,(anonymous_6)
FN:21,CodeInputComponent_Factory
FNF:7
FNH:0
FNDA:0,(anonymous_1)
FNDA:0,(anonymous_2)
FNDA:0,(anonymous_3)
FNDA:0,(anonymous_4)
FNDA:0,(anonymous_5)
FNDA:0,(anonymous_6)
FNDA:0,CodeInputComponent_Factory
DA:21,1
DA:23,0
DA:25,0
DA:30,0
DA:31,0
DA:32,0
DA:33,0
DA:34,0
DA:39,0
DA:40,0
DA:41,0
DA:42,0
DA:43,0
DA:49,0
DA:50,0
DA:51,0
DA:60,0
DA:61,0
DA:63,0
DA:64,0
DA:65,0
DA:66,0
DA:67,0
DA:68,0
DA:70,0
DA:74,0
DA:75,0
DA:76,0
DA:84,0
DA:85,0
LF:30
LH:1
BRDA:42,0,0,0
BRDA:42,0,1,0
BRDA:50,1,0,0
BRDA:50,1,1,0
BRDA:65,2,0,0
BRDA:65,2,1,0
BRDA:67,3,0,0
BRDA:67,3,1,0
BRDA:21,4,0,0
BRDA:21,4,1,0
BRF:10
BRH:0
end_of_record
TN:
SF:src/app/app-root/legal-notice/legal-notice.component.html
FNF:0
FNH:0
LF:0
LH:0
BRF:0
BRH:0
end_of_record
TN:
SF:src/app/app-root/legal-notice/legal-notice.component.ts
FN:11,(anonymous_2)
FN:16,(anonymous_3)
FN:17,(anonymous_4)
FN:10,LegalNoticeComponent_Factory
FNF:4
FNH:0
FNDA:0,(anonymous_2)
FNDA:0,(anonymous_3)
FNDA:0,(anonymous_4)
FNDA:0,LegalNoticeComponent_Factory
DA:10,1
DA:12,0
DA:13,0
DA:17,0
LF:4
LH:1
BRDA:10,0,0,0
BRDA:10,0,1,0
BRF:2
BRH:0
end_of_record
TN:
SF:src/app/app-root/login/login.component.html
FNF:0
FNH:0
LF:0
LH:0
BRF:0
BRH:0
end_of_record
TN:
SF:src/app/app-root/login/login.component.ts
FN:37,(anonymous_11)
FN:44,(anonymous_12)
FN:48,(anonymous_13)
FN:51,(anonymous_14)
FN:56,(anonymous_15)
FN:78,(anonymous_16)
FN:91,(anonymous_17)
FN:95,(anonymous_18)
FN:25,LoginComponent_Factory
FNF:9
FNH:4
FNDA:1,(anonymous_11)
FNDA:1,(anonymous_12)
FNDA:1,(anonymous_13)
FNDA:0,(anonymous_14)
FNDA:0,(anonymous_15)
FNDA:0,(anonymous_16)
FNDA:0,(anonymous_17)
FNDA:0,(anonymous_18)
FNDA:1,LoginComponent_Factory
DA:25,2
DA:26,1
DA:27,1
DA:28,1
DA:29,1
DA:30,1
DA:32,1
DA:38,1
DA:39,1
DA:40,1
DA:41,1
DA:45,1
DA:46,1
DA:47,1
DA:48,1
DA:52,0
DA:53,0
DA:54,0
DA:55,0
DA:57,0
DA:58,0
DA:59,0
DA:60,0
DA:61,0
DA:62,0
DA:63,0
DA:64,0
DA:65,0
DA:66,0
DA:67,0
DA:68,0
DA:70,0
DA:73,0
DA:75,0
DA:76,0
DA:77,0
DA:78,0
DA:79,0
DA:80,0
DA:84,0
DA:92,0
DA:96,0
DA:97,0
LF:43
LH:15
BRDA:51,0,0,0
BRDA:59,1,0,0
BRDA:59,1,1,0
BRDA:61,2,0,0
BRDA:61,2,1,0
BRDA:63,3,0,0
BRDA:63,3,1,0
BRDA:65,4,0,0
BRDA:65,4,1,0
BRDA:67,5,0,0
BRDA:67,5,1,0
BRDA:77,6,0,0
BRDA:77,6,1,0
BRDA:79,7,0,0
BRDA:79,7,1,0
BRDA:96,8,0,0
BRDA:96,8,1,0
BRDA:25,9,0,1
BRDA:25,9,1,1
BRF:19
BRH:2
end_of_record
TN:
SF:src/app/app-root/monitor-starter/monitor-starter.component.css
FNF:0
FNH:0
LF:0
LH:0
BRF:0
BRH:0
end_of_record
TN:
SF:src/app/app-root/monitor-starter/monitor-starter.component.html
FNF:0
FNH:0
LF:0
LH:0
BRF:0
BRH:0
end_of_record
TN:
SF:src/app/app-root/monitor-starter/monitor-starter.component.ts
FN:21,(anonymous_6)
FN:28,(anonymous_7)
FN:29,(anonymous_8)
FN:32,(anonymous_9)
FN:47,(anonymous_10)
FN:50,(anonymous_11)
FN:62,(anonymous_12)
FN:63,(anonymous_13)
FN:74,(anonymous_14)
FN:79,(anonymous_15)
FN:80,(anonymous_16)
FN:88,(anonymous_17)
FN:89,(anonymous_18)
FN:103,(anonymous_19)
FN:107,(anonymous_20)
FN:112,(anonymous_21)
FN:15,MonitorStarterComponent_Factory
FNF:17
FNH:0
FNDA:0,(anonymous_6)
FNDA:0,(anonymous_7)
FNDA:0,(anonymous_8)
FNDA:0,(anonymous_9)
FNDA:0,(anonymous_10)
FNDA:0,(anonymous_11)
FNDA:0,(anonymous_12)
FNDA:0,(anonymous_13)
FNDA:0,(anonymous_14)
FNDA:0,(anonymous_15)
FNDA:0,(anonymous_16)
FNDA:0,(anonymous_17)
FNDA:0,(anonymous_18)
FNDA:0,(anonymous_19)
FNDA:0,(anonymous_20)
FNDA:0,(anonymous_21)
FNDA:0,MonitorStarterComponent_Factory
DA:15,1
DA:16,0
DA:17,0
DA:18,0
DA:22,0
DA:23,0
DA:24,0
DA:25,0
DA:29,0
DA:30,0
DA:31,0
DA:32,0
DA:33,0
DA:34,0
DA:35,0
DA:37,0
DA:38,0
DA:39,0
DA:40,0
DA:41,0
DA:43,0
DA:45,0
DA:46,0
DA:48,0
DA:49,0
DA:51,0
DA:55,0
DA:56,0
DA:59,0
DA:62,0
DA:64,0
DA:65,0
DA:67,0
DA:68,0
DA:70,0
DA:75,0
DA:76,0
DA:79,0
DA:80,0
DA:83,0
DA:89,0
DA:90,0
DA:91,0
DA:92,0
DA:93,0
DA:95,0
DA:98,0
DA:104,0
DA:108,0
DA:109,0
DA:113,0
DA:114,0
LF:52
LH:1
BRDA:33,0,0,0
BRDA:33,0,1,0
BRDA:38,1,0,0
BRDA:38,1,1,0
BRDA:38,2,0,0
BRDA:38,2,1,0
BRDA:49,3,0,0
BRDA:49,3,1,0
BRDA:55,4,0,0
BRDA:55,4,1,0
BRDA:64,5,0,0
BRDA:64,5,1,0
BRDA:67,6,0,0
BRDA:67,6,1,0
BRDA:75,7,0,0
BRDA:75,7,1,0
BRDA:90,8,0,0
BRDA:90,8,1,0
BRDA:92,9,0,0
BRDA:92,9,1,0
BRDA:113,10,0,0
BRDA:113,10,1,0
BRDA:15,11,0,0
BRDA:15,11,1,0
BRF:24
BRH:0
end_of_record
TN:
SF:src/app/app-root/route-dispatcher/route-dispatcher.component.html
FNF:0
FNH:0
LF:0
LH:0
BRF:0
BRH:0
end_of_record
TN:
SF:src/app/app-root/route-dispatcher/route-dispatcher.component.ts
FN:15,(anonymous_1)
FN:12,RouteDispatcherComponent_Factory
FNF:2
FNH:0
FNDA:0,(anonymous_1)
FNDA:0,RouteDispatcherComponent_Factory
DA:12,1
DA:13,0
DA:16,0
DA:18,0
DA:19,0
DA:20,0
LF:6
LH:1
BRDA:12,0,0,0
BRDA:12,0,1,0
BRF:2
BRH:0
end_of_record
TN:
SF:src/app/app-root/status-card/status-card.component.html
FNF:0
FNH:0
LF:0
LH:0
BRF:0
BRH:0
end_of_record
TN:
SF:src/app/app-root/status-card/status-card.component.ts
FN:13,(anonymous_5)
FN:17,(anonymous_6)
FN:18,(anonymous_7)
FN:9,StatusCardComponent_Factory
FNF:4
FNH:3
FNDA:1,(anonymous_5)
FNDA:1,(anonymous_6)
FNDA:0,(anonymous_7)
FNDA:1,StatusCardComponent_Factory
DA:9,2
DA:10,1
DA:11,1
DA:14,1
DA:18,1
DA:19,0
DA:20,0
DA:21,0
DA:22,0
DA:24,0
DA:25,0
DA:26,0
DA:28,0
DA:29,0
DA:31,0
DA:32,0
DA:33,0
DA:35,0
DA:38,0
DA:39,0
DA:40,0
DA:42,0
DA:45,0
DA:46,0
DA:48,0
DA:49,0
LF:26
LH:5
BRDA:21,0,0,0
BRDA:21,0,1,0
BRDA:25,1,0,0
BRDA:25,1,1,0
BRDA:28,2,0,0
BRDA:28,2,1,0
BRDA:31,3,0,0
BRDA:31,3,1,0
BRDA:32,4,0,0
BRDA:32,4,1,0
BRDA:38,5,0,0
BRDA:38,5,1,0
BRDA:39,6,0,0
BRDA:39,6,1,0
BRDA:45,7,0,0
BRDA:45,7,1,0
BRDA:48,8,0,0
BRDA:48,8,1,0
BRDA:9,9,0,1
BRDA:9,9,1,1
BRF:20
BRH:2
end_of_record
TN:
SF:src/app/app-root/sys-check-starter/sys-check-starter.component.css
FNF:0
FNH:0
LF:0
LH:0
BRF:0
BRH:0
end_of_record
TN:
SF:src/app/app-root/sys-check-starter/sys-check-starter.component.html
FNF:0
FNH:0
LF:0
LH:0
BRF:0
BRH:0
end_of_record
TN:
SF:src/app/app-root/sys-check-starter/sys-check-starter.component.ts
FN:15,(anonymous_9)
FN:21,(anonymous_10)
FN:22,(anonymous_11)
FN:26,(anonymous_12)
FN:38,(anonymous_13)
FN:11,SysCheckStarterComponent_Factory
FNF:6
FNH:0
FNDA:0,(anonymous_9)
FNDA:0,(anonymous_10)
FNDA:0,(anonymous_11)
FNDA:0,(anonymous_12)
FNDA:0,(anonymous_13)
FNDA:0,SysCheckStarterComponent_Factory
DA:11,1
DA:12,0
DA:13,0
DA:16,0
DA:17,0
DA:18,0
DA:22,0
DA:23,0
DA:24,0
DA:25,0
DA:26,0
DA:27,0
DA:28,0
DA:30,0
DA:32,0
DA:33,0
DA:39,0
LF:17
LH:1
BRDA:27,0,0,0
BRDA:27,0,1,0
BRDA:11,1,0,0
BRDA:11,1,1,0
BRF:4
BRH:0
end_of_record
TN:
SF:src/app/app-root/test-starter/test-starter.component.css
FNF:0
FNH:0
LF:0
LH:0
BRF:0
BRH:0
end_of_record
TN:
SF:src/app/app-root/test-starter/test-starter.component.html
FNF:0
FNH:0
LF:0
LH:0
BRF:0
BRH:0
end_of_record
TN:
SF:src/app/app-root/test-starter/test-starter.component.ts
FN:18,(anonymous_6)
FN:24,(anonymous_7)
FN:25,(anonymous_8)
FN:28,(anonymous_9)
FN:31,(anonymous_10)
FN:48,(anonymous_11)
FN:50,(anonymous_12)
FN:56,(anonymous_13)
FN:65,(anonymous_14)
FN:66,(anonymous_15)
FN:75,(anonymous_16)
FN:80,(anonymous_17)
FN:13,TestStarterComponent_Factory
FNF:13
FNH:0
FNDA:0,(anonymous_6)
FNDA:0,(anonymous_7)
FNDA:0,(anonymous_8)
FNDA:0,(anonymous_9)
FNDA:0,(anonymous_10)
FNDA:0,(anonymous_11)
FNDA:0,(anonymous_12)
FNDA:0,(anonymous_13)
FNDA:0,(anonymous_14)
FNDA:0,(anonymous_15)
FNDA:0,(anonymous_16)
FNDA:0,(anonymous_17)
FNDA:0,TestStarterComponent_Factory
DA:13,1
DA:14,0
DA:15,0
DA:16,0
DA:19,0
DA:20,0
DA:21,0
DA:25,0
DA:29,0
DA:30,0
DA:31,0
DA:32,0
DA:33,0
DA:34,0
DA:36,0
DA:37,0
DA:38,0
DA:39,0
DA:41,0
DA:42,0
DA:43,0
DA:44,0
DA:46,0
DA:48,0
DA:51,0
DA:52,0
DA:53,0
DA:57,0
DA:61,0
DA:66,0
DA:67,0
DA:68,0
DA:70,0
DA:76,0
DA:77,0
DA:81,0
DA:82,0
LF:37
LH:1
BRDA:32,0,0,0
BRDA:32,0,1,0
BRDA:37,1,0,0
BRDA:37,1,1,0
BRDA:37,2,0,0
BRDA:37,2,1,0
BRDA:41,3,0,0
BRDA:41,3,1,0
BRDA:43,4,0,0
BRDA:43,4,1,0
BRDA:52,5,0,0
BRDA:52,5,1,0
BRDA:67,6,0,0
BRDA:67,6,1,0
BRDA:81,7,0,0
BRDA:81,7,1,0
BRDA:13,8,0,0
BRDA:13,8,1,0
BRF:18
BRH:0
end_of_record
TN:
SF:src/app/group-monitor/backend.service.ts
FNF:0
FNH:0
LF:0
LH:0
BRF:0
BRH:0
end_of_record
TN:
SF:src/app/group-monitor/group-monitor-routing.module.ts
FNF:0
FNH:0
LF:0
LH:0
BRF:0
BRH:0
end_of_record
TN:
SF:src/app/group-monitor/group-monitor.component.css
FNF:0
FNH:0
LF:0
LH:0
BRF:0
BRH:0
end_of_record
TN:
SF:src/app/group-monitor/group-monitor.component.html
FNF:0
FNH:0
LF:0
LH:0
BRF:0
BRH:0
end_of_record
TN:
SF:src/app/group-monitor/group-monitor.component.ts
FNF:0
FNH:0
LF:0
LH:0
BRF:0
BRH:0
end_of_record
TN:
SF:src/app/group-monitor/group-monitor.interfaces.ts
FNF:0
FNH:0
LF:0
LH:0
BRF:0
BRH:0
end_of_record
TN:
SF:src/app/group-monitor/group-monitor.module.ts
FNF:0
FNH:0
LF:0
LH:0
BRF:0
BRH:0
end_of_record
TN:
SF:src/app/group-monitor/booklet/booklet.service.ts
FNF:0
FNH:0
LF:0
LH:0
BRF:0
BRH:0
end_of_record
TN:
SF:src/app/group-monitor/booklet/booklet.util.ts
FNF:0
FNH:0
LF:0
LH:0
BRF:0
BRH:0
end_of_record
TN:
SF:src/app/group-monitor/test-session/super-states.js
FNF:0
FNH:0
LF:0
LH:0
BRF:0
BRH:0
end_of_record
TN:
SF:src/app/group-monitor/test-session/test-session.component.css
FNF:0
FNH:0
LF:0
LH:0
BRF:0
BRH:0
end_of_record
TN:
SF:src/app/group-monitor/test-session/test-session.component.html
FNF:0
FNH:0
LF:0
LH:0
BRF:0
BRH:0
end_of_record
TN:
SF:src/app/group-monitor/test-session/test-session.component.ts
FNF:0
FNH:0
LF:0
LH:0
BRF:0
BRH:0
end_of_record
TN:
SF:src/app/group-monitor/test-session/test-session.util.ts
FNF:0
FNH:0
LF:0
LH:0
BRF:0
BRH:0
end_of_record
TN:
SF:src/app/group-monitor/test-session-manager/test-session-manager.service.ts
FNF:0
FNH:0
LF:0
LH:0
BRF:0
BRH:0
end_of_record
TN:
SF:src/app/shared/shared.module.ts
FN:48,SharedModule_Factory
FNF:1
FNH:1
FNDA:2,SharedModule_Factory
DA:18,1
DA:48,3
LF:2
LH:2
BRDA:48,0,0,1
BRDA:48,0,1,1
BRDA:48,1,0,1
BRDA:48,1,1,0
BRDA:48,1,2,1
BRF:5
BRH:4
end_of_record
TN:
SF:src/app/shared/classes/app.config.ts
FN:42,(anonymous_0)
FN:34,(anonymous_1)
FN:71,(anonymous_2)
FN:73,(anonymous_3)
FN:77,(anonymous_4)
FN:84,(anonymous_5)
FN:119,(anonymous_6)
FN:124,(anonymous_7)
FN:131,(anonymous_8)
FNF:9
FNH:6
FNDA:1,(anonymous_0)
FNDA:1,(anonymous_1)
FNDA:1,(anonymous_2)
FNDA:71,(anonymous_3)
FNDA:0,(anonymous_4)
FNDA:1,(anonymous_5)
FNDA:2,(anonymous_6)
FNDA:0,(anonymous_7)
FNDA:0,(anonymous_8)
DA:14,1
DA:15,1
DA:18,1
DA:19,1
DA:20,1
DA:21,1
DA:24,1
DA:25,1
DA:26,1
DA:27,1
DA:28,1
DA:29,1
DA:30,1
DA:31,1
DA:32,1
DA:35,1
DA:36,0
DA:39,1
DA:47,1
DA:48,1
DA:50,1
DA:51,1
DA:52,1
DA:53,1
DA:54,1
DA:55,1
DA:56,1
DA:57,1
DA:59,0
DA:60,0
DA:63,1
DA:64,1
DA:66,0
DA:68,1
DA:72,1
DA:73,1
DA:74,71
DA:76,1
DA:77,1
DA:78,0
DA:81,1
DA:85,1
DA:86,1
DA:87,1
DA:88,1
DA:89,1
DA:91,0
DA:92,0
DA:94,1
DA:95,1
DA:96,1
DA:97,1
DA:98,1
DA:99,1
DA:100,1
DA:101,1
DA:102,1
DA:103,1
DA:104,1
DA:105,1
DA:106,1
DA:107,1
DA:108,1
DA:109,1
DA:110,1
DA:111,1
DA:112,0
DA:115,1
DA:116,1
DA:120,2
DA:121,2
DA:125,0
DA:126,0
DA:127,0
DA:128,0
DA:132,0
LF:76
LH:63
BRDA:50,0,0,1
BRDA:50,0,1,0
BRDA:63,1,0,1
BRDA:63,1,1,0
BRDA:35,2,0,0
BRDA:35,2,1,1
BRDA:36,3,0,0
BRDA:36,3,1,0
BRDA:76,4,0,1
BRDA:76,4,1,0
BRDA:86,5,0,0
BRDA:86,5,1,1
BRDA:88,6,0,1
BRDA:88,6,1,0
BRDA:102,7,0,1
BRDA:102,7,1,0
BRDA:103,8,0,0
BRDA:103,8,1,1
BRDA:104,9,0,0
BRDA:104,9,1,1
BRDA:105,10,0,0
BRDA:105,10,1,1
BRDA:106,11,0,0
BRDA:106,11,1,1
BRDA:107,12,0,0
BRDA:107,12,1,1
BRDA:108,13,0,0
BRDA:108,13,1,1
BRDA:109,14,0,0
BRDA:109,14,1,1
BRDA:110,15,0,0
BRDA:110,15,1,1
BRDA:111,16,0,0
BRDA:111,16,1,1
BRF:34
BRH:16
end_of_record
TN:
SF:src/app/shared/classes/booklet-config.class.ts
FN:4,(anonymous_0)
FN:6,(anonymous_1)
FN:13,(anonymous_2)
FN:15,(anonymous_3)
FN:17,(anonymous_4)
FNF:5
FNH:0
FNDA:0,(anonymous_0)
FNDA:0,(anonymous_1)
FNDA:0,(anonymous_2)
FNDA:0,(anonymous_3)
FNDA:0,(anonymous_4)
DA:5,0
DA:7,0
DA:8,0
DA:14,0
DA:15,0
DA:18,0
DA:19,0
DA:23,0
LF:8
LH:0
BRDA:7,0,0,0
BRDA:7,0,1,0
BRF:2
BRH:0
end_of_record
TN:
SF:src/app/shared/classes/test-mode.class.ts
FN:7,(anonymous_0)
FN:20,(anonymous_1)
FNF:2
FNH:0
FNDA:0,(anonymous_0)
FNDA:0,(anonymous_1)
DA:4,0
DA:5,0
DA:8,0
DA:9,0
DA:11,0
DA:12,0
DA:13,0
DA:16,0
DA:17,0
DA:19,0
DA:21,0
LF:11
LH:0
BRDA:7,0,0,0
BRDA:11,1,0,0
BRDA:11,1,1,0
BRDA:11,2,0,0
BRDA:11,2,1,0
BRF:5
BRH:0
end_of_record
TN:
SF:src/app/shared/components/alert/alert.component.css
FNF:0
FNH:0
LF:0
LH:0
BRF:0
BRH:0
end_of_record
TN:
SF:src/app/shared/components/alert/alert.component.html
FNF:0
FNH:0
LF:0
LH:0
BRF:0
BRH:0
end_of_record
TN:
SF:src/app/shared/components/alert/alert.component.ts
FN:40,(anonymous_0)
FN:72,(anonymous_1)
FN:74,(anonymous_2)
FN:30,(anonymous_3)
FN:33,(anonymous_4)
FN:46,(anonymous_5)
FN:55,(anonymous_6)
FN:57,(anonymous_7)
FN:60,(anonymous_8)
FN:67,(anonymous_9)
FN:17,AlertComponent_Factory
FNF:11
FNH:7
FNDA:1,(anonymous_0)
FNDA:26,(anonymous_1)
FNDA:0,(anonymous_2)
FNDA:26,(anonymous_3)
FNDA:26,(anonymous_4)
FNDA:1,(anonymous_5)
FNDA:0,(anonymous_6)
FNDA:0,(anonymous_7)
FNDA:1,(anonymous_8)
FNDA:0,(anonymous_9)
FNDA:1,AlertComponent_Factory
DA:17,2
DA:23,1
DA:31,26
DA:33,26
DA:41,1
DA:43,1
DA:47,1
DA:48,1
DA:49,1
DA:51,0
DA:56,0
DA:57,0
DA:61,1
DA:62,0
DA:63,0
DA:68,0
DA:72,26
DA:74,0
LF:18
LH:11
BRDA:33,0,0,26
BRDA:33,0,1,0
BRDA:48,1,0,1
BRDA:48,1,1,0
BRDA:61,2,0,0
BRDA:61,2,1,1
BRDA:69,3,0,0
BRDA:69,3,1,0
BRDA:17,4,0,1
BRDA:17,4,1,1
BRF:10
BRH:5
end_of_record
TN:
SF:src/app/shared/components/confirm-dialog/confirm-dialog.component.css
FNF:0
FNH:0
LF:0
LH:0
BRF:0
BRH:0
end_of_record
TN:
SF:src/app/shared/components/confirm-dialog/confirm-dialog.component.html
FNF:0
FNH:0
LF:0
LH:0
BRF:0
BRH:0
end_of_record
TN:
SF:src/app/shared/components/confirm-dialog/confirm-dialog.component.ts
FN:13,(anonymous_1)
FN:15,(anonymous_2)
FN:10,ConfirmDialogComponent_Factory
FNF:3
FNH:0
FNDA:0,(anonymous_1)
FNDA:0,(anonymous_2)
FNDA:0,ConfirmDialogComponent_Factory
DA:10,1
DA:11,0
DA:13,0
DA:16,0
DA:17,0
DA:19,0
DA:23,0
DA:25,0
DA:26,0
LF:9
LH:1
BRDA:16,0,0,0
BRDA:16,0,1,0
BRDA:16,1,0,0
BRDA:16,1,1,0
BRDA:19,2,0,0
BRDA:19,2,1,0
BRDA:20,3,0,0
BRDA:20,3,1,0
BRDA:25,4,0,0
BRDA:25,4,1,0
BRDA:10,5,0,0
BRDA:10,5,1,0
BRF:12
BRH:0
end_of_record
TN:
SF:src/app/shared/components/message-dialog/message-dialog.component.css
FNF:0
FNH:0
LF:0
LH:0
BRF:0
BRH:0
end_of_record
TN:
SF:src/app/shared/components/message-dialog/message-dialog.component.html
FNF:0
FNH:0
LF:0
LH:0
BRF:0
BRH:0
end_of_record
TN:
SF:src/app/shared/components/message-dialog/message-dialog.component.ts
FN:10,(anonymous_3)
FN:12,(anonymous_4)
FN:9,MessageDialogComponent_Factory
FNF:3
FNH:0
FNDA:0,(anonymous_3)
FNDA:0,(anonymous_4)
FNDA:0,MessageDialogComponent_Factory
DA:9,1
DA:10,0
DA:13,0
DA:14,0
DA:16,0
DA:17,0
DA:20,0
DA:21,0
DA:24,0
DA:25,0
DA:29,0
DA:30,0
LF:12
LH:1
BRDA:13,0,0,0
BRDA:13,0,1,0
BRDA:13,1,0,0
BRDA:13,1,1,0
BRDA:14,2,0,0
BRDA:14,2,1,0
BRDA:14,2,2,0
BRDA:29,3,0,0
BRDA:29,3,1,0
BRDA:29,4,0,0
BRDA:29,4,1,0
BRDA:9,5,0,0
BRDA:9,5,1,0
BRF:13
BRH:0
end_of_record
TN:
SF:src/app/shared/interfaces/app-config.interfaces.ts
FNF:0
FNH:0
DA:29,1
DA:31,1
DA:32,1
DA:33,1
LF:4
LH:4
BRF:0
BRH:0
end_of_record
TN:
SF:src/app/shared/interfaces/confirm-dialog.interfaces.ts
FNF:0
FNH:0
LF:0
LH:0
BRF:0
BRH:0
end_of_record
TN:
SF:src/app/shared/interfaces/customtext.interfaces.ts
FNF:0
FNH:0
LF:0
LH:0
BRF:0
BRH:0
end_of_record
TN:
SF:src/app/shared/interfaces/message-dialog.interfaces.ts
FN:1,(anonymous_0)
FNF:1
FNH:1
FNDA:1,(anonymous_0)
DA:1,1
DA:2,1
DA:3,1
DA:4,1
LF:4
LH:4
BRDA:1,0,0,1
BRDA:1,0,1,1
BRF:2
BRH:2
end_of_record
TN:
SF:src/app/shared/interfaces/websocket-backend.interfaces.ts
FNF:0
FNH:0
LF:0
LH:0
BRF:0
BRH:0
end_of_record
TN:
SF:src/app/shared/pipes/bytes/bytes.pipe.ts
FN:3,(anonymous_0)
FN:7,(anonymous_1)
FN:4,BytesPipe_Factory
FNF:3
FNH:0
FNDA:0,(anonymous_0)
FNDA:0,(anonymous_1)
FNDA:0,BytesPipe_Factory
DA:4,2
DA:5,0
DA:8,0
DA:9,0
DA:11,0
DA:12,0
DA:15,0
DA:16,0
LF:8
LH:1
BRDA:8,0,0,0
BRDA:8,0,1,0
BRDA:8,1,0,0
BRDA:8,1,1,0
BRDA:11,2,0,0
BRDA:11,2,1,0
BRDA:4,3,0,0
BRDA:4,3,1,0
BRF:8
BRH:0
end_of_record
TN:
SF:src/app/shared/pipes/customtext/customtext.pipe.ts
FN:10,(anonymous_0)
FN:12,(anonymous_1)
FN:15,(anonymous_2)
FN:16,(anonymous_3)
FN:17,(anonymous_4)
FN:19,(anonymous_5)
FN:9,CustomtextPipe_Factory
FNF:7
FNH:0
FNDA:0,(anonymous_0)
FNDA:0,(anonymous_1)
FNDA:0,(anonymous_2)
FNDA:0,(anonymous_3)
FNDA:0,(anonymous_4)
FNDA:0,(anonymous_5)
FNDA:0,CustomtextPipe_Factory
DA:9,2
DA:10,0
DA:13,0
DA:15,0
DA:16,0
DA:18,0
DA:21,0
DA:23,0
LF:8
LH:1
BRDA:16,0,0,0
BRDA:16,0,1,0
BRDA:16,1,0,0
BRDA:16,1,1,0
BRDA:9,2,0,0
BRDA:9,2,1,0
BRF:6
BRH:0
end_of_record
TN:
SF:src/app/shared/services/customtext/customtext.service.ts
FN:5,(anonymous_0)
FN:11,(anonymous_1)
FN:12,(anonymous_2)
FN:17,(anonymous_3)
FN:18,(anonymous_4)
FN:23,(anonymous_5)
FN:31,(anonymous_6)
FN:38,(anonymous_7)
FN:8,CustomtextService_Factory
FNF:9
FNH:6
FNDA:1,(anonymous_0)
FNDA:1,(anonymous_1)
FNDA:71,(anonymous_2)
FNDA:0,(anonymous_3)
FNDA:0,(anonymous_4)
FNDA:71,(anonymous_5)
FNDA:0,(anonymous_6)
FNDA:2,(anonymous_7)
FNDA:1,CustomtextService_Factory
DA:8,2
DA:9,1
DA:12,1
DA:13,71
DA:18,0
DA:19,0
DA:24,71
DA:25,71
DA:27,71
DA:32,0
DA:33,0
DA:35,0
DA:39,2
DA:40,0
DA:42,2
LF:15
LH:9
BRDA:24,0,0,71
BRDA:24,0,1,0
BRDA:32,1,0,0
BRDA:32,1,1,0
BRDA:39,2,0,0
BRDA:39,2,1,2
BRDA:8,3,0,1
BRDA:8,3,1,1
BRF:8
BRH:4
end_of_record
TN:
SF:src/app/shared/services/maindata/maindata.service.ts
FN:67,(anonymous_0)
FN:21,(anonymous_1)
FN:41,(anonymous_2)
FN:54,(anonymous_3)
FN:72,(anonymous_4)
FN:76,(anonymous_5)
FN:80,(anonymous_6)
FN:92,(anonymous_7)
FN:100,(anonymous_8)
FN:18,MainDataService_Factory
FNF:10
FNH:5
FNDA:1,(anonymous_0)
FNDA:1,(anonymous_1)
FNDA:4,(anonymous_2)
FNDA:0,(anonymous_3)
FNDA:0,(anonymous_4)
FNDA:1,(anonymous_5)
FNDA:0,(anonymous_6)
FNDA:0,(anonymous_7)
FNDA:0,(anonymous_8)
FNDA:1,MainDataService_Factory
DA:13,1
DA:18,2
DA:19,1
DA:20,1
DA:22,1
DA:25,1
DA:26,1
DA:27,1
DA:28,1
DA:29,1
DA:30,1
DA:31,1
DA:32,1
DA:34,1
DA:35,1
DA:42,4
DA:43,4
DA:44,4
DA:46,0
DA:47,0
DA:49,0
DA:50,0
DA:55,0
DA:56,0
DA:57,0
DA:59,0
DA:60,0
DA:62,0
DA:63,0
DA:68,1
DA:73,0
DA:77,1
DA:81,0
DA:82,0
DA:83,0
DA:84,0
DA:86,0
DA:88,0
DA:93,0
DA:94,0
DA:95,0
DA:97,0
DA:101,0
DA:102,0
DA:104,0
DA:106,0
LF:46
LH:20
BRDA:43,0,0,4
BRDA:43,0,1,0
BRDA:56,1,0,0
BRDA:56,1,1,0
BRDA:80,2,0,0
BRDA:82,3,0,0
BRDA:82,3,1,0
BRDA:83,4,0,0
BRDA:83,4,1,0
BRDA:94,5,0,0
BRDA:94,5,1,0
BRDA:100,6,0,0
BRDA:101,7,0,0
BRDA:101,7,1,0
BRDA:18,8,0,1
BRDA:18,8,1,1
BRF:16
BRH:3
end_of_record
TN:
SF:src/app/shared/services/websocket/websocket.service.ts
FN:12,(anonymous_0)
FN:18,(anonymous_1)
FN:28,(anonymous_2)
FN:36,(anonymous_3)
FN:37,(anonymous_4)
FN:40,(anonymous_5)
FN:47,(anonymous_6)
FN:58,(anonymous_7)
FN:66,(anonymous_8)
FN:73,(anonymous_9)
FN:74,(anonymous_10)
FN:75,(anonymous_11)
FN:77,(anonymous_12)
FNF:13
FNH:0
FNDA:0,(anonymous_0)
FNDA:0,(anonymous_1)
FNDA:0,(anonymous_2)
FNDA:0,(anonymous_3)
FNDA:0,(anonymous_4)
FNDA:0,(anonymous_5)
FNDA:0,(anonymous_6)
FNDA:0,(anonymous_7)
FNDA:0,(anonymous_8)
FNDA:0,(anonymous_9)
FNDA:0,(anonymous_10)
FNDA:0,(anonymous_11)
FNDA:0,(anonymous_12)
DA:13,0
DA:15,0
DA:19,0
DA:20,0
DA:22,0
DA:25,0
DA:29,0
DA:35,0
DA:38,0
DA:41,0
DA:48,0
DA:49,0
DA:50,0
DA:52,0
DA:53,0
DA:54,0
DA:59,0
DA:60,0
DA:63,0
DA:67,0
DA:68,0
DA:71,0
DA:73,0
DA:74,0
DA:75,0
DA:77,0
LF:26
LH:0
BRDA:19,0,0,0
BRDA:19,0,1,0
BRDA:49,1,0,0
BRDA:49,1,1,0
BRDA:52,2,0,0
BRDA:52,2,1,0
BRDA:59,3,0,0
BRDA:59,3,1,0
BRDA:67,4,0,0
BRDA:67,4,1,0
BRF:10
BRH:0
end_of_record
TN:
SF:src/app/shared/services/websocket-backend/websocket-backend.service.ts
FN:29,(anonymous_0)
FN:36,(anonymous_1)
FN:40,(anonymous_2)
FN:48,(anonymous_3)
FN:60,(anonymous_4)
FN:65,(anonymous_5)
FN:77,(anonymous_6)
FN:89,(anonymous_7)
FN:95,(anonymous_8)
FN:102,(anonymous_9)
FN:112,(anonymous_10)
FN:114,(anonymous_11)
FN:118,(anonymous_12)
FN:119,(anonymous_13)
FN:124,(anonymous_14)
FN:14,WebsocketBackendService_Factory
FNF:16
FNH:0
FNDA:0,(anonymous_0)
FNDA:0,(anonymous_1)
FNDA:0,(anonymous_2)
FNDA:0,(anonymous_3)
FNDA:0,(anonymous_4)
FNDA:0,(anonymous_5)
FNDA:0,(anonymous_6)
FNDA:0,(anonymous_7)
FNDA:0,(anonymous_8)
FNDA:0,(anonymous_9)
FNDA:0,(anonymous_10)
FNDA:0,(anonymous_11)
FNDA:0,(anonymous_12)
FNDA:0,(anonymous_13)
FNDA:0,(anonymous_14)
FNDA:0,WebsocketBackendService_Factory
DA:14,1
DA:21,0
DA:23,0
DA:24,0
DA:25,0
DA:27,0
DA:30,0
DA:31,0
DA:33,0
DA:37,0
DA:41,0
DA:42,0
DA:43,0
DA:45,0
DA:49,0
DA:51,0
DA:53,0
DA:55,0
DA:61,0
DA:62,0
DA:66,0
DA:67,0
DA:68,0
DA:69,0
DA:71,0
DA:72,0
DA:78,0
DA:79,0
DA:81,0
DA:82,0
DA:83,0
DA:86,0
DA:90,0
DA:91,0
DA:94,0
DA:96,0
DA:103,0
DA:104,0
DA:107,0
DA:108,0
DA:113,0
DA:114,0
DA:116,0
DA:118,0
DA:120,0
DA:121,0
DA:124,0
LF:47
LH:1
BRDA:41,0,0,0
BRDA:41,0,1,0
BRDA:67,1,0,0
BRDA:67,1,1,0
BRDA:81,2,0,0
BRDA:81,2,1,0
BRDA:90,3,0,0
BRDA:90,3,1,0
BRDA:96,4,0,0
BRDA:96,4,1,0
BRDA:103,5,0,0
BRDA:103,5,1,0
BRDA:107,6,0,0
BRDA:107,6,1,0
BRDA:120,7,0,0
BRDA:120,7,1,0
BRDA:124,8,0,0
BRDA:124,8,1,0
BRDA:14,9,0,0
BRDA:14,9,1,0
BRF:20
BRH:0
end_of_record
TN:
SF:src/app/superadmin/backend.service.ts
FNF:0
FNH:0
LF:0
LH:0
BRF:0
BRH:0
end_of_record
TN:
SF:src/app/superadmin/index.ts
FNF:0
FNH:0
LF:0
LH:0
BRF:0
BRH:0
end_of_record
TN:
SF:src/app/superadmin/superadmin-routing.module.ts
FNF:0
FNH:0
LF:0
LH:0
BRF:0
BRH:0
end_of_record
TN:
SF:src/app/superadmin/superadmin.component.css
FNF:0
FNH:0
LF:0
LH:0
BRF:0
BRH:0
end_of_record
TN:
SF:src/app/superadmin/superadmin.component.html
FNF:0
FNH:0
LF:0
LH:0
BRF:0
BRH:0
end_of_record
TN:
SF:src/app/superadmin/superadmin.component.ts
FNF:0
FNH:0
LF:0
LH:0
BRF:0
BRH:0
end_of_record
TN:
SF:src/app/superadmin/superadmin.interfaces.ts
FNF:0
FNH:0
LF:0
LH:0
BRF:0
BRH:0
end_of_record
TN:
SF:src/app/superadmin/superadmin.module.ts
FNF:0
FNH:0
LF:0
LH:0
BRF:0
BRH:0
end_of_record
TN:
SF:src/app/superadmin/settings/app-config.component.css
FNF:0
FNH:0
LF:0
LH:0
BRF:0
BRH:0
end_of_record
TN:
SF:src/app/superadmin/settings/app-config.component.html
FNF:0
FNH:0
LF:0
LH:0
BRF:0
BRH:0
end_of_record
TN:
SF:src/app/superadmin/settings/app-config.component.ts
FNF:0
FNH:0
LF:0
LH:0
BRF:0
BRH:0
end_of_record
TN:
SF:src/app/superadmin/settings/edit-custom-text.component.ts
FNF:0
FNH:0
LF:0
LH:0
BRF:0
BRH:0
end_of_record
TN:
SF:src/app/superadmin/settings/edit-custom-texts.component.ts
FNF:0
FNH:0
LF:0
LH:0
BRF:0
BRH:0
end_of_record
TN:
SF:src/app/superadmin/settings/settings.component.ts
FNF:0
FNH:0
LF:0
LH:0
BRF:0
BRH:0
end_of_record
TN:
SF:src/app/superadmin/superadmin-password-request/superadmin-password-request.component.css
FNF:0
FNH:0
LF:0
LH:0
BRF:0
BRH:0
end_of_record
TN:
SF:src/app/superadmin/superadmin-password-request/superadmin-password-request.component.html
FNF:0
FNH:0
LF:0
LH:0
BRF:0
BRH:0
end_of_record
TN:
SF:src/app/superadmin/superadmin-password-request/superadmin-password-request.component.ts
FNF:0
FNH:0
LF:0
LH:0
BRF:0
BRH:0
end_of_record
TN:
SF:src/app/superadmin/users/users.component.css
FNF:0
FNH:0
LF:0
LH:0
BRF:0
BRH:0
end_of_record
TN:
SF:src/app/superadmin/users/users.component.html
FNF:0
FNH:0
LF:0
LH:0
BRF:0
BRH:0
end_of_record
TN:
SF:src/app/superadmin/users/users.component.ts
FNF:0
FNH:0
LF:0
LH:0
BRF:0
BRH:0
end_of_record
TN:
SF:src/app/superadmin/users/newpassword/newpassword.component.css
FNF:0
FNH:0
LF:0
LH:0
BRF:0
BRH:0
end_of_record
TN:
SF:src/app/superadmin/users/newpassword/newpassword.component.html
FNF:0
FNH:0
LF:0
LH:0
BRF:0
BRH:0
end_of_record
TN:
SF:src/app/superadmin/users/newpassword/newpassword.component.ts
FNF:0
FNH:0
LF:0
LH:0
BRF:0
BRH:0
end_of_record
TN:
SF:src/app/superadmin/users/newuser/newuser.component.css
FNF:0
FNH:0
LF:0
LH:0
BRF:0
BRH:0
end_of_record
TN:
SF:src/app/superadmin/users/newuser/newuser.component.html
FNF:0
FNH:0
LF:0
LH:0
BRF:0
BRH:0
end_of_record
TN:
SF:src/app/superadmin/users/newuser/newuser.component.ts
FNF:0
FNH:0
LF:0
LH:0
BRF:0
BRH:0
end_of_record
TN:
SF:src/app/superadmin/workspaces/workspaces.component.css
FNF:0
FNH:0
LF:0
LH:0
BRF:0
BRH:0
end_of_record
TN:
SF:src/app/superadmin/workspaces/workspaces.component.html
FNF:0
FNH:0
LF:0
LH:0
BRF:0
BRH:0
end_of_record
TN:
SF:src/app/superadmin/workspaces/workspaces.component.ts
FNF:0
FNH:0
LF:0
LH:0
BRF:0
BRH:0
end_of_record
TN:
SF:src/app/superadmin/workspaces/editworkspace/editworkspace.component.css
FNF:0
FNH:0
LF:0
LH:0
BRF:0
BRH:0
end_of_record
TN:
SF:src/app/superadmin/workspaces/editworkspace/editworkspace.component.html
FNF:0
FNH:0
LF:0
LH:0
BRF:0
BRH:0
end_of_record
TN:
SF:src/app/superadmin/workspaces/editworkspace/editworkspace.component.ts
FNF:0
FNH:0
LF:0
LH:0
BRF:0
BRH:0
end_of_record
TN:
SF:src/app/superadmin/workspaces/newworkspace/newworkspace.component.css
FNF:0
FNH:0
LF:0
LH:0
BRF:0
BRH:0
end_of_record
TN:
SF:src/app/superadmin/workspaces/newworkspace/newworkspace.component.html
FNF:0
FNH:0
LF:0
LH:0
BRF:0
BRH:0
end_of_record
TN:
SF:src/app/superadmin/workspaces/newworkspace/newworkspace.component.ts
FNF:0
FNH:0
LF:0
LH:0
BRF:0
BRH:0
end_of_record
TN:
SF:src/app/sys-check/backend.service.ts
FNF:0
FNH:0
LF:0
LH:0
BRF:0
BRH:0
end_of_record
TN:
SF:src/app/sys-check/sys-check-data.service.ts
FNF:0
FNH:0
LF:0
LH:0
BRF:0
BRH:0
end_of_record
TN:
SF:src/app/sys-check/sys-check-routing.module.ts
FNF:0
FNH:0
LF:0
LH:0
BRF:0
BRH:0
end_of_record
TN:
SF:src/app/sys-check/sys-check.component.css
FNF:0
FNH:0
LF:0
LH:0
BRF:0
BRH:0
end_of_record
TN:
SF:src/app/sys-check/sys-check.component.html
FNF:0
FNH:0
LF:0
LH:0
BRF:0
BRH:0
end_of_record
TN:
SF:src/app/sys-check/sys-check.component.ts
FNF:0
FNH:0
LF:0
LH:0
BRF:0
BRH:0
end_of_record
TN:
SF:src/app/sys-check/sys-check.interfaces.ts
FNF:0
FNH:0
LF:0
LH:0
BRF:0
BRH:0
end_of_record
TN:
SF:src/app/sys-check/sys-check.module.ts
FNF:0
FNH:0
LF:0
LH:0
BRF:0
BRH:0
end_of_record
TN:
SF:src/app/sys-check/network-check/network-check.component.html
FNF:0
FNH:0
LF:0
LH:0
BRF:0
BRH:0
end_of_record
TN:
SF:src/app/sys-check/network-check/network-check.component.ts
FNF:0
FNH:0
LF:0
LH:0
BRF:0
BRH:0
end_of_record
TN:
SF:src/app/sys-check/network-check/tc-speed-chart.component.ts
FNF:0
FNH:0
LF:0
LH:0
BRF:0
BRH:0
end_of_record
TN:
SF:src/app/sys-check/questionnaire/questionnaire.component.css
FNF:0
FNH:0
LF:0
LH:0
BRF:0
BRH:0
end_of_record
TN:
SF:src/app/sys-check/questionnaire/questionnaire.component.html
FNF:0
FNH:0
LF:0
LH:0
BRF:0
BRH:0
end_of_record
TN:
SF:src/app/sys-check/questionnaire/questionnaire.component.ts
FNF:0
FNH:0
LF:0
LH:0
BRF:0
BRH:0
end_of_record
TN:
SF:src/app/sys-check/report/report.component.css
FNF:0
FNH:0
LF:0
LH:0
BRF:0
BRH:0
end_of_record
TN:
SF:src/app/sys-check/report/report.component.html
FNF:0
FNH:0
LF:0
LH:0
BRF:0
BRH:0
end_of_record
TN:
SF:src/app/sys-check/report/report.component.ts
FNF:0
FNH:0
LF:0
LH:0
BRF:0
BRH:0
end_of_record
TN:
SF:src/app/sys-check/report/save-report/save-report.component.css
FNF:0
FNH:0
LF:0
LH:0
BRF:0
BRH:0
end_of_record
TN:
SF:src/app/sys-check/report/save-report/save-report.component.html
FNF:0
FNH:0
LF:0
LH:0
BRF:0
BRH:0
end_of_record
TN:
SF:src/app/sys-check/report/save-report/save-report.component.ts
FNF:0
FNH:0
LF:0
LH:0
BRF:0
BRH:0
end_of_record
TN:
SF:src/app/sys-check/unit-check/unit-check.component.css
FNF:0
FNH:0
LF:0
LH:0
BRF:0
BRH:0
end_of_record
TN:
SF:src/app/sys-check/unit-check/unit-check.component.html
FNF:0
FNH:0
LF:0
LH:0
BRF:0
BRH:0
end_of_record
TN:
SF:src/app/sys-check/unit-check/unit-check.component.ts
FNF:0
FNH:0
LF:0
LH:0
BRF:0
BRH:0
end_of_record
TN:
SF:src/app/sys-check/welcome/welcome.component.html
FNF:0
FNH:0
LF:0
LH:0
BRF:0
BRH:0
end_of_record
TN:
SF:src/app/sys-check/welcome/welcome.component.ts
FNF:0
FNH:0
LF:0
LH:0
BRF:0
BRH:0
end_of_record
TN:
SF:src/app/test-controller/index.ts
FNF:0
FNH:0
LF:0
LH:0
BRF:0
BRH:0
end_of_record
TN:
SF:src/app/test-controller/test-controller.module.ts
FNF:0
FNH:0
LF:0
LH:0
BRF:0
BRH:0
end_of_record
TN:
SF:src/app/test-controller/classes/test-controller.classes.ts
FNF:0
FNH:0
LF:0
LH:0
BRF:0
BRH:0
end_of_record
TN:
SF:src/app/test-controller/components/review-dialog/review-dialog.component.html
FNF:0
FNH:0
LF:0
LH:0
BRF:0
BRH:0
end_of_record
TN:
SF:src/app/test-controller/components/review-dialog/review-dialog.component.ts
FNF:0
FNH:0
LF:0
LH:0
BRF:0
BRH:0
end_of_record
TN:
SF:src/app/test-controller/components/test-controller/test-controller.component.css
FNF:0
FNH:0
LF:0
LH:0
BRF:0
BRH:0
end_of_record
TN:
SF:src/app/test-controller/components/test-controller/test-controller.component.html
FNF:0
FNH:0
LF:0
LH:0
BRF:0
BRH:0
end_of_record
TN:
SF:src/app/test-controller/components/test-controller/test-controller.component.ts
FNF:0
FNH:0
LF:0
LH:0
BRF:0
BRH:0
end_of_record
TN:
SF:src/app/test-controller/components/test-status/test-status.component.css
FNF:0
FNH:0
LF:0
LH:0
BRF:0
BRH:0
end_of_record
TN:
SF:src/app/test-controller/components/test-status/test-status.component.html
FNF:0
FNH:0
LF:0
LH:0
BRF:0
BRH:0
end_of_record
TN:
SF:src/app/test-controller/components/test-status/test-status.component.ts
FNF:0
FNH:0
LF:0
LH:0
BRF:0
BRH:0
end_of_record
TN:
SF:src/app/test-controller/components/unit-menu/unit-menu.component.css
FNF:0
FNH:0
LF:0
LH:0
BRF:0
BRH:0
end_of_record
TN:
SF:src/app/test-controller/components/unit-menu/unit-menu.component.html
FNF:0
FNH:0
LF:0
LH:0
BRF:0
BRH:0
end_of_record
TN:
SF:src/app/test-controller/components/unit-menu/unit-menu.component.ts
FNF:0
FNH:0
LF:0
LH:0
BRF:0
BRH:0
end_of_record
TN:
SF:src/app/test-controller/components/unithost/unithost.component.css
FNF:0
FNH:0
LF:0
LH:0
BRF:0
BRH:0
end_of_record
TN:
SF:src/app/test-controller/components/unithost/unithost.component.html
FNF:0
FNH:0
LF:0
LH:0
BRF:0
BRH:0
end_of_record
TN:
SF:src/app/test-controller/components/unithost/unithost.component.ts
FNF:0
FNH:0
LF:0
LH:0
BRF:0
BRH:0
end_of_record
TN:
SF:src/app/test-controller/interfaces/test-controller.interfaces.ts
FNF:0
FNH:0
LF:0
LH:0
BRF:0
BRH:0
end_of_record
TN:
SF:src/app/test-controller/interfaces/verona.interfaces.ts
FNF:0
FNH:0
LF:0
LH:0
BRF:0
BRH:0
end_of_record
TN:
SF:src/app/test-controller/routing/test-controller-route-guards.ts
FNF:0
FNH:0
LF:0
LH:0
BRF:0
BRH:0
end_of_record
TN:
SF:src/app/test-controller/routing/test-controller-routing.module.ts
FNF:0
FNH:0
LF:0
LH:0
BRF:0
BRH:0
end_of_record
TN:
SF:src/app/test-controller/routing/unit-route-guards.ts
FNF:0
FNH:0
LF:0
LH:0
BRF:0
BRH:0
end_of_record
TN:
SF:src/app/test-controller/services/backend.service.ts
FNF:0
FNH:0
LF:0
LH:0
BRF:0
BRH:0
end_of_record
TN:
SF:src/app/test-controller/services/command.service.ts
FNF:0
FNH:0
LF:0
LH:0
BRF:0
BRH:0
end_of_record
TN:
SF:src/app/test-controller/services/test-controller.service.ts
FNF:0
FNH:0
LF:0
LH:0
BRF:0
BRH:0
end_of_record
TN:
SF:src/app/test-controller/services/test-loader.service.ts
FNF:0
FNH:0
LF:0
LH:0
BRF:0
BRH:0
end_of_record
TN:
SF:src/app/test-controller/unit-test-data/mock-backend.service.ts
FNF:0
FNH:0
LF:0
LH:0
BRF:0
BRH:0
end_of_record
TN:
SF:src/app/test-controller/unit-test-data/test-data-constructors.ts
FNF:0
FNH:0
LF:0
LH:0
BRF:0
BRH:0
end_of_record
TN:
SF:src/app/test-controller/unit-test-data/test-data.ts
FNF:0
FNH:0
LF:0
LH:0
BRF:0
BRH:0
end_of_record
TN:
SF:src/app/test-controller/unit-test-data/unit-test.util.ts
FNF:0
FNH:0
LF:0
LH:0
BRF:0
BRH:0
end_of_record
TN:
SF:src/app/test-controller/unit-test-data/watcher.ts
FNF:0
FNH:0
LF:0
LH:0
BRF:0
BRH:0
end_of_record
TN:
SF:src/app/test-controller/utils/local-storage.util.ts
FNF:0
FNH:0
LF:0
LH:0
BRF:0
BRH:0
end_of_record
TN:
SF:src/app/workspace-admin/backend.service.ts
FNF:0
FNH:0
LF:0
LH:0
BRF:0
BRH:0
end_of_record
TN:
SF:src/app/workspace-admin/index.ts
FNF:0
FNH:0
LF:0
LH:0
BRF:0
BRH:0
end_of_record
TN:
SF:src/app/workspace-admin/workspace-routing.module.ts
FNF:0
FNH:0
LF:0
LH:0
BRF:0
BRH:0
end_of_record
TN:
SF:src/app/workspace-admin/workspace.component.css
FNF:0
FNH:0
LF:0
LH:0
BRF:0
BRH:0
end_of_record
TN:
SF:src/app/workspace-admin/workspace.component.html
FNF:0
FNH:0
LF:0
LH:0
BRF:0
BRH:0
end_of_record
TN:
SF:src/app/workspace-admin/workspace.component.ts
FNF:0
FNH:0
LF:0
LH:0
BRF:0
BRH:0
end_of_record
TN:
SF:src/app/workspace-admin/workspace.interfaces.ts
FNF:0
FNH:0
LF:0
LH:0
BRF:0
BRH:0
end_of_record
TN:
SF:src/app/workspace-admin/workspace.module.ts
FNF:0
FNH:0
LF:0
LH:0
BRF:0
BRH:0
end_of_record
TN:
SF:src/app/workspace-admin/workspacedata.service.ts
FNF:0
FNH:0
LF:0
LH:0
BRF:0
BRH:0
end_of_record
TN:
SF:src/app/workspace-admin/files/files.component.css
FNF:0
FNH:0
LF:0
LH:0
BRF:0
BRH:0
end_of_record
TN:
SF:src/app/workspace-admin/files/files.component.html
FNF:0
FNH:0
LF:0
LH:0
BRF:0
BRH:0
end_of_record
TN:
SF:src/app/workspace-admin/files/files.component.ts
FNF:0
FNH:0
LF:0
LH:0
BRF:0
BRH:0
end_of_record
TN:
SF:src/app/workspace-admin/files/files.interfaces.ts
FNF:0
FNH:0
LF:0
LH:0
BRF:0
BRH:0
end_of_record
TN:
SF:src/app/workspace-admin/files/iqb-files.scss
FNF:0
FNH:0
LF:0
LH:0
BRF:0
BRH:0
end_of_record
TN:
SF:src/app/workspace-admin/files/iqb-files-upload/iqb-files-upload.component.html
FNF:0
FNH:0
LF:0
LH:0
BRF:0
BRH:0
end_of_record
TN:
SF:src/app/workspace-admin/files/iqb-files-upload/iqb-files-upload.component.ts
FNF:0
FNH:0
LF:0
LH:0
BRF:0
BRH:0
end_of_record
TN:
SF:src/app/workspace-admin/files/iqb-files-upload-input-for/iqb-files-upload-input-for.directive.ts
FNF:0
FNH:0
LF:0
LH:0
BRF:0
BRH:0
end_of_record
TN:
SF:src/app/workspace-admin/files/iqb-files-upload-queue/iqb-files-upload-queue.component.html
FNF:0
FNH:0
LF:0
LH:0
BRF:0
BRH:0
end_of_record
TN:
SF:src/app/workspace-admin/files/iqb-files-upload-queue/iqb-files-upload-queue.component.ts
FNF:0
FNH:0
LF:0
LH:0
BRF:0
BRH:0
end_of_record
TN:
SF:src/app/workspace-admin/results/results.component.css
FNF:0
FNH:0
LF:0
LH:0
BRF:0
BRH:0
end_of_record
TN:
SF:src/app/workspace-admin/results/results.component.html
FNF:0
FNH:0
LF:0
LH:0
BRF:0
BRH:0
end_of_record
TN:
SF:src/app/workspace-admin/results/results.component.ts
FNF:0
FNH:0
LF:0
LH:0
BRF:0
BRH:0
end_of_record
TN:
SF:src/app/workspace-admin/syscheck/syscheck.component.css
FNF:0
FNH:0
LF:0
LH:0
BRF:0
BRH:0
end_of_record
TN:
SF:src/app/workspace-admin/syscheck/syscheck.component.html
FNF:0
FNH:0
LF:0
LH:0
BRF:0
BRH:0
end_of_record
TN:
SF:src/app/workspace-admin/syscheck/syscheck.component.ts
FNF:0
FNH:0
LF:0
LH:0
BRF:0
BRH:0
end_of_record
TN:
SF:src/assets/IQB-LogoA.png
FNF:0
FNH:0
LF:0
LH:0
BRF:0
BRH:0
end_of_record
TN:
SF:src/assets/android-chrome-192x192.png
FNF:0
FNH:0
LF:0
LH:0
BRF:0
BRH:0
end_of_record
TN:
SF:src/assets/android-chrome-512x512.png
FNF:0
FNH:0
LF:0
LH:0
BRF:0
BRH:0
end_of_record
TN:
SF:src/assets/apple-touch-icon.png
FNF:0
FNH:0
LF:0
LH:0
BRF:0
BRH:0
end_of_record
TN:
SF:src/assets/browserconfig.xml
FNF:0
FNH:0
LF:0
LH:0
BRF:0
BRH:0
end_of_record
TN:
SF:src/assets/favicon-16x16.png
FNF:0
FNH:0
LF:0
LH:0
BRF:0
BRH:0
end_of_record
TN:
SF:src/assets/favicon-32x32.png
FNF:0
FNH:0
LF:0
LH:0
BRF:0
BRH:0
end_of_record
TN:
SF:src/assets/favicon.ico
FNF:0
FNH:0
LF:0
LH:0
BRF:0
BRH:0
end_of_record
TN:
SF:src/assets/favicon_IQB.ico
FNF:0
FNH:0
LF:0
LH:0
BRF:0
BRH:0
end_of_record
TN:
SF:src/assets/mstile-150x150.png
FNF:0
FNH:0
LF:0
LH:0
BRF:0
BRH:0
end_of_record
TN:
SF:src/assets/orienta-v5-latin-regular.woff
FNF:0
FNH:0
LF:0
LH:0
BRF:0
BRH:0
end_of_record
TN:
SF:src/assets/orienta-v5-latin-regular.woff2
FNF:0
FNH:0
LF:0
LH:0
BRF:0
BRH:0
end_of_record
TN:
SF:src/assets/safari-pinned-tab.svg
FNF:0
FNH:0
LF:0
LH:0
BRF:0
BRH:0
end_of_record
TN:
SF:src/assets/site.webmanifest
FNF:0
FNH:0
LF:0
LH:0
BRF:0
BRH:0
end_of_record
TN:
SF:src/assets/fonts/material-design-icons-3.0.2/LICENSE
FNF:0
FNH:0
LF:0
LH:0
BRF:0
BRH:0
end_of_record
TN:
SF:src/assets/fonts/material-design-icons-3.0.2/MaterialIcons-Regular.eot
FNF:0
FNH:0
LF:0
LH:0
BRF:0
BRH:0
end_of_record
TN:
SF:src/assets/fonts/material-design-icons-3.0.2/MaterialIcons-Regular.ijmap
FNF:0
FNH:0
LF:0
LH:0
BRF:0
BRH:0
end_of_record
TN:
SF:src/assets/fonts/material-design-icons-3.0.2/MaterialIcons-Regular.svg
FNF:0
FNH:0
LF:0
LH:0
BRF:0
BRH:0
end_of_record
TN:
SF:src/assets/fonts/material-design-icons-3.0.2/MaterialIcons-Regular.ttf
FNF:0
FNH:0
LF:0
LH:0
BRF:0
BRH:0
end_of_record
TN:
SF:src/assets/fonts/material-design-icons-3.0.2/MaterialIcons-Regular.woff
FNF:0
FNH:0
LF:0
LH:0
BRF:0
BRH:0
end_of_record
TN:
SF:src/assets/fonts/material-design-icons-3.0.2/MaterialIcons-Regular.woff2
FNF:0
FNH:0
LF:0
LH:0
BRF:0
BRH:0
end_of_record
TN:
SF:src/assets/fonts/material-design-icons-3.0.2/README.md
FNF:0
FNH:0
LF:0
LH:0
BRF:0
BRH:0
end_of_record
TN:
SF:src/assets/fonts/material-design-icons-3.0.2/codepoints
FNF:0
FNH:0
LF:0
LH:0
BRF:0
BRH:0
end_of_record
TN:
SF:src/assets/fonts/material-design-icons-3.0.2/material-icons.css
FNF:0
FNH:0
LF:0
LH:0
BRF:0
BRH:0
end_of_record
TN:
SF:src/assets/fonts/roboto-v29/roboto-v29-latin-700.eot
FNF:0
FNH:0
LF:0
LH:0
BRF:0
BRH:0
end_of_record
TN:
SF:src/assets/fonts/roboto-v29/roboto-v29-latin-700.svg
FNF:0
FNH:0
LF:0
LH:0
BRF:0
BRH:0
end_of_record
TN:
SF:src/assets/fonts/roboto-v29/roboto-v29-latin-700.ttf
FNF:0
FNH:0
LF:0
LH:0
BRF:0
BRH:0
end_of_record
TN:
SF:src/assets/fonts/roboto-v29/roboto-v29-latin-700.woff
FNF:0
FNH:0
LF:0
LH:0
BRF:0
BRH:0
end_of_record
TN:
SF:src/assets/fonts/roboto-v29/roboto-v29-latin-700.woff2
FNF:0
FNH:0
LF:0
LH:0
BRF:0
BRH:0
end_of_record
TN:
SF:src/assets/fonts/roboto-v29/roboto-v29-latin-700italic.eot
FNF:0
FNH:0
LF:0
LH:0
BRF:0
BRH:0
end_of_record
TN:
SF:src/assets/fonts/roboto-v29/roboto-v29-latin-700italic.svg
FNF:0
FNH:0
LF:0
LH:0
BRF:0
BRH:0
end_of_record
TN:
SF:src/assets/fonts/roboto-v29/roboto-v29-latin-700italic.ttf
FNF:0
FNH:0
LF:0
LH:0
BRF:0
BRH:0
end_of_record
TN:
SF:src/assets/fonts/roboto-v29/roboto-v29-latin-700italic.woff
FNF:0
FNH:0
LF:0
LH:0
BRF:0
BRH:0
end_of_record
TN:
SF:src/assets/fonts/roboto-v29/roboto-v29-latin-700italic.woff2
FNF:0
FNH:0
LF:0
LH:0
BRF:0
BRH:0
end_of_record
TN:
SF:src/assets/fonts/roboto-v29/roboto-v29-latin-italic.eot
FNF:0
FNH:0
LF:0
LH:0
BRF:0
BRH:0
end_of_record
TN:
SF:src/assets/fonts/roboto-v29/roboto-v29-latin-italic.svg
FNF:0
FNH:0
LF:0
LH:0
BRF:0
BRH:0
end_of_record
TN:
SF:src/assets/fonts/roboto-v29/roboto-v29-latin-italic.ttf
FNF:0
FNH:0
LF:0
LH:0
BRF:0
BRH:0
end_of_record
TN:
SF:src/assets/fonts/roboto-v29/roboto-v29-latin-italic.woff
FNF:0
FNH:0
LF:0
LH:0
BRF:0
BRH:0
end_of_record
TN:
SF:src/assets/fonts/roboto-v29/roboto-v29-latin-italic.woff2
FNF:0
FNH:0
LF:0
LH:0
BRF:0
BRH:0
end_of_record
TN:
SF:src/assets/fonts/roboto-v29/roboto-v29-latin-regular.eot
FNF:0
FNH:0
LF:0
LH:0
BRF:0
BRH:0
end_of_record
TN:
SF:src/assets/fonts/roboto-v29/roboto-v29-latin-regular.svg
FNF:0
FNH:0
LF:0
LH:0
BRF:0
BRH:0
end_of_record
TN:
SF:src/assets/fonts/roboto-v29/roboto-v29-latin-regular.ttf
FNF:0
FNH:0
LF:0
LH:0
BRF:0
BRH:0
end_of_record
TN:
SF:src/assets/fonts/roboto-v29/roboto-v29-latin-regular.woff
FNF:0
FNH:0
LF:0
LH:0
BRF:0
BRH:0
end_of_record
TN:
SF:src/assets/fonts/roboto-v29/roboto-v29-latin-regular.woff2
FNF:0
FNH:0
LF:0
LH:0
BRF:0
BRH:0
end_of_record
TN:
SF:src/assets/fonts/roboto-v29/roboto.css
FNF:0
FNH:0
LF:0
LH:0
BRF:0
BRH:0
end_of_record
TN:
SF:src/environments/environment.dev.ts
FNF:0
FNH:0
LF:0
LH:0
BRF:0
BRH:0
end_of_record
TN:
SF:src/environments/environment.prod.ts
FNF:0
FNH:0
LF:0
LH:0
BRF:0
BRH:0
end_of_record
TN:
SF:src/environments/environment.system-test.ts
FNF:0
FNH:0
DA:1,1
LF:1
LH:1
BRF:0
BRH:0
end_of_record
TN:
SF:src/environments/environment.ts
FNF:0
FNH:0
LF:0
LH:0
BRF:0
BRH:0
end_of_record
TN:
SF:src/includes/FileSaver.js
FNF:0
FNH:0
LF:0
LH:0
BRF:0
BRH:0
end_of_record
