{"/app/src/command/command.controller.ts": {"path":"/app/src/command/command.controller.ts","statementMap":{"0":{"start":{"line":1,"column":0},"end":{"line":1,"column":null}},"1":{"start":{"line":5,"column":0},"end":{"line":5,"column":48}},"2":{"start":{"line":6,"column":0},"end":{"line":6,"column":57}},"3":{"start":{"line":9,"column":30},"end":{"line":30,"column":null}},"4":{"start":{"line":11,"column":21},"end":{"line":11,"column":36}},"5":{"start":{"line":14,"column":19},"end":{"line":14,"column":63}},"6":{"start":{"line":18,"column":4},"end":{"line":20,"column":null}},"7":{"start":{"line":19,"column":6},"end":{"line":19,"column":59}},"8":{"start":{"line":22,"column":4},"end":{"line":24,"column":null}},"9":{"start":{"line":23,"column":6},"end":{"line":23,"column":55}},"10":{"start":{"line":26,"column":4},"end":{"line":26,"column":46}},"11":{"start":{"line":28,"column":4},"end":{"line":28,"column":93}},"12":{"start":{"line":17,"column":2},"end":{"line":29,"column":null}},"13":{"start":{"line":9,"column":13},"end":{"line":30,"column":null}},"14":{"start":{"line":9,"column":13},"end":{"line":9,"column":30}}},"fnMap":{"0":{"name":"(anonymous_4)","decl":{"start":{"line":10,"column":2},"end":{"line":10,"column":null}},"loc":{"start":{"line":11,"column":49},"end":{"line":12,"column":6}}},"1":{"name":"(anonymous_5)","decl":{"start":{"line":17,"column":2},"end":{"line":17,"column":13}},"loc":{"start":{"line":17,"column":37},"end":{"line":29,"column":3}}}},"branchMap":{"0":{"loc":{"start":{"line":18,"column":4},"end":{"line":20,"column":null}},"type":"if","locations":[{"start":{"line":18,"column":4},"end":{"line":20,"column":null}}]},"1":{"loc":{"start":{"line":18,"column":8},"end":{"line":18,"column":89}},"type":"binary-expr","locations":[{"start":{"line":18,"column":9},"end":{"line":18,"column":52}},{"start":{"line":18,"column":57},"end":{"line":18,"column":89}}]},"2":{"loc":{"start":{"line":22,"column":4},"end":{"line":24,"column":null}},"type":"if","locations":[{"start":{"line":22,"column":4},"end":{"line":24,"column":null}}]},"3":{"loc":{"start":{"line":22,"column":8},"end":{"line":22,"column":93}},"type":"binary-expr","locations":[{"start":{"line":22,"column":9},"end":{"line":22,"column":52}},{"start":{"line":22,"column":57},"end":{"line":22,"column":93}}]}},"s":{"0":1,"1":1,"2":1,"3":1,"4":6,"5":6,"6":9,"7":4,"8":5,"9":4,"10":1,"11":1,"12":1,"13":1,"14":1},"f":{"0":6,"1":9},"b":{"0":[4],"1":[9,7],"2":[4],"3":[5,3]}}
,"/app/src/command/command.interface.ts": {"path":"/app/src/command/command.interface.ts","statementMap":{"0":{"start":{"line":1,"column":13},"end":{"line":7,"column":2}},"1":{"start":{"line":17,"column":2},"end":{"line":17,"column":96}},"2":{"start":{"line":16,"column":0},"end":{"line":16,"column":16}}},"fnMap":{"0":{"name":"isCommand","decl":{"start":{"line":16,"column":16},"end":{"line":16,"column":25}},"loc":{"start":{"line":16,"column":34},"end":{"line":18,"column":1}}}},"branchMap":{"0":{"loc":{"start":{"line":17,"column":9},"end":{"line":17,"column":95}},"type":"binary-expr","locations":[{"start":{"line":17,"column":10},"end":{"line":17,"column":35}},{"start":{"line":17,"column":41},"end":{"line":17,"column":61}},{"start":{"line":17,"column":67},"end":{"line":17,"column":94}}]}},"s":{"0":1,"1":7,"2":1},"f":{"0":7},"b":{"0":[7,5,5]}}
,"/app/src/common/websocket.gateway.ts": {"path":"/app/src/common/websocket.gateway.ts","statementMap":{"0":{"start":{"line":1,"column":0},"end":{"line":1,"column":null}},"1":{"start":{"line":8,"column":0},"end":{"line":8,"column":51}},"2":{"start":{"line":9,"column":0},"end":{"line":9,"column":37}},"3":{"start":{"line":10,"column":0},"end":{"line":10,"column":36}},"4":{"start":{"line":12,"column":0},"end":{"line":12,"column":40}},"5":{"start":{"line":16,"column":14},"end":{"line":16,"column":43}},"6":{"start":{"line":16,"column":41},"end":{"line":16,"column":42}},"7":{"start":{"line":17,"column":2},"end":{"line":17,"column":29}},"8":{"start":{"line":21,"column":29},"end":{"line":92,"column":null}},"9":{"start":{"line":22,"column":19},"end":{"line":22,"column":62}},"10":{"start":{"line":27,"column":10},"end":{"line":27,"column":53}},"11":{"start":{"line":28,"column":10},"end":{"line":28,"column":82}},"12":{"start":{"line":29,"column":10},"end":{"line":29,"column":83}},"13":{"start":{"line":32,"column":18},"end":{"line":32,"column":45}},"14":{"start":{"line":34,"column":4},"end":{"line":34,"column":33}},"15":{"start":{"line":35,"column":4},"end":{"line":35,"column":64}},"16":{"start":{"line":36,"column":4},"end":{"line":36,"column":50}},"17":{"start":{"line":40,"column":28},"end":{"line":40,"column":30}},"18":{"start":{"line":41,"column":4},"end":{"line":46,"column":7}},"19":{"start":{"line":42,"column":6},"end":{"line":45,"column":null}},"20":{"start":{"line":43,"column":8},"end":{"line":43,"column":35}},"21":{"start":{"line":44,"column":8},"end":{"line":44,"column":34}},"22":{"start":{"line":48,"column":4},"end":{"line":52,"column":null}},"23":{"start":{"line":49,"column":6},"end":{"line":49,"column":47}},"24":{"start":{"line":50,"column":6},"end":{"line":50,"column":66}},"25":{"start":{"line":51,"column":6},"end":{"line":51,"column":67}},"26":{"start":{"line":56,"column":20},"end":{"line":56,"column":60}},"27":{"start":{"line":58,"column":4},"end":{"line":63,"column":7}},"28":{"start":{"line":59,"column":6},"end":{"line":62,"column":null}},"29":{"start":{"line":60,"column":8},"end":{"line":60,"column":55}},"30":{"start":{"line":61,"column":8},"end":{"line":61,"column":42}},"31":{"start":{"line":67,"column":4},"end":{"line":71,"column":null}},"32":{"start":{"line":68,"column":6},"end":{"line":68,"column":60}},"33":{"start":{"line":69,"column":6},"end":{"line":69,"column":41}},"34":{"start":{"line":70,"column":6},"end":{"line":70,"column":40}},"35":{"start":{"line":75,"column":4},"end":{"line":77,"column":7}},"36":{"start":{"line":76,"column":6},"end":{"line":76,"column":35}},"37":{"start":{"line":81,"column":4},"end":{"line":81,"column":43}},"38":{"start":{"line":85,"column":4},"end":{"line":85,"column":37}},"39":{"start":{"line":90,"column":4},"end":{"line":90,"column":101}},"40":{"start":{"line":90,"column":59},"end":{"line":90,"column":97}},"41":{"start":{"line":25,"column":2},"end":{"line":25,"column":null}},"42":{"start":{"line":89,"column":2},"end":{"line":91,"column":null}},"43":{"start":{"line":21,"column":13},"end":{"line":92,"column":null}},"44":{"start":{"line":21,"column":13},"end":{"line":21,"column":29}}},"fnMap":{"0":{"name":"getLastUrlPart","decl":{"start":{"line":15,"column":9},"end":{"line":15,"column":23}},"loc":{"start":{"line":15,"column":35},"end":{"line":18,"column":1}}},"1":{"name":"(anonymous_5)","decl":{"start":{"line":16,"column":36},"end":{"line":16,"column":37}},"loc":{"start":{"line":16,"column":41},"end":{"line":16,"column":42}}},"2":{"name":"(anonymous_6)","decl":{"start":{"line":21,"column":0},"end":{"line":21,"column":13}},"loc":{"start":{"line":21,"column":0},"end":{"line":92,"column":1}}},"3":{"name":"(anonymous_7)","decl":{"start":{"line":31,"column":2},"end":{"line":31,"column":18}},"loc":{"start":{"line":31,"column":59},"end":{"line":37,"column":3}}},"4":{"name":"(anonymous_8)","decl":{"start":{"line":39,"column":2},"end":{"line":39,"column":18}},"loc":{"start":{"line":39,"column":33},"end":{"line":53,"column":3}}},"5":{"name":"(anonymous_9)","decl":{"start":{"line":41,"column":38},"end":{"line":41,"column":39}},"loc":{"start":{"line":41,"column":56},"end":{"line":46,"column":5}}},"6":{"name":"(anonymous_10)","decl":{"start":{"line":55,"column":2},"end":{"line":55,"column":23}},"loc":{"start":{"line":55,"column":80},"end":{"line":64,"column":3}}},"7":{"name":"(anonymous_11)","decl":{"start":{"line":58,"column":19},"end":{"line":58,"column":20}},"loc":{"start":{"line":58,"column":37},"end":{"line":63,"column":5}}},"8":{"name":"(anonymous_12)","decl":{"start":{"line":66,"column":2},"end":{"line":66,"column":18}},"loc":{"start":{"line":66,"column":39},"end":{"line":72,"column":3}}},"9":{"name":"(anonymous_13)","decl":{"start":{"line":74,"column":2},"end":{"line":74,"column":15}},"loc":{"start":{"line":74,"column":15},"end":{"line":78,"column":3}}},"10":{"name":"(anonymous_14)","decl":{"start":{"line":75,"column":38},"end":{"line":75,"column":39}},"loc":{"start":{"line":75,"column":56},"end":{"line":77,"column":5}}},"11":{"name":"(anonymous_15)","decl":{"start":{"line":80,"column":2},"end":{"line":80,"column":28}},"loc":{"start":{"line":80,"column":28},"end":{"line":82,"column":3}}},"12":{"name":"(anonymous_16)","decl":{"start":{"line":84,"column":2},"end":{"line":84,"column":17}},"loc":{"start":{"line":84,"column":17},"end":{"line":86,"column":3}}},"13":{"name":"(anonymous_17)","decl":{"start":{"line":89,"column":2},"end":{"line":89,"column":22}},"loc":{"start":{"line":89,"column":50},"end":{"line":91,"column":3}}},"14":{"name":"(anonymous_18)","decl":{"start":{"line":90,"column":39},"end":{"line":90,"column":40}},"loc":{"start":{"line":90,"column":59},"end":{"line":90,"column":97}}}},"branchMap":{"0":{"loc":{"start":{"line":42,"column":6},"end":{"line":45,"column":null}},"type":"if","locations":[{"start":{"line":42,"column":6},"end":{"line":45,"column":null}}]},"1":{"loc":{"start":{"line":48,"column":4},"end":{"line":52,"column":null}},"type":"if","locations":[{"start":{"line":48,"column":4},"end":{"line":52,"column":null}}]},"2":{"loc":{"start":{"line":59,"column":6},"end":{"line":62,"column":null}},"type":"if","locations":[{"start":{"line":59,"column":6},"end":{"line":62,"column":null}}]},"3":{"loc":{"start":{"line":67,"column":4},"end":{"line":71,"column":null}},"type":"if","locations":[{"start":{"line":67,"column":4},"end":{"line":71,"column":null}}]},"4":{"loc":{"start":{"line":25,"column":18},"end":{"line":25,"column":25}},"type":"cond-expr","locations":[{"start":{"line":25,"column":24},"end":{"line":25,"column":25}},{"start":{"line":25,"column":24},"end":{"line":25,"column":25}}]},"5":{"loc":{"start":{"line":25,"column":18},"end":{"line":25,"column":24}},"type":"binary-expr","locations":[{"start":{"line":25,"column":18},"end":{"line":25,"column":25}},{"start":{"line":25,"column":18},"end":{"line":25,"column":24}}]}},"s":{"0":7,"1":7,"2":7,"3":7,"4":7,"5":19,"6":38,"7":19,"8":7,"9":35,"10":35,"11":35,"12":35,"13":19,"14":19,"15":19,"16":19,"17":3,"18":3,"19":4,"20":3,"21":3,"22":3,"23":3,"24":3,"25":3,"26":13,"27":13,"28":11,"29":2,"30":2,"31":31,"32":4,"33":4,"34":4,"35":1,"36":2,"37":24,"38":3,"39":1,"40":0,"41":7,"42":7,"43":7,"44":7},"f":{"0":19,"1":38,"2":35,"3":19,"4":3,"5":4,"6":13,"7":11,"8":31,"9":1,"10":2,"11":24,"12":3,"13":1,"14":0},"b":{"0":[3],"1":[3],"2":[2],"3":[4],"4":[7,0],"5":[7,7]}}
,"/app/src/monitor/monitor.controller.ts": {"path":"/app/src/monitor/monitor.controller.ts","statementMap":{"0":{"start":{"line":1,"column":0},"end":{"line":1,"column":null}},"1":{"start":{"line":5,"column":0},"end":{"line":5,"column":57}},"2":{"start":{"line":6,"column":0},"end":{"line":6,"column":74}},"3":{"start":{"line":9,"column":30},"end":{"line":45,"column":null}},"4":{"start":{"line":11,"column":21},"end":{"line":11,"column":34}},"5":{"start":{"line":14,"column":19},"end":{"line":14,"column":63}},"6":{"start":{"line":18,"column":4},"end":{"line":20,"column":null}},"7":{"start":{"line":19,"column":6},"end":{"line":19,"column":55}},"8":{"start":{"line":22,"column":4},"end":{"line":22,"column":74}},"9":{"start":{"line":23,"column":4},"end":{"line":23,"column":46}},"10":{"start":{"line":28,"column":4},"end":{"line":30,"column":null}},"11":{"start":{"line":29,"column":6},"end":{"line":29,"column":55}},"12":{"start":{"line":32,"column":4},"end":{"line":32,"column":59}},"13":{"start":{"line":33,"column":4},"end":{"line":33,"column":55}},"14":{"start":{"line":38,"column":4},"end":{"line":38,"column":42}},"15":{"start":{"line":43,"column":4},"end":{"line":43,"column":46}},"16":{"start":{"line":17,"column":2},"end":{"line":24,"column":null}},"17":{"start":{"line":27,"column":2},"end":{"line":34,"column":null}},"18":{"start":{"line":37,"column":2},"end":{"line":39,"column":null}},"19":{"start":{"line":42,"column":2},"end":{"line":44,"column":null}},"20":{"start":{"line":9,"column":13},"end":{"line":45,"column":null}},"21":{"start":{"line":9,"column":13},"end":{"line":9,"column":30}}},"fnMap":{"0":{"name":"(anonymous_4)","decl":{"start":{"line":10,"column":2},"end":{"line":10,"column":null}},"loc":{"start":{"line":11,"column":52},"end":{"line":12,"column":6}}},"1":{"name":"(anonymous_5)","decl":{"start":{"line":17,"column":2},"end":{"line":17,"column":17}},"loc":{"start":{"line":17,"column":41},"end":{"line":24,"column":3}}},"2":{"name":"(anonymous_6)","decl":{"start":{"line":27,"column":2},"end":{"line":27,"column":19}},"loc":{"start":{"line":27,"column":43},"end":{"line":34,"column":3}}},"3":{"name":"(anonymous_7)","decl":{"start":{"line":37,"column":2},"end":{"line":37,"column":10}},"loc":{"start":{"line":37,"column":34},"end":{"line":39,"column":3}}},"4":{"name":"(anonymous_8)","decl":{"start":{"line":42,"column":2},"end":{"line":42,"column":9}},"loc":{"start":{"line":42,"column":33},"end":{"line":44,"column":3}}}},"branchMap":{"0":{"loc":{"start":{"line":18,"column":4},"end":{"line":20,"column":null}},"type":"if","locations":[{"start":{"line":18,"column":4},"end":{"line":20,"column":null}}]},"1":{"loc":{"start":{"line":28,"column":4},"end":{"line":30,"column":null}},"type":"if","locations":[{"start":{"line":28,"column":4},"end":{"line":30,"column":null}}]}},"s":{"0":1,"1":1,"2":1,"3":1,"4":9,"5":9,"6":7,"7":6,"8":1,"9":1,"10":3,"11":2,"12":1,"13":1,"14":1,"15":1,"16":1,"17":1,"18":1,"19":1,"20":1,"21":1},"f":{"0":9,"1":7,"2":3,"3":1,"4":1},"b":{"0":[6],"1":[2]}}
,"/app/src/monitor/monitor.interface.ts": {"path":"/app/src/monitor/monitor.interface.ts","statementMap":{"0":{"start":{"line":7,"column":2},"end":{"line":7,"column":65}},"1":{"start":{"line":6,"column":0},"end":{"line":6,"column":16}}},"fnMap":{"0":{"name":"isMonitor","decl":{"start":{"line":6,"column":16},"end":{"line":6,"column":25}},"loc":{"start":{"line":6,"column":34},"end":{"line":8,"column":1}}}},"branchMap":{"0":{"loc":{"start":{"line":7,"column":9},"end":{"line":7,"column":64}},"type":"binary-expr","locations":[{"start":{"line":7,"column":10},"end":{"line":7,"column":33}},{"start":{"line":7,"column":39},"end":{"line":7,"column":63}}]}},"s":{"0":7,"1":1},"f":{"0":7},"b":{"0":[7,3]}}
,"/app/src/test-session/test-session.controller.ts": {"path":"/app/src/test-session/test-session.controller.ts","statementMap":{"0":{"start":{"line":1,"column":0},"end":{"line":1,"column":null}},"1":{"start":{"line":5,"column":0},"end":{"line":5,"column":112}},"2":{"start":{"line":6,"column":0},"end":{"line":6,"column":60}},"3":{"start":{"line":9,"column":34},"end":{"line":30,"column":null}},"4":{"start":{"line":11,"column":21},"end":{"line":11,"column":34}},"5":{"start":{"line":14,"column":19},"end":{"line":14,"column":67}},"6":{"start":{"line":18,"column":4},"end":{"line":20,"column":null}},"7":{"start":{"line":19,"column":6},"end":{"line":19,"column":55}},"8":{"start":{"line":22,"column":4},"end":{"line":22,"column":74}},"9":{"start":{"line":23,"column":4},"end":{"line":23,"column":54}},"10":{"start":{"line":28,"column":4},"end":{"line":28,"column":46}},"11":{"start":{"line":17,"column":2},"end":{"line":24,"column":null}},"12":{"start":{"line":27,"column":2},"end":{"line":29,"column":null}},"13":{"start":{"line":9,"column":13},"end":{"line":30,"column":null}},"14":{"start":{"line":9,"column":13},"end":{"line":9,"column":34}}},"fnMap":{"0":{"name":"(anonymous_4)","decl":{"start":{"line":10,"column":2},"end":{"line":10,"column":null}},"loc":{"start":{"line":11,"column":52},"end":{"line":12,"column":6}}},"1":{"name":"(anonymous_5)","decl":{"start":{"line":17,"column":2},"end":{"line":17,"column":19}},"loc":{"start":{"line":17,"column":43},"end":{"line":24,"column":3}}},"2":{"name":"(anonymous_6)","decl":{"start":{"line":27,"column":2},"end":{"line":27,"column":17}},"loc":{"start":{"line":27,"column":17},"end":{"line":29,"column":3}}}},"branchMap":{"0":{"loc":{"start":{"line":18,"column":4},"end":{"line":20,"column":null}},"type":"if","locations":[{"start":{"line":18,"column":4},"end":{"line":20,"column":null}}]}},"s":{"0":1,"1":1,"2":1,"3":1,"4":6,"5":6,"6":7,"7":6,"8":1,"9":1,"10":1,"11":1,"12":1,"13":1,"14":1},"f":{"0":6,"1":7,"2":1},"b":{"0":[6]}}
,"/app/src/test-session/test-session.service.ts": {"path":"/app/src/test-session/test-session.service.ts","statementMap":{"0":{"start":{"line":1,"column":0},"end":{"line":1,"column":52}},"1":{"start":{"line":4,"column":0},"end":{"line":4,"column":63}},"2":{"start":{"line":6,"column":28},"end":{"line":15,"column":1}},"3":{"start":{"line":7,"column":2},"end":{"line":9,"column":null}},"4":{"start":{"line":8,"column":4},"end":{"line":8,"column":31}},"5":{"start":{"line":11,"column":2},"end":{"line":11,"column":85}},"6":{"start":{"line":12,"column":2},"end":{"line":12,"column":85}},"7":{"start":{"line":14,"column":2},"end":{"line":14,"column":46}},"8":{"start":{"line":18,"column":31},"end":{"line":130,"column":null}},"9":{"start":{"line":20,"column":21},"end":{"line":20,"column":39}},"10":{"start":{"line":27,"column":19},"end":{"line":27,"column":64}},"11":{"start":{"line":29,"column":10},"end":{"line":33,"column":9}},"12":{"start":{"line":35,"column":10},"end":{"line":39,"column":9}},"13":{"start":{"line":22,"column":4},"end":{"line":24,"column":7}},"14":{"start":{"line":23,"column":6},"end":{"line":23,"column":39}},"15":{"start":{"line":42,"column":4},"end":{"line":42,"column":41}},"16":{"start":{"line":43,"column":4},"end":{"line":43,"column":71}},"17":{"start":{"line":47,"column":26},"end":{"line":47,"column":49}},"18":{"start":{"line":48,"column":19},"end":{"line":48,"column":39}},"19":{"start":{"line":51,"column":4},"end":{"line":54,"column":null}},"20":{"start":{"line":53,"column":6},"end":{"line":53,"column":13}},"21":{"start":{"line":56,"column":4},"end":{"line":63,"column":null}},"22":{"start":{"line":58,"column":26},"end":{"line":58,"column":58}},"23":{"start":{"line":59,"column":6},"end":{"line":59,"column":89}},"24":{"start":{"line":62,"column":6},"end":{"line":62,"column":55}},"25":{"start":{"line":67,"column":4},"end":{"line":74,"column":null}},"26":{"start":{"line":69,"column":21},"end":{"line":69,"column":58}},"27":{"start":{"line":70,"column":23},"end":{"line":72,"column":10}},"28":{"start":{"line":73,"column":6},"end":{"line":73,"column":85}},"29":{"start":{"line":78,"column":4},"end":{"line":86,"column":7}},"30":{"start":{"line":79,"column":6},"end":{"line":81,"column":null}},"31":{"start":{"line":80,"column":8},"end":{"line":80,"column":34}},"32":{"start":{"line":82,"column":6},"end":{"line":84,"column":null}},"33":{"start":{"line":83,"column":8},"end":{"line":83,"column":38}},"34":{"start":{"line":85,"column":6},"end":{"line":85,"column":52}},"35":{"start":{"line":90,"column":4},"end":{"line":90,"column":55}},"36":{"start":{"line":92,"column":4},"end":{"line":100,"column":7}},"37":{"start":{"line":93,"column":6},"end":{"line":99,"column":null}},"38":{"start":{"line":94,"column":8},"end":{"line":94,"column":50}},"39":{"start":{"line":96,"column":8},"end":{"line":98,"column":null}},"40":{"start":{"line":97,"column":10},"end":{"line":97,"column":42}},"41":{"start":{"line":102,"column":4},"end":{"line":102,"column":57}},"42":{"start":{"line":106,"column":4},"end":{"line":111,"column":75}},"43":{"start":{"line":108,"column":88},"end":{"line":109,"column":47}},"44":{"start":{"line":111,"column":55},"end":{"line":111,"column":73}},"45":{"start":{"line":115,"column":4},"end":{"line":119,"column":8}},"46":{"start":{"line":118,"column":126},"end":{"line":118,"column":182}},"47":{"start":{"line":123,"column":4},"end":{"line":123,"column":51}},"48":{"start":{"line":127,"column":4},"end":{"line":127,"column":23}},"49":{"start":{"line":128,"column":4},"end":{"line":128,"column":27}},"50":{"start":{"line":18,"column":13},"end":{"line":130,"column":null}},"51":{"start":{"line":18,"column":13},"end":{"line":18,"column":31}}},"fnMap":{"0":{"name":"(anonymous_2)","decl":{"start":{"line":6,"column":28},"end":{"line":6,"column":29}},"loc":{"start":{"line":6,"column":116},"end":{"line":15,"column":1}}},"1":{"name":"(anonymous_3)","decl":{"start":{"line":19,"column":2},"end":{"line":19,"column":null}},"loc":{"start":{"line":20,"column":55},"end":{"line":25,"column":3}}},"2":{"name":"(anonymous_4)","decl":{"start":{"line":22,"column":65},"end":{"line":22,"column":66}},"loc":{"start":{"line":22,"column":90},"end":{"line":24,"column":5}}},"3":{"name":"(anonymous_5)","decl":{"start":{"line":41,"column":2},"end":{"line":41,"column":20}},"loc":{"start":{"line":41,"column":53},"end":{"line":44,"column":3}}},"4":{"name":"(anonymous_6)","decl":{"start":{"line":46,"column":10},"end":{"line":46,"column":26}},"loc":{"start":{"line":46,"column":59},"end":{"line":64,"column":3}}},"5":{"name":"(anonymous_7)","decl":{"start":{"line":66,"column":10},"end":{"line":66,"column":46}},"loc":{"start":{"line":66,"column":64},"end":{"line":75,"column":3}}},"6":{"name":"(anonymous_8)","decl":{"start":{"line":77,"column":2},"end":{"line":77,"column":12}},"loc":{"start":{"line":77,"column":29},"end":{"line":87,"column":3}}},"7":{"name":"(anonymous_9)","decl":{"start":{"line":78,"column":27},"end":{"line":78,"column":28}},"loc":{"start":{"line":78,"column":45},"end":{"line":86,"column":5}}},"8":{"name":"(anonymous_10)","decl":{"start":{"line":89,"column":2},"end":{"line":89,"column":15}},"loc":{"start":{"line":89,"column":36},"end":{"line":103,"column":3}}},"9":{"name":"(anonymous_11)","decl":{"start":{"line":92,"column":39},"end":{"line":92,"column":40}},"loc":{"start":{"line":92,"column":57},"end":{"line":100,"column":5}}},"10":{"name":"(anonymous_12)","decl":{"start":{"line":105,"column":2},"end":{"line":105,"column":13}},"loc":{"start":{"line":105,"column":13},"end":{"line":112,"column":3}}},"11":{"name":"(anonymous_13)","decl":{"start":{"line":108,"column":8},"end":{"line":108,"column":9}},"loc":{"start":{"line":108,"column":88},"end":{"line":109,"column":47}}},"12":{"name":"(anonymous_14)","decl":{"start":{"line":111,"column":14},"end":{"line":111,"column":15}},"loc":{"start":{"line":111,"column":55},"end":{"line":111,"column":73}}},"13":{"name":"(anonymous_15)","decl":{"start":{"line":114,"column":2},"end":{"line":114,"column":17}},"loc":{"start":{"line":114,"column":17},"end":{"line":120,"column":3}}},"14":{"name":"(anonymous_16)","decl":{"start":{"line":118,"column":8},"end":{"line":118,"column":9}},"loc":{"start":{"line":118,"column":126},"end":{"line":118,"column":182}}},"15":{"name":"(anonymous_17)","decl":{"start":{"line":122,"column":2},"end":{"line":122,"column":17}},"loc":{"start":{"line":122,"column":17},"end":{"line":124,"column":3}}},"16":{"name":"(anonymous_18)","decl":{"start":{"line":126,"column":2},"end":{"line":126,"column":7}},"loc":{"start":{"line":126,"column":7},"end":{"line":129,"column":3}}}},"branchMap":{"0":{"loc":{"start":{"line":7,"column":2},"end":{"line":9,"column":null}},"type":"if","locations":[{"start":{"line":7,"column":2},"end":{"line":9,"column":null}}]},"1":{"loc":{"start":{"line":7,"column":6},"end":{"line":7,"column":83}},"type":"binary-expr","locations":[{"start":{"line":7,"column":7},"end":{"line":7,"column":29}},{"start":{"line":7,"column":35},"end":{"line":7,"column":82}}]},"2":{"loc":{"start":{"line":51,"column":4},"end":{"line":54,"column":null}},"type":"if","locations":[{"start":{"line":51,"column":4},"end":{"line":54,"column":null}}]},"3":{"loc":{"start":{"line":56,"column":4},"end":{"line":63,"column":null}},"type":"if","locations":[{"start":{"line":56,"column":4},"end":{"line":63,"column":null}},{"start":{"line":60,"column":11},"end":{"line":63,"column":null}}]},"4":{"loc":{"start":{"line":67,"column":4},"end":{"line":74,"column":null}},"type":"if","locations":[{"start":{"line":67,"column":4},"end":{"line":74,"column":null}}]},"5":{"loc":{"start":{"line":70,"column":23},"end":{"line":72,"column":10}},"type":"cond-expr","locations":[{"start":{"line":71,"column":8},"end":{"line":71,"column":51}},{"start":{"line":72,"column":8},"end":{"line":72,"column":10}}]},"6":{"loc":{"start":{"line":79,"column":6},"end":{"line":81,"column":null}},"type":"if","locations":[{"start":{"line":79,"column":6},"end":{"line":81,"column":null}}]},"7":{"loc":{"start":{"line":82,"column":6},"end":{"line":84,"column":null}},"type":"if","locations":[{"start":{"line":82,"column":6},"end":{"line":84,"column":null}}]},"8":{"loc":{"start":{"line":93,"column":6},"end":{"line":99,"column":null}},"type":"if","locations":[{"start":{"line":93,"column":6},"end":{"line":99,"column":null}}]},"9":{"loc":{"start":{"line":96,"column":8},"end":{"line":98,"column":null}},"type":"if","locations":[{"start":{"line":96,"column":8},"end":{"line":98,"column":null}}]}},"s":{"0":3,"1":3,"2":3,"3":2,"4":1,"5":2,"6":2,"7":2,"8":3,"9":13,"10":13,"11":13,"12":13,"13":13,"14":13,"15":9,"16":9,"17":9,"18":9,"19":9,"20":1,"21":8,"22":2,"23":2,"24":6,"25":9,"26":8,"27":8,"28":8,"29":22,"30":58,"31":49,"32":58,"33":49,"34":58,"35":16,"36":16,"37":11,"38":9,"39":9,"40":6,"41":16,"42":1,"43":5,"44":8,"45":1,"46":5,"47":1,"48":1,"49":1,"50":3,"51":3},"f":{"0":2,"1":13,"2":13,"3":9,"4":9,"5":9,"6":22,"7":58,"8":16,"9":11,"10":1,"11":5,"12":8,"13":1,"14":5,"15":1,"16":1},"b":{"0":[1],"1":[2,2],"2":[1],"3":[2,6],"4":[8],"5":[8,0],"6":[49],"7":[49],"8":[9],"9":[6]}}
,"/app/src/testee/testee.controller.ts": {"path":"/app/src/testee/testee.controller.ts","statementMap":{"0":{"start":{"line":1,"column":0},"end":{"line":1,"column":null}},"1":{"start":{"line":5,"column":0},"end":{"line":5,"column":49}},"2":{"start":{"line":6,"column":0},"end":{"line":6,"column":54}},"3":{"start":{"line":9,"column":29},"end":{"line":41,"column":null}},"4":{"start":{"line":11,"column":21},"end":{"line":11,"column":36}},"5":{"start":{"line":15,"column":19},"end":{"line":15,"column":62}},"6":{"start":{"line":19,"column":4},"end":{"line":21,"column":null}},"7":{"start":{"line":20,"column":6},"end":{"line":20,"column":54}},"8":{"start":{"line":23,"column":4},"end":{"line":23,"column":73}},"9":{"start":{"line":24,"column":4},"end":{"line":24,"column":47}},"10":{"start":{"line":29,"column":4},"end":{"line":31,"column":null}},"11":{"start":{"line":30,"column":6},"end":{"line":30,"column":55}},"12":{"start":{"line":33,"column":4},"end":{"line":33,"column":58}},"13":{"start":{"line":34,"column":4},"end":{"line":34,"column":56}},"14":{"start":{"line":39,"column":4},"end":{"line":39,"column":43}},"15":{"start":{"line":18,"column":2},"end":{"line":25,"column":null}},"16":{"start":{"line":28,"column":2},"end":{"line":35,"column":null}},"17":{"start":{"line":38,"column":2},"end":{"line":40,"column":null}},"18":{"start":{"line":9,"column":13},"end":{"line":41,"column":null}},"19":{"start":{"line":9,"column":13},"end":{"line":9,"column":29}}},"fnMap":{"0":{"name":"(anonymous_4)","decl":{"start":{"line":10,"column":2},"end":{"line":10,"column":null}},"loc":{"start":{"line":11,"column":49},"end":{"line":13,"column":3}}},"1":{"name":"(anonymous_5)","decl":{"start":{"line":18,"column":2},"end":{"line":18,"column":16}},"loc":{"start":{"line":18,"column":40},"end":{"line":25,"column":3}}},"2":{"name":"(anonymous_6)","decl":{"start":{"line":28,"column":2},"end":{"line":28,"column":18}},"loc":{"start":{"line":28,"column":42},"end":{"line":35,"column":3}}},"3":{"name":"(anonymous_7)","decl":{"start":{"line":38,"column":2},"end":{"line":38,"column":9}},"loc":{"start":{"line":38,"column":33},"end":{"line":40,"column":3}}}},"branchMap":{"0":{"loc":{"start":{"line":19,"column":4},"end":{"line":21,"column":null}},"type":"if","locations":[{"start":{"line":19,"column":4},"end":{"line":21,"column":null}}]},"1":{"loc":{"start":{"line":29,"column":4},"end":{"line":31,"column":null}},"type":"if","locations":[{"start":{"line":29,"column":4},"end":{"line":31,"column":null}}]}},"s":{"0":1,"1":1,"2":1,"3":1,"4":8,"5":8,"6":7,"7":6,"8":1,"9":1,"10":3,"11":2,"12":1,"13":1,"14":1,"15":1,"16":1,"17":1,"18":1,"19":1},"f":{"0":8,"1":7,"2":3,"3":1},"b":{"0":[6],"1":[2]}}
,"/app/src/testee/testee.interface.ts": {"path":"/app/src/testee/testee.interface.ts","statementMap":{"0":{"start":{"line":8,"column":2},"end":{"line":8,"column":65}},"1":{"start":{"line":7,"column":0},"end":{"line":7,"column":16}}},"fnMap":{"0":{"name":"isTestee","decl":{"start":{"line":7,"column":16},"end":{"line":7,"column":24}},"loc":{"start":{"line":7,"column":33},"end":{"line":9,"column":1}}}},"branchMap":{"0":{"loc":{"start":{"line":8,"column":9},"end":{"line":8,"column":64}},"type":"binary-expr","locations":[{"start":{"line":8,"column":10},"end":{"line":8,"column":33}},{"start":{"line":8,"column":39},"end":{"line":8,"column":63}}]}},"s":{"0":7,"1":1},"f":{"0":7},"b":{"0":[7,3]}}
,"/app/src/testee/testee.service.ts": {"path":"/app/src/testee/testee.service.ts","statementMap":{"0":{"start":{"line":1,"column":0},"end":{"line":1,"column":65}},"1":{"start":{"line":3,"column":0},"end":{"line":3,"column":63}},"2":{"start":{"line":7,"column":26},"end":{"line":72,"column":null}},"3":{"start":{"line":9,"column":21},"end":{"line":9,"column":39}},"4":{"start":{"line":10,"column":12},"end":{"line":10,"column":18}},"5":{"start":{"line":18,"column":19},"end":{"line":18,"column":59}},"6":{"start":{"line":20,"column":10},"end":{"line":20,"column":52}},"7":{"start":{"line":12,"column":4},"end":{"line":15,"column":7}},"8":{"start":{"line":13,"column":6},"end":{"line":13,"column":45}},"9":{"start":{"line":14,"column":6},"end":{"line":14,"column":38}},"10":{"start":{"line":23,"column":4},"end":{"line":23,"column":40}},"11":{"start":{"line":27,"column":4},"end":{"line":27,"column":53}},"12":{"start":{"line":29,"column":4},"end":{"line":31,"column":null}},"13":{"start":{"line":30,"column":6},"end":{"line":30,"column":39}},"14":{"start":{"line":33,"column":4},"end":{"line":33,"column":56}},"15":{"start":{"line":37,"column":4},"end":{"line":37,"column":39}},"16":{"start":{"line":41,"column":4},"end":{"line":43,"column":null}},"17":{"start":{"line":42,"column":6},"end":{"line":42,"column":13}},"18":{"start":{"line":44,"column":4},"end":{"line":54,"column":null}},"19":{"start":{"line":45,"column":40},"end":{"line":45,"column":91}},"20":{"start":{"line":46,"column":6},"end":{"line":53,"column":8}},"21":{"start":{"line":48,"column":10},"end":{"line":48,"column":89}},"22":{"start":{"line":51,"column":10},"end":{"line":51,"column":118}},"23":{"start":{"line":58,"column":4},"end":{"line":66,"column":8}},"24":{"start":{"line":59,"column":6},"end":{"line":65,"column":8}},"25":{"start":{"line":61,"column":28},"end":{"line":61,"column":52}},"26":{"start":{"line":62,"column":25},"end":{"line":62,"column":37}},"27":{"start":{"line":70,"column":4},"end":{"line":70,"column":22}},"28":{"start":{"line":7,"column":13},"end":{"line":72,"column":null}},"29":{"start":{"line":7,"column":13},"end":{"line":7,"column":26}}},"fnMap":{"0":{"name":"(anonymous_2)","decl":{"start":{"line":8,"column":2},"end":{"line":8,"column":null}},"loc":{"start":{"line":10,"column":29},"end":{"line":16,"column":3}}},"1":{"name":"(anonymous_3)","decl":{"start":{"line":12,"column":65},"end":{"line":12,"column":66}},"loc":{"start":{"line":12,"column":90},"end":{"line":15,"column":5}}},"2":{"name":"(anonymous_4)","decl":{"start":{"line":22,"column":2},"end":{"line":22,"column":11}},"loc":{"start":{"line":22,"column":26},"end":{"line":24,"column":3}}},"3":{"name":"(anonymous_5)","decl":{"start":{"line":26,"column":2},"end":{"line":26,"column":14}},"loc":{"start":{"line":26,"column":34},"end":{"line":34,"column":3}}},"4":{"name":"(anonymous_6)","decl":{"start":{"line":36,"column":2},"end":{"line":36,"column":12}},"loc":{"start":{"line":36,"column":12},"end":{"line":38,"column":3}}},"5":{"name":"(anonymous_7)","decl":{"start":{"line":40,"column":2},"end":{"line":40,"column":21}},"loc":{"start":{"line":40,"column":41},"end":{"line":55,"column":3}}},"6":{"name":"(anonymous_8)","decl":{"start":{"line":47,"column":8},"end":{"line":47,"column":11}},"loc":{"start":{"line":47,"column":13},"end":{"line":49,"column":9}}},"7":{"name":"(anonymous_9)","decl":{"start":{"line":50,"column":8},"end":{"line":50,"column":13}},"loc":{"start":{"line":50,"column":16},"end":{"line":52,"column":9}}},"8":{"name":"(anonymous_10)","decl":{"start":{"line":57,"column":2},"end":{"line":57,"column":27}},"loc":{"start":{"line":57,"column":63},"end":{"line":67,"column":3}}},"9":{"name":"(anonymous_11)","decl":{"start":{"line":58,"column":21},"end":{"line":58,"column":27}},"loc":{"start":{"line":58,"column":30},"end":{"line":66,"column":5}}},"10":{"name":"(anonymous_12)","decl":{"start":{"line":61,"column":18},"end":{"line":61,"column":24}},"loc":{"start":{"line":61,"column":28},"end":{"line":61,"column":52}}},"11":{"name":"(anonymous_13)","decl":{"start":{"line":62,"column":15},"end":{"line":62,"column":21}},"loc":{"start":{"line":62,"column":25},"end":{"line":62,"column":37}}},"12":{"name":"(anonymous_14)","decl":{"start":{"line":69,"column":2},"end":{"line":69,"column":7}},"loc":{"start":{"line":69,"column":7},"end":{"line":71,"column":3}}}},"branchMap":{"0":{"loc":{"start":{"line":29,"column":4},"end":{"line":31,"column":null}},"type":"if","locations":[{"start":{"line":29,"column":4},"end":{"line":31,"column":null}}]},"1":{"loc":{"start":{"line":41,"column":4},"end":{"line":43,"column":null}},"type":"if","locations":[{"start":{"line":41,"column":4},"end":{"line":43,"column":null}}]},"2":{"loc":{"start":{"line":44,"column":4},"end":{"line":54,"column":null}},"type":"if","locations":[{"start":{"line":44,"column":4},"end":{"line":54,"column":null}}]}},"s":{"0":3,"1":3,"2":3,"3":10,"4":10,"5":10,"6":10,"7":10,"8":10,"9":10,"10":16,"11":11,"12":11,"13":1,"14":11,"15":1,"16":13,"17":11,"18":2,"19":2,"20":2,"21":1,"22":1,"23":1,"24":4,"25":8,"26":1,"27":1,"28":3,"29":3},"f":{"0":10,"1":10,"2":16,"3":11,"4":1,"5":13,"6":1,"7":1,"8":1,"9":4,"10":8,"11":1,"12":1},"b":{"0":[1],"1":[11],"2":[2]}}
}
